[27/Nov/2016:21:27:23 -0000] access to /favicon.ico failed for 0:0:0:0:0:FFFF:B8BD:EED8, reason: 
"httpd_file: Can't access /home/ec2-user/.tsung/log/20161127-2127/favicon.ico: File not found"
[27/Nov/2016:21:27:24 -0000] access to /favicon.ico failed for 0:0:0:0:0:FFFF:B8BD:EED8, reason: 
"httpd_file: Can't access /home/ec2-user/.tsung/log/20161127-2127/favicon.ico: File not found"
[27/Nov/2016:21:27:24 -0000] access to /assets/ico/favicon.ico failed for 0:0:0:0:0:FFFF:B8BD:EED8, reason: 
"httpd_file: Can't access /home/ec2-user/.tsung/log/20161127-2127/assets/ico/favicon.ico: File not found"
[27/Nov/2016:21:28:00 -0000] access to /favicon.ico failed for 0:0:0:0:0:FFFF:B8BD:EED8, reason: 
"httpd_file: Can't access /home/ec2-user/.tsung/log/20161127-2127/favicon.ico: File not found"
[27/Nov/2016:21:28:00 -0000] access to /favicon.ico failed for 0:0:0:0:0:FFFF:B8BD:EED8, reason: 
"httpd_file: Can't access /home/ec2-user/.tsung/log/20161127-2127/favicon.ico: File not found"
[27/Nov/2016:21:29:09 -0000] access to /es/images/graphes-Transactions-mean_tn.png failed for 0:0:0:0:0:FFFF:B8BD:EED8, reason: 
"mod_esi: Client not authorized to evaluate: images/graphes-Transactions-mean_tn.png"
[27/Nov/2016:21:29:09 -0000] access to /es/images/graphes-Perfs-mean_tn.png failed for 0:0:0:0:0:FFFF:B8BD:EED8, reason: 
"mod_esi: Client not authorized to evaluate: images/graphes-Perfs-mean_tn.png"
[27/Nov/2016:21:29:09 -0000] access to /es/images/graphes-Users_Arrival-rate_tn.png failed for 0:0:0:0:0:FFFF:B8BD:EED8, reason: 
"mod_esi: Client not authorized to evaluate: images/graphes-Users_Arrival-rate_tn.png"
[27/Nov/2016:21:29:09 -0000] access to /es/images/graphes-Perfs-rate_tn.png failed for 0:0:0:0:0:FFFF:B8BD:EED8, reason: 
"mod_esi: Client not authorized to evaluate: images/graphes-Perfs-rate_tn.png"
[27/Nov/2016:21:29:09 -0000] access to /es/images/graphes-Transactions-rate_tn.png failed for 0:0:0:0:0:FFFF:B8BD:EED8, reason: 
"mod_esi: Client not authorized to evaluate: images/graphes-Transactions-rate_tn.png"
[27/Nov/2016:21:29:09 -0000] access to /es/images/graphes-Size-rate_tn.png failed for 0:0:0:0:0:FFFF:B8BD:EED8, reason: 
"mod_esi: Client not authorized to evaluate: images/graphes-Size-rate_tn.png"
[27/Nov/2016:21:29:09 -0000] access to /es/images/graphes-Users-simultaneous_tn.png failed for 0:0:0:0:0:FFFF:B8BD:EED8, reason: 
"mod_esi: Client not authorized to evaluate: images/graphes-Users-simultaneous_tn.png"
[27/Nov/2016:21:29:09 -0000] access to /es/images/graphes-cpu-mean_tn.png failed for 0:0:0:0:0:FFFF:B8BD:EED8, reason: 
"mod_esi: Client not authorized to evaluate: images/graphes-cpu-mean_tn.png"
[27/Nov/2016:21:29:09 -0000] access to /es/images/graphes-freemem-mean_tn.png failed for 0:0:0:0:0:FFFF:B8BD:EED8, reason: 
"mod_esi: Client not authorized to evaluate: images/graphes-freemem-mean_tn.png"
[27/Nov/2016:21:29:09 -0000] access to /es/images/graphes-load-mean_tn.png failed for 0:0:0:0:0:FFFF:B8BD:EED8, reason: 
"mod_esi: Client not authorized to evaluate: images/graphes-load-mean_tn.png"
[27/Nov/2016:21:29:09 -0000] access to /es/images/graphes-HTTP_CODE-rate_tn.png failed for 0:0:0:0:0:FFFF:B8BD:EED8, reason: 
"mod_esi: Client not authorized to evaluate: images/graphes-HTTP_CODE-rate_tn.png"
[27/Nov/2016:21:29:22 -0000] access to /icons/blank.gif failed for 0:0:0:0:0:FFFF:B8BD:EED8, reason: 
"httpd_file: Can't access /home/ec2-user/.tsung/log/20161127-2127/icons/blank.gif: File not found"
[27/Nov/2016:21:29:22 -0000] access to /icons/image2.gif failed for 0:0:0:0:0:FFFF:B8BD:EED8, reason: 
"httpd_file: Can't access /home/ec2-user/.tsung/log/20161127-2127/icons/image2.gif: File not found"
