# stats: dump at 1480282043
stats: users 0 2
stats: {cpu,"tsung_controller@ip-172-31-19-137"} 1 9.221114351590295 0 9.221114351590295 9.221114351590295 0 0
stats: {freemem,"tsung_controller@ip-172-31-19-137"} 1 3059.5859375 0 3059.5859375 3059.5859375 0 0
stats: {load,"tsung_controller@ip-172-31-19-137"} 1 0.0 0 0.0 0.0 0 0
stats: session 9 431.4419216579861 105.30677805903474 645.710205078125 336.844970703125 0 0
stats: users_count 9 9
stats: finish_users_count 9 9
stats: request 25 141.027529296875 137.968896378372 328.046142578125 10.824951171875 0 0
stats: connect 9 16.087999131944443 41.566461064292234 133.655029296875 1.22705078125 0 0
stats: page 17 207.42151596966912 173.37648149531694 631.450927734375 11.7041015625 0 0
stats: 302 8 8
stats: 200 17 17
stats: size_rcv 58498 58498
stats: size_sent 14131 14131
stats: connected 1 1
# stats: dump at 1480282053
stats: users 0 4
stats: {cpu,"tsung_controller@ip-172-31-19-137"} 1 1.9723865877712032 0.0 9.221114351590295 1.9723865877712032 9.221114351590295 1
stats: {freemem,"tsung_controller@ip-172-31-19-137"} 1 3058.828125 0.0 3059.5859375 3058.828125 3059.5859375 1
stats: {load,"tsung_controller@ip-172-31-19-137"} 1 0.0 0.0 0.0 0.0 0.0 1
stats: {recvpackets,"tsung_controller@ip-172-31-19-137"} 1 145 0 145 145 0 0
stats: {sentpackets,"tsung_controller@ip-172-31-19-137"} 1 134 0 134 134 0 0
stats: session 11 568.9863947088069 234.71371607668584 1058.592041015625 336.844970703125 431.4419216579861 9
stats: users_count 11 20
stats: finish_users_count 11 20
stats: request 35 187.68832310267857 191.18144157223844 619.863037109375 9.5380859375 141.027529296875 25
stats: connect 11 1.2835360440340908 0.1279569734773868 133.655029296875 1.11083984375 16.087999131944443 9
stats: page 23 285.64266304347825 257.97715837262757 1036.387939453125 9.5380859375 207.42151596966912 17
stats: 302 12 20
stats: 200 23 40
stats: size_rcv 80217 138715
stats: size_sent 18727 32858
stats: connected -1 0
# stats: dump at 1480282063
stats: users 1 5
stats: {cpu,"tsung_controller@ip-172-31-19-137"} 1 1.089108910891089 0.0 9.221114351590295 1.089108910891089 5.596750469680749 2
stats: {freemem,"tsung_controller@ip-172-31-19-137"} 1 3057.953125 0.0 3059.5859375 3057.953125 3059.20703125 2
stats: {load,"tsung_controller@ip-172-31-19-137"} 1 0.0 0.0 0.0 0.0 0.0 2
stats: {recvpackets,"tsung_controller@ip-172-31-19-137"} 1 212.0 0.0 212 145 145.0 1
stats: {sentpackets,"tsung_controller@ip-172-31-19-137"} 1 238.0 0.0 238 134 134.0 1
stats: session 16 871.9947204589844 475.74110283083036 1718.365966796875 328.43798828125 507.0913818359375 20
stats: users_count 17 37
stats: finish_users_count 16 36
stats: request 48 289.9286193847656 294.4039152731439 971.89306640625 9.5380859375 168.24632568359374 60
stats: connect 16 1.4089813232421875 0.3784605651384743 133.655029296875 0.9208984375 7.94554443359375 20
stats: page 32 434.9270324707031 464.6083726882296 1704.5830078125 9.5380859375 252.39867553710937 40
stats: 302 16 36
stats: 200 32 72
stats: size_rcv 111584 250299
stats: size_sent 26284 59142
stats: connected 0 0
# stats: dump at 1480282073
stats: users 1 5
stats: {cpu,"tsung_controller@ip-172-31-19-137"} 1 1.089108910891089 0.0 9.221114351590295 1.089108910891089 4.094203283417529 3
stats: {freemem,"tsung_controller@ip-172-31-19-137"} 1 3057.70703125 0.0 3059.5859375 3057.70703125 3058.7890625 3
stats: {load,"tsung_controller@ip-172-31-19-137"} 1 0.0 0.0 0.0 0.0 0.0 3
stats: {recvpackets,"tsung_controller@ip-172-31-19-137"} 1 212.0 0.0 212 145 178.5 2
stats: {sentpackets,"tsung_controller@ip-172-31-19-137"} 1 192.0 0.0 238 134 186.0 2
stats: session 12 609.6455688476563 232.42508675405352 1718.365966796875 328.43798828125 669.2706434461805 36
stats: users_count 12 49
stats: finish_users_count 12 48
stats: request 36 202.47949896918402 182.90330703918772 971.89306640625 9.5380859375 222.3273451063368 108
stats: connect 12 2.5467936197916665 3.393675169540314 133.655029296875 0.9208984375 5.0404052734375 36
stats: page 24 303.7447204589844 299.70231554130794 1704.5830078125 9.5380859375 333.5223897298177 72
stats: 302 12 48
stats: 200 24 96
stats: size_rcv 82046 332345
stats: size_sent 19726 78868
stats: connected 0 0
# stats: dump at 1480282083
stats: users 0 5
stats: {cpu,"tsung_controller@ip-172-31-19-137"} 1 0.8919722497522299 0.0 9.221114351590295 0.8919722497522299 3.342929690285919 4
stats: {freemem,"tsung_controller@ip-172-31-19-137"} 1 3057.7421875 0.0 3059.5859375 3057.70703125 3058.5185546875 4
stats: {load,"tsung_controller@ip-172-31-19-137"} 1 0.0 0.0 0.0 0.0 0.0 4
stats: {recvpackets,"tsung_controller@ip-172-31-19-137"} 1 154.0 0.0 212 145 189.66666666666666 3
stats: {sentpackets,"tsung_controller@ip-172-31-19-137"} 1 139.0 0.0 238 134 188.0 3
stats: session 10 605.6903076171875 214.54771091170403 1718.365966796875 328.43798828125 654.3643747965494 48
stats: users_count 9 58
stats: finish_users_count 10 58
stats: request 30 201.16202799479166 210.66367959887128 971.89306640625 9.5380859375 217.36538357204861 144
stats: connect 10 1.247998046875 0.10417974517099783 133.655029296875 0.9208984375 4.417002360026042 48
stats: page 20 301.7697509765625 263.5757865085274 1704.5830078125 9.5380859375 326.0779724121094 96
stats: 302 10 58
stats: 200 20 116
stats: size_rcv 68975 401320
stats: size_sent 16426 95294
stats: connected 0 0
# stats: dump at 1480282093
stats: users 0 5
stats: {cpu,"tsung_controller@ip-172-31-19-137"} 1 0.9891196834817012 0.0 9.221114351590295 0.8919722497522299 2.8527382021791814 5
stats: {freemem,"tsung_controller@ip-172-31-19-137"} 1 3057.59765625 0.0 3059.5859375 3057.59765625 3058.36328125 5
stats: {load,"tsung_controller@ip-172-31-19-137"} 1 0.0 0.0 0.0 0.0 0.0 5
stats: {recvpackets,"tsung_controller@ip-172-31-19-137"} 1 176.0 0.0 212 145 180.75 4
stats: {sentpackets,"tsung_controller@ip-172-31-19-137"} 1 230.0 0.0 238 134 175.75 4
stats: session 10 521.68515625 210.2968932394956 1718.365966796875 328.43798828125 645.9722942483836 58
stats: users_count 10 68
stats: finish_users_count 10 68
stats: request 30 173.15504557291663 200.30508990682551 971.89306640625 9.5380859375 214.57170157596983 174
stats: connect 10 1.510400390625 0.43424517111544825 133.655029296875 0.9208984375 3.8706223060344827 58
stats: page 20 259.76427001953124 273.74571285675535 1704.5830078125 9.5380859375 321.8868997508082 116
stats: 302 10 68
stats: 200 20 136
stats: size_rcv 69740 471060
stats: size_sent 16430 111724
stats: connected 0 0
# stats: dump at 1480282103
stats: users 0 5
stats: {cpu,"tsung_controller@ip-172-31-19-137"} 1 1.085883514313919 0.0 9.221114351590295 0.8919722497522299 2.5421351157296015 6
stats: {freemem,"tsung_controller@ip-172-31-19-137"} 1 3057.62890625 0.0 3059.5859375 3057.59765625 3058.2356770833335 6
stats: {load,"tsung_controller@ip-172-31-19-137"} 1 0.0 0.0 0.0 0.0 0.0 6
stats: {recvpackets,"tsung_controller@ip-172-31-19-137"} 1 125.0 0.0 212 125 179.8 5
stats: {sentpackets,"tsung_controller@ip-172-31-19-137"} 1 112.0 0.0 238 112 186.6 5
stats: session 12 654.5692749023438 426.383527034632 1718.365966796875 328.43798828125 627.6947739545037 68
stats: users_count 12 80
stats: finish_users_count 12 80
stats: request 36 217.44727240668402 210.9966743295482 971.89306640625 9.5380859375 208.48101686963847 204
stats: connect 12 2.33331298828125 2.5847141144187504 133.655029296875 0.9208984375 3.5235308478860294 68
stats: page 24 326.20488484700513 345.86413418520857 1704.5830078125 9.5380859375 312.75121890797334 136
stats: 302 12 80
stats: 200 24 160
stats: size_rcv 83688 554748
stats: size_sent 19710 131434
stats: connected 0 0
# stats: dump at 1480282113
stats: users 0 5
stats: {cpu,"tsung_controller@ip-172-31-19-137"} 1 0.7936507936507936 0.0 9.221114351590295 0.7936507936507936 2.3340991726702183 7
stats: {freemem,"tsung_controller@ip-172-31-19-137"} 1 3057.484375 0.0 3059.5859375 3057.484375 3058.148995535714 7
stats: {load,"tsung_controller@ip-172-31-19-137"} 1 0.0 0.0 0.0 0.0 0.0 7
stats: {recvpackets,"tsung_controller@ip-172-31-19-137"} 1 162.0 0.0 212 125 170.66666666666666 6
stats: {sentpackets,"tsung_controller@ip-172-31-19-137"} 1 147.0 0.0 238 112 174.16666666666666 6
stats: session 9 499.9944118923611 235.140096491238 1718.365966796875 328.43798828125 631.7259490966796 80
stats: users_count 9 89
stats: finish_users_count 9 89
stats: request 25 165.820927734375 212.32137359413642 971.89306640625 9.5380859375 209.82595520019532 240
stats: connect 9 1.526611328125 0.30763436728647586 133.655029296875 0.9208984375 3.3449981689453123 80
stats: page 17 243.8821231617647 282.4868863105077 1704.5830078125 9.5380859375 314.76926879882814 160
stats: 302 8 88
stats: 200 17 177
stats: size_rcv 58498 613246
stats: size_sent 14125 145559
stats: connected 1 1
# stats: dump at 1480282123
stats: users 0 5
stats: {cpu,"tsung_controller@ip-172-31-19-137"} 1 1.0869565217391304 0.0 9.221114351590295 0.7936507936507936 2.1415431252927903 8
stats: {freemem,"tsung_controller@ip-172-31-19-137"} 1 3057.51953125 0.0 3059.5859375 3057.484375 3058.06591796875 8
stats: {load,"tsung_controller@ip-172-31-19-137"} 1 0.0 0.0 0.0 0.0 0.0 8
stats: {recvpackets,"tsung_controller@ip-172-31-19-137"} 1 126.0 0.0 212 125 169.42857142857142 7
stats: {sentpackets,"tsung_controller@ip-172-31-19-137"} 1 112.0 0.0 238 112 170.28571428571428 7
stats: session 8 516.0516967773438 159.42139660532288 1718.365966796875 328.43798828125 618.4047824130969 89
stats: users_count 8 97
stats: finish_users_count 8 97
stats: request 26 170.98406512920673 148.08923908197696 971.89306640625 9.5380859375 205.67453751474056 265
stats: connect 8 1.40966796875 0.3516515619000543 133.655029296875 0.9208984375 3.161116353581461 89
stats: page 17 261.52946920955884 226.8213684949733 1704.5830078125 9.5380859375 307.96089887888417 177
stats: 302 9 97
stats: 200 17 194
stats: size_rcv 60060 673306
stats: size_sent 13791 159350
stats: connected -1 0
# stats: dump at 1480282130
stats: users 0 5
stats: {cpu,"tsung_controller@ip-172-31-19-137"} 1 0.9891196834817012 0.0 9.221114351590295 0.7936507936507936 2.02436683600905 9
stats: {freemem,"tsung_controller@ip-172-31-19-137"} 1 3057.51171875 0.0 3059.5859375 3057.484375 3058.0052083333335 9
stats: {load,"tsung_controller@ip-172-31-19-137"} 1 0.0 0.0 0.0 0.0 0.0 9
stats: {recvpackets,"tsung_controller@ip-172-31-19-137"} 1 84.0 0.0 212 84 164.0 8
stats: {sentpackets,"tsung_controller@ip-172-31-19-137"} 1 78.0 0.0 238 78 163.0 8
stats: session 3 516.9810384114584 216.88096879284512 1718.365966796875 328.43798828125 609.9632908142719 97
stats: users_count 3 100
stats: finish_users_count 3 100
stats: request 9 171.58322482638889 173.51441307583355 971.89306640625 9.5380859375 202.57504513665162 291
stats: connect 3 1.27734375 0.13098821418102277 133.655029296875 0.9208984375 3.0166670022551547 97
stats: page 6 257.4031982421875 282.69744711028665 1704.5830078125 9.5380859375 303.8921653511598 194
stats: 302 3 100
stats: 200 6 200
stats: size_rcv 20922 694228
stats: size_sent 4928 164278
stats: connected 0 0
EndMonitor:{1480,282130,843422}
