# stats: dump at 1480476009
stats: users 7 11
stats: {load,"tsung_controller@ip-172-31-30-41"} 1 0.0 0 0.0 0.0 0 0
stats: {freemem,"tsung_controller@ip-172-31-30-41"} 1 3063.5546875 0 3063.5546875 3063.5546875 0 0
stats: {cpu,"tsung_controller@ip-172-31-30-41"} 1 1.726566728523931 0 1.726566728523931 1.726566728523931 0 0
stats: session 24 1991.7212931315105 2343.7661773304426 7360.653076171875 13.879150390625 0 0
stats: users_count 31 31
stats: finish_users_count 24 24
stats: request 41 23.2959579839939 26.02194388768858 153.159912109375 10.787109375 0 0
stats: connect 30 6.629475911458333 24.46900544472375 137.700927734375 1.06298828125 0 0
stats: page 41 23.2959579839939 26.02194388768858 153.159912109375 10.787109375 0 0
stats: 200 41 41
stats: size_rcv 202180 202180
stats: size_sent 11474 11474
stats: connected 9 9
# stats: dump at 1480476019
stats: users 14 18
stats: {load,"tsung_controller@ip-172-31-30-41"} 1 0.0 0.0 0.0 0.0 0.0 1
stats: {freemem,"tsung_controller@ip-172-31-30-41"} 1 3062.9609375 0.0 3063.5546875 3062.9609375 3063.5546875 1
stats: {recvpackets,"tsung_controller@ip-172-31-30-41"} 1 331 0 331 331 0 0
stats: {sentpackets,"tsung_controller@ip-172-31-30-41"} 1 383 0 383 383 0 0
stats: {cpu,"tsung_controller@ip-172-31-30-41"} 1 2.65748031496063 0.0 2.65748031496063 1.726566728523931 1.726566728523931 1
stats: session 36 3356.390618218316 2400.120785616348 7916.02099609375 13.879150390625 1991.7212931315105 24
stats: users_count 43 74
stats: finish_users_count 36 60
stats: request 71 19.997238803917252 20.834237455254335 153.159912109375 10.716064453125 23.2959579839939 41
stats: connect 43 1.7003997093023255 0.7340858998975544 137.700927734375 1.05517578125 6.629475911458333 30
stats: page 71 19.997238803917252 20.834237455254335 153.159912109375 10.716064453125 23.2959579839939 41
stats: 200 71 112
stats: size_rcv 328674 530854
stats: size_sent 22827 34301
stats: connected 4 13
# stats: dump at 1480476029
stats: users 12 20
stats: {load,"tsung_controller@ip-172-31-30-41"} 1 0.0 0.0 0.0 0.0 0.0 2
stats: {freemem,"tsung_controller@ip-172-31-30-41"} 1 3061.6484375 0.0 3063.5546875 3061.6484375 3063.2578125 2
stats: {recvpackets,"tsung_controller@ip-172-31-30-41"} 1 456.0 0.0 456 331 331.0 1
stats: {sentpackets,"tsung_controller@ip-172-31-30-41"} 1 543.0 0.0 543 383 383.0 1
stats: {cpu,"tsung_controller@ip-172-31-30-41"} 1 1.787487586891758 0.0 2.65748031496063 1.726566728523931 2.1920235217422803 2
stats: session 49 2971.761449697067 2598.133140557615 9545.240966796875 13.879150390625 2810.5228881835938 60
stats: users_count 47 121
stats: finish_users_count 49 109
stats: request 83 16.46364657850151 6.653803728231568 153.159912109375 10.121826171875 21.204805646623885 112
stats: connect 48 1.4338277180989587 0.27997905480404384 137.700927734375 0.866943359375 3.7260474636130136 73
stats: page 83 16.46364657850151 6.653803728231568 153.159912109375 10.121826171875 21.204805646623885 112
stats: 302 1 1
stats: 200 82 194
stats: size_rcv 383871 914725
stats: size_sent 27716 62017
stats: connected 2 15
# stats: dump at 1480476039
stats: users 11 20
stats: {load,"tsung_controller@ip-172-31-30-41"} 1 0.078125 0.0 0.078125 0.0 0.0 3
stats: {freemem,"tsung_controller@ip-172-31-30-41"} 1 3061.3984375 0.0 3063.5546875 3061.3984375 3062.7213541666665 3
stats: {recvpackets,"tsung_controller@ip-172-31-30-41"} 1 530.0 0.0 530 331 393.5 2
stats: {sentpackets,"tsung_controller@ip-172-31-30-41"} 1 627.0 0.0 627 383 463.0 2
stats: {cpu,"tsung_controller@ip-172-31-30-41"} 1 1.9782393669634024 0.0 2.65748031496063 1.726566728523931 2.0571782101254397 3
stats: session 37 3252.562843116554 2463.8374932778925 9545.240966796875 13.879150390625 2883.00627822176 109
stats: users_count 36 157
stats: finish_users_count 37 146
stats: request 65 14.800721153846155 5.844101840549553 153.159912109375 9.734130859375 19.18677383814103 195
stats: connect 35 1.4175711495535714 0.33830838995104756 137.700927734375 0.866943359375 2.8167371513429753 121
stats: page 65 14.800721153846155 5.844101840549553 153.159912109375 9.734130859375 19.18677383814103 195
stats: 302 0 1
stats: 200 65 259
stats: size_rcv 286898 1201623
stats: size_sent 22363 84380
stats: connected -4 11
# stats: dump at 1480476049
stats: users 14 20
stats: {load,"tsung_controller@ip-172-31-30-41"} 1 0.0703125 0.0 0.078125 0.0 0.01953125 4
stats: {freemem,"tsung_controller@ip-172-31-30-41"} 1 3061.2734375 0.0 3063.5546875 3061.2734375 3062.390625 4
stats: {recvpackets,"tsung_controller@ip-172-31-30-41"} 1 392.0 0.0 530 331 439.0 3
stats: {sentpackets,"tsung_controller@ip-172-31-30-41"} 1 472.0 0.0 627 383 517.6666666666666 3
stats: {cpu,"tsung_controller@ip-172-31-30-41"} 1 1.7786561264822136 0.0 2.65748031496063 1.726566728523931 2.0374434993349304 4
stats: session 39 3311.075439453125 2449.6295272738275 9545.240966796875 13.26904296875 2976.661024119756 146
stats: users_count 42 199
stats: finish_users_count 39 185
stats: request 74 19.05871252111486 14.390206078150804 153.159912109375 9.734130859375 18.09026066706731 260
stats: connect 41 1.4432045541158536 0.2912757486837933 137.700927734375 0.866943359375 2.5028217022235575 156
stats: page 74 19.05871252111486 14.390206078150804 153.159912109375 9.734130859375 18.09026066706731 260
stats: 302 1 2
stats: 200 73 332
stats: size_rcv 337423 1539046
stats: size_sent 25339 109719
stats: connected 5 16
# stats: dump at 1480476059
stats: users 13 20
stats: {load,"tsung_controller@ip-172-31-30-41"} 1 0.05859375 0.0 0.078125 0.0 0.0296875 5
stats: {freemem,"tsung_controller@ip-172-31-30-41"} 1 3061.296875 0.0 3063.5546875 3061.2734375 3062.1671875 5
stats: {recvpackets,"tsung_controller@ip-172-31-30-41"} 1 483.0 0.0 530 331 427.25 4
stats: {sentpackets,"tsung_controller@ip-172-31-30-41"} 1 575.0 0.0 627 383 506.25 4
stats: {cpu,"tsung_controller@ip-172-31-30-41"} 1 1.7839444995044598 0.0 2.65748031496063 1.726566728523931 1.9856860247643868 5
stats: session 41 2708.469131097561 2486.462625742236 9545.240966796875 13.26904296875 3047.1591981630067 185
stats: users_count 40 239
stats: finish_users_count 41 226
stats: request 70 14.222014508928572 3.8222852668218947 153.159912109375 9.734130859375 18.304827844311376 334
stats: connect 41 1.4640458269817074 0.3425054032736323 137.700927734375 0.866943359375 2.2822922450031724 197
stats: page 70 14.222014508928572 3.8222852668218947 153.159912109375 9.734130859375 18.304827844311376 334
stats: 302 1 3
stats: 200 69 401
stats: size_rcv 317214 1856260
stats: size_sent 23249 132968
stats: connected -3 13
# stats: dump at 1480476069
stats: users 16 20
stats: {load,"tsung_controller@ip-172-31-30-41"} 1 0.05078125 0.0 0.078125 0.0 0.034505208333333336 6
stats: {freemem,"tsung_controller@ip-172-31-30-41"} 1 3061.296875 0.0 3063.5546875 3061.2734375 3062.0221354166665 6
stats: {recvpackets,"tsung_controller@ip-172-31-30-41"} 1 495.0 0.0 530 331 438.4 5
stats: {sentpackets,"tsung_controller@ip-172-31-30-41"} 1 571.0 0.0 627 383 520.0 5
stats: {cpu,"tsung_controller@ip-172-31-30-41"} 1 2.073050345508391 0.0 2.65748031496063 1.726566728523931 1.9520624372210655 6
stats: session 48 2522.5194193522134 2380.8860119532014 9545.240966796875 13.26904296875 2985.71542493432 226
stats: users_count 51 290
stats: finish_users_count 48 274
stats: request 81 20.82089120370371 16.447387259333304 153.159912109375 9.31005859375 17.59740969214109 404
stats: connect 51 3.1433296951593137 6.924848448935205 137.700927734375 0.866943359375 2.141333828453256 238
stats: page 81 20.82089120370371 16.447387259333304 153.159912109375 9.31005859375 17.59740969214109 404
stats: 302 2 5
stats: 200 79 480
stats: size_rcv 371451 2227711
stats: size_sent 25969 158937
stats: connected 2 15
# stats: dump at 1480476079
stats: users 13 20
stats: {load,"tsung_controller@ip-172-31-30-41"} 1 0.0390625 0.0 0.078125 0.0 0.036830357142857144 7
stats: {freemem,"tsung_controller@ip-172-31-30-41"} 1 3061.13671875 0.0 3063.5546875 3061.13671875 3061.918526785714 7
stats: {recvpackets,"tsung_controller@ip-172-31-30-41"} 1 524.0 0.0 530 331 447.8333333333333 6
stats: {sentpackets,"tsung_controller@ip-172-31-30-41"} 1 608.0 0.0 627 383 528.5 6
stats: {cpu,"tsung_controller@ip-172-31-30-41"} 1 1.8793273986152326 0.0 2.65748031496063 1.726566728523931 1.969346424119255 7
stats: session 35 3941.846993582589 2429.7867738084205 9545.240966796875 13.26904296875 2904.5715991389143 274
stats: users_count 32 322
stats: finish_users_count 35 309
stats: request 66 14.760716293797348 8.30819577099866 153.159912109375 9.097900390625 18.135764336340205 485
stats: connect 33 1.4720865885416667 0.3745272462901502 137.700927734375 0.866943359375 2.3181566284602075 289
stats: page 66 14.760716293797348 8.30819577099866 153.159912109375 9.097900390625 18.135764336340205 485
stats: 302 0 5
stats: 200 66 546
stats: size_rcv 283798 2511509
stats: size_sent 23533 182470
stats: connected -1 14
# stats: dump at 1480476089
stats: users 16 20
stats: {load,"tsung_controller@ip-172-31-30-41"} 1 0.03125 0.0 0.078125 0.0 0.037109375 8
stats: {freemem,"tsung_controller@ip-172-31-30-41"} 1 3061.1640625 0.0 3063.5546875 3061.13671875 3061.82080078125 8
stats: {recvpackets,"tsung_controller@ip-172-31-30-41"} 1 443.0 0.0 530 331 458.7142857142857 7
stats: {sentpackets,"tsung_controller@ip-172-31-30-41"} 1 513.0 0.0 627 383 539.8571428571429 7
stats: {cpu,"tsung_controller@ip-172-31-30-41"} 1 2.171767028627838 0.0 2.65748031496063 1.726566728523931 1.9580940459312524 8
stats: session 52 3180.4905630258413 2739.215653745153 9545.240966796875 13.1162109375 3022.062339609881 309
stats: users_count 55 377
stats: finish_users_count 52 361
stats: request 93 15.266856203797044 5.837650533332562 153.159912109375 9.097900390625 17.73149360892128 551
stats: connect 53 1.4114598688089623 0.2982250075646065 137.700927734375 0.866943359375 2.2314475871020965 322
stats: page 93 15.266856203797044 5.837650533332562 153.159912109375 9.097900390625 17.73149360892128 551
stats: 302 0 5
stats: 200 93 639
stats: size_rcv 431802 2943311
stats: size_sent 31000 213470
stats: connected 2 16
# stats: dump at 1480476099
stats: users 3 20
stats: {load,"tsung_controller@ip-172-31-30-41"} 1 0.03125 0.0 0.078125 0.0 0.036458333333333336 9
stats: {freemem,"tsung_controller@ip-172-31-30-41"} 1 3060.8828125 0.0 3063.5546875 3060.8828125 3061.7478298611113 9
stats: {recvpackets,"tsung_controller@ip-172-31-30-41"} 1 607.0 0.0 607 331 456.75 8
stats: {sentpackets,"tsung_controller@ip-172-31-30-41"} 1 711.0 0.0 711 383 536.5 8
stats: {cpu,"tsung_controller@ip-172-31-30-41"} 1 2.272727272727273 0.0 2.65748031496063 1.726566728523931 1.9818354884530953 9
stats: session 36 3702.6656494140625 3072.3826106691386 9545.240966796875 13.1162109375 3044.8830255312932 361
stats: users_count 23 400
stats: finish_users_count 36 397
stats: request 57 14.447603995339913 4.310194631527489 153.159912109375 9.097900390625 17.375575474330358 644
stats: connect 25 1.928203125 1.8795921674670326 137.700927734375 0.80810546875 2.1155559895833336 375
stats: page 57 14.447603995339913 4.310194631527489 153.159912109375 9.097900390625 17.375575474330358 644
stats: 302 1 6
stats: 200 56 695
stats: size_rcv 252499 3195810
stats: size_sent 21757 235227
stats: connected -13 3
# stats: dump at 1480476109
stats: users 16 27
stats: {load,"tsung_controller@ip-172-31-30-41"} 1 0.1015625 0.0 0.1015625 0.0 0.0359375 10
stats: {freemem,"tsung_controller@ip-172-31-30-41"} 1 3060.765625 0.0 3063.5546875 3060.765625 3061.661328125 10
stats: {recvpackets,"tsung_controller@ip-172-31-30-41"} 1 348.0 0.0 607 331 473.44444444444446 9
stats: {sentpackets,"tsung_controller@ip-172-31-30-41"} 1 415.0 0.0 711 383 555.8888888888889 9
stats: {cpu,"tsung_controller@ip-172-31-30-41"} 1 1.4851485148514851 0.0 2.65748031496063 1.4851485148514851 2.010924666880513 10
stats: session 66 2340.144187233665 2488.582595029324 9545.240966796875 13.1162109375 3104.53082014031 397
stats: users_count 79 479
stats: finish_users_count 66 463
stats: request 113 17.840684198700213 11.097644913686265 153.159912109375 9.097900390625 17.13749505449804 701
stats: connect 79 1.3642269086234178 0.41969425542958955 137.700927734375 0.799072265625 2.1038464355468753 400
stats: page 113 17.840684198700213 11.097644913686265 153.159912109375 9.097900390625 17.13749505449804 701
stats: 302 0 6
stats: 200 113 808
stats: size_rcv 536588 3732398
stats: newphase 1 1
stats: size_sent 32849 268076
stats: connected 16 19
# stats: dump at 1480476119
stats: users 19 31
stats: {load,"tsung_controller@ip-172-31-30-41"} 1 0.078125 0.0 0.1015625 0.0 0.04190340909090909 11
stats: {freemem,"tsung_controller@ip-172-31-30-41"} 1 3060.24609375 0.0 3063.5546875 3060.24609375 3061.579900568182 11
stats: {recvpackets,"tsung_controller@ip-172-31-30-41"} 1 863.0 0.0 863 331 460.9 10
stats: {sentpackets,"tsung_controller@ip-172-31-30-41"} 1 995.0 0.0 995 383 541.8 10
stats: {cpu,"tsung_controller@ip-172-31-30-41"} 1 2.8656126482213438 0.0 2.8656126482213438 1.4851485148514851 1.963126834877874 11
stats: session 82 2196.0860744569363 2286.3130120445967 9545.240966796875 13.1162109375 2995.5685787324514 463
stats: users_count 85 564
stats: finish_users_count 82 545
stats: request 133 17.113073822250943 7.58628972886839 153.159912109375 9.097900390625 17.235112220707922 814
stats: connect 84 1.3880382719494044 0.3513915703415796 137.700927734375 0.7900390625 1.981863256784969 479
stats: page 133 17.113073822250943 7.58628972886839 153.159912109375 9.097900390625 17.235112220707922 814
stats: 302 1 7
stats: 200 132 940
stats: size_rcv 612169 4344567
stats: newphase 0 1
stats: size_sent 41914 309990
stats: connected -1 18
# stats: dump at 1480476129
stats: users 23 31
stats: {load,"tsung_controller@ip-172-31-30-41"} 1 0.0703125 0.0 0.1015625 0.0 0.044921875 12
stats: {freemem,"tsung_controller@ip-172-31-30-41"} 1 3059.84375 0.0 3063.5546875 3059.84375 3061.46875 12
stats: {recvpackets,"tsung_controller@ip-172-31-30-41"} 1 918.0 0.0 918 331 497.45454545454544 11
stats: {sentpackets,"tsung_controller@ip-172-31-30-41"} 1 1074.0 0.0 1074 383 583.0 11
stats: {cpu,"tsung_controller@ip-172-31-30-41"} 1 2.868447082096934 0.0 2.868447082096934 1.4851485148514851 2.03833398598983 12
stats: session 68 3008.3842629825367 2668.2620694873244 9545.240966796875 13.1162109375 2875.27946799742 545
stats: users_count 72 636
stats: finish_users_count 68 613
stats: request 120 24.475533040364585 47.46212882075185 503.7119140625 9.097900390625 17.21797272018545 947
stats: connect 71 2.6165204115316896 7.075618158711986 137.700927734375 0.7900390625 1.8932641471469804 563
stats: page 120 24.475533040364585 47.46212882075185 503.7119140625 9.097900390625 17.21797272018545 947
stats: 302 2 9
stats: 200 118 1058
stats: size_rcv 546363 4890930
stats: newphase 0 1
stats: size_sent 39715 349705
stats: connected 4 22
# stats: dump at 1480476139
stats: users 23 33
stats: {load,"tsung_controller@ip-172-31-30-41"} 1 0.05859375 0.0 0.1015625 0.0 0.046875 13
stats: {freemem,"tsung_controller@ip-172-31-30-41"} 1 3059.69921875 0.0 3063.5546875 3059.69921875 3061.34375 13
stats: {recvpackets,"tsung_controller@ip-172-31-30-41"} 1 862.0 0.0 918 331 532.5 12
stats: {sentpackets,"tsung_controller@ip-172-31-30-41"} 1 979.0 0.0 1074 383 623.9166666666666 12
stats: {cpu,"tsung_controller@ip-172-31-30-41"} 1 2.868447082096934 0.0 2.868447082096934 1.4851485148514851 2.1021888395365305 13
stats: session 81 3025.2223578559033 2778.210658738935 9545.240966796875 13.114990234375 2890.0447633628164 613
stats: users_count 81 717
stats: finish_users_count 81 694
stats: request 137 19.77388123004106 11.764828199319792 503.7119140625 9.097900390625 18.034193187309626 1067
stats: connect 79 1.8195120895965189 2.0206293104239 137.700927734375 0.7900390625 1.9742597224960567 634
stats: page 137 19.77388123004106 11.764828199319792 503.7119140625 9.097900390625 18.034193187309626 1067
stats: 302 2 11
stats: 200 135 1193
stats: size_rcv 642712 5533642
stats: newphase 0 1
stats: size_sent 45909 395614
stats: connected -2 20
# stats: dump at 1480476149
stats: users 30 35
stats: {load,"tsung_controller@ip-172-31-30-41"} 1 0.05078125 0.0 0.1015625 0.0 0.04771205357142857 14
stats: {freemem,"tsung_controller@ip-172-31-30-41"} 1 3058.32421875 0.0 3063.5546875 3058.32421875 3061.2262834821427 14
stats: {recvpackets,"tsung_controller@ip-172-31-30-41"} 1 943.0 0.0 943 331 557.8461538461538 13
stats: {sentpackets,"tsung_controller@ip-172-31-30-41"} 1 1079.0 0.0 1079 383 651.2307692307693 13
stats: {cpu,"tsung_controller@ip-172-31-30-41"} 1 2.967359050445104 0.0 2.967359050445104 1.4851485148514851 2.1569215711479877 14
stats: session 76 3448.893355520148 2831.5662933286103 9599.8388671875 12.78515625 2905.821975400194 694
stats: users_count 83 800
stats: finish_users_count 76 770
stats: request 153 17.697350196589056 9.417395433728172 503.7119140625 9.097900390625 18.232147723733387 1204
stats: connect 87 1.5022870644755744 0.7289765372687627 137.700927734375 0.776123046875 1.9571137715857294 713
stats: page 153 17.697350196589056 9.417395433728172 503.7119140625 9.097900390625 18.232147723733387 1204
stats: 302 4 15
stats: 200 149 1342
stats: size_rcv 695032 6228674
stats: newphase 0 1
stats: size_sent 52195 447809
stats: connected 11 31
# stats: dump at 1480476159
stats: users 30 35
stats: {load,"tsung_controller@ip-172-31-30-41"} 1 0.0390625 0.0 0.1015625 0.0 0.04791666666666667 15
stats: {freemem,"tsung_controller@ip-172-31-30-41"} 1 3058.33984375 0.0 3063.5546875 3058.32421875 3061.0328125 15
stats: {recvpackets,"tsung_controller@ip-172-31-30-41"} 1 976.0 0.0 976 331 585.3571428571429 14
stats: {sentpackets,"tsung_controller@ip-172-31-30-41"} 1 1120.0 0.0 1120 383 681.7857142857143 14
stats: {cpu,"tsung_controller@ip-172-31-30-41"} 1 2.876984126984127 0.0 2.967359050445104 1.4851485148514851 2.210950736434462 15
stats: session 81 3519.5071433738426 2438.0214285864477 9599.8388671875 12.78515625 2959.4238259055396 770
stats: users_count 81 881
stats: finish_users_count 81 851
stats: request 150 18.119541015625003 15.403726119891996 503.7119140625 9.097900390625 18.171849992227802 1357
stats: connect 81 1.5755539882330245 1.0741613103998806 137.700927734375 0.776123046875 1.9076513671875 800
stats: page 150 18.119541015625003 15.403726119891996 503.7119140625 9.097900390625 18.171849992227802 1357
stats: 302 4 19
stats: 200 146 1488
stats: size_rcv 684145 6912819
stats: newphase 0 1
stats: size_sent 52605 500414
stats: connected -1 30
# stats: dump at 1480476169
stats: users 27 35
stats: {load,"tsung_controller@ip-172-31-30-41"} 1 0.0390625 0.0 0.1015625 0.0 0.04736328125 16
stats: {freemem,"tsung_controller@ip-172-31-30-41"} 1 3057.4453125 0.0 3063.5546875 3057.4453125 3060.864501953125 16
stats: {recvpackets,"tsung_controller@ip-172-31-30-41"} 1 926.0 0.0 976 331 611.4 15
stats: {sentpackets,"tsung_controller@ip-172-31-30-41"} 1 1111.0 0.0 1120 383 711.0 15
stats: {cpu,"tsung_controller@ip-172-31-30-41"} 1 3.933136676499508 0.0 3.933136676499508 1.4851485148514851 2.252577823343816 16
stats: session 80 3273.894787597656 2716.838605806991 9599.8388671875 12.78515625 3012.7337538901843 851
stats: users_count 77 958
stats: finish_users_count 80 931
stats: request 138 18.53917749377264 19.75435024948137 503.7119140625 9.097900390625 18.166643392035088 1507
stats: connect 76 1.5085192228618418 0.9498240128395372 137.700927734375 0.776123046875 1.8771180099851021 881
stats: page 138 18.53917749377264 19.75435024948137 503.7119140625 9.097900390625 18.166643392035088 1507
stats: 302 3 22
stats: 200 135 1623
stats: size_rcv 633704 7546523
stats: newphase 0 1
stats: size_sent 47721 548135
stats: connected -3 27
# stats: dump at 1480476179
stats: users 30 35
stats: {load,"tsung_controller@ip-172-31-30-41"} 1 0.03125 0.0 0.1015625 0.0 0.046875 17
stats: {freemem,"tsung_controller@ip-172-31-30-41"} 1 3057.30859375 0.0 3063.5546875 3057.30859375 3060.663373161765 17
stats: {recvpackets,"tsung_controller@ip-172-31-30-41"} 1 853.0 0.0 976 331 631.0625 16
stats: {sentpackets,"tsung_controller@ip-172-31-30-41"} 1 1016.0 0.0 1120 383 736.0 16
stats: {cpu,"tsung_controller@ip-172-31-30-41"} 1 3.155818540433925 0.0 3.933136676499508 1.4851485148514851 2.351434226470621 17
stats: session 69 3657.2658868319745 2779.705680846681 9599.8388671875 12.78515625 3035.175088687819 931
stats: users_count 72 1030
stats: finish_users_count 69 1000
stats: request 134 16.878182937849825 9.227447877859653 503.7119140625 9.041015625 18.197895492971128 1645
stats: connect 72 1.5081380208333335 0.4805184832215769 137.700927734375 0.776123046875 1.8478457970056166 957
stats: page 134 16.878182937849825 9.227447877859653 503.7119140625 9.041015625 18.197895492971128 1645
stats: 302 0 22
stats: 200 134 1757
stats: size_rcv 613232 8159755
stats: newphase 0 1
stats: size_sent 46109 594244
stats: connected 3 30
# stats: dump at 1480476189
stats: users 25 35
stats: {load,"tsung_controller@ip-172-31-30-41"} 1 0.01953125 0.0 0.1015625 0.0 0.04600694444444445 18
stats: {freemem,"tsung_controller@ip-172-31-30-41"} 1 3057.30078125 0.0 3063.5546875 3057.30078125 3060.476996527778 18
stats: {recvpackets,"tsung_controller@ip-172-31-30-41"} 1 821.0 0.0 976 331 644.1176470588235 17
stats: {sentpackets,"tsung_controller@ip-172-31-30-41"} 1 945.0 0.0 1120 383 752.4705882352941 17
stats: {cpu,"tsung_controller@ip-172-31-30-41"} 1 2.967359050445104 0.0 3.933136676499508 1.4851485148514851 2.396122243913027 18
stats: session 80 3276.230941772461 2919.457347156962 9599.8388671875 12.78515625 3078.0993537597656 1000
stats: users_count 75 1105
stats: finish_users_count 80 1080
stats: request 131 17.524389834804385 10.140840902228804 503.7119140625 9.041015625 18.098490500061484 1779
stats: connect 76 1.8487805818256586 2.5895168110130578 137.700927734375 0.776123046875 1.8240761566903547 1029
stats: page 131 17.524389834804385 10.140840902228804 503.7119140625 9.041015625 18.098490500061484 1779
stats: 302 1 23
stats: 200 130 1887
stats: size_rcv 602345 8762100
stats: newphase 0 1
stats: size_sent 43514 637758
stats: connected -5 25
# stats: dump at 1480476199
stats: users 24 35
stats: {load,"tsung_controller@ip-172-31-30-41"} 1 0.01953125 0.0 0.1015625 0.0 0.04461348684210526 19
stats: {freemem,"tsung_controller@ip-172-31-30-41"} 1 3057.34375 0.0 3063.5546875 3057.30078125 3060.3098273026317 19
stats: {recvpackets,"tsung_controller@ip-172-31-30-41"} 1 826.0 0.0 976 331 653.9444444444445 18
stats: {sentpackets,"tsung_controller@ip-172-31-30-41"} 1 955.0 0.0 1120 383 763.1666666666666 18
stats: {cpu,"tsung_controller@ip-172-31-30-41"} 1 3.1589338598223096 0.0 3.933136676499508 1.4851485148514851 2.4261873389936626 19
stats: session 75 3240.630107421875 2755.7545879938248 9599.8388671875 12.78515625 3092.7757676866318 1080
stats: users_count 74 1179
stats: finish_users_count 75 1155
stats: request 138 19.003455120584253 12.396455273326401 503.7119140625 8.884033203125 18.059115009407723 1910
stats: connect 74 2.002758129222973 2.8659887407776736 137.700927734375 0.776123046875 1.8257752845729638 1105
stats: page 138 19.003455120584253 12.396455273326401 503.7119140625 8.884033203125 18.059115009407723 1910
stats: 302 1 24
stats: 200 137 2024
stats: size_rcv 659573 9421673
stats: newphase 0 1
stats: size_sent 47800 685558
stats: connected 0 25
# stats: dump at 1480476209
stats: users 0 35
stats: {load,"tsung_controller@ip-172-31-30-41"} 1 0.01953125 0.0 0.1015625 0.0 0.043359375 20
stats: {freemem,"tsung_controller@ip-172-31-30-41"} 1 3057.328125 0.0 3063.5546875 3057.30078125 3060.1615234375 20
stats: {recvpackets,"tsung_controller@ip-172-31-30-41"} 1 744.0 0.0 976 331 663.0 19
stats: {sentpackets,"tsung_controller@ip-172-31-30-41"} 1 895.0 0.0 1120 383 773.2631578947369 19
stats: {cpu,"tsung_controller@ip-172-31-30-41"} 1 2.6706231454005933 0.0 3.933136676499508 1.4851485148514851 2.462824665035095 20
stats: session 31 5384.388096963205 2476.411569027548 9599.8388671875 12.78515625 3102.3766988382713 1155
stats: users_count 7 1186
stats: finish_users_count 31 1186
stats: request 43 15.337657839752907 7.912145396034044 503.7119140625 8.884033203125 18.12274730205536 2048
stats: connect 7 1.844482421875 1.2144037027096317 137.700927734375 0.776123046875 1.8368836225747456 1179
stats: page 43 15.337657839752907 7.912145396034044 503.7119140625 8.884033203125 18.12274730205536 2048
stats: 302 0 24
stats: 200 43 2067
stats: size_rcv 161818 9583491
stats: newphase 0 1
stats: size_sent 20136 705694
stats: connected -25 0
# stats: dump at 1480476210
stats: users 0 35
stats: {load,"tsung_controller@ip-172-31-30-41"} 0 0 0 0.1015625 0.0 0.042224702380952384 21
stats: {freemem,"tsung_controller@ip-172-31-30-41"} 0 0 0 3063.5546875 3057.30078125 3060.0265997023807 21
stats: {recvpackets,"tsung_controller@ip-172-31-30-41"} 0 0 0 976 331 667.05 20
stats: {sentpackets,"tsung_controller@ip-172-31-30-41"} 0 0 0 1120 383 779.35 20
stats: {cpu,"tsung_controller@ip-172-31-30-41"} 0 0 0 3.933136676499508 1.4851485148514851 2.4727198307667853 21
stats: session 0 0 0 9599.8388671875 12.78515625 3162.024551571722 1186
stats: users_count 0 1186
stats: finish_users_count 0 1186
stats: request 0 0 0 503.7119140625 8.884033203125 18.065473821960186 2091
stats: connect 0 0 0 137.700927734375 0.776123046875 1.8369284721490304 1186
stats: page 0 0 0 503.7119140625 8.884033203125 18.065473821960186 2091
stats: 302 0 24
stats: 200 0 2067
stats: size_rcv 0 9583491
stats: newphase 0 1
stats: size_sent 0 705694
stats: connected 0 0
EndMonitor:{1480,476210,967440}
