# stats: dump at 1480475210
stats: users 7 9
stats: {load,"tsung_controller@ip-172-31-30-41"} 1 0.0 0 0.0 0.0 0 0
stats: {freemem,"tsung_controller@ip-172-31-30-41"} 1 3063.3984375 0 3063.3984375 3063.3984375 0 0
stats: {cpu,"tsung_controller@ip-172-31-30-41"} 1 1.796760374438763 0 1.796760374438763 1.796760374438763 0 0
stats: session 15 2100.531624348958 1678.7784884904727 4324.048095703125 15.22705078125 0 0
stats: users_count 22 22
stats: finish_users_count 15 15
stats: request 29 46.58975114493534 68.8102320005304 313.568115234375 10.27685546875 0 0
stats: connect 20 21.50772705078125 45.68342938444717 175.421875 1.113037109375 0 0
stats: page 29 46.58975114493534 68.8102320005304 313.568115234375 10.27685546875 0 0
stats: 200 29 29
stats: size_rcv 149204 149204
stats: size_sent 8524 8524
stats: connected 5 5
# stats: dump at 1480475220
stats: users 19 20
stats: {load,"tsung_controller@ip-172-31-30-41"} 1 0.0 0.0 0.0 0.0 0.0 1
stats: {freemem,"tsung_controller@ip-172-31-30-41"} 1 3062.859375 0.0 3063.3984375 3062.859375 3063.3984375 1
stats: {recvpackets,"tsung_controller@ip-172-31-30-41"} 1 254 0 254 254 0 0
stats: {sentpackets,"tsung_controller@ip-172-31-30-41"} 1 274 0 274 274 0 0
stats: {cpu,"tsung_controller@ip-172-31-30-41"} 1 2.3645320197044337 0.0 2.3645320197044337 1.796760374438763 1.796760374438763 1
stats: session 26 3038.4556696965146 2645.2675281614074 8615.02099609375 13.6220703125 2100.531624348958 15
stats: users_count 38 60
stats: finish_users_count 26 41
stats: request 58 18.781102673760785 17.28777505762363 313.568115234375 10.27685546875 46.58975114493534 29
stats: connect 38 1.6459832442434212 0.5266669734593201 175.421875 1.113037109375 21.50772705078125 20
stats: page 58 18.781102673760785 17.28777505762363 313.568115234375 10.27685546875 46.58975114493534 29
stats: 302 1 1
stats: 200 57 86
stats: size_rcv 312138 461342
stats: size_sent 17984 26508
stats: connected 13 18
# stats: dump at 1480475230
stats: users 12 22
stats: {load,"tsung_controller@ip-172-31-30-41"} 1 0.0 0.0 0.0 0.0 0.0 2
stats: {freemem,"tsung_controller@ip-172-31-30-41"} 1 3060.41796875 0.0 3063.3984375 3060.41796875 3063.12890625 2
stats: {recvpackets,"tsung_controller@ip-172-31-30-41"} 1 475.0 0.0 475 254 254.0 1
stats: {sentpackets,"tsung_controller@ip-172-31-30-41"} 1 566.0 0.0 566 274 274.0 1
stats: {cpu,"tsung_controller@ip-172-31-30-41"} 1 2.3645320197044337 0.0 2.3645320197044337 1.796760374438763 2.0806461970715984 2
stats: session 37 3619.6014503272804 2246.6135478687834 8789.984130859375 13.6220703125 2695.312726276677 41
stats: users_count 30 90
stats: finish_users_count 37 78
stats: request 64 20.88994598388672 13.782058661851117 313.568115234375 10.27685546875 28.050652164152304 87
stats: connect 32 2.026092529296875 2.335227913353516 175.421875 1.113037109375 8.494860418911639 58
stats: page 64 20.88994598388672 13.782058661851117 313.568115234375 10.27685546875 28.050652164152304 87
stats: 302 0 1
stats: 200 64 150
stats: size_rcv 342462 803804
stats: size_sent 23332 49840
stats: connected -4 14
# stats: dump at 1480475240
stats: users 7 22
stats: {load,"tsung_controller@ip-172-31-30-41"} 1 0.0 0.0 0.0 0.0 0.0 3
stats: {freemem,"tsung_controller@ip-172-31-30-41"} 1 3059.6640625 0.0 3063.3984375 3059.6640625 3062.2252604166665 3
stats: {recvpackets,"tsung_controller@ip-172-31-30-41"} 1 457.0 0.0 475 254 364.5 2
stats: {sentpackets,"tsung_controller@ip-172-31-30-41"} 1 505.0 0.0 566 274 420.0 2
stats: {cpu,"tsung_controller@ip-172-31-30-41"} 1 1.8756169792694966 0.0 2.3645320197044337 1.796760374438763 2.1752748046158765 3
stats: session 38 3183.6175986842104 2850.6070841153723 8789.984130859375 13.583984375 3133.7573774288862 78
stats: users_count 33 123
stats: finish_users_count 38 116
stats: request 61 17.089699667008198 12.254000302807711 313.568115234375 5.849853515625 25.015650869205302 151
stats: connect 33 1.5725023674242424 0.36278974003759434 175.421875 1.087158203125 6.194854058159722 90
stats: page 61 17.089699667008198 12.254000302807711 313.568115234375 5.849853515625 25.015650869205302 151
stats: 302 1 2
stats: 200 58 208
stats: size_rcv 316499 1120303
stats: size_sent 20681 70521
stats: connected -6 8
stats: 404 2 2
# stats: dump at 1480475250
stats: users 14 22
stats: {load,"tsung_controller@ip-172-31-30-41"} 1 0.0 0.0 0.0 0.0 0.0 4
stats: {freemem,"tsung_controller@ip-172-31-30-41"} 1 3059.54296875 0.0 3063.3984375 3059.54296875 3061.5849609375 4
stats: {recvpackets,"tsung_controller@ip-172-31-30-41"} 1 389.0 0.0 475 254 395.3333333333333 3
stats: {sentpackets,"tsung_controller@ip-172-31-30-41"} 1 443.0 0.0 566 274 448.3333333333333 3
stats: {cpu,"tsung_controller@ip-172-31-30-41"} 1 2.0689655172413794 0.0 2.3645320197044337 1.796760374438763 2.1003603482792816 4
stats: session 26 3233.5547907902646 2138.4712634224898 9162.51318359375 13.583984375 3150.0908981849407 116
stats: users_count 33 156
stats: finish_users_count 26 142
stats: request 51 14.617063036151961 3.9810257334273325 313.568115234375 5.849853515625 22.735070570459907 212
stats: connect 31 1.6571793094758065 0.6865931691924294 175.421875 0.9970703125 4.954710921620935 123
stats: page 51 14.617063036151961 3.9810257334273325 313.568115234375 5.849853515625 22.735070570459907 212
stats: 302 0 2
stats: 200 51 259
stats: size_rcv 266742 1387045
stats: size_sent 16366 86887
stats: connected 6 14
stats: 404 0 2
# stats: dump at 1480475260
stats: users 10 22
stats: {load,"tsung_controller@ip-172-31-30-41"} 1 0.078125 0.0 0.078125 0.0 0.0 5
stats: {freemem,"tsung_controller@ip-172-31-30-41"} 1 3059.515625 0.0 3063.3984375 3059.515625 3061.1765625 5
stats: {recvpackets,"tsung_controller@ip-172-31-30-41"} 1 396.0 0.0 475 254 393.75 4
stats: {sentpackets,"tsung_controller@ip-172-31-30-41"} 1 454.0 0.0 566 274 447.0 4
stats: {cpu,"tsung_controller@ip-172-31-30-41"} 1 1.7804154302670623 0.0 2.3645320197044337 1.7804154302670623 2.094081382071701 5
stats: session 42 2991.4092203776045 2786.090082340105 9162.51318359375 13.10400390625 3165.3730193661972 142
stats: users_count 38 194
stats: finish_users_count 42 184
stats: request 66 14.272971413352273 3.622428690305633 313.568115234375 5.849853515625 21.160856181677758 263
stats: connect 39 1.6083420973557692 0.6367674251924648 175.421875 0.9970703125 4.290922090604708 154
stats: page 66 14.272971413352273 3.622428690305633 313.568115234375 5.849853515625 21.160856181677758 263
stats: 302 0 2
stats: 200 66 325
stats: size_rcv 347640 1734685
stats: size_sent 21547 108434
stats: connected -5 9
stats: 404 0 2
# stats: dump at 1480475270
stats: users 9 22
stats: {load,"tsung_controller@ip-172-31-30-41"} 1 0.0703125 0.0 0.078125 0.0 0.013020833333333334 6
stats: {freemem,"tsung_controller@ip-172-31-30-41"} 1 3059.55078125 0.0 3063.3984375 3059.515625 3060.8997395833335 6
stats: {recvpackets,"tsung_controller@ip-172-31-30-41"} 1 450.0 0.0 475 254 394.2 5
stats: {sentpackets,"tsung_controller@ip-172-31-30-41"} 1 520.0 0.0 566 274 448.4 5
stats: {cpu,"tsung_controller@ip-172-31-30-41"} 1 2.1696252465483234 0.0 2.3645320197044337 1.7804154302670623 2.0418037234375945 6
stats: session 36 2631.518541124131 2831.198062728219 9633.200927734375 13.10400390625 3125.663891336192 184
stats: users_count 35 229
stats: finish_users_count 36 220
stats: request 54 19.09779640480324 18.628453704771168 313.568115234375 5.849853515625 19.779092064019757 329
stats: connect 35 1.764034598214286 1.6192653708490459 175.421875 0.89404296875 3.748846340673575 193
stats: page 54 19.09779640480324 18.628453704771168 313.568115234375 5.849853515625 19.779092064019757 329
stats: 302 0 2
stats: 200 54 379
stats: size_rcv 294542 2029227
stats: size_sent 16607 125041
stats: connected -1 8
stats: 404 0 2
# stats: dump at 1480475280
stats: users 9 22
stats: {load,"tsung_controller@ip-172-31-30-41"} 1 0.05859375 0.0 0.078125 0.0 0.021205357142857144 7
stats: {freemem,"tsung_controller@ip-172-31-30-41"} 1 3059.53515625 0.0 3063.3984375 3059.515625 3060.70703125 7
stats: {recvpackets,"tsung_controller@ip-172-31-30-41"} 1 449.0 0.0 475 254 403.5 6
stats: {sentpackets,"tsung_controller@ip-172-31-30-41"} 1 515.0 0.0 566 274 460.3333333333333 6
stats: {cpu,"tsung_controller@ip-172-31-30-41"} 1 1.9743336623889436 0.0 2.3645320197044337 1.7804154302670623 2.0600639410248416 7
stats: session 36 2877.904120551215 2651.578107435445 9633.200927734375 12.89990234375 3044.803743119673 220
stats: users_count 36 265
stats: finish_users_count 36 256
stats: request 63 14.569948226686508 5.553109851052748 313.568115234375 5.849853515625 19.683034712589752 383
stats: connect 36 1.6697998046875 1.043965886524591 175.421875 0.89404296875 3.4441603275767543 228
stats: page 63 14.569948226686508 5.553109851052748 313.568115234375 5.849853515625 19.683034712589752 383
stats: 302 0 2
stats: 200 62 441
stats: size_rcv 318888 2348115
stats: size_sent 20983 146024
stats: connected 0 8
stats: 404 1 3
# stats: dump at 1480475290
stats: users 14 22
stats: {load,"tsung_controller@ip-172-31-30-41"} 1 0.05078125 0.0 0.078125 0.0 0.02587890625 8
stats: {freemem,"tsung_controller@ip-172-31-30-41"} 1 3059.5390625 0.0 3063.3984375 3059.515625 3060.560546875 8
stats: {recvpackets,"tsung_controller@ip-172-31-30-41"} 1 404.0 0.0 475 254 410.0 7
stats: {sentpackets,"tsung_controller@ip-172-31-30-41"} 1 466.0 0.0 566 274 468.14285714285717 7
stats: {cpu,"tsung_controller@ip-172-31-30-41"} 1 1.7786561264822136 0.0 2.3645320197044337 1.7786561264822136 2.0493476561953545 8
stats: session 30 3038.568123372396 2487.336351692654 9633.200927734375 12.89990234375 3021.333483695984 256
stats: users_count 35 300
stats: finish_users_count 30 286
stats: request 59 18.74072265625 12.430331450009229 313.568115234375 5.849853515625 18.96078258565723 446
stats: connect 35 1.5021902901785715 0.3076368204616679 175.421875 0.89404296875 3.202202074455492 264
stats: page 59 18.74072265625 12.430331450009229 313.568115234375 5.849853515625 18.96078258565723 446
stats: 302 1 3
stats: 200 58 499
stats: size_rcv 312070 2660185
stats: size_sent 19496 165520
stats: connected 5 13
stats: 404 0 3
# stats: dump at 1480475300
stats: users 20 22
stats: {load,"tsung_controller@ip-172-31-30-41"} 1 0.0390625 0.0 0.078125 0.0 0.028645833333333332 9
stats: {freemem,"tsung_controller@ip-172-31-30-41"} 1 3059.38671875 0.0 3063.3984375 3059.38671875 3060.4470486111113 9
stats: {recvpackets,"tsung_controller@ip-172-31-30-41"} 1 425.0 0.0 475 254 409.25 8
stats: {sentpackets,"tsung_controller@ip-172-31-30-41"} 1 479.0 0.0 566 274 467.875 8
stats: {cpu,"tsung_controller@ip-172-31-30-41"} 1 2.0689655172413794 0.0 2.3645320197044337 1.7786561264822136 2.0192708195605613 9
stats: session 40 3282.9537353515625 2765.914264375622 9633.200927734375 12.89990234375 3023.1413130326705 286
stats: users_count 46 346
stats: finish_users_count 40 326
stats: request 82 17.557742235137198 8.036953339083057 313.568115234375 5.849853515625 18.935072613706684 505
stats: connect 46 1.7118662958559783 0.9859156160950188 175.421875 0.843994140625 3.003204039506689 299
stats: page 82 17.557742235137198 8.036953339083057 313.568115234375 5.849853515625 18.935072613706684 505
stats: 302 2 5
stats: 200 78 577
stats: size_rcv 436948 3097133
stats: size_sent 28137 193657
stats: connected 6 19
stats: 404 2 5
# stats: dump at 1480475310
stats: users 17 29
stats: {load,"tsung_controller@ip-172-31-30-41"} 1 0.03125 0.0 0.078125 0.0 0.0296875 10
stats: {freemem,"tsung_controller@ip-172-31-30-41"} 1 3058.40234375 0.0 3063.3984375 3058.40234375 3060.341015625 10
stats: {recvpackets,"tsung_controller@ip-172-31-30-41"} 1 683.0 0.0 683 254 411.0 9
stats: {sentpackets,"tsung_controller@ip-172-31-30-41"} 1 836.0 0.0 836 274 469.1111111111111 9
stats: {cpu,"tsung_controller@ip-172-31-30-41"} 1 2.371541501976284 0.0 2.371541501976284 1.7786561264822136 2.024240289328643 10
stats: session 73 3023.026775203339 2442.572268997995 9633.200927734375 12.89990234375 3055.0201378570746 326
stats: users_count 70 416
stats: finish_users_count 73 399
stats: request 116 16.45687129579742 7.695443479691181 313.568115234375 5.849853515625 18.742668710737863 587
stats: connect 68 1.423415240119485 0.38782746707685095 175.421875 0.843994140625 2.8310256736865944 345
stats: page 116 16.45687129579742 7.695443479691181 313.568115234375 5.849853515625 18.742668710737863 587
stats: 302 3 8
stats: 200 113 690
stats: size_rcv 613991 3711124
stats: newphase 1 1
stats: size_sent 38888 232545
stats: connected -3 16
stats: 404 0 5
# stats: dump at 1480475320
stats: users 23 31
stats: {load,"tsung_controller@ip-172-31-30-41"} 1 0.03125 0.0 0.078125 0.0 0.029829545454545456 11
stats: {freemem,"tsung_controller@ip-172-31-30-41"} 1 3057.96484375 0.0 3063.3984375 3057.96484375 3060.1647727272725 11
stats: {recvpackets,"tsung_controller@ip-172-31-30-41"} 1 884.0 0.0 884 254 438.2 10
stats: {sentpackets,"tsung_controller@ip-172-31-30-41"} 1 1004.0 0.0 1004 274 505.8 10
stats: {cpu,"tsung_controller@ip-172-31-30-41"} 1 2.6732673267326734 0.0 2.6732673267326734 1.7786561264822136 2.055813126842065 11
stats: session 77 3157.799243481128 2739.5687325626777 9633.200927734375 12.89990234375 3049.166715617168 399
stats: users_count 83 499
stats: finish_users_count 77 476
stats: request 137 18.884959868270982 11.128859315231288 313.568115234375 5.849853515625 18.36549587982308 703
stats: connect 83 1.4504835749246987 0.5083615085241477 175.421875 0.802001953125 2.5992641495157387 413
stats: page 137 18.884959868270982 11.128859315231288 313.568115234375 5.849853515625 18.36549587982308 703
stats: 302 1 9
stats: 200 136 826
stats: size_rcv 745078 4456202
stats: newphase 0 1
stats: size_sent 44332 276877
stats: connected 5 21
stats: 404 0 5
# stats: dump at 1480475330
stats: users 21 31
stats: {load,"tsung_controller@ip-172-31-30-41"} 1 0.01953125 0.0 0.078125 0.0 0.029947916666666668 12
stats: {freemem,"tsung_controller@ip-172-31-30-41"} 1 3057.5625 0.0 3063.3984375 3057.5625 3059.9814453125 12
stats: {recvpackets,"tsung_controller@ip-172-31-30-41"} 1 998.0 0.0 998 254 478.72727272727275 11
stats: {sentpackets,"tsung_controller@ip-172-31-30-41"} 1 1148.0 0.0 1148 274 551.0909090909091 11
stats: {cpu,"tsung_controller@ip-172-31-30-41"} 1 3.257650542941757 0.0 3.257650542941757 1.7786561264822136 2.1072676434996156 12
stats: session 79 2960.538487687896 2364.2948658374944 9633.200927734375 12.89990234375 3066.739624536338 476
stats: users_count 77 576
stats: finish_users_count 79 555
stats: request 133 18.130189365014097 15.464353737191825 313.568115234375 5.849853515625 18.45021798270089 840
stats: connect 80 1.9446502685546878 3.325967357526602 175.421875 0.802001953125 2.4070286904611895 496
stats: page 133 18.130189365014097 15.464353737191825 313.568115234375 5.849853515625 18.45021798270089 840
stats: 302 1 10
stats: 200 132 958
stats: size_rcv 728105 5184307
stats: newphase 0 1
stats: size_sent 43241 320118
stats: connected 1 22
stats: 404 0 5
# stats: dump at 1480475340
stats: users 27 33
stats: {load,"tsung_controller@ip-172-31-30-41"} 1 0.01953125 0.0 0.078125 0.0 0.029146634615384616 13
stats: {freemem,"tsung_controller@ip-172-31-30-41"} 1 3057.5390625 0.0 3063.3984375 3057.5390625 3059.795372596154 13
stats: {recvpackets,"tsung_controller@ip-172-31-30-41"} 1 972.0 0.0 998 254 522.0 12
stats: {sentpackets,"tsung_controller@ip-172-31-30-41"} 1 1111.0 0.0 1148 274 600.8333333333334 12
stats: {cpu,"tsung_controller@ip-172-31-30-41"} 1 2.8712871287128716 0.0 3.257650542941757 1.7786561264822136 2.195758635764396 13
stats: session 93 2641.474572622649 2621.0260533981404 9823.246826171875 12.89990234375 3051.622705957911 555
stats: users_count 99 675
stats: finish_users_count 93 648
stats: request 150 16.618580729166663 8.686482759356508 313.568115234375 5.849853515625 18.40647306373651 973
stats: connect 98 1.3749003507653068 0.41260707393380897 175.421875 0.802001953125 2.3428094651963978 576
stats: page 150 16.618580729166663 8.686482759356508 313.568115234375 5.849853515625 18.40647306373651 973
stats: 302 2 12
stats: 200 148 1106
stats: size_rcv 845108 6029415
stats: newphase 0 1
stats: size_sent 46425 366543
stats: connected 7 29
stats: 404 0 5
# stats: dump at 1480475350
stats: users 27 33
stats: {load,"tsung_controller@ip-172-31-30-41"} 1 0.01953125 0.0 0.078125 0.0 0.028459821428571428 14
stats: {freemem,"tsung_controller@ip-172-31-30-41"} 1 3057.37890625 0.0 3063.3984375 3057.37890625 3059.634207589286 14
stats: {recvpackets,"tsung_controller@ip-172-31-30-41"} 1 1009.0 0.0 1009 254 556.6153846153846 13
stats: {sentpackets,"tsung_controller@ip-172-31-30-41"} 1 1173.0 0.0 1173 274 640.0769230769231 13
stats: {cpu,"tsung_controller@ip-172-31-30-41"} 1 3.0693069306930694 0.0 3.257650542941757 1.7786561264822136 2.2440106709750016 14
stats: session 77 3029.6999258066153 2663.4605888967963 9823.246826171875 12.89990234375 2992.758853488498 648
stats: users_count 77 752
stats: finish_users_count 77 725
stats: request 128 19.481201171875004 12.077345013686264 313.568115234375 5.849853515625 18.16766286766752 1123
stats: connect 76 1.489694695723684 0.5639231568465896 175.421875 0.802001953125 2.202074905531343 674
stats: page 128 19.481201171875004 12.077345013686264 313.568115234375 5.849853515625 18.16766286766752 1123
stats: 302 3 15
stats: 200 125 1231
stats: size_rcv 697914 6727329
stats: newphase 0 1
stats: size_sent 42511 409054
stats: connected -4 25
stats: 404 0 5
# stats: dump at 1480475360
stats: users 31 36
stats: {load,"tsung_controller@ip-172-31-30-41"} 1 0.01171875 0.0 0.078125 0.0 0.027864583333333335 15
stats: {freemem,"tsung_controller@ip-172-31-30-41"} 1 3057.3984375 0.0 3063.3984375 3057.37890625 3059.483854166667 15
stats: {recvpackets,"tsung_controller@ip-172-31-30-41"} 1 917.0 0.0 1009 254 588.9285714285714 14
stats: {sentpackets,"tsung_controller@ip-172-31-30-41"} 1 1041.0 0.0 1173 274 678.1428571428571 14
stats: {cpu,"tsung_controller@ip-172-31-30-41"} 1 3.0632411067193677 0.0 3.257650542941757 1.7786561264822136 2.2990304216228727 15
stats: session 87 3310.482239471085 2451.6086389760558 9823.246826171875 12.89990234375 2996.6822501346983 725
stats: users_count 91 843
stats: finish_users_count 87 812
stats: request 168 18.64155069986981 10.32548708865313 313.568115234375 5.849853515625 18.302061670975718 1251
stats: connect 93 1.4629142515120974 0.5134550832842104 175.421875 0.802001953125 2.1298870442708333 750
stats: page 168 18.64155069986981 10.32548708865313 313.568115234375 5.849853515625 18.302061670975718 1251
stats: 302 3 18
stats: 200 165 1396
stats: size_rcv 908144 7635473
stats: newphase 0 1
stats: size_sent 57755 466809
stats: connected 6 31
stats: 404 0 5
# stats: dump at 1480475370
stats: users 25 36
stats: {load,"tsung_controller@ip-172-31-30-41"} 1 0.01171875 0.0 0.078125 0.0 0.02685546875 16
stats: {freemem,"tsung_controller@ip-172-31-30-41"} 1 3056.8515625 0.0 3063.3984375 3056.8515625 3059.353515625 16
stats: {recvpackets,"tsung_controller@ip-172-31-30-41"} 1 1187.0 0.0 1187 254 610.8 15
stats: {sentpackets,"tsung_controller@ip-172-31-30-41"} 1 1366.0 0.0 1366 274 702.3333333333334 15
stats: {cpu,"tsung_controller@ip-172-31-30-41"} 1 3.5467980295566504 0.0 3.5467980295566504 1.7786561264822136 2.3467935894414036 16
stats: session 82 3364.72113483708 2207.6482973764737 9823.246826171875 12.89990234375 3030.303677563597 812
stats: users_count 76 919
stats: finish_users_count 82 894
stats: request 138 15.423753821331522 7.143955720735167 313.568115234375 5.849853515625 18.342254875242247 1419
stats: connect 74 1.513995196368243 1.005030405573503 175.421875 0.802001953125 2.056306415888197 843
stats: page 138 15.423753821331522 7.143955720735167 313.568115234375 5.849853515625 18.342254875242247 1419
stats: 302 2 20
stats: 200 136 1532
stats: size_rcv 726276 8361749
stats: newphase 0 1
stats: size_sent 48639 515448
stats: connected -7 24
stats: 404 0 5
# stats: dump at 1480475380
stats: users 26 36
stats: {load,"tsung_controller@ip-172-31-30-41"} 1 0.01171875 0.0 0.078125 0.0 0.025965073529411766 17
stats: {freemem,"tsung_controller@ip-172-31-30-41"} 1 3056.73046875 0.0 3063.3984375 3056.73046875 3059.206341911765 17
stats: {recvpackets,"tsung_controller@ip-172-31-30-41"} 1 1005.0 0.0 1187 254 646.8125 16
stats: {sentpackets,"tsung_controller@ip-172-31-30-41"} 1 1199.0 0.0 1366 274 743.8125 16
stats: {cpu,"tsung_controller@ip-172-31-30-41"} 1 3.2544378698224854 0.0 3.5467980295566504 1.7786561264822136 2.4173820859187707 17
stats: session 71 3554.489109952685 2638.510849164712 9823.246826171875 12.89990234375 3060.9773145842073 894
stats: users_count 72 991
stats: finish_users_count 71 965
stats: request 132 21.708124334161926 16.461242777971528 313.568115234375 5.849853515625 18.083582334818562 1557
stats: connect 74 1.547218116554054 0.8581103698851252 175.421875 0.802001953125 2.01254302412759 917
stats: page 132 21.708124334161926 16.461242777971528 313.568115234375 5.849853515625 18.083582334818562 1557
stats: 302 2 22
stats: 200 130 1662
stats: size_rcv 724368 9086117
stats: newphase 0 1
stats: size_sent 44449 559897
stats: connected 3 27
stats: 404 0 5
# stats: dump at 1480475390
stats: users 20 36
stats: {load,"tsung_controller@ip-172-31-30-41"} 1 0.01171875 0.0 0.078125 0.0 0.025173611111111112 18
stats: {freemem,"tsung_controller@ip-172-31-30-41"} 1 3056.765625 0.0 3063.3984375 3056.73046875 3059.068793402778 18
stats: {recvpackets,"tsung_controller@ip-172-31-30-41"} 1 941.0 0.0 1187 254 667.8823529411765 17
stats: {sentpackets,"tsung_controller@ip-172-31-30-41"} 1 1055.0 0.0 1366 274 770.5882352941177 17
stats: {cpu,"tsung_controller@ip-172-31-30-41"} 1 3.1620553359683794 0.0 3.5467980295566504 1.7786561264822136 2.4638851850245325 18
stats: session 84 3182.897972470239 2579.5590260455556 9823.246826171875 12.89990234375 3097.2875088548412 965
stats: users_count 78 1069
stats: finish_users_count 84 1049
stats: request 139 19.97230672493256 19.614372551871117 313.568115234375 5.849853515625 18.36685027082408 1689
stats: connect 77 1.6425305651379871 1.2691486446197462 175.421875 0.802001953125 1.9777962600908177 991
stats: page 139 19.97230672493256 19.614372551871117 313.568115234375 5.849853515625 18.36685027082408 1689
stats: 302 1 23
stats: 200 138 1800
stats: size_rcv 736043 9822160
stats: newphase 0 1
stats: size_sent 47368 607265
stats: connected -8 19
stats: 404 0 5
# stats: dump at 1480475400
stats: users 27 36
stats: {load,"tsung_controller@ip-172-31-30-41"} 1 0.0 0.0 0.078125 0.0 0.02446546052631579 19
stats: {freemem,"tsung_controller@ip-172-31-30-41"} 1 3056.4921875 0.0 3063.3984375 3056.4921875 3058.947574013158 19
stats: {recvpackets,"tsung_controller@ip-172-31-30-41"} 1 935.0 0.0 1187 254 683.0555555555555 18
stats: {sentpackets,"tsung_controller@ip-172-31-30-41"} 1 1055.0 0.0 1366 274 786.3888888888889 18
stats: {cpu,"tsung_controller@ip-172-31-30-41"} 1 3.3497536945812803 0.0 3.5467980295566504 1.7786561264822136 2.50063098244263 19
stats: session 75 2978.2664160156255 2708.9525101433433 9823.246826171875 12.844970703125 3104.142874864082 1049
stats: users_count 82 1151
stats: finish_users_count 75 1124
stats: request 138 27.330975076426625 52.05739824819271 385.552978515625 5.849853515625 18.48892819594502 1828
stats: connect 83 1.4229162744728916 0.49730874142283055 175.421875 0.802001953125 1.9536244824584508 1068
stats: page 138 27.330975076426625 52.05739824819271 385.552978515625 5.849853515625 18.48892819594502 1828
stats: 302 0 23
stats: 200 138 1938
stats: size_rcv 776671 10598831
stats: newphase 0 1
stats: size_sent 44558 651823
stats: connected 8 27
stats: 404 0 5
# stats: dump at 1480475410
stats: users 0 36
stats: {load,"tsung_controller@ip-172-31-30-41"} 1 0.0 0.0 0.078125 0.0 0.0232421875 20
stats: {freemem,"tsung_controller@ip-172-31-30-41"} 1 3056.51953125 0.0 3063.3984375 3056.4921875 3058.8248046875 20
stats: {recvpackets,"tsung_controller@ip-172-31-30-41"} 1 827.0 0.0 1187 254 696.3157894736842 19
stats: {sentpackets,"tsung_controller@ip-172-31-30-41"} 1 948.0 0.0 1366 274 800.5263157894736 19
stats: {cpu,"tsung_controller@ip-172-31-30-41"} 1 2.9615004935834155 0.0 3.5467980295566504 1.7786561264822136 2.5430871180495624 20
stats: session 27 5428.9802155671305 1863.5795334779152 9823.246826171875 12.844970703125 3095.7436449587135 1124
stats: users_count 0 1151
stats: finish_users_count 27 1151
stats: request 29 22.303433122306036 14.513038870827673 385.552978515625 5.849853515625 19.10958052021077 1966
stats: connect 0 0 0 175.421875 0.802001953125 1.9153544726732192 1151
stats: page 29 22.303433122306036 14.513038870827673 385.552978515625 5.849853515625 19.10958052021077 1966
stats: 302 0 23
stats: 200 29 1967
stats: size_rcv 117771 10716602
stats: newphase 0 1
stats: size_sent 15150 666973
stats: connected -27 0
stats: 404 0 5
# stats: dump at 1480475410
stats: users 0 36
stats: {load,"tsung_controller@ip-172-31-30-41"} 0 0 0 0.078125 0.0 0.022135416666666668 21
stats: {freemem,"tsung_controller@ip-172-31-30-41"} 0 0 0 3063.3984375 3056.4921875 3058.7150297619046 21
stats: {recvpackets,"tsung_controller@ip-172-31-30-41"} 0 0 0 1187 254 702.85 20
stats: {sentpackets,"tsung_controller@ip-172-31-30-41"} 0 0 0 1366 274 807.9 20
stats: {cpu,"tsung_controller@ip-172-31-30-41"} 0 0 0 3.5467980295566504 1.7786561264822136 2.5630115645035554 21
stats: session 0 0 0 9823.246826171875 12.844970703125 3150.476388144141 1151
stats: users_count 0 1151
stats: finish_users_count 0 1151
stats: request 0 0 0 385.552978515625 5.849853515625 19.15600745026629 1995
stats: connect 0 0 0 175.421875 0.802001953125 1.9153544726732192 1151
stats: page 0 0 0 385.552978515625 5.849853515625 19.15600745026629 1995
stats: 302 0 23
stats: 200 0 1967
stats: size_rcv 0 10716602
stats: newphase 0 1
stats: size_sent 0 666973
stats: connected 0 0
stats: 404 0 5
EndMonitor:{1480,475410,807442}
