# stats: dump at 1479694683
stats: users 136 136
stats: {freemem,"tsung_controller@ip-172-31-27-247"} 1 3057.62890625 0 3057.62890625 3057.62890625 0 0
stats: {load,"tsung_controller@ip-172-31-27-247"} 1 0.0 0 0.0 0.0 0 0
stats: {cpu,"tsung_controller@ip-172-31-27-247"} 1 2.2282812455906718 0 2.2282812455906718 2.2282812455906718 0 0
stats: session 5 4733.9884765625 1399.319424707708 6953.35009765625 2537.422119140625 0 0
stats: users_count 141 141
stats: finish_users_count 5 5
stats: request 185 24.251210145692568 23.76986329160205 227.027099609375 9.282958984375 0 0
stats: connect 134 2.729616079757463 14.391499675079766 167.529052734375 0.68896484375 0 0
stats: page 185 24.251210145692568 23.76986329160205 227.027099609375 9.282958984375 0 0
stats: 302 5 5
stats: 200 180 180
stats: size_rcv 826291 826291
stats: size_sent 53448 53448
stats: connected 129 129
# stats: dump at 1479694693
stats: users 266 266
stats: {freemem,"tsung_controller@ip-172-31-27-247"} 1 3047.33984375 0.0 3057.62890625 3047.33984375 3057.62890625 1
stats: {load,"tsung_controller@ip-172-31-27-247"} 1 0.0 0.0 0.0 0.0 0.0 1
stats: {recvpackets,"tsung_controller@ip-172-31-27-247"} 1 1418 0 1418 1418 0 0
stats: {sentpackets,"tsung_controller@ip-172-31-27-247"} 1 1349 0 1349 1349 0 0
stats: {cpu,"tsung_controller@ip-172-31-27-247"} 1 6.090373280943026 0.0 6.090373280943026 2.2282812455906718 2.2282812455906718 1
stats: session 22 8122.8806041370735 3470.7119260655345 15103.136962890625 1589.764892578125 4733.9884765625 5
stats: users_count 152 293
stats: finish_users_count 22 27
stats: request 296 21.386432544605153 13.535298671073633 227.027099609375 9.19384765625 24.251210145692568 185
stats: connect 154 1.3518367618709415 0.47021337145629294 167.529052734375 0.664794921875 2.729616079757463 134
stats: page 296 21.386432544605153 13.535298671073633 227.027099609375 9.19384765625 24.251210145692568 185
stats: 302 21 26
stats: 200 275 455
stats: size_rcv 1311320 2137611
stats: size_sent 109023 162471
stats: connected 133 262
# stats: dump at 1479694703
stats: users 363 363
stats: {freemem,"tsung_controller@ip-172-31-27-247"} 1 3041.265625 0.0 3057.62890625 3041.265625 3052.484375 2
stats: {load,"tsung_controller@ip-172-31-27-247"} 1 0.0 0.0 0.0 0.0 0.0 2
stats: {recvpackets,"tsung_controller@ip-172-31-27-247"} 1 1815.0 0.0 1815 1418 1418.0 1
stats: {sentpackets,"tsung_controller@ip-172-31-27-247"} 1 1824.0 0.0 1824 1349 1349.0 1
stats: {cpu,"tsung_controller@ip-172-31-27-247"} 1 6.581532416502947 0.0 6.581532416502947 2.2282812455906718 4.1593272632668485 2
stats: session 52 14818.296954815205 6053.071509270473 26071.407958984375 1589.764892578125 7495.30798791956 27
stats: users_count 149 442
stats: finish_users_count 52 79
stats: request 327 25.19803239081613 19.31871269157358 227.027099609375 9.095947265625 22.488270083484927 481
stats: connect 149 1.4474343933515108 1.161430030771053 167.529052734375 0.664794921875 1.9928868611653645 288
stats: page 327 25.19803239081613 19.31871269157358 227.027099609375 9.095947265625 22.488270083484927 481
stats: 302 53 79
stats: 200 274 729
stats: size_rcv 1341566 3479177
stats: size_sent 136321 298792
stats: connected 96 358
# stats: dump at 1479694713
stats: users 426 428
stats: {freemem,"tsung_controller@ip-172-31-27-247"} 1 3038.41796875 0.0 3057.62890625 3038.41796875 3048.7447916666665 3
stats: {load,"tsung_controller@ip-172-31-27-247"} 1 0.0 0.0 0.0 0.0 0.0 3
stats: {recvpackets,"tsung_controller@ip-172-31-27-247"} 1 1955.0 0.0 1955 1418 1616.5 2
stats: {sentpackets,"tsung_controller@ip-172-31-27-247"} 1 1905.0 0.0 1905 1349 1586.5 2
stats: {cpu,"tsung_controller@ip-172-31-27-247"} 1 16.918714555765597 0.0 16.918714555765597 2.2282812455906718 4.966728981012214 3
stats: session 86 17385.581432253806 9116.178244823144 38709.468994140625 635.596923828125 12315.503257268592 79
stats: users_count 149 591
stats: finish_users_count 86 165
stats: request 373 29.23065660082942 22.34362241363591 227.027099609375 9.095947265625 23.5849189380608 808
stats: connect 150 1.2101171874999996 0.28717500351597275 167.529052734375 0.664794921875 1.8069087886155608 437
stats: page 373 29.23065660082942 22.34362241363591 227.027099609375 9.095947265625 23.5849189380608 808
stats: 302 83 162
stats: 200 290 1019
stats: size_rcv 1442136 4921313
stats: size_sent 166860 465652
stats: connected 67 425
# stats: dump at 1479694723
stats: users 476 479
stats: {freemem,"tsung_controller@ip-172-31-27-247"} 1 3036.78515625 0.0 3057.62890625 3036.78515625 3046.1630859375 4
stats: {load,"tsung_controller@ip-172-31-27-247"} 1 0.0 0.0 0.0 0.0 0.0 4
stats: {recvpackets,"tsung_controller@ip-172-31-27-247"} 1 1957.0 0.0 1957 1418 1729.3333333333333 3
stats: {sentpackets,"tsung_controller@ip-172-31-27-247"} 1 2131.0 0.0 2131 1349 1692.6666666666667 3
stats: {cpu,"tsung_controller@ip-172-31-27-247"} 1 7.142857142857142 0.0 16.918714555765597 2.2282812455906718 7.95472537470056 4
stats: session 97 23673.699243919127 11508.208496145504 48314.98193359375 635.596923828125 14958.089457563914 165
stats: users_count 147 738
stats: finish_users_count 97 262
stats: request 385 29.593449421672076 21.39555048895276 227.027099609375 9.095947265625 25.368035066945385 1181
stats: connect 147 1.261766913796769 0.6987336004165883 167.529052734375 0.66015625 1.6544066758943783 587
stats: page 385 29.593449421672076 21.39555048895276 227.027099609375 9.095947265625 25.368035066945385 1181
stats: 302 94 256
stats: 200 291 1310
stats: size_rcv 1461459 6382772
stats: size_sent 175934 641586
stats: connected 53 478
# stats: dump at 1479694733
stats: users 509 511
stats: {freemem,"tsung_controller@ip-172-31-27-247"} 1 3036.1484375 0.0 3057.62890625 3036.1484375 3044.2875 5
stats: {load,"tsung_controller@ip-172-31-27-247"} 1 0.0 0.0 0.0 0.0 0.0 5
stats: {recvpackets,"tsung_controller@ip-172-31-27-247"} 1 2058.0 0.0 2058 1418 1786.25 4
stats: {sentpackets,"tsung_controller@ip-172-31-27-247"} 1 2202.0 0.0 2202 1349 1802.25 4
stats: {cpu,"tsung_controller@ip-172-31-27-247"} 1 6.8762278978389 0.0 16.918714555765597 2.2282812455906718 7.7923517283318775 5
stats: session 112 24480.06796700614 12809.079164646791 49026.126953125 635.596923828125 18184.861019687793 262
stats: users_count 145 883
stats: finish_users_count 112 374
stats: request 408 35.358211143344036 31.923332460122914 227.027099609375 9.095947265625 26.406850218011655 1566
stats: connect 142 1.2196715448943658 0.2759869855367111 167.529052734375 0.66015625 1.5757717371636581 734
stats: page 408 35.358211143344036 31.923332460122914 227.027099609375 9.095947265625 26.406850218011655 1566
stats: 302 116 372
stats: 200 292 1602
stats: size_rcv 1496172 7878944
stats: size_sent 197276 838862
stats: connected 26 504
# stats: dump at 1479694743
stats: users 614 615
stats: {freemem,"tsung_controller@ip-172-31-27-247"} 1 3033.9375 0.0 3057.62890625 3033.9375 3042.9309895833335 6
stats: {load,"tsung_controller@ip-172-31-27-247"} 1 0.0703125 0.0 0.0703125 0.0 0.0 6
stats: {recvpackets,"tsung_controller@ip-172-31-27-247"} 1 2082.0 0.0 2082 1418 1840.6 5
stats: {sentpackets,"tsung_controller@ip-172-31-27-247"} 1 2206.0 0.0 2206 1349 1882.2 5
stats: {cpu,"tsung_controller@ip-172-31-27-247"} 1 6.981317600786626 0.0 16.918714555765597 2.2282812455906718 7.639664423249715 6
stats: session 116 29201.90153556034 17071.96416251079 65644.8681640625 635.596923828125 20070.056683055853 374
stats: users_count 221 1104
stats: finish_users_count 116 490
stats: request 510 67.61616354549633 59.02297404543004 298.93310546875 9.095947265625 28.2569795278068 1974
stats: connect 222 1.495846310177365 2.032372613396984 167.529052734375 0.66015625 1.5180477333939784 876
stats: page 510 67.61616354549633 59.02297404543004 298.93310546875 9.095947265625 28.2569795278068 1974
stats: 302 117 489
stats: 200 393 1995
stats: size_rcv 1999078 9878022
stats: newphase 1 1
stats: size_sent 225930 1064792
stats: connected 97 601
# stats: dump at 1479694753
stats: users 732 739
stats: {freemem,"tsung_controller@ip-172-31-27-247"} 1 3030.109375 0.0 3057.62890625 3030.109375 3041.6462053571427 7
stats: {load,"tsung_controller@ip-172-31-27-247"} 1 0.05859375 0.0 0.0703125 0.0 0.010044642857142858 7
stats: {recvpackets,"tsung_controller@ip-172-31-27-247"} 1 2922.0 0.0 2922 1418 1880.8333333333333 6
stats: {sentpackets,"tsung_controller@ip-172-31-27-247"} 1 2891.0 0.0 2891 1349 1936.1666666666667 6
stats: {cpu,"tsung_controller@ip-172-31-27-247"} 1 9.04621435594887 0.0 16.918714555765597 2.2282812455906718 7.545614877183559 7
stats: session 140 29476.62606026786 18547.143069878228 73019.43212890625 635.596923828125 22231.881178750795 490
stats: users_count 258 1362
stats: finish_users_count 140 630
stats: request 601 166.32041689956841 86.62596566022597 382.907958984375 9.095947265625 36.33797141549668 2484
stats: connect 271 1.2778086081642068 0.6083312495867713 167.529052734375 0.66015625 1.5135589210496356 1098
stats: page 601 166.32041689956841 86.62596566022597 382.907958984375 9.095947265625 36.33797141549668 2484
stats: 302 135 624
stats: 200 466 2461
stats: size_rcv 2410134 12288156
stats: newphase 0 1
stats: size_sent 267547 1332339
stats: connected 110 711
# stats: dump at 1479694763
stats: users 812 815
stats: {freemem,"tsung_controller@ip-172-31-27-247"} 1 3023.078125 0.0 3057.62890625 3023.078125 3040.2041015625 8
stats: {load,"tsung_controller@ip-172-31-27-247"} 1 0.05078125 0.0 0.0703125 0.0 0.01611328125 8
stats: {recvpackets,"tsung_controller@ip-172-31-27-247"} 1 3492.0 0.0 3492 1418 2029.5714285714287 7
stats: {sentpackets,"tsung_controller@ip-172-31-27-247"} 1 3388.0 0.0 3388 1349 2072.5714285714284 7
stats: {cpu,"tsung_controller@ip-172-31-27-247"} 1 9.861932938856016 0.0 16.918714555765597 2.2282812455906718 7.733189812029223 8
stats: session 156 32303.415350498297 21440.709267319482 83585.26611328125 635.596923828125 23841.824485754587 630
stats: users_count 236 1598
stats: finish_users_count 156 786
stats: request 615 272.4831225387451 204.4920168867395 746.6630859375 9.095947265625 61.66032141093497 3085
stats: connect 241 1.2195928423236528 0.6684705016418833 167.529052734375 0.66015625 1.4668910358838567 1369
stats: page 615 272.4831225387451 204.4920168867395 746.6630859375 9.095947265625 61.66032141093497 3085
stats: 302 158 782
stats: 200 457 2918
stats: size_rcv 2368254 14656410
stats: newphase 0 1
stats: size_sent 300589 1632928
stats: connected 64 775
# stats: dump at 1479694773
stats: users 850 853
stats: {freemem,"tsung_controller@ip-172-31-27-247"} 1 3020.23046875 0.0 3057.62890625 3020.23046875 3038.301215277778 9
stats: {load,"tsung_controller@ip-172-31-27-247"} 1 0.12109375 0.0 0.12109375 0.0 0.019965277777777776 9
stats: {recvpackets,"tsung_controller@ip-172-31-27-247"} 1 3529.0 0.0 3529 1418 2212.375 8
stats: {sentpackets,"tsung_controller@ip-172-31-27-247"} 1 3496.0 0.0 3496 1349 2237.0 8
stats: {cpu,"tsung_controller@ip-172-31-27-247"} 1 9.782608695652174 0.0 16.918714555765597 2.2282812455906718 7.96971682612109 9
stats: session 182 30790.64256336925 20464.8328289263 88404.91284179688 635.596923828125 25521.224199367844 786
stats: users_count 220 1818
stats: finish_users_count 182 968
stats: request 629 559.778465477196 73.92418682295761 758.656982421875 9.095947265625 96.70248970650341 3700
stats: connect 235 1.1140739278590424 0.2825534465405927 167.529052734375 0.64501953125 1.429873107531056 1610
stats: page 629 559.778465477196 73.92418682295761 758.656982421875 9.095947265625 96.70248970650341 3700
stats: 302 182 964
stats: 200 447 3365
stats: size_rcv 2363902 17020312
stats: newphase 0 1
stats: size_sent 302645 1935573
stats: connected 34 809
# stats: dump at 1479694783
stats: users 924 925
stats: {freemem,"tsung_controller@ip-172-31-27-247"} 1 3018.21875 0.0 3057.62890625 3018.21875 3036.494140625 10
stats: {load,"tsung_controller@ip-172-31-27-247"} 1 0.1015625 0.0 0.12109375 0.0 0.030078125 10
stats: {recvpackets,"tsung_controller@ip-172-31-27-247"} 1 3413.0 0.0 3529 1418 2358.6666666666665 9
stats: {sentpackets,"tsung_controller@ip-172-31-27-247"} 1 3405.0 0.0 3496 1349 2376.8888888888887 9
stats: {cpu,"tsung_controller@ip-172-31-27-247"} 1 9.79431929480901 0.0 16.918714555765597 2.2282812455906718 8.151006013074198 10
stats: session 180 34627.33648410373 20627.707501851277 99722.06787109375 635.596923828125 26511.961949624307 968
stats: users_count 254 2072
stats: finish_users_count 180 1148
stats: request 590 1086.2989766783633 382.88517951991935 1958.330078125 9.095947265625 163.9870331945528 4329
stats: connect 263 1.098042419201521 0.2813799629909076 167.529052734375 0.64208984375 1.3896493637787941 1845
stats: page 590 1086.2989766783633 382.88517951991935 1958.330078125 9.095947265625 163.9870331945528 4329
stats: 302 180 1144
stats: 200 410 3775
stats: size_rcv 2199791 19220103
stats: newphase 0 1
stats: size_sent 329703 2265276
stats: connected 69 878
# stats: dump at 1479694793
stats: users 991 992
stats: {freemem,"tsung_controller@ip-172-31-27-247"} 1 3015.06640625 0.0 3057.62890625 3015.06640625 3034.8327414772725 11
stats: {load,"tsung_controller@ip-172-31-27-247"} 1 0.078125 0.0 0.12109375 0.0 0.036576704545454544 11
stats: {recvpackets,"tsung_controller@ip-172-31-27-247"} 1 3335.0 0.0 3529 1418 2464.1 10
stats: {sentpackets,"tsung_controller@ip-172-31-27-247"} 1 3511.0 0.0 3511 1349 2479.7 10
stats: {cpu,"tsung_controller@ip-172-31-27-247"} 1 10.107948969578018 0.0 16.918714555765597 2.2282812455906718 8.300398129595544 11
stats: session 164 35475.41093482039 20489.94603578185 108062.7421875 635.596923828125 27784.407434124565 1148
stats: users_count 231 2303
stats: finish_users_count 164 1312
stats: request 598 2357.9640219187636 236.0714571888275 2861.240966796875 9.095947265625 274.6119664442882 4919
stats: connect 247 1.1656489198507078 0.770891910644529 167.529052734375 0.6240234375 1.3532676624392197 2108
stats: page 598 2357.9640219187636 236.0714571888275 2861.240966796875 9.095947265625 274.6119664442882 4919
stats: 302 165 1309
stats: 200 433 4208
stats: size_rcv 2294473 21514576
stats: newphase 0 1
stats: size_sent 300344 2565620
stats: connected 61 939
# stats: dump at 1479694803
stats: users 1046 1049
stats: {freemem,"tsung_controller@ip-172-31-27-247"} 1 3011.234375 0.0 3057.62890625 3011.234375 3033.185546875 12
stats: {load,"tsung_controller@ip-172-31-27-247"} 1 0.0703125 0.0 0.12109375 0.0 0.0400390625 12
stats: {recvpackets,"tsung_controller@ip-172-31-27-247"} 1 3322.0 0.0 3529 1418 2543.2727272727275 11
stats: {sentpackets,"tsung_controller@ip-172-31-27-247"} 1 3365.0 0.0 3511 1349 2573.4545454545455 11
stats: {cpu,"tsung_controller@ip-172-31-27-247"} 1 9.547244094488189 0.0 16.918714555765597 2.2282812455906718 8.451027366260751 12
stats: session 182 42016.85366318252 24854.178069165086 123456.47998046875 635.596923828125 28745.782871711544 1312
stats: users_count 237 2540
stats: finish_users_count 182 1494
stats: request 572 2938.8016438517557 222.50866854551515 3686.72900390625 9.095947265625 500.4311669470499 5517
stats: connect 251 1.3029658708914338 1.7124718822935923 167.529052734375 0.6240234375 1.3335896032377919 2355
stats: page 572 2938.8016438517557 222.50866854551515 3686.72900390625 9.095947265625 500.4311669470499 5517
stats: 302 179 1488
stats: 200 393 4601
stats: size_rcv 2126397 23640973
stats: newphase 0 1
stats: size_sent 310102 2875722
stats: connected 46 985
# stats: dump at 1479694813
stats: users 1095 1099
stats: {freemem,"tsung_controller@ip-172-31-27-247"} 1 3008.55859375 0.0 3057.62890625 3008.55859375 3031.4969951923076 13
stats: {load,"tsung_controller@ip-172-31-27-247"} 1 0.05859375 0.0 0.12109375 0.0 0.042367788461538464 13
stats: {recvpackets,"tsung_controller@ip-172-31-27-247"} 1 3317.0 0.0 3529 1418 2608.166666666667 12
stats: {sentpackets,"tsung_controller@ip-172-31-27-247"} 1 3372.0 0.0 3511 1349 2639.4166666666665 12
stats: {cpu,"tsung_controller@ip-172-31-27-247"} 1 9.458128078817735 0.0 16.918714555765597 2.2282812455906718 8.535351729970554 13
stats: session 175 44932.51505859374 23154.177725544854 131104.958984375 635.596923828125 30362.47288780774 1494
stats: users_count 224 2764
stats: finish_users_count 175 1669
stats: request 588 4204.1288373259495 344.315285288613 4874.128173828125 9.095947265625 729.49142524718 6089
stats: connect 248 1.1851609753024193 0.5764522819947309 167.529052734375 0.6240234375 1.3306400419104951 2606
stats: page 588 4204.1288373259495 344.315285288613 4874.128173828125 9.095947265625 729.49142524718 6089
stats: 302 180 1668
stats: 200 409 5010
stats: size_rcv 2189686 25830659
stats: newphase 0 1
stats: size_sent 295855 3171577
stats: connected 38 1023
# stats: dump at 1479694823
stats: users 1178 1179
stats: {freemem,"tsung_controller@ip-172-31-27-247"} 1 3005.88671875 0.0 3057.62890625 3005.88671875 3029.8585379464284 14
stats: {load,"tsung_controller@ip-172-31-27-247"} 1 0.05078125 0.0 0.12109375 0.0 0.04352678571428571 14
stats: {recvpackets,"tsung_controller@ip-172-31-27-247"} 1 3286.0 0.0 3529 1418 2662.6923076923076 13
stats: {sentpackets,"tsung_controller@ip-172-31-27-247"} 1 3280.0 0.0 3511 1349 2695.769230769231 13
stats: {cpu,"tsung_controller@ip-172-31-27-247"} 1 8.829365079365079 0.0 16.918714555765597 2.2282812455906718 8.601264326316782 14
stats: session 170 51208.78664263556 26422.26102794899 142300.18310546875 635.596923828125 31890.188513863795 1669
stats: users_count 253 3017
stats: finish_users_count 170 1839
stats: request 585 4899.572122061967 178.9538447468495 5438.157958984375 9.095947265625 1035.4801624498632 6677
stats: connect 275 1.3125168678977268 1.6870279973482534 167.529052734375 0.6240234375 1.3179985532914333 2854
stats: page 585 4899.572122061967 178.9538447468495 5438.157958984375 9.095947265625 1035.4801624498632 6677
stats: 302 170 1838
stats: 200 414 5424
stats: size_rcv 2216216 28046875
stats: newphase 0 1
stats: size_sent 315970 3487547
stats: connected 80 1103
# stats: dump at 1479694833
stats: users 1238 1238
stats: {freemem,"tsung_controller@ip-172-31-27-247"} 1 2998.59765625 0.0 3057.62890625 2998.59765625 3028.2604166666665 15
stats: {load,"tsung_controller@ip-172-31-27-247"} 1 0.0390625 0.0 0.12109375 0.0 0.04401041666666667 15
stats: {recvpackets,"tsung_controller@ip-172-31-27-247"} 1 3557.0 0.0 3557 1418 2707.214285714286 14
stats: {sentpackets,"tsung_controller@ip-172-31-27-247"} 1 3555.0 0.0 3555 1349 2737.5 14
stats: {cpu,"tsung_controller@ip-172-31-27-247"} 1 10.246305418719212 0.0 16.918714555765597 2.2282812455906718 8.61647104318667 15
stats: session 173 47814.76817365879 24277.13988323153 146336.69018554688 635.596923828125 33676.02955893786 1839
stats: users_count 233 3250
stats: finish_users_count 173 2012
stats: request 591 5853.825222990035 248.64360698408197 6381.742919921875 9.095947265625 1346.7571930713286 7262
stats: connect 255 1.1779967064950987 0.2865922775523174 167.529052734375 0.6240234375 1.3175167816444953 3129
stats: page 591 5853.825222990035 248.64360698408197 6381.742919921875 9.095947265625 1346.7571930713286 7262
stats: 302 174 2012
stats: 200 417 5841
stats: size_rcv 2227732 30274607
stats: newphase 0 1
stats: size_sent 296643 3784190
stats: connected 54 1157
# stats: dump at 1479694843
stats: users 1276 1280
stats: {freemem,"tsung_controller@ip-172-31-27-247"} 1 2990.41015625 0.0 3057.62890625 2990.41015625 3026.406494140625 16
stats: {load,"tsung_controller@ip-172-31-27-247"} 1 0.109375 0.0 0.12109375 0.0 0.043701171875 16
stats: {recvpackets,"tsung_controller@ip-172-31-27-247"} 1 3420.0 0.0 3557 1418 2763.866666666667 15
stats: {sentpackets,"tsung_controller@ip-172-31-27-247"} 1 3424.0 0.0 3555 1349 2792.0 15
stats: {cpu,"tsung_controller@ip-172-31-27-247"} 1 9.763313609467456 0.0 16.918714555765597 2.2282812455906718 8.718335691657453 16
stats: session 193 52835.8222049061 24991.598667518072 146336.69018554688 635.596923828125 34891.73620920959 2012
stats: users_count 231 3481
stats: finish_users_count 193 2205
stats: request 616 6492.561421976457 158.03327441716527 6791.78076171875 9.095947265625 1685.9495024667133 7853
stats: connect 260 1.1752694936899037 0.31358429765594054 167.529052734375 0.6240234375 1.307003300804337 3384
stats: page 616 6492.561421976457 158.03327441716527 6791.78076171875 9.095947265625 1685.9495024667133 7853
stats: 302 190 2202
stats: 200 426 6267
stats: size_rcv 2293535 32568142
stats: newphase 0 1
stats: size_sent 337486 4121676
stats: connected 43 1200
# stats: dump at 1479694853
stats: users 1349 1352
stats: {freemem,"tsung_controller@ip-172-31-27-247"} 1 2987.46484375 0.0 3057.62890625 2987.46484375 3024.2890625 17
stats: {load,"tsung_controller@ip-172-31-27-247"} 1 0.08984375 0.0 0.12109375 0.0 0.047564338235294115 17
stats: {recvpackets,"tsung_controller@ip-172-31-27-247"} 1 3407.0 0.0 3557 1418 2804.875 16
stats: {sentpackets,"tsung_controller@ip-172-31-27-247"} 1 3462.0 0.0 3555 1349 2831.5 16
stats: {cpu,"tsung_controller@ip-172-31-27-247"} 1 11.089494163424124 0.0 16.918714555765597 2.2282812455906718 8.779804980940394 17
stats: session 183 54308.28578060962 25279.821633362983 163208.72412109375 635.596923828125 36462.35235305059 2205
stats: users_count 256 3737
stats: finish_users_count 183 2388
stats: request 627 6987.166531552154 2051.181378159923 8307.6669921875 0.7119140625 2035.5625550606444 8469
stats: connect 290 1.4360780913254307 1.2900726032818233 167.529052734375 0.6240234375 1.297604071976194 3644
stats: page 627 6987.166531552154 2051.181378159923 8307.6669921875 0.7119140625 2035.5625550606444 8469
stats: 302 169 2371
stats: 504 44 44
stats: 200 410 6677
stats: size_rcv 2181885 34750027
stats: newphase 0 1
stats: size_sent 317418 4439094
stats: connected 79 1279
stats: 500 4 4
# stats: dump at 1479694863
stats: users 1304 1356
stats: {freemem,"tsung_controller@ip-172-31-27-247"} 1 2982.9375 0.0 3057.62890625 2982.9375 3022.2432725694443 18
stats: {load,"tsung_controller@ip-172-31-27-247"} 1 0.1484375 0.0 0.1484375 0.0 0.04991319444444445 18
stats: {recvpackets,"tsung_controller@ip-172-31-27-247"} 1 3477.0 0.0 3557 1418 2840.294117647059 17
stats: {sentpackets,"tsung_controller@ip-172-31-27-247"} 1 3420.0 0.0 3555 1349 2868.5882352941176 17
stats: {cpu,"tsung_controller@ip-172-31-27-247"} 1 10.059171597633137 0.0 16.918714555765597 2.2282812455906718 8.908121046633934 18
stats: session 190 59458.05118472451 27058.516125952894 166035.99487304688 635.596923828125 37829.94272878062 2388
stats: users_count 145 3882
stats: finish_users_count 190 2578
stats: request 613 8288.083199779514 833.1671226285879 8668.82080078125 0.7119140625 2376.8835415668204 9096
stats: connect 169 1.916482236963757 5.5923832464403285 167.529052734375 0.6240234375 1.3078118669968546 3934
stats: page 613 8288.083199779514 833.1671226285879 8668.82080078125 0.7119140625 2376.8835415668204 9096
stats: 302 188 2559
stats: 504 6 50
stats: 200 419 7096
stats: size_rcv 2299037 37049064
stats: newphase 1 2
stats: size_sent 291890 4730984
stats: connected -50 1229
stats: 500 0 4
# stats: dump at 1479694873
stats: users 1213 1356
stats: {freemem,"tsung_controller@ip-172-31-27-247"} 1 2980.5078125 0.0 3057.62890625 2980.5078125 3020.1745476973683 19
stats: {load,"tsung_controller@ip-172-31-27-247"} 1 0.12890625 0.0 0.1484375 0.0 0.055098684210526314 19
stats: {recvpackets,"tsung_controller@ip-172-31-27-247"} 1 3016.0 0.0 3557 1418 2875.6666666666665 18
stats: {sentpackets,"tsung_controller@ip-172-31-27-247"} 1 2898.0 0.0 3555 1349 2899.222222222222 18
stats: {cpu,"tsung_controller@ip-172-31-27-247"} 1 8.11078140454995 0.0 16.918714555765597 2.2282812455906718 8.96870265458126 19
stats: session 228 55552.802563048244 21615.90188596505 166035.99487304688 635.596923828125 39423.94606727144 2578
stats: users_count 137 4019
stats: finish_users_count 228 2806
stats: request 623 7691.339825723567 430.4414188805786 8668.82080078125 0.7119140625 2750.100699923436 9709
stats: connect 163 1.2977317388803675 0.3624557873351554 167.529052734375 0.6240234375 1.3328826182823545 4103
stats: page 623 7691.339825723567 430.4414188805786 8668.82080078125 0.7119140625 2750.100699923436 9709
stats: 302 226 2785
stats: 504 0 50
stats: 200 394 7490
stats: size_rcv 2159834 39208898
stats: newphase 0 2
stats: 422 3 3
stats: size_sent 290508 5021492
stats: connected -97 1132
stats: 500 0 4
# stats: dump at 1479694883
stats: users 1158 1356
stats: {freemem,"tsung_controller@ip-172-31-27-247"} 1 2980.13671875 0.0 3057.62890625 2980.13671875 3018.1912109375 20
stats: {load,"tsung_controller@ip-172-31-27-247"} 1 0.109375 0.0 0.1484375 0.0 0.0587890625 20
stats: {recvpackets,"tsung_controller@ip-172-31-27-247"} 1 3176.0 0.0 3557 1418 2883.0526315789475 19
stats: {sentpackets,"tsung_controller@ip-172-31-27-247"} 1 3093.0 0.0 3555 1349 2899.157894736842 19
stats: {cpu,"tsung_controller@ip-172-31-27-247"} 1 8.49802371541502 0.0 16.918714555765597 2.2282812455906718 8.925806592079695 20
stats: session 245 55848.87664819834 24773.783565658712 167941.26098632813 635.596923828125 40734.48750741297 2806
stats: users_count 190 4209
stats: finish_users_count 245 3051
stats: request 611 6021.066042636303 465.4996608474644 8668.82080078125 0.7119140625 3048.048045584826 10332
stats: connect 206 1.2598711032311898 0.3795128006236182 167.529052734375 0.6240234375 1.3315395349859356 4266
stats: page 611 6021.066042636303 465.4996608474644 8668.82080078125 0.7119140625 3048.048045584826 10332
stats: 302 230 3015
stats: 504 0 50
stats: 200 377 7867
stats: size_rcv 2068303 41277201
stats: newphase 0 2
stats: 422 4 7
stats: size_sent 294178 5315670
stats: connected -58 1074
stats: 500 0 4
# stats: dump at 1479694893
stats: users 1078 1356
stats: {freemem,"tsung_controller@ip-172-31-27-247"} 1 2988.625 0.0 3057.62890625 2980.13671875 3016.3790922619046 21
stats: {load,"tsung_controller@ip-172-31-27-247"} 1 0.171875 0.0 0.171875 0.0 0.061197916666666664 21
stats: {recvpackets,"tsung_controller@ip-172-31-27-247"} 1 3277.0 0.0 3557 1418 2897.7 20
stats: {sentpackets,"tsung_controller@ip-172-31-27-247"} 1 3264.0 0.0 3555 1349 2908.85 20
stats: {cpu,"tsung_controller@ip-172-31-27-247"} 1 9.368836291913215 0.0 16.918714555765597 2.2282812455906718 8.905435978905187 21
stats: session 227 59282.38324055273 27412.23458059021 181611.8759765625 635.596923828125 41948.19623881002 3051
stats: users_count 147 4356
stats: finish_users_count 227 3278
stats: request 626 5069.692131261858 240.4941823099974 8668.82080078125 0.7119140625 3214.045852054574 10943
stats: connect 178 1.3987611920646075 0.98617094153328 167.529052734375 0.6240234375 1.328238171626929 4472
stats: page 626 5069.692131261858 240.4941823099974 8668.82080078125 0.7119140625 3214.045852054574 10943
stats: 302 226 3241
stats: 504 0 50
stats: 200 400 8267
stats: size_rcv 2180859 43458060
stats: newphase 0 2
stats: 422 0 7
stats: size_sent 292332 5608002
stats: connected -70 1004
stats: 500 0 4
# stats: dump at 1479694903
stats: users 966 1356
stats: {freemem,"tsung_controller@ip-172-31-27-247"} 1 2988.6171875 0.0 3057.62890625 2980.13671875 3015.1175426136365 22
stats: {load,"tsung_controller@ip-172-31-27-247"} 1 0.140625 0.0 0.171875 0.0 0.06622869318181818 22
stats: {recvpackets,"tsung_controller@ip-172-31-27-247"} 1 3131.0 0.0 3557 1418 2915.7619047619046 21
stats: {sentpackets,"tsung_controller@ip-172-31-27-247"} 1 3039.0 0.0 3555 1349 2925.7619047619046 21
stats: {cpu,"tsung_controller@ip-172-31-27-247"} 1 8.96551724137931 0.0 16.918714555765597 2.2282812455906718 8.926499629496462 22
stats: session 264 55890.33228093928 29477.99723553987 181611.8759765625 635.596923828125 43148.58075662442 3278
stats: users_count 152 4508
stats: finish_users_count 264 3542
stats: request 639 3984.0567758766147 520.5359428532278 8668.82080078125 0.7119140625 3314.4550983838817 11569
stats: connect 183 1.360050055498634 0.6028795030716524 167.529052734375 0.6240234375 1.3309377625168013 4650
stats: page 639 3984.0567758766147 520.5359428532278 8668.82080078125 0.7119140625 3314.4550983838817 11569
stats: 302 262 3503
stats: 504 0 50
stats: 200 376 8643
stats: size_rcv 2090030 45548090
stats: newphase 0 2
stats: 422 1 8
stats: size_sent 305833 5913835
stats: connected -106 898
stats: 500 0 4
# stats: dump at 1479694913
stats: users 870 1356
stats: {freemem,"tsung_controller@ip-172-31-27-247"} 1 2988.640625 0.0 3057.62890625 2980.13671875 3013.9653532608695 23
stats: {load,"tsung_controller@ip-172-31-27-247"} 1 0.12109375 0.0 0.171875 0.0 0.06946331521739131 23
stats: {recvpackets,"tsung_controller@ip-172-31-27-247"} 1 3118.0 0.0 3557 1418 2925.5454545454545 22
stats: {sentpackets,"tsung_controller@ip-172-31-27-247"} 1 3104.0 0.0 3555 1349 2930.909090909091 22
stats: {cpu,"tsung_controller@ip-172-31-27-247"} 1 8.884501480750247 0.0 16.918714555765597 2.2282812455906718 8.92819604740441 23
stats: session 235 54058.24345183676 32699.661277549807 222559.02905273438 635.596923828125 44098.27652241186 3542
stats: users_count 139 4647
stats: finish_users_count 235 3777
stats: request 624 2446.0989947196767 647.497449580667 8668.82080078125 0.7119140625 3349.5038755724345 12208
stats: connect 166 1.5491399190512047 2.7762314248879307 167.529052734375 0.6240234375 1.3320400901840215 4833
stats: page 624 2446.0989947196767 647.497449580667 8668.82080078125 0.7119140625 3349.5038755724345 12208
stats: 302 240 3743
stats: 504 0 50
stats: 200 384 9027
stats: size_rcv 2114076 47662166
stats: newphase 0 2
stats: 422 0 8
stats: size_sent 263911 6177746
stats: connected -104 794
stats: 500 0 4
# stats: dump at 1479694923
stats: users 649 1356
stats: {freemem,"tsung_controller@ip-172-31-27-247"} 1 2988.6640625 0.0 3057.62890625 2980.13671875 3012.91015625 24
stats: {load,"tsung_controller@ip-172-31-27-247"} 1 0.1015625 0.0 0.171875 0.0 0.07161458333333334 24
stats: {recvpackets,"tsung_controller@ip-172-31-27-247"} 1 2719.0 0.0 3557 1418 2933.913043478261 23
stats: {sentpackets,"tsung_controller@ip-172-31-27-247"} 1 2603.0 0.0 3555 1349 2938.4347826086955 23
stats: {cpu,"tsung_controller@ip-172-31-27-247"} 1 7.107601184600197 0.0 16.918714555765597 2.2282812455906718 8.926375440460488 24
stats: session 224 50361.860057285856 31708.36038900406 222559.02905273438 635.596923828125 44717.97263795723 3777
stats: users_count 3 4650
stats: finish_users_count 224 4001
stats: request 385 286.8448533887983 362.8535601982844 8668.82080078125 0.7119140625 3305.5727155309664 12832
stats: connect 34 2.4755931181066178 4.587865876251612 167.529052734375 0.6240234375 1.3392492463336418 4999
stats: page 385 286.8448533887983 362.8535601982844 8668.82080078125 0.7119140625 3305.5727155309664 12832
stats: 302 219 3962
stats: 504 0 50
stats: 200 165 9192
stats: size_rcv 999825 48661991
stats: newphase 0 2
stats: 422 1 9
stats: size_sent 220676 6398422
stats: connected -212 582
stats: 500 0 4
# stats: dump at 1479694933
stats: users 465 1356
stats: {freemem,"tsung_controller@ip-172-31-27-247"} 1 2988.6953125 0.0 3057.62890625 2980.13671875 3011.9403125 25
stats: {load,"tsung_controller@ip-172-31-27-247"} 1 0.078125 0.0 0.171875 0.0 0.0728125 25
stats: {recvpackets,"tsung_controller@ip-172-31-27-247"} 1 1126.0 0.0 3557 1126 2924.9583333333335 24
stats: {sentpackets,"tsung_controller@ip-172-31-27-247"} 1 1246.0 0.0 3555 1246 2924.4583333333335 24
stats: {cpu,"tsung_controller@ip-172-31-27-247"} 1 4.23228346456693 0.0 16.918714555765597 2.2282812455906718 8.853624470226075 25
stats: session 184 55031.09058811353 30947.015795196457 222559.02905273438 635.596923828125 45033.95133876443 4001
stats: users_count 0 4650
stats: finish_users_count 184 4185
stats: request 237 113.97727843980749 288.98760670526605 8668.82080078125 0.7119140625 3217.6397332411325 13217
stats: connect 29 1.4245268723060345 0.3519302708453056 167.529052734375 0.6240234375 1.346925719935923 5033
stats: page 237 113.97727843980749 288.98760670526605 8668.82080078125 0.7119140625 3217.6397332411325 13217
stats: 302 189 4151
stats: 504 0 50
stats: 200 47 9239
stats: size_rcv 413057 49075048
stats: newphase 0 2
stats: 422 1 10
stats: size_sent 173619 6572041
stats: connected -197 385
stats: 500 0 4
# stats: dump at 1479694943
stats: users 334 1356
stats: {freemem,"tsung_controller@ip-172-31-27-247"} 1 2988.86328125 0.0 3057.62890625 2980.13671875 3011.0462740384614 26
stats: {load,"tsung_controller@ip-172-31-27-247"} 1 0.0703125 0.0 0.171875 0.0 0.07301682692307693 26
stats: {recvpackets,"tsung_controller@ip-172-31-27-247"} 1 729.0 0.0 3557 729 2853.0 25
stats: {sentpackets,"tsung_controller@ip-172-31-27-247"} 1 895.0 0.0 3555 895 2857.32 25
stats: {cpu,"tsung_controller@ip-172-31-27-247"} 1 2.8712871287128716 0.0 16.918714555765597 2.2282812455906718 8.675880585393031 26
stats: session 131 63539.671720315484 30702.98440076525 222559.02905273438 635.596923828125 45473.49103335947 4185
stats: users_count 0 4650
stats: finish_users_count 131 4316
stats: request 147 14.514397653592686 5.619317029428077 8668.82080078125 0.7119140625 3162.966922048334 13454
stats: connect 28 1.3127005440848216 0.2529309672283525 167.529052734375 0.6240234375 1.3473702939024843 5062
stats: page 147 14.514397653592686 5.619317029428077 8668.82080078125 0.7119140625 3162.966922048334 13454
stats: 302 134 4285
stats: 504 0 50
stats: 200 13 9252
stats: size_rcv 201595 49276643
stats: newphase 0 2
stats: 422 0 10
stats: size_sent 111937 6683978
stats: connected -126 259
stats: 500 0 4
# stats: dump at 1479694953
stats: users 239 1356
stats: {freemem,"tsung_controller@ip-172-31-27-247"} 1 2989.11328125 0.0 3057.62890625 2980.13671875 3010.224681712963 27
stats: {load,"tsung_controller@ip-172-31-27-247"} 1 0.05859375 0.0 0.171875 0.0 0.07291666666666667 27
stats: {recvpackets,"tsung_controller@ip-172-31-27-247"} 1 483.0 0.0 3557 483 2771.3076923076924 26
stats: {sentpackets,"tsung_controller@ip-172-31-27-247"} 1 620.0 0.0 3555 620 2781.846153846154 26
stats: {cpu,"tsung_controller@ip-172-31-27-247"} 1 1.8849206349206349 0.0 16.918714555765597 1.8849206349206349 8.460895642553025 27
stats: session 95 74219.43671875 35154.60507742547 222559.02905273438 635.596923828125 46021.838964312024 4316
stats: users_count 0 4650
stats: finish_users_count 95 4411
stats: request 101 14.973316154857674 3.996018434842236 8668.82080078125 0.7119140625 3128.9383564218338 13601
stats: connect 28 1.2421700613839286 0.2949313298738732 167.529052734375 0.6240234375 1.3471795762217584 5090
stats: page 101 14.973316154857674 3.996018434842236 8668.82080078125 0.7119140625 3128.9383564218338 13601
stats: 302 94 4379
stats: 504 0 50
stats: 200 7 9259
stats: size_rcv 132903 49409546
stats: newphase 0 2
stats: 422 0 10
stats: size_sent 80362 6764340
stats: connected -99 160
stats: 500 0 4
# stats: dump at 1479694963
stats: users 151 1356
stats: {freemem,"tsung_controller@ip-172-31-27-247"} 1 2989.84765625 0.0 3057.62890625 2980.13671875 3009.470703125 28
stats: {load,"tsung_controller@ip-172-31-27-247"} 1 0.05078125 0.0 0.171875 0.0 0.07240513392857142 28
stats: {recvpackets,"tsung_controller@ip-172-31-27-247"} 1 431.0 0.0 3557 431 2686.5555555555557 27
stats: {sentpackets,"tsung_controller@ip-172-31-27-247"} 1 525.0 0.0 3555 525 2701.777777777778 27
stats: {cpu,"tsung_controller@ip-172-31-27-247"} 1 1.9743336623889436 0.0 16.918714555765597 1.8849206349206349 8.22603939228044 28
stats: session 88 83906.87331598456 35350.67810964454 222559.02905273438 635.596923828125 46629.132500170475 4411
stats: users_count 0 4650
stats: finish_users_count 88 4499
stats: request 89 16.334415050035112 7.7497074441680756 8668.82080078125 0.7119140625 3105.984738769888 13702
stats: connect 34 1.2331399356617645 0.2828507337811711 167.529052734375 0.6240234375 1.346605081025303 5118
stats: page 89 16.334415050035112 7.7497074441680756 8668.82080078125 0.7119140625 3105.984738769888 13702
stats: 302 85 4464
stats: 504 0 50
stats: 200 4 9263
stats: size_rcv 109294 49518840
stats: newphase 0 2
stats: 422 0 10
stats: size_sent 65905 6830245
stats: connected -89 71
stats: 500 0 4
# stats: dump at 1479694973
stats: users 113 1356
stats: {freemem,"tsung_controller@ip-172-31-27-247"} 1 3002.0234375 0.0 3057.62890625 2980.13671875 3008.794046336207 29
stats: {load,"tsung_controller@ip-172-31-27-247"} 1 0.0390625 0.0 0.171875 0.0 0.07165948275862069 29
stats: {recvpackets,"tsung_controller@ip-172-31-27-247"} 1 303.0 0.0 3557 303 2606.0 28
stats: {sentpackets,"tsung_controller@ip-172-31-27-247"} 1 382.0 0.0 3555 382 2624.035714285714 28
stats: {cpu,"tsung_controller@ip-172-31-27-247"} 1 1.5810276679841897 0.0 16.918714555765597 1.5810276679841897 8.010463332629008 29
stats: session 38 92359.07778448808 27876.612487122642 222559.02905273438 635.596923828125 47358.28146478297 4499
stats: users_count 0 4650
stats: finish_users_count 38 4537
stats: request 44 16.63953191583807 6.554722529997473 8668.82080078125 0.7119140625 3086.04572935715 13791
stats: connect 32 1.2507629394531248 0.2934103673181248 167.529052734375 0.6240234375 1.3458562815411492 5152
stats: page 44 16.63953191583807 6.554722529997473 8668.82080078125 0.7119140625 3086.04572935715 13791
stats: 302 43 4507
stats: 504 0 50
stats: 200 1 9264
stats: size_rcv 50809 49569649
stats: newphase 0 2
stats: 422 0 10
stats: size_sent 34257 6864502
stats: connected -29 42
stats: 500 0 4
# stats: dump at 1479694983
stats: users 85 1356
stats: {freemem,"tsung_controller@ip-172-31-27-247"} 1 3002.7265625 0.0 3057.62890625 2980.13671875 3008.568359375 30
stats: {load,"tsung_controller@ip-172-31-27-247"} 1 0.03125 0.0 0.171875 0.0 0.07057291666666667 30
stats: {recvpackets,"tsung_controller@ip-172-31-27-247"} 1 225.0 0.0 3557 225 2526.5862068965516 29
stats: {sentpackets,"tsung_controller@ip-172-31-27-247"} 1 269.0 0.0 3555 269 2546.7241379310344 29
stats: {cpu,"tsung_controller@ip-172-31-27-247"} 1 1.4822134387351777 0.0 16.918714555765597 1.4822134387351777 7.796148810474181 30
stats: session 28 97634.54400634766 23791.69744787758 222559.02905273438 635.596923828125 47735.18917034806 4537
stats: users_count 0 4650
stats: finish_users_count 28 4565
stats: request 30 18.181306966145833 6.144540196217095 8668.82080078125 0.7119140625 3076.283974916426 13835
stats: connect 24 2.42877197265625 5.268435754455916 167.529052734375 0.6240234375 1.3452692856023343 5184
stats: page 30 18.181306966145833 6.144540196217095 8668.82080078125 0.7119140625 3076.283974916426 13835
stats: 302 30 4537
stats: 504 0 50
stats: 200 0 9264
stats: size_rcv 32400 49602049
stats: newphase 0 2
stats: 422 0 10
stats: size_sent 23540 6888042
stats: connected -28 14
stats: 500 0 4
# stats: dump at 1479694993
stats: users 61 1356
stats: {freemem,"tsung_controller@ip-172-31-27-247"} 1 3003.140625 0.0 3057.62890625 2980.13671875 3008.379914314516 31
stats: {load,"tsung_controller@ip-172-31-27-247"} 1 0.03125 0.0 0.171875 0.0 0.06930443548387097 31
stats: {recvpackets,"tsung_controller@ip-172-31-27-247"} 1 172.0 0.0 3557 172 2449.866666666667 30
stats: {sentpackets,"tsung_controller@ip-172-31-27-247"} 1 216.0 0.0 3555 216 2470.8 30
stats: {cpu,"tsung_controller@ip-172-31-27-247"} 1 1.2833168805528135 0.0 16.918714555765597 1.2833168805528135 7.592473475901955 31
stats: session 24 107381.6099243164 25767.696122395126 222559.02905273438 635.596923828125 48041.25312114937 4565
stats: users_count 0 4650
stats: finish_users_count 24 4589
stats: request 23 22.695238196331523 21.04416506048004 8668.82080078125 0.7119140625 3069.667092115235 13865
stats: connect 22 1.6124600497159092 1.6768625833022606 167.529052734375 0.6240234375 1.350262385542675 5208
stats: page 23 22.695238196331523 21.04416506048004 8668.82080078125 0.7119140625 3069.667092115235 13865
stats: 302 23 4560
stats: 504 0 50
stats: 200 0 9264
stats: size_rcv 24840 49626889
stats: newphase 0 2
stats: 422 0 10
stats: size_sent 18062 6906104
stats: connected -8 6
stats: 500 0 4
# stats: dump at 1479695003
stats: users 41 1356
stats: {freemem,"tsung_controller@ip-172-31-27-247"} 1 3003.23046875 0.0 3057.62890625 2980.13671875 3008.2161865234375 32
stats: {load,"tsung_controller@ip-172-31-27-247"} 1 0.01953125 0.0 0.171875 0.0 0.068115234375 32
stats: {recvpackets,"tsung_controller@ip-172-31-27-247"} 1 113.0 0.0 3557 113 2376.3870967741937 31
stats: {sentpackets,"tsung_controller@ip-172-31-27-247"} 1 154.0 0.0 3555 154 2398.064516129032 31
stats: {cpu,"tsung_controller@ip-172-31-27-247"} 1 1.183431952662722 0.0 16.918714555765597 1.183431952662722 7.395312332297294 32
stats: session 20 123116.62177734375 25316.522877676576 222559.02905273438 635.596923828125 48351.59710966016 4589
stats: users_count 0 4650
stats: finish_users_count 20 4609
stats: request 20 17.797521972656252 3.240029701427725 8668.82080078125 0.7119140625 3064.6209837742117 13888
stats: connect 19 1.298108552631579 0.2778129197596135 167.529052734375 0.6240234375 1.3513653202676865 5230
stats: page 20 17.797521972656252 3.240029701427725 8668.82080078125 0.7119140625 3064.6209837742117 13888
stats: 302 20 4580
stats: 504 0 50
stats: 200 0 9264
stats: size_rcv 21600 49648489
stats: newphase 0 2
stats: 422 0 10
stats: size_sent 15672 6921776
stats: connected -4 2
stats: 500 0 4
# stats: dump at 1479695013
stats: users 25 1356
stats: {freemem,"tsung_controller@ip-172-31-27-247"} 1 3003.26171875 0.0 3057.62890625 2980.13671875 3008.0651041666665 33
stats: {load,"tsung_controller@ip-172-31-27-247"} 1 0.01953125 0.0 0.171875 0.0 0.06664299242424243 33
stats: {recvpackets,"tsung_controller@ip-172-31-27-247"} 1 75.0 0.0 3557 75 2305.65625 32
stats: {sentpackets,"tsung_controller@ip-172-31-27-247"} 1 103.0 0.0 3555 103 2327.9375 32
stats: {cpu,"tsung_controller@ip-172-31-27-247"} 1 0.9910802775024776 0.0 16.918714555765597 0.9910802775024776 7.207073532914428 33
stats: session 16 140623.4114227295 35829.43381891768 241681.84594726563 635.596923828125 48676.02767884082 4609
stats: users_count 0 4650
stats: finish_users_count 16 4625
stats: request 17 17.514059627757355 2.9041270441715406 8668.82080078125 0.7119140625 3060.2395867914656 13908
stats: connect 17 1.3514045266544117 0.2950005651534248 167.529052734375 0.6240234375 1.3511725447704326 5249
stats: page 17 17.514059627757355 2.9041270441715406 8668.82080078125 0.7119140625 3060.2395867914656 13908
stats: 302 17 4597
stats: 504 0 50
stats: 200 0 9264
stats: size_rcv 18360 49666849
stats: newphase 0 2
stats: 422 0 10
stats: size_sent 13332 6935108
stats: connected -1 1
stats: 500 0 4
# stats: dump at 1479695023
stats: users 16 1356
stats: {freemem,"tsung_controller@ip-172-31-27-247"} 1 3003.39453125 0.0 3057.62890625 2980.13671875 3007.923828125 34
stats: {load,"tsung_controller@ip-172-31-27-247"} 1 0.01953125 0.0 0.171875 0.0 0.06525735294117647 34
stats: {recvpackets,"tsung_controller@ip-172-31-27-247"} 1 80.0 0.0 3557 75 2238.060606060606 33
stats: {sentpackets,"tsung_controller@ip-172-31-27-247"} 1 112.0 0.0 3555 103 2260.5151515151515 33
stats: {cpu,"tsung_controller@ip-172-31-27-247"} 1 1.085883514313919 0.0 16.918714555765597 0.9910802775024776 7.0242502018729 34
stats: session 9 124588.47930230034 23122.23343144036 241681.84594726563 635.596923828125 48994.11592530616 4625
stats: users_count 0 4650
stats: finish_users_count 9 4634
stats: request 9 17.295166015625 3.714045051316532 8668.82080078125 0.7119140625 3056.524948804982 13925
stats: connect 8 1.263427734375 0.23923099912531667 167.529052734375 0.6240234375 1.3511732936675134 5266
stats: page 9 17.295166015625 3.714045051316532 8668.82080078125 0.7119140625 3056.524948804982 13925
stats: 302 9 4606
stats: 504 0 50
stats: 200 0 9264
stats: size_rcv 9720 49676569
stats: newphase 0 2
stats: 422 0 10
stats: size_sent 7058 6942166
stats: connected -1 0
stats: 500 0 4
# stats: dump at 1479695033
stats: users 11 1356
stats: {freemem,"tsung_controller@ip-172-31-27-247"} 1 3003.84375 0.0 3057.62890625 2980.13671875 3007.794419642857 35
stats: {load,"tsung_controller@ip-172-31-27-247"} 1 0.01171875 0.0 0.171875 0.0 0.06395089285714285 35
stats: {recvpackets,"tsung_controller@ip-172-31-27-247"} 1 32.0 0.0 3557 32 2174.5882352941176 34
stats: {sentpackets,"tsung_controller@ip-172-31-27-247"} 1 46.0 0.0 3555 46 2197.323529411765 34
stats: {cpu,"tsung_controller@ip-172-31-27-247"} 1 1.083743842364532 0.0 16.918714555765597 0.9910802775024776 6.854582582228358 35
stats: session 5 161015.43115234375 15537.571028852071 241681.84594726563 635.596923828125 49140.93277260719 4634
stats: users_count 0 4650
stats: finish_users_count 5 4639
stats: request 5 42.51083984375 50.65377036857963 8668.82080078125 0.7119140625 3054.561903875665 13934
stats: connect 5 1.310595703125 0.2868247935257538 167.529052734375 0.6240234375 1.3510401946014647 5274
stats: page 5 42.51083984375 50.65377036857963 8668.82080078125 0.7119140625 3054.561903875665 13934
stats: 302 5 4611
stats: 504 0 50
stats: 200 0 9264
stats: size_rcv 5400 49681969
stats: newphase 0 2
stats: 422 0 10
stats: size_sent 3922 6946088
stats: connected 0 0
stats: 500 0 4
# stats: dump at 1479695043
stats: users 8 1356
stats: {freemem,"tsung_controller@ip-172-31-27-247"} 1 3003.98828125 0.0 3057.62890625 2980.13671875 3007.6846788194443 36
stats: {load,"tsung_controller@ip-172-31-27-247"} 1 0.01171875 0.0 0.171875 0.0 0.0625 36
stats: {recvpackets,"tsung_controller@ip-172-31-27-247"} 1 12.0 0.0 3557 12 2113.3714285714286 35
stats: {sentpackets,"tsung_controller@ip-172-31-27-247"} 1 15.0 0.0 3555 15 2135.8571428571427 35
stats: {cpu,"tsung_controller@ip-172-31-27-247"} 1 0.9861932938856016 0.0 16.918714555765597 0.9861932938856016 6.694281506121029 36
stats: session 3 149300.57999674478 20682.595042847413 241681.84594726563 635.596923828125 49261.5131761206 4639
stats: users_count 0 4650
stats: finish_users_count 3 4642
stats: request 3 35.488037109375 26.71003294732787 8668.82080078125 0.7119140625 3053.481463720693 13939
stats: connect 3 20.609944661458332 26.859481055574467 167.529052734375 0.6240234375 1.3510018876385206 5279
stats: page 3 35.488037109375 26.71003294732787 8668.82080078125 0.7119140625 3053.481463720693 13939
stats: 302 3 4614
stats: 504 0 50
stats: 200 0 9264
stats: size_rcv 3240 49685209
stats: newphase 0 2
stats: 422 0 10
stats: size_sent 2356 6948444
stats: connected 0 0
stats: 500 0 4
# stats: dump at 1479695053
stats: users 7 1356
stats: {freemem,"tsung_controller@ip-172-31-27-247"} 1 3004.12109375 0.0 3057.62890625 2980.13671875 3007.5847761824325 37
stats: {load,"tsung_controller@ip-172-31-27-247"} 1 0.01171875 0.0 0.171875 0.0 0.061127533783783786 37
stats: {recvpackets,"tsung_controller@ip-172-31-27-247"} 1 15.0 0.0 3557 12 2055.0 36
stats: {sentpackets,"tsung_controller@ip-172-31-27-247"} 1 21.0 0.0 3555 15 2076.9444444444443 36
stats: {cpu,"tsung_controller@ip-172-31-27-247"} 1 1.083743842364532 0.0 16.918714555765597 0.9861932938856016 6.540008851736288 37
stats: session 1 133077.88696289063 0.0 241681.84594726563 635.596923828125 49326.165739770295 4642
stats: users_count 0 4650
stats: finish_users_count 1 4643
stats: request 1 16.767822265625 0.0 8668.82080078125 0.7119140625 3052.832060458619 13942
stats: connect 1 1.133056640625 0.0 167.529052734375 0.6240234375 1.3619403254123674 5282
stats: page 1 16.767822265625 0.0 8668.82080078125 0.7119140625 3052.832060458619 13942
stats: 302 1 4615
stats: 504 0 50
stats: 200 0 9264
stats: size_rcv 1080 49686289
stats: newphase 0 2
stats: 422 0 10
stats: size_sent 784 6949228
stats: connected 0 0
stats: 500 0 4
# stats: dump at 1479695063
stats: users 6 1356
stats: {freemem,"tsung_controller@ip-172-31-27-247"} 1 3004.19140625 0.0 3057.62890625 2980.13671875 3007.4936266447367 38
stats: {load,"tsung_controller@ip-172-31-27-247"} 1 0.01171875 0.0 0.171875 0.0 0.05982730263157895 38
stats: {recvpackets,"tsung_controller@ip-172-31-27-247"} 1 1.0 0.0 3557 1 1999.8648648648648 37
stats: {sentpackets,"tsung_controller@ip-172-31-27-247"} 1 1.0 0.0 3555 1 2021.3783783783783 37
stats: {cpu,"tsung_controller@ip-172-31-27-247"} 1 0.8884501480750246 0.0 16.918714555765597 0.8884501480750246 6.396422930437031 38
stats: session 1 165507.3740234375 0.0 241681.84594726563 635.596923828125 49344.20401700982 4643
stats: users_count 0 4650
stats: finish_users_count 1 4644
stats: request 1 28.498046875 0.0 8668.82080078125 0.7119140625 3052.6143121807595 13943
stats: connect 1 1.613037109375 0.0 167.529052734375 0.6240234375 1.3618970008458735 5283
stats: page 1 28.498046875 0.0 8668.82080078125 0.7119140625 3052.6143121807595 13943
stats: 302 1 4616
stats: 504 0 50
stats: 200 0 9264
stats: size_rcv 1080 49687369
stats: newphase 0 2
stats: 422 0 10
stats: size_sent 784 6950012
stats: connected 0 0
stats: 500 0 4
# stats: dump at 1479695073
stats: users 3 1356
stats: {freemem,"tsung_controller@ip-172-31-27-247"} 1 3012.640625 0.0 3057.62890625 2980.13671875 3007.408954326923 39
stats: {load,"tsung_controller@ip-172-31-27-247"} 1 0.01171875 0.0 0.171875 0.0 0.05859375 39
stats: {recvpackets,"tsung_controller@ip-172-31-27-247"} 1 249.0 0.0 3557 1 1947.2631578947369 38
stats: {sentpackets,"tsung_controller@ip-172-31-27-247"} 1 201.0 0.0 3555 1 1968.2105263157894 38
stats: {cpu,"tsung_controller@ip-172-31-27-247"} 1 13.137996219281664 0.0 16.918714555765597 0.8884501480750246 6.255192859094415 39
stats: session 3 174423.69002278647 14852.871756390752 241681.84594726563 635.596923828125 49369.21761950905 4644
stats: users_count 0 4650
stats: finish_users_count 3 4647
stats: request 3 20.629313151041668 6.532968134915454 8668.82080078125 0.7119140625 3052.397436372863 13944
stats: connect 3 1.3123372395833333 0.13292514785925144 167.529052734375 0.6240234375 1.361944529253998 5284
stats: page 3 20.629313151041668 6.532968134915454 8668.82080078125 0.7119140625 3052.397436372863 13944
stats: 302 3 4619
stats: 504 0 50
stats: 200 0 9264
stats: size_rcv 3240 49690609
stats: newphase 0 2
stats: 422 0 10
stats: size_sent 2356 6952368
stats: connected 0 0
stats: 500 0 4
# stats: dump at 1479695083
stats: users 2 1356
stats: {freemem,"tsung_controller@ip-172-31-27-247"} 1 3013.04296875 0.0 3057.62890625 2980.13671875 3007.5397460937497 40
stats: {load,"tsung_controller@ip-172-31-27-247"} 1 0.0 0.0 0.171875 0.0 0.057421875 40
stats: {recvpackets,"tsung_controller@ip-172-31-27-247"} 1 17.0 0.0 3557 1 1903.7179487179487 39
stats: {sentpackets,"tsung_controller@ip-172-31-27-247"} 1 18.0 0.0 3555 1 1922.8974358974358 39
stats: {cpu,"tsung_controller@ip-172-31-27-247"} 1 0.8902077151335311 0.0 16.918714555765597 0.8884501480750246 6.427262943099096 40
stats: session 1 247153.29809570313 0.0 247153.29809570313 635.596923828125 49449.95000969838 4647
stats: users_count 0 4650
stats: finish_users_count 1 4648
stats: request 1 16.248046875 0.0 8668.82080078125 0.7119140625 3051.7453029843446 13947
stats: connect 1 1.488037109375 0.0 167.529052734375 0.6240234375 1.3619163806122327 5287
stats: page 1 16.248046875 0.0 8668.82080078125 0.7119140625 3051.7453029843446 13947
stats: 302 1 4620
stats: 504 0 50
stats: 200 0 9264
stats: size_rcv 1080 49691689
stats: newphase 0 2
stats: 422 0 10
stats: size_sent 786 6953154
stats: connected 0 0
stats: 500 0 4
# stats: dump at 1479695093
stats: users 2 1356
stats: {freemem,"tsung_controller@ip-172-31-27-247"} 1 3013.453125 0.0 3057.62890625 2980.13671875 3007.673971036585 41
stats: {load,"tsung_controller@ip-172-31-27-247"} 1 0.0 0.0 0.171875 0.0 0.056021341463414635 41
stats: {recvpackets,"tsung_controller@ip-172-31-27-247"} 1 0.0 0.0 3557 0 1856.55 40
stats: {sentpackets,"tsung_controller@ip-172-31-27-247"} 1 0.0 0.0 3555 0 1875.275 40
stats: {cpu,"tsung_controller@ip-172-31-27-247"} 1 0.9852216748768473 0.0 16.918714555765597 0.8884501480750246 6.2922128155877415 41
stats: session 0 0 0 247153.29809570313 635.596923828125 49492.485153434616 4648
stats: users_count 0 4650
stats: finish_users_count 0 4648
stats: request 0 0 0 8668.82080078125 0.7119140625 3051.527673413359 13948
stats: connect 0 0 0 167.529052734375 0.6240234375 1.361940230976976 5288
stats: page 0 0 0 8668.82080078125 0.7119140625 3051.527673413359 13948
stats: 302 0 4620
stats: 504 0 50
stats: 200 0 9264
stats: size_rcv 0 49691689
stats: newphase 0 2
stats: 422 0 10
stats: size_sent 0 6953154
stats: connected 0 0
stats: 500 0 4
# stats: dump at 1479695103
stats: users 2 1356
stats: {freemem,"tsung_controller@ip-172-31-27-247"} 1 3013.75 0.0 3057.62890625 2980.13671875 3007.8115699404757 42
stats: {load,"tsung_controller@ip-172-31-27-247"} 1 0.0 0.0 0.171875 0.0 0.0546875 42
stats: {recvpackets,"tsung_controller@ip-172-31-27-247"} 1 10.0 0.0 3557 0 1811.2682926829268 41
stats: {sentpackets,"tsung_controller@ip-172-31-27-247"} 1 9.0 0.0 3555 0 1829.5365853658536 41
stats: {cpu,"tsung_controller@ip-172-31-27-247"} 1 1.3806706114398422 0.0 16.918714555765597 0.8884501480750246 6.165855883666054 42
stats: session 0 0 0 247153.29809570313 635.596923828125 49492.485153434616 4648
stats: users_count 0 4650
stats: finish_users_count 0 4648
stats: request 0 0 0 8668.82080078125 0.7119140625 3051.527673413359 13948
stats: connect 0 0 0 167.529052734375 0.6240234375 1.361940230976976 5288
stats: page 0 0 0 8668.82080078125 0.7119140625 3051.527673413359 13948
stats: 302 0 4620
stats: 504 0 50
stats: 200 0 9264
stats: size_rcv 0 49691689
stats: newphase 0 2
stats: 422 0 10
stats: size_sent 0 6953154
stats: connected 0 0
stats: 500 0 4
# stats: dump at 1479695113
stats: users 2 1356
stats: {freemem,"tsung_controller@ip-172-31-27-247"} 1 3013.90234375 0.0 3057.62890625 2980.13671875 3007.949672965116 43
stats: {load,"tsung_controller@ip-172-31-27-247"} 1 0.0 0.0 0.171875 0.0 0.0534156976744186 43
stats: {recvpackets,"tsung_controller@ip-172-31-27-247"} 1 3.0 0.0 3557 0 1768.3809523809523 42
stats: {sentpackets,"tsung_controller@ip-172-31-27-247"} 1 3.0 0.0 3555 0 1786.1904761904761 42
stats: {cpu,"tsung_controller@ip-172-31-27-247"} 1 0.8884501480750246 0.0 16.918714555765597 0.8884501480750246 6.054572505242188 43
stats: session 0 0 0 247153.29809570313 635.596923828125 49492.485153434616 4648
stats: users_count 0 4650
stats: finish_users_count 0 4648
stats: request 0 0 0 8668.82080078125 0.7119140625 3051.527673413359 13948
stats: connect 0 0 0 167.529052734375 0.6240234375 1.361940230976976 5288
stats: page 0 0 0 8668.82080078125 0.7119140625 3051.527673413359 13948
stats: 302 0 4620
stats: 504 0 50
stats: 200 0 9264
stats: size_rcv 0 49691689
stats: newphase 0 2
stats: 422 0 10
stats: size_sent 0 6953154
stats: connected 0 0
stats: 500 0 4
# stats: dump at 1479695123
stats: users 2 1356
stats: {freemem,"tsung_controller@ip-172-31-27-247"} 1 3013.9921875 0.0 3057.62890625 2980.13671875 3008.0849609375 44
stats: {load,"tsung_controller@ip-172-31-27-247"} 1 0.0 0.0 0.171875 0.0 0.052201704545454544 44
stats: {recvpackets,"tsung_controller@ip-172-31-27-247"} 1 3.0 0.0 3557 0 1727.3255813953488 43
stats: {sentpackets,"tsung_controller@ip-172-31-27-247"} 1 3.0 0.0 3555 0 1744.7209302325582 43
stats: {cpu,"tsung_controller@ip-172-31-27-247"} 1 0.984251968503937 0.0 16.918714555765597 0.8884501480750246 5.937160633488389 44
stats: session 0 0 0 247153.29809570313 635.596923828125 49492.485153434616 4648
stats: users_count 0 4650
stats: finish_users_count 0 4648
stats: request 0 0 0 8668.82080078125 0.7119140625 3051.527673413359 13948
stats: connect 0 0 0 167.529052734375 0.6240234375 1.361940230976976 5288
stats: page 0 0 0 8668.82080078125 0.7119140625 3051.527673413359 13948
stats: 302 0 4620
stats: 504 0 50
stats: 200 0 9264
stats: size_rcv 0 49691689
stats: newphase 0 2
stats: 422 0 10
stats: size_sent 0 6953154
stats: connected 0 0
stats: 500 0 4
# stats: dump at 1479695133
stats: users 2 1356
stats: {freemem,"tsung_controller@ip-172-31-27-247"} 1 3014.015625 0.0 3057.62890625 2980.13671875 3008.216232638889 45
stats: {load,"tsung_controller@ip-172-31-27-247"} 1 0.0 0.0 0.171875 0.0 0.051041666666666666 45
stats: {recvpackets,"tsung_controller@ip-172-31-27-247"} 1 0.0 0.0 3557 0 1688.1363636363637 44
stats: {sentpackets,"tsung_controller@ip-172-31-27-247"} 1 0.0 0.0 3555 0 1705.1363636363637 44
stats: {cpu,"tsung_controller@ip-172-31-27-247"} 1 0.8893280632411068 0.0 16.918714555765597 0.8884501480750246 5.827095996488735 45
stats: session 0 0 0 247153.29809570313 635.596923828125 49492.485153434616 4648
stats: users_count 0 4650
stats: finish_users_count 0 4648
stats: request 0 0 0 8668.82080078125 0.7119140625 3051.527673413359 13948
stats: connect 0 0 0 167.529052734375 0.6240234375 1.361940230976976 5288
stats: page 0 0 0 8668.82080078125 0.7119140625 3051.527673413359 13948
stats: 302 0 4620
stats: 504 0 50
stats: 200 0 9264
stats: size_rcv 0 49691689
stats: newphase 0 2
stats: 422 0 10
stats: size_sent 0 6953154
stats: connected 0 0
stats: 500 0 4
# stats: dump at 1479695143
stats: users 2 1356
stats: {freemem,"tsung_controller@ip-172-31-27-247"} 1 3014.0234375 0.0 3057.62890625 2980.13671875 3008.3423063858695 46
stats: {load,"tsung_controller@ip-172-31-27-247"} 1 0.0 0.0 0.171875 0.0 0.049932065217391304 46
stats: {recvpackets,"tsung_controller@ip-172-31-27-247"} 1 0.0 0.0 3557 0 1650.6222222222223 45
stats: {sentpackets,"tsung_controller@ip-172-31-27-247"} 1 0.0 0.0 3555 0 1667.2444444444445 45
stats: {cpu,"tsung_controller@ip-172-31-27-247"} 1 0.8893280632411068 0.0 16.918714555765597 0.8884501480750246 5.7197532153311785 46
stats: session 0 0 0 247153.29809570313 635.596923828125 49492.485153434616 4648
stats: users_count 0 4650
stats: finish_users_count 0 4648
stats: request 0 0 0 8668.82080078125 0.7119140625 3051.527673413359 13948
stats: connect 0 0 0 167.529052734375 0.6240234375 1.361940230976976 5288
stats: page 0 0 0 8668.82080078125 0.7119140625 3051.527673413359 13948
stats: 302 0 4620
stats: 504 0 50
stats: 200 0 9264
stats: size_rcv 0 49691689
stats: newphase 0 2
stats: 422 0 10
stats: size_sent 0 6953154
stats: connected 0 0
stats: 500 0 4
# stats: dump at 1479695153
stats: users 1 1356
stats: {freemem,"tsung_controller@ip-172-31-27-247"} 1 3014.015625 0.0 3057.62890625 2980.13671875 3008.4631815159573 47
stats: {load,"tsung_controller@ip-172-31-27-247"} 1 0.0 0.0 0.171875 0.0 0.04886968085106383 47
stats: {recvpackets,"tsung_controller@ip-172-31-27-247"} 1 5.0 0.0 3557 0 1614.7391304347825 46
stats: {sentpackets,"tsung_controller@ip-172-31-27-247"} 1 7.0 0.0 3555 0 1631.0 46
stats: {cpu,"tsung_controller@ip-172-31-27-247"} 1 0.8884501480750246 0.0 16.918714555765597 0.8884501480750246 5.616978212095219 47
stats: session 1 303700.5439453125 0.0 303700.5439453125 635.596923828125 49492.485153434616 4648
stats: users_count 0 4650
stats: finish_users_count 1 4649
stats: request 1 55.65185546875 0.0 8668.82080078125 0.7119140625 3051.527673413359 13948
stats: connect 1 33.0419921875 0.0 167.529052734375 0.6240234375 1.361940230976976 5288
stats: page 1 55.65185546875 0.0 8668.82080078125 0.7119140625 3051.527673413359 13948
stats: 302 1 4621
stats: 504 0 50
stats: 200 0 9264
stats: size_rcv 1080 49692769
stats: newphase 0 2
stats: 422 0 10
stats: size_sent 786 6953940
stats: connected 0 0
stats: 500 0 4
# stats: dump at 1479695163
stats: users 1 1356
stats: {freemem,"tsung_controller@ip-172-31-27-247"} 1 3014.0390625 0.0 3057.62890625 2980.13671875 3008.578857421875 48
stats: {load,"tsung_controller@ip-172-31-27-247"} 1 0.0 0.0 0.171875 0.0 0.0478515625 48
stats: {recvpackets,"tsung_controller@ip-172-31-27-247"} 1 6.0 0.0 3557 0 1580.4893617021276 47
stats: {sentpackets,"tsung_controller@ip-172-31-27-247"} 1 5.0 0.0 3555 0 1596.4468085106382 47
stats: {cpu,"tsung_controller@ip-172-31-27-247"} 1 0.8884501480750246 0.0 16.918714555765597 0.8884501480750246 5.518467210761465 48
stats: session 0 0 0 303700.5439453125 635.596923828125 49547.16531234876 4649
stats: users_count 0 4650
stats: finish_users_count 0 4649
stats: request 0 0 0 8668.82080078125 0.7119140625 3051.3128998942575 13949
stats: connect 0 0 0 167.529052734375 0.6240234375 1.3679300309309415 5289
stats: page 0 0 0 8668.82080078125 0.7119140625 3051.3128998942575 13949
stats: 302 0 4621
stats: 504 0 50
stats: 200 0 9264
stats: size_rcv 0 49692769
stats: newphase 0 2
stats: 422 0 10
stats: size_sent 0 6953940
stats: connected 0 0
stats: 500 0 4
# stats: dump at 1479695169
stats: users 0 1356
stats: {freemem,"tsung_controller@ip-172-31-27-247"} 0 0 0 3057.62890625 2980.13671875 3008.6902901785716 49
stats: {load,"tsung_controller@ip-172-31-27-247"} 0 0 0 0.171875 0.0 0.046875 49
stats: {recvpackets,"tsung_controller@ip-172-31-27-247"} 0 0 0 3557 0 1547.6875 48
stats: {sentpackets,"tsung_controller@ip-172-31-27-247"} 0 0 0 3555 0 1563.2916666666667 48
stats: {cpu,"tsung_controller@ip-172-31-27-247"} 0 0 0 16.918714555765597 0.8884501480750246 5.423977066625008 49
stats: session 1 347240.9931640625 0.0 347240.9931640625 635.596923828125 49547.16531234876 4649
stats: users_count 0 4650
stats: finish_users_count 1 4650
stats: request 1 24.971923828125 0.0 8668.82080078125 0.7119140625 3051.3128998942575 13949
stats: connect 1 1.541015625 0.0 167.529052734375 0.6240234375 1.3679300309309415 5289
stats: page 1 24.971923828125 0.0 8668.82080078125 0.7119140625 3051.3128998942575 13949
stats: 302 1 4622
stats: 504 0 50
stats: 200 0 9264
stats: size_rcv 1080 49693849
stats: newphase 0 2
stats: 422 0 10
stats: size_sent 788 6954728
stats: connected 0 0
stats: 500 0 4
EndMonitor:{1479,695169,182537}
