# stats: dump at 1480318696
stats: users 0 2
stats: {freemem,"tsung_controller@ip-172-31-21-9"} 1 3057.81640625 0 3057.81640625 3057.81640625 0 0
stats: {load,"tsung_controller@ip-172-31-21-9"} 1 0.3984375 0 0.3984375 0.3984375 0 0
stats: {cpu,"tsung_controller@ip-172-31-21-9"} 1 9.971964800249202 0 9.971964800249202 9.971964800249202 0 0
stats: session 7 434.39017159598217 125.31025164417608 714.676025390625 353.02001953125 0 0
stats: users_count 7 7
stats: finish_users_count 7 7
stats: request 28 107.92577253069196 132.22870487623553 327.343994140625 10.52294921875 0 0
stats: connect 7 21.5537109375 48.97686298192039 141.52001953125 1.171875 0 0
stats: page 21 143.91942196800596 178.30094543731673 643.22119140625 10.52294921875 0 0
stats: 302 14 14
stats: 200 14 14
stats: size_rcv 68163 68163
stats: size_sent 17849 17849
stats: connected 0 0
# stats: dump at 1480318706
stats: users 2 2
stats: {freemem,"tsung_controller@ip-172-31-21-9"} 1 3057.5859375 0.0 3057.81640625 3057.5859375 3057.81640625 1
stats: {load,"tsung_controller@ip-172-31-21-9"} 1 0.33984375 0.0 0.3984375 0.33984375 0.3984375 1
stats: {recvpackets,"tsung_controller@ip-172-31-21-9"} 1 104 0 104 104 0 0
stats: {sentpackets,"tsung_controller@ip-172-31-21-9"} 1 96 0 96 96 0 0
stats: {cpu,"tsung_controller@ip-172-31-21-9"} 1 1.9723865877712032 0.0 9.971964800249202 1.9723865877712032 9.971964800249202 1
stats: session 10 496.3993896484375 139.602006744452 714.676025390625 351.22900390625 434.39017159598217 7
stats: users_count 12 19
stats: finish_users_count 10 17
stats: request 40 123.50396118164062 178.41296911529315 613.845947265625 10.52294921875 107.92577253069196 28
stats: connect 10 1.5280029296875 0.2747633273213286 141.52001953125 1.161865234375 21.5537109375 7
stats: page 30 164.68865559895832 205.07455478975032 643.22119140625 10.52294921875 143.91942196800596 21
stats: 302 20 34
stats: 200 20 34
stats: size_rcv 97323 165486
stats: size_sent 25504 43353
stats: connected 0 0
# stats: dump at 1480318716
stats: users 0 3
stats: {freemem,"tsung_controller@ip-172-31-21-9"} 1 3057.06640625 0.0 3057.81640625 3057.06640625 3057.701171875 2
stats: {load,"tsung_controller@ip-172-31-21-9"} 1 0.2890625 0.0 0.3984375 0.2890625 0.369140625 2
stats: {recvpackets,"tsung_controller@ip-172-31-21-9"} 1 186.0 0.0 186 104 104.0 1
stats: {sentpackets,"tsung_controller@ip-172-31-21-9"} 1 175.0 0.0 175 96 96.0 1
stats: {cpu,"tsung_controller@ip-172-31-21-9"} 1 1.2858555885262115 0.0 9.971964800249202 1.2858555885262115 5.972175694010202 2
stats: session 7 738.9417201450893 231.05474243140247 1038.364013671875 351.22900390625 470.86618221507354 17
stats: users_count 5 24
stats: finish_users_count 7 24
stats: request 28 184.1398664202009 217.38662578565524 660.641845703125 10.52294921875 117.08941291360294 68
stats: connect 7 1.5288434709821428 0.2516296753496528 141.52001953125 1.161865234375 9.773882697610293 17
stats: page 21 245.53530738467262 292.93703801064487 954.803955078125 10.52294921875 156.13661822150735 51
stats: 302 14 48
stats: 200 14 48
stats: size_rcv 69047 234533
stats: size_sent 17869 61222
stats: connected 0 0
# stats: dump at 1480318726
stats: users 0 3
stats: {freemem,"tsung_controller@ip-172-31-21-9"} 1 3056.7421875 0.0 3057.81640625 3056.7421875 3057.4895833333335 3
stats: {load,"tsung_controller@ip-172-31-21-9"} 1 0.23828125 0.0 0.3984375 0.23828125 0.3424479166666667 3
stats: {recvpackets,"tsung_controller@ip-172-31-21-9"} 1 168.0 0.0 186 104 145.0 2
stats: {sentpackets,"tsung_controller@ip-172-31-21-9"} 1 189.0 0.0 189 96 135.5 2
stats: {cpu,"tsung_controller@ip-172-31-21-9"} 1 1.0869565217391304 0.0 9.971964800249202 1.0869565217391304 4.410068992182205 3
stats: session 6 587.0396728515625 251.89336188630247 1038.364013671875 348.8740234375 549.0548807779948 24
stats: users_count 6 30
stats: finish_users_count 6 30
stats: request 24 146.15705362955728 170.3245475258865 660.641845703125 10.52294921875 136.6457951863607 96
stats: connect 6 1.5054117838541667 0.22303122090465416 141.52001953125 1.161865234375 7.36907958984375 24
stats: page 18 194.89507378472223 188.01201923118515 954.803955078125 10.52294921875 182.21123589409723 72
stats: 302 12 60
stats: 200 12 60
stats: size_rcv 59481 294014
stats: size_sent 15292 76514
stats: connected 0 0
# stats: dump at 1480318736
stats: users 2 3
stats: {freemem,"tsung_controller@ip-172-31-21-9"} 1 3056.62890625 0.0 3057.81640625 3056.62890625 3057.302734375 4
stats: {load,"tsung_controller@ip-172-31-21-9"} 1 0.19921875 0.0 0.3984375 0.19921875 0.31640625 4
stats: {recvpackets,"tsung_controller@ip-172-31-21-9"} 1 98.0 0.0 186 98 152.66666666666666 3
stats: {sentpackets,"tsung_controller@ip-172-31-21-9"} 1 87.0 0.0 189 87 153.33333333333334 3
stats: {cpu,"tsung_controller@ip-172-31-21-9"} 1 0.891089108910891 0.0 9.971964800249202 0.891089108910891 3.5792908745714365 4
stats: session 9 491.6491970486111 225.45840038560598 1038.364013671875 348.26611328125 556.6518391927083 30
stats: users_count 11 41
stats: finish_users_count 9 39
stats: request 37 119.56620169974663 171.39139357476944 660.641845703125 10.52294921875 138.548046875 120
stats: connect 10 1.60009765625 0.29651107567336965 141.52001953125 1.161865234375 6.196346028645833 30
stats: page 28 158.01740373883922 197.10629030987522 954.803955078125 10.52294921875 184.74800347222222 90
stats: 302 18 78
stats: 200 19 79
stats: size_rcv 88170 382184
stats: size_sent 23926 100440
stats: connected 1 1
# stats: dump at 1480318746
stats: users 0 4
stats: {freemem,"tsung_controller@ip-172-31-21-9"} 1 3056.671875 0.0 3057.81640625 3056.62890625 3057.16796875 5
stats: {load,"tsung_controller@ip-172-31-21-9"} 1 0.171875 0.0 0.3984375 0.171875 0.29296875 5
stats: {recvpackets,"tsung_controller@ip-172-31-21-9"} 1 140.0 0.0 186 98 139.0 4
stats: {sentpackets,"tsung_controller@ip-172-31-21-9"} 1 130.0 0.0 189 87 136.75 4
stats: {cpu,"tsung_controller@ip-172-31-21-9"} 1 1.0869565217391304 0.0 9.971964800249202 0.891089108910891 3.0416505214393275 5
stats: session 11 903.0925071022727 704.67161876958 2366.93798828125 348.26611328125 541.6512294671475 39
stats: users_count 9 50
stats: finish_users_count 11 50
stats: request 37 238.49244483741555 426.82760264584266 2030.3740234375 10.52294921875 134.0746183942078 157
stats: connect 10 1.7871337890625 0.5795056991107654 141.52001953125 1.161865234375 5.047283935546875 40
stats: page 27 313.60791015625 500.44236644175993 2067.573974609375 10.52294921875 178.40514929819915 118
stats: 302 18 96
stats: 200 19 98
stats: size_rcv 89003 471187
stats: size_sent 24584 125024
stats: connected 2 3
# stats: dump at 1480318756
stats: users 0 4
stats: {freemem,"tsung_controller@ip-172-31-21-9"} 1 3056.6640625 0.0 3057.81640625 3056.62890625 3057.0852864583335 6
stats: {load,"tsung_controller@ip-172-31-21-9"} 1 0.140625 0.0 0.3984375 0.140625 0.2727864583333333 6
stats: {recvpackets,"tsung_controller@ip-172-31-21-9"} 1 165.0 0.0 186 98 139.2 5
stats: {sentpackets,"tsung_controller@ip-172-31-21-9"} 1 147.0 0.0 189 87 135.4 5
stats: {cpu,"tsung_controller@ip-172-31-21-9"} 1 0.9891196834817012 0.0 9.971964800249202 0.891089108910891 2.715868188155961 6
stats: session 15 661.0587076822917 357.02691526271946 2366.93798828125 348.26611328125 621.168310546875 50
stats: users_count 15 65
stats: finish_users_count 15 65
stats: request 59 160.7381488347458 194.43719631254422 2030.3740234375 10.52294921875 153.98935848904637 194
stats: connect 15 2.2822916666666666 2.4665861126273074 141.52001953125 1.158935546875 4.39525390625 50
stats: page 45 218.7047634548611 287.6679401968813 2067.573974609375 10.52294921875 203.58083580280172 145
stats: 302 29 125
stats: 200 30 128
stats: size_rcv 146495 617682
stats: size_sent 37603 162627
stats: connected 0 3
# stats: dump at 1480318766
stats: users 0 4
stats: {freemem,"tsung_controller@ip-172-31-21-9"} 1 3056.6875 0.0 3057.81640625 3056.62890625 3057.0251116071427 7
stats: {load,"tsung_controller@ip-172-31-21-9"} 1 0.12109375 0.0 0.3984375 0.12109375 0.25390625 7
stats: {recvpackets,"tsung_controller@ip-172-31-21-9"} 1 228.0 0.0 228 98 143.5 6
stats: {sentpackets,"tsung_controller@ip-172-31-21-9"} 1 209.0 0.0 209 87 137.33333333333334 6
stats: {cpu,"tsung_controller@ip-172-31-21-9"} 1 1.188118811881188 0.0 9.971964800249202 0.891089108910891 2.4691898303453526 7
stats: session 13 480.14759239783655 140.21289022961076 2366.93798828125 348.26611328125 630.3737868088942 65
stats: users_count 13 78
stats: finish_users_count 13 78
stats: request 56 130.87656947544644 173.58030583968858 2030.3740234375 10.52294921875 155.56318706768775 253
stats: connect 13 2.103327824519231 1.9887227815075927 141.52001953125 1.126953125 3.907647235576923 65
stats: page 42 174.52274576822913 208.45874397921554 2067.573974609375 10.52294921875 207.16281866776316 190
stats: 302 29 154
stats: 200 27 155
stats: size_rcv 129735 747417
stats: size_sent 34723 197350
stats: connected -2 1
# stats: dump at 1480318776
stats: users 0 4
stats: {freemem,"tsung_controller@ip-172-31-21-9"} 1 3056.6953125 0.0 3057.81640625 3056.62890625 3056.98291015625 8
stats: {load,"tsung_controller@ip-172-31-21-9"} 1 0.1015625 0.0 0.3984375 0.1015625 0.2373046875 8
stats: {recvpackets,"tsung_controller@ip-172-31-21-9"} 1 180.0 0.0 228 98 155.57142857142858 7
stats: {sentpackets,"tsung_controller@ip-172-31-21-9"} 1 164.0 0.0 209 87 147.57142857142858 7
stats: {cpu,"tsung_controller@ip-172-31-21-9"} 1 0.9900990099009901 0.0 9.971964800249202 0.891089108910891 2.309055953037332 8
stats: session 11 518.8523837002841 219.58772068873876 2366.93798828125 348.26611328125 605.3360877403846 78
stats: users_count 11 89
stats: finish_users_count 11 89
stats: request 47 128.13917573969414 154.2152131105056 2030.3740234375 10.52294921875 151.0892369538835 309
stats: connect 11 1.5785688920454546 0.22617001916958182 141.52001953125 1.126953125 3.6069273337339745 78
stats: page 35 172.09201311383927 231.20406827397338 2067.573974609375 10.52294921875 201.25383995319234 232
stats: 302 24 178
stats: 200 23 178
stats: size_rcv 113751 861168
stats: size_sent 29625 226975
stats: connected -1 0
# stats: dump at 1480318786
stats: users 3 4
stats: {freemem,"tsung_controller@ip-172-31-21-9"} 1 3056.70703125 0.0 3057.81640625 3056.62890625 3056.9509548611113 9
stats: {load,"tsung_controller@ip-172-31-21-9"} 1 0.08984375 0.0 0.3984375 0.08984375 0.2222222222222222 9
stats: {recvpackets,"tsung_controller@ip-172-31-21-9"} 1 182.0 0.0 228 98 158.625 8
stats: {sentpackets,"tsung_controller@ip-172-31-21-9"} 1 163.0 0.0 209 87 149.625 8
stats: {cpu,"tsung_controller@ip-172-31-21-9"} 1 1.185770750988142 0.0 9.971964800249202 0.891089108910891 2.1625051815777385 9
stats: session 6 647.9805094401041 357.4895454396256 2366.93798828125 348.26611328125 594.6470906118328 89
stats: users_count 9 98
stats: finish_users_count 6 95
stats: request 25 183.368369140625 236.4502010846617 2030.3740234375 10.52294921875 148.05931314189783 356
stats: connect 9 1.6794704861111112 0.5486933972419795 141.52001953125 1.028076171875 3.356231346558989 89
stats: page 19 191.09017783717104 197.1648150231744 2067.573974609375 10.52294921875 197.43112856975657 267
stats: 302 11 189
stats: 200 14 192
stats: size_rcv 56999 918167
stats: size_sent 17345 244320
stats: connected 4 4
# stats: dump at 1480318793
stats: users 0 4
stats: {freemem,"tsung_controller@ip-172-31-21-9"} 1 3056.71484375 0.0 3057.81640625 3056.62890625 3056.9265625 10
stats: {load,"tsung_controller@ip-172-31-21-9"} 1 0.0703125 0.0 0.3984375 0.0703125 0.208984375 10
stats: {recvpackets,"tsung_controller@ip-172-31-21-9"} 1 147.0 0.0 228 98 161.22222222222223 9
stats: {sentpackets,"tsung_controller@ip-172-31-21-9"} 1 134.0 0.0 209 87 151.11111111111111 9
stats: {cpu,"tsung_controller@ip-172-31-21-9"} 1 0.8919722497522299 0.0 9.971964800249202 0.891089108910891 2.064831738518779 10
stats: session 5 876.970361328125 450.6267835133795 2366.93798828125 348.26611328125 598.0155170641447 95
stats: users_count 2 100
stats: finish_users_count 5 100
stats: request 19 192.74280427631578 285.2581716560876 2030.3740234375 10.52294921875 150.37618033341536 381
stats: connect 2 1.4996337890625 0.1834716796875 141.52001953125 1.028076171875 3.2022431042729593 98
stats: page 14 329.7284633091518 425.4792314891053 2067.573974609375 10.52294921875 197.00987659801137 286
stats: 302 11 200
stats: 200 8 200
stats: size_rcv 45960 964127
stats: size_sent 10720 255040
stats: connected -4 0
EndMonitor:{1480,318793,172536}
