# stats: dump at 1479686132
stats: users 128 128
stats: {freemem,"tsung_controller@ip-172-31-27-247"} 1 3059.50390625 0 3059.50390625 3059.50390625 0 0
stats: {load,"tsung_controller@ip-172-31-27-247"} 1 0.01171875 0 0.01171875 0.01171875 0 0
stats: {cpu,"tsung_controller@ip-172-31-27-247"} 1 2.2119370956580258 0 2.2119370956580258 2.2119370956580258 0 0
stats: session 2 4736.18896484375 1034.72119140625 5770.91015625 3701.4677734375 0 0
stats: users_count 130 130
stats: finish_users_count 2 2
stats: request 166 17.3729380412274 22.236716150470365 224.89794921875 7.862060546875 0 0
stats: connect 127 3.6147018793061028 17.400276124573125 141.4169921875 0.800048828125 0 0
stats: page 166 17.3729380412274 22.236716150470365 224.89794921875 7.862060546875 0 0
stats: 302 2 2
stats: 200 164 164
stats: size_rcv 539859 539859
stats: size_sent 44887 44887
stats: connected 125 125
# stats: dump at 1479686142
stats: users 266 266
stats: {freemem,"tsung_controller@ip-172-31-27-247"} 1 3052.77734375 0.0 3059.50390625 3052.77734375 3059.50390625 1
stats: {load,"tsung_controller@ip-172-31-27-247"} 1 0.01171875 0.0 0.01171875 0.01171875 0.01171875 1
stats: {recvpackets,"tsung_controller@ip-172-31-27-247"} 1 1202 0 1202 1202 0 0
stats: {sentpackets,"tsung_controller@ip-172-31-27-247"} 1 1216 0 1216 1216 0 0
stats: {cpu,"tsung_controller@ip-172-31-27-247"} 1 5.506391347099312 0.0 5.506391347099312 2.2119370956580258 2.2119370956580258 1
stats: session 20 10538.577746582032 3885.7498847155753 15778.87109375 1788.156982421875 4736.18896484375 2
stats: users_count 158 288
stats: finish_users_count 20 22
stats: request 274 22.455136041571624 16.56143169678371 224.89794921875 7.862060546875 17.3729380412274 166
stats: connect 151 1.4739416261382452 0.6726425504945283 141.4169921875 0.800048828125 3.6147018793061028 127
stats: page 274 22.455136041571624 16.56143169678371 224.89794921875 7.862060546875 17.3729380412274 166
stats: 302 19 21
stats: 200 255 419
stats: size_rcv 1303989 1843848
stats: size_sent 97732 142619
stats: connected 132 257
# stats: dump at 1479686152
stats: users 353 353
stats: {freemem,"tsung_controller@ip-172-31-27-247"} 1 3044.39453125 0.0 3059.50390625 3044.39453125 3056.140625 2
stats: {load,"tsung_controller@ip-172-31-27-247"} 1 0.01171875 0.0 0.01171875 0.01171875 0.01171875 2
stats: {recvpackets,"tsung_controller@ip-172-31-27-247"} 1 1833.0 0.0 1833 1202 1202.0 1
stats: {sentpackets,"tsung_controller@ip-172-31-27-247"} 1 1774.0 0.0 1774 1216 1216.0 1
stats: {cpu,"tsung_controller@ip-172-31-27-247"} 1 5.528134254689043 0.0 5.528134254689043 2.2119370956580258 3.859164221378669 2
stats: session 55 15072.462131569602 5797.772639417063 24273.75390625 1788.156982421875 10011.087857333097 22
stats: users_count 142 430
stats: finish_users_count 55 77
stats: request 329 31.87284057988222 25.395210981463833 224.89794921875 7.862060546875 20.537761341441758 440
stats: connect 140 1.4402605329241067 0.5021141865918498 141.4169921875 0.760986328125 2.451914835319245 278
stats: page 329 31.87284057988222 25.395210981463833 224.89794921875 7.862060546875 20.537761341441758 440
stats: 302 52 73
stats: 200 277 696
stats: size_rcv 1655259 3499107
stats: size_sent 138742 281361
stats: connected 88 345
# stats: dump at 1479686162
stats: users 417 417
stats: {freemem,"tsung_controller@ip-172-31-27-247"} 1 3038.87890625 0.0 3059.50390625 3038.87890625 3052.2252604166665 3
stats: {load,"tsung_controller@ip-172-31-27-247"} 1 0.078125 0.0 0.078125 0.01171875 0.01171875 3
stats: {recvpackets,"tsung_controller@ip-172-31-27-247"} 1 2214.0 0.0 2214 1202 1517.5 2
stats: {sentpackets,"tsung_controller@ip-172-31-27-247"} 1 2014.0 0.0 2014 1216 1495.0 2
stats: {cpu,"tsung_controller@ip-172-31-27-247"} 1 16.571969696969695 0.0 16.571969696969695 2.2119370956580258 4.41548756581546 3
stats: session 82 16465.76257919684 10020.416224588838 36185.329833984375 1563.699951171875 13626.355196073459 77
stats: users_count 146 576
stats: finish_users_count 82 159
stats: request 383 33.16991868778558 29.130310990975712 224.89794921875 7.862060546875 25.38722957219197 769
stats: connect 149 1.498422097839765 0.8100081990726353 141.4169921875 0.760986328125 2.113083250784988 418
stats: page 383 33.16991868778558 29.130310990975712 224.89794921875 7.862060546875 25.38722957219197 769
stats: 302 85 158
stats: 200 298 994
stats: size_rcv 1814698 5313805
stats: size_sent 172540 453901
stats: connected 64 409
# stats: dump at 1479686172
stats: users 471 475
stats: {freemem,"tsung_controller@ip-172-31-27-247"} 1 3035.44921875 0.0 3059.50390625 3035.44921875 3048.888671875 4
stats: {load,"tsung_controller@ip-172-31-27-247"} 1 0.0703125 0.0 0.078125 0.01171875 0.0283203125 4
stats: {recvpackets,"tsung_controller@ip-172-31-27-247"} 1 2212.0 0.0 2214 1202 1749.6666666666667 3
stats: {sentpackets,"tsung_controller@ip-172-31-27-247"} 1 2109.0 0.0 2109 1216 1668.0 3
stats: {cpu,"tsung_controller@ip-172-31-27-247"} 1 7.0588235294117645 0.0 16.571969696969695 2.2119370956580258 7.454608098604019 4
stats: session 99 22317.367697975853 11340.27839842241 46334.960205078125 1292.699951171875 15090.703657810043 159
stats: users_count 153 729
stats: finish_users_count 99 258
stats: request 412 46.629388605506655 36.268485245588174 224.89794921875 7.862060546875 27.97470347086589 1152
stats: connect 158 1.6316891440862338 0.7658553637656352 141.4169921875 0.760986328125 1.9515585386353616 567
stats: page 412 46.629388605506655 36.268485245588174 224.89794921875 7.862060546875 27.97470347086589 1152
stats: 302 96 254
stats: 200 316 1310
stats: size_rcv 1934854 7248659
stats: size_sent 188102 642003
stats: connected 62 471
# stats: dump at 1479686182
stats: users 517 522
stats: {freemem,"tsung_controller@ip-172-31-27-247"} 1 3034.33984375 0.0 3059.50390625 3034.33984375 3046.20078125 5
stats: {load,"tsung_controller@ip-172-31-27-247"} 1 0.140625 0.0 0.140625 0.01171875 0.03671875 5
stats: {recvpackets,"tsung_controller@ip-172-31-27-247"} 1 2587.0 0.0 2587 1202 1865.25 4
stats: {sentpackets,"tsung_controller@ip-172-31-27-247"} 1 2333.0 0.0 2333 1216 1778.25 4
stats: {cpu,"tsung_controller@ip-172-31-27-247"} 1 17.44075829383886 0.0 17.44075829383886 2.2119370956580258 7.375451184765568 5
stats: session 111 27510.657752234656 13738.241076397913 53855.35791015625 1292.699951171875 17863.725905780644 258
stats: users_count 157 886
stats: finish_users_count 111 369
stats: request 407 37.15131260077551 25.200104872807675 224.89794921875 7.862060546875 32.88885326336717 1564
stats: connect 157 1.4245683220541403 0.8234195141601439 141.4169921875 0.760986328125 1.8818490705818967 725
stats: page 407 37.15131260077551 25.200104872807675 224.89794921875 7.862060546875 32.88885326336717 1564
stats: 302 109 363
stats: 200 298 1608
stats: size_rcv 1863660 9112319
stats: size_sent 189975 831978
stats: connected 48 519
# stats: dump at 1479686192
stats: users 587 589
stats: {freemem,"tsung_controller@ip-172-31-27-247"} 1 3034.0703125 0.0 3059.50390625 3034.0703125 3044.2239583333335 6
stats: {load,"tsung_controller@ip-172-31-27-247"} 1 0.19140625 0.0 0.19140625 0.01171875 0.054036458333333336 6
stats: {recvpackets,"tsung_controller@ip-172-31-27-247"} 1 2369.0 0.0 2587 1202 2009.6 5
stats: {sentpackets,"tsung_controller@ip-172-31-27-247"} 1 2330.0 0.0 2333 1216 1889.2 5
stats: {cpu,"tsung_controller@ip-172-31-27-247"} 1 7.443682664054848 0.0 17.44075829383886 2.2119370956580258 9.053002369611116 6
stats: session 136 28497.315686394188 16248.996972869072 64896.9130859375 1292.699951171875 20765.648493738354 369
stats: users_count 206 1092
stats: finish_users_count 136 505
stats: request 505 108.49927096225248 69.80238431423291 326.2412109375 7.862060546875 33.769026246789394 1971
stats: connect 206 3.0000391099059445 7.077946850842153 141.4169921875 0.739013671875 1.8004510235083617 882
stats: page 505 108.49927096225248 69.80238431423291 326.2412109375 7.862060546875 33.769026246789394 1971
stats: 302 138 501
stats: 200 367 1975
stats: size_rcv 2349955 11462274
stats: newphase 1 1
stats: size_sent 235898 1067876
stats: connected 63 582
# stats: dump at 1479686202
stats: users 719 719
stats: {freemem,"tsung_controller@ip-172-31-27-247"} 1 3031.80078125 0.0 3059.50390625 3031.80078125 3042.7734375 7
stats: {load,"tsung_controller@ip-172-31-27-247"} 1 0.23046875 0.0 0.23046875 0.01171875 0.07366071428571429 7
stats: {recvpackets,"tsung_controller@ip-172-31-27-247"} 1 3119.0 0.0 3119 1202 2069.5 6
stats: {sentpackets,"tsung_controller@ip-172-31-27-247"} 1 2894.0 0.0 2894 1216 1962.6666666666667 6
stats: {cpu,"tsung_controller@ip-172-31-27-247"} 1 8.382642998027613 0.0 17.44075829383886 2.2119370956580258 8.82309955453165 7
stats: session 116 28298.592005236394 18837.07995964429 72818.5400390625 1292.699951171875 22847.840054532797 505
stats: users_count 248 1340
stats: finish_users_count 116 621
stats: request 556 221.321109469846 92.65572432876434 488.64111328125 7.862060546875 49.01085725701106 2476
stats: connect 245 1.2936453683035716 0.44057982601484236 141.4169921875 0.739013671875 2.0275789148667274 1088
stats: page 556 221.321109469846 92.65572432876434 488.64111328125 7.862060546875 49.01085725701106 2476
stats: 302 119 620
stats: 200 437 2412
stats: size_rcv 2724621 14186895
stats: newphase 0 1
stats: size_sent 251486 1319362
stats: connected 107 689
# stats: dump at 1479686212
stats: users 817 817
stats: {freemem,"tsung_controller@ip-172-31-27-247"} 1 3025.71484375 0.0 3059.50390625 3025.71484375 3041.40185546875 8
stats: {load,"tsung_controller@ip-172-31-27-247"} 1 0.19921875 0.0 0.23046875 0.01171875 0.09326171875 8
stats: {recvpackets,"tsung_controller@ip-172-31-27-247"} 1 3579.0 0.0 3579 1202 2219.4285714285716 7
stats: {sentpackets,"tsung_controller@ip-172-31-27-247"} 1 3428.0 0.0 3428 1216 2095.714285714286 7
stats: {cpu,"tsung_controller@ip-172-31-27-247"} 1 9.341199606686331 0.0 17.44075829383886 2.2119370956580258 8.768042484968646 8
stats: session 147 31094.901878720237 18130.095541784107 82840.73706054688 1292.699951171875 23866.01594226487 621
stats: users_count 245 1585
stats: finish_users_count 147 768
stats: request 573 992.7093018004199 370.6846690133139 1600.594970703125 7.862060546875 80.6086475704465 3032
stats: connect 254 1.2327390655757884 0.8172409738351984 141.4169921875 0.739013671875 1.8926849021825765 1333
stats: page 573 992.7093018004199 370.6846690133139 1600.594970703125 7.862060546875 80.6086475704465 3032
stats: 302 145 765
stats: 200 428 2840
stats: size_rcv 2683928 16870823
stats: newphase 0 1
stats: size_sent 296878 1616240
stats: connected 88 777
# stats: dump at 1479686222
stats: users 868 869
stats: {freemem,"tsung_controller@ip-172-31-27-247"} 1 3019.4296875 0.0 3059.50390625 3019.4296875 3039.6588541666665 9
stats: {load,"tsung_controller@ip-172-31-27-247"} 1 0.171875 0.0 0.23046875 0.01171875 0.10503472222222222 9
stats: {recvpackets,"tsung_controller@ip-172-31-27-247"} 1 3546.0 0.0 3579 1202 2389.375 8
stats: {sentpackets,"tsung_controller@ip-172-31-27-247"} 1 3422.0 0.0 3428 1216 2262.25 8
stats: {cpu,"tsung_controller@ip-172-31-27-247"} 1 9.901960784313726 0.0 17.44075829383886 2.2119370956580258 8.831726609603944 9
stats: session 174 31353.49508772225 18181.84122761941 89957.41796875 1292.699951171875 25249.66989103953 768
stats: users_count 225 1810
stats: finish_users_count 174 942
stats: request 558 1892.7011504361283 204.4374508835905 2277.969970703125 7.862060546875 225.58331466442007 3605
stats: connect 236 1.4253736592955508 2.749607908593295 141.4169921875 0.739013671875 1.7870603007344834 1587
stats: page 558 1892.7011504361283 204.4374508835905 2277.969970703125 7.862060546875 225.58331466442007 3605
stats: 302 176 941
stats: 200 382 3222
stats: size_rcv 2476340 19347163
stats: newphase 0 1
stats: size_sent 287353 1903593
stats: connected 37 814
# stats: dump at 1479686232
stats: users 963 963
stats: {freemem,"tsung_controller@ip-172-31-27-247"} 1 3015.6015625 0.0 3059.50390625 3015.6015625 3037.6359375 10
stats: {load,"tsung_controller@ip-172-31-27-247"} 1 0.140625 0.0 0.23046875 0.01171875 0.11171875 10
stats: {recvpackets,"tsung_controller@ip-172-31-27-247"} 1 3455.0 0.0 3579 1202 2517.8888888888887 9
stats: {sentpackets,"tsung_controller@ip-172-31-27-247"} 1 3353.0 0.0 3428 1216 2391.1111111111113 9
stats: {cpu,"tsung_controller@ip-172-31-27-247"} 1 9.86328125 0.0 17.44075829383886 2.2119370956580258 8.938750027074922 10
stats: session 153 35649.85056040645 20847.077638570605 101535.01586914063 1292.699951171875 26377.128048388568 942
stats: users_count 248 2058
stats: finish_users_count 153 1095
stats: request 548 2761.356730440237 249.38542553917472 3304.024169921875 7.862060546875 449.04037744621525 4163
stats: connect 256 1.3528671264648442 0.8912759010326382 141.4169921875 0.73291015625 1.7402374552163329 1823
stats: page 548 2761.356730440237 249.38542553917472 3304.024169921875 7.862060546875 449.04037744621525 4163
stats: 302 150 1091
stats: 200 398 3620
stats: size_rcv 2557832 21904995
stats: newphase 0 1
stats: size_sent 279341 2182934
stats: connected 92 906
# stats: dump at 1479686242
stats: users 1069 1070
stats: {freemem,"tsung_controller@ip-172-31-27-247"} 1 3011.0859375 0.0 3059.50390625 3011.0859375 3035.6328125 11
stats: {load,"tsung_controller@ip-172-31-27-247"} 1 0.19140625 0.0 0.23046875 0.01171875 0.11434659090909091 11
stats: {recvpackets,"tsung_controller@ip-172-31-27-247"} 1 3782.0 0.0 3782 1202 2611.6 10
stats: {sentpackets,"tsung_controller@ip-172-31-27-247"} 1 3456.0 0.0 3456 1216 2487.3 10
stats: {cpu,"tsung_controller@ip-172-31-27-247"} 1 21.161048689138575 0.0 21.161048689138575 2.2119370956580258 9.022798320068112 11
stats: session 132 44952.01930190578 24263.196926797962 115241.34008789063 1292.699951171875 27672.76872814997 1095
stats: users_count 238 2296
stats: finish_users_count 132 1227
stats: request 560 3908.6008558000835 479.9255280217689 4748.634033203125 7.862060546875 718.0171045616311 4711
stats: connect 254 1.729411448080709 2.440051214635725 141.4169921875 0.73291015625 1.6925381747159092 2079
stats: page 560 3908.6008558000835 479.9255280217689 4748.634033203125 7.862060546875 718.0171045616311 4711
stats: 302 132 1223
stats: 200 429 4049
stats: size_rcv 2681608 24586603
stats: newphase 0 1
stats: size_sent 296248 2479182
stats: connected 105 1011
# stats: dump at 1479686252
stats: users 1136 1137
stats: {freemem,"tsung_controller@ip-172-31-27-247"} 1 3004.3046875 0.0 3059.50390625 3004.3046875 3033.5872395833335 12
stats: {load,"tsung_controller@ip-172-31-27-247"} 1 0.16015625 0.0 0.23046875 0.01171875 0.12076822916666667 12
stats: {recvpackets,"tsung_controller@ip-172-31-27-247"} 1 3506.0 0.0 3782 1202 2718.0 11
stats: {sentpackets,"tsung_controller@ip-172-31-27-247"} 1 3314.0 0.0 3456 1216 2575.3636363636365 11
stats: {cpu,"tsung_controller@ip-172-31-27-247"} 1 11.411992263056092 0.0 21.161048689138575 2.2119370956580258 10.034319184157317 12
stats: session 167 43030.61486597118 20672.489554472402 115272.69409179688 1292.699951171875 29531.66121041221 1227
stats: users_count 234 2530
stats: finish_users_count 167 1394
stats: request 581 5049.197431607012 377.83199527304913 5699.088134765625 7.862060546875 1056.9901458618651 5271
stats: connect 263 1.5122432346126427 3.6146048025253084 141.4169921875 0.723876953125 1.6965526674011466 2333
stats: page 581 5049.197431607012 377.83199527304913 5699.088134765625 7.862060546875 1056.9901458618651 5271
stats: 302 170 1393
stats: 200 410 4459
stats: size_rcv 2632885 27219488
stats: newphase 0 1
stats: size_sent 301248 2780430
stats: connected 66 1077
# stats: dump at 1479686262
stats: users 1222 1222
stats: {freemem,"tsung_controller@ip-172-31-27-247"} 1 2996.0234375 0.0 3059.50390625 2996.0234375 3031.334735576923 13
stats: {load,"tsung_controller@ip-172-31-27-247"} 1 0.12890625 0.0 0.23046875 0.01171875 0.12379807692307693 13
stats: {recvpackets,"tsung_controller@ip-172-31-27-247"} 1 3482.0 0.0 3782 1202 2783.6666666666665 12
stats: {sentpackets,"tsung_controller@ip-172-31-27-247"} 1 3371.0 0.0 3456 1216 2636.9166666666665 12
stats: {cpu,"tsung_controller@ip-172-31-27-247"} 1 9.980430528375733 0.0 21.161048689138575 2.2119370956580258 10.1402940363803 13
stats: session 155 49615.09723884829 25781.870779499466 134635.07006835938 1292.699951171875 31148.82423801504 1394
stats: users_count 241 2771
stats: finish_users_count 155 1549
stats: request 564 6039.143793633642 234.8472675596642 6683.944091796875 7.862060546875 1453.3456538963715 5852
stats: connect 263 1.3278622935480047 1.3873784387969923 141.4169921875 0.723876953125 1.6778803327234206 2596
stats: page 564 6039.143793633642 234.8472675596642 6683.944091796875 7.862060546875 1453.3456538963715 5852
stats: 302 154 1547
stats: 200 410 4869
stats: size_rcv 2593520 29813008
stats: newphase 0 1
stats: size_sent 319608 3100038
stats: connected 79 1156
# stats: dump at 1479686272
stats: users 1263 1272
stats: {freemem,"tsung_controller@ip-172-31-27-247"} 1 2989.46484375 0.0 3059.50390625 2989.46484375 3028.8125 14
stats: {load,"tsung_controller@ip-172-31-27-247"} 1 0.109375 0.0 0.23046875 0.01171875 0.12416294642857142 14
stats: {recvpackets,"tsung_controller@ip-172-31-27-247"} 1 3612.0 0.0 3782 1202 2837.3846153846152 13
stats: {sentpackets,"tsung_controller@ip-172-31-27-247"} 1 3433.0 0.0 3456 1216 2693.3846153846152 13
stats: {cpu,"tsung_controller@ip-172-31-27-247"} 1 10.263929618768328 0.0 21.161048689138575 2.2119370956580258 10.128875214379974 14
stats: session 177 47539.35405632062 21841.612291740716 145063.3359375 1292.699951171875 32996.64367967363 1549
stats: users_count 218 2989
stats: finish_users_count 177 1726
stats: request 565 7483.7532585211575 661.0574218291845 8507.967041015625 4.14794921875 1856.461325781007 6416
stats: connect 245 1.2777343749999996 0.3450256129587054 141.4169921875 0.723876953125 1.6456821010678997 2859
stats: page 565 7483.7532585211575 661.0574218291845 8507.967041015625 4.14794921875 1856.461325781007 6416
stats: 302 172 1719
stats: 504 1 1
stats: 200 393 5262
stats: size_rcv 2472608 32285616
stats: newphase 0 1
stats: size_sent 302680 3402718
stats: connected 49 1205
# stats: dump at 1479686282
stats: users 1295 1300
stats: {freemem,"tsung_controller@ip-172-31-27-247"} 1 2986.30078125 0.0 3059.50390625 2986.30078125 3026.1893229166667 15
stats: {load,"tsung_controller@ip-172-31-27-247"} 1 0.1015625 0.0 0.23046875 0.01171875 0.12317708333333334 15
stats: {recvpackets,"tsung_controller@ip-172-31-27-247"} 1 3687.0 0.0 3782 1202 2892.714285714286 14
stats: {sentpackets,"tsung_controller@ip-172-31-27-247"} 1 3607.0 0.0 3607 1216 2746.214285714286 14
stats: {cpu,"tsung_controller@ip-172-31-27-247"} 1 9.970674486803519 0.0 21.161048689138575 2.2119370956580258 10.137878841339196 15
stats: session 216 54205.53172810874 25402.386540699536 150699.7470703125 1292.699951171875 34487.987675424796 1726
stats: users_count 248 3237
stats: finish_users_count 216 1942
stats: request 663 6986.444149978203 3528.0083384135582 9622.083984375 0.87890625 2311.9003663193516 6981
stats: connect 273 1.322337168040293 0.8929682429135181 141.4169921875 0.720947265625 1.6166398353183393 3104
stats: page 663 6986.444149978203 3528.0083384135582 9622.083984375 0.87890625 2311.9003663193516 6981
stats: 302 172 1891
stats: 504 97 98
stats: 200 356 5618
stats: size_rcv 2053431 34339047
stats: newphase 0 1
stats: size_sent 319012 3721730
stats: connected 29 1234
stats: 500 37 37
# stats: dump at 1479686292
stats: users 1338 1340
stats: {freemem,"tsung_controller@ip-172-31-27-247"} 1 2985.22265625 0.0 3059.50390625 2985.22265625 3023.6962890625 16
stats: {load,"tsung_controller@ip-172-31-27-247"} 1 0.078125 0.0 0.23046875 0.01171875 0.121826171875 16
stats: {recvpackets,"tsung_controller@ip-172-31-27-247"} 1 4623.0 0.0 4623 1202 2945.6666666666665 15
stats: {sentpackets,"tsung_controller@ip-172-31-27-247"} 1 4501.0 0.0 4501 1216 2803.6 15
stats: {cpu,"tsung_controller@ip-172-31-27-247"} 1 21.46204311152765 0.0 21.46204311152765 2.2119370956580258 10.127428569180717 16
stats: session 203 54804.66967653171 24971.662702367918 150699.7470703125 1292.699951171875 36681.0821735606 1942
stats: users_count 246 3483
stats: finish_users_count 203 2145
stats: request 642 7905.870627144787 4020.6903905564864 10180.781982421875 0.783935546875 2717.3454904122113 7644
stats: connect 266 1.3393270162711475 0.7795233122675508 141.4169921875 0.720947265625 1.592848118360416 3377
stats: page 642 7905.870627144787 4020.6903905564864 10180.781982421875 0.783935546875 2717.3454904122113 7644
stats: 302 147 2038
stats: 504 94 192
stats: 200 353 5971
stats: size_rcv 2040970 36380017
stats: newphase 0 1
stats: 422 10 10
stats: size_sent 289542 4011272
stats: connected 34 1268
stats: 500 38 75
# stats: dump at 1479686302
stats: users 1394 1394
stats: {freemem,"tsung_controller@ip-172-31-27-247"} 1 2984.48046875 0.0 3059.50390625 2984.48046875 3021.4331341911766 17
stats: {load,"tsung_controller@ip-172-31-27-247"} 1 0.0703125 0.0 0.23046875 0.01171875 0.11925551470588236 17
stats: {recvpackets,"tsung_controller@ip-172-31-27-247"} 1 4510.0 0.0 4623 1202 3050.5 16
stats: {sentpackets,"tsung_controller@ip-172-31-27-247"} 1 4429.0 0.0 4501 1216 2909.6875 16
stats: {cpu,"tsung_controller@ip-172-31-27-247"} 1 10.675808031341822 0.0 21.46204311152765 2.2119370956580258 10.79417060108348 17
stats: session 194 53533.72168975516 22283.448188155347 150699.7470703125 1292.699951171875 38396.274837011944 2145
stats: users_count 250 3733
stats: finish_users_count 194 2339
stats: request 711 7047.207507513076 4466.342827282465 10220.342041015625 0.68701171875 3119.352868855648 8286
stats: connect 273 3.1612061441163006 12.705169453708416 141.4169921875 0.720947265625 1.574336832838663 3643
stats: page 711 7047.207507513076 4466.342827282465 10220.342041015625 0.68701171875 3119.352868855648 8286
stats: 302 128 2166
stats: 504 150 342
stats: 200 365 6336
stats: size_rcv 2147380 38527397
stats: newphase 0 1
stats: 422 15 25
stats: size_sent 325401 4336673
stats: connected 48 1316
stats: 500 54 129
# stats: dump at 1479686312
stats: users 1328 1397
stats: {freemem,"tsung_controller@ip-172-31-27-247"} 1 2984.109375 0.0 3059.50390625 2984.109375 3019.3802083333335 18
stats: {load,"tsung_controller@ip-172-31-27-247"} 1 0.05859375 0.0 0.23046875 0.01171875 0.11653645833333333 18
stats: {recvpackets,"tsung_controller@ip-172-31-27-247"} 1 4563.0 0.0 4623 1202 3136.3529411764707 17
stats: {sentpackets,"tsung_controller@ip-172-31-27-247"} 1 4443.0 0.0 4501 1216 2999.0588235294117 17
stats: {cpu,"tsung_controller@ip-172-31-27-247"} 1 10.980392156862745 0.0 21.46204311152765 2.2119370956580258 10.787594902764498 18
stats: session 197 58479.345941069165 29330.188328901346 171002.53491210938 1292.699951171875 39651.79629465717 2339
stats: users_count 131 3864
stats: finish_users_count 197 2536
stats: request 617 8523.184689019456 3220.447321802385 10220.342041015625 0.68701171875 3429.756853304401 8997
stats: connect 163 1.686960793711657 4.531176637819003 141.4169921875 0.720947265625 1.6849638302796222 3916
stats: page 617 8523.184689019456 3220.447321802385 10220.342041015625 0.68701171875 3429.756853304401 8997
stats: 302 145 2311
stats: 504 60 402
stats: 200 366 6702
stats: size_rcv 2162338 40689735
stats: newphase 1 2
stats: 422 28 53
stats: size_sent 307659 4644332
stats: connected -61 1255
stats: 500 17 146
# stats: dump at 1479686322
stats: users 1268 1397
stats: {freemem,"tsung_controller@ip-172-31-27-247"} 1 2983.41015625 0.0 3059.50390625 2983.41015625 3017.5238486842104 19
stats: {load,"tsung_controller@ip-172-31-27-247"} 1 0.05078125 0.0 0.23046875 0.01171875 0.11348684210526316 19
stats: {recvpackets,"tsung_controller@ip-172-31-27-247"} 1 3714.0 0.0 4623 1202 3215.6111111111113 18
stats: {sentpackets,"tsung_controller@ip-172-31-27-247"} 1 3510.0 0.0 4501 1216 3079.277777777778 18
stats: {cpu,"tsung_controller@ip-172-31-27-247"} 1 8.635917566241414 0.0 21.46204311152765 2.2119370956580258 10.797742126664405 19
stats: session 208 57535.14659705529 23163.995449869213 171002.53491210938 1292.699951171875 41114.34648406693 2536
stats: users_count 148 4012
stats: finish_users_count 208 2744
stats: request 597 8891.755829113006 377.7246463122 10220.342041015625 0.68701171875 3756.639001695933 9614
stats: connect 166 1.2364840220256024 0.28442664730671835 141.4169921875 0.720947265625 1.685043630485413 4079
stats: page 597 8891.755829113006 377.7246463122 10220.342041015625 0.68701171875 3756.639001695933 9614
stats: 302 170 2481
stats: 504 0 402
stats: 200 389 7091
stats: size_rcv 2433306 43123041
stats: newphase 0 2
stats: 422 38 91
stats: size_sent 259532 4903864
stats: connected -71 1184
stats: 500 0 146
# stats: dump at 1479686332
stats: users 1163 1397
stats: {freemem,"tsung_controller@ip-172-31-27-247"} 1 2983.04296875 0.0 3059.50390625 2983.04296875 3015.8181640625 20
stats: {load,"tsung_controller@ip-172-31-27-247"} 1 0.12109375 0.0 0.23046875 0.01171875 0.1103515625 20
stats: {recvpackets,"tsung_controller@ip-172-31-27-247"} 1 3093.0 0.0 4623 1202 3241.842105263158 19
stats: {sentpackets,"tsung_controller@ip-172-31-27-247"} 1 2935.0 0.0 4501 1216 3101.9473684210525 19
stats: {cpu,"tsung_controller@ip-172-31-27-247"} 1 8.431372549019608 0.0 21.46204311152765 2.2119370956580258 10.689650898643254 20
stats: session 231 56960.56811206372 23832.3207842258 171002.53491210938 1292.699951171875 42359.07185706313 2744
stats: users_count 126 4138
stats: finish_users_count 231 2975
stats: request 583 7804.453766130872 524.9137103013372 10220.342041015625 0.68701171875 4056.870589784073 10211
stats: connect 151 1.2824302824917213 0.2888458166711165 141.4169921875 0.720947265625 1.6675027836057126 4245
stats: page 583 7804.453766130872 524.9137103013372 10220.342041015625 0.68701171875 4056.870589784073 10211
stats: 302 201 2682
stats: 504 0 402
stats: 200 355 7446
stats: size_rcv 2317555 45440596
stats: newphase 0 2
stats: 422 27 118
stats: size_sent 298733 5202597
stats: connected -103 1081
stats: 500 0 146
# stats: dump at 1479686342
stats: users 1045 1397
stats: {freemem,"tsung_controller@ip-172-31-27-247"} 1 2982.671875 0.0 3059.50390625 2982.671875 3014.2574404761904 21
stats: {load,"tsung_controller@ip-172-31-27-247"} 1 0.1015625 0.0 0.23046875 0.01171875 0.11086309523809523 21
stats: {recvpackets,"tsung_controller@ip-172-31-27-247"} 1 3255.0 0.0 4623 1202 3234.4 20
stats: {sentpackets,"tsung_controller@ip-172-31-27-247"} 1 3160.0 0.0 4501 1216 3093.6 20
stats: {cpu,"tsung_controller@ip-172-31-27-247"} 1 9.320388349514563 0.0 21.46204311152765 2.2119370956580258 10.58211383437546 21
stats: session 255 59559.285318053 25958.08597089097 171002.53491210938 1292.699951171875 43492.8350956867 2975
stats: users_count 137 4275
stats: finish_users_count 255 3230
stats: request 571 6429.285308036204 455.690082385921 10220.342041015625 0.68701171875 4259.283133031265 10794
stats: connect 154 2.5701856737012987 7.911495491589682 141.4169921875 0.720947265625 1.654275770942334 4396
stats: page 571 6429.285308036204 455.690082385921 10220.342041015625 0.68701171875 4259.283133031265 10794
stats: 302 231 2913
stats: 504 0 402
stats: 200 321 7767
stats: size_rcv 2142275 47582871
stats: newphase 0 2
stats: 422 19 137
stats: size_sent 248961 5451558
stats: connected -126 955
stats: 500 0 146
# stats: dump at 1479686352
stats: users 977 1397
stats: {freemem,"tsung_controller@ip-172-31-27-247"} 1 2982.5234375 0.0 3059.50390625 2982.5234375 3012.8217329545455 22
stats: {load,"tsung_controller@ip-172-31-27-247"} 1 0.078125 0.0 0.23046875 0.01171875 0.11044034090909091 22
stats: {recvpackets,"tsung_controller@ip-172-31-27-247"} 1 3175.0 0.0 4623 1202 3235.3809523809523 21
stats: {sentpackets,"tsung_controller@ip-172-31-27-247"} 1 2944.0 0.0 4501 1216 3096.7619047619046 21
stats: {cpu,"tsung_controller@ip-172-31-27-247"} 1 18.602455146364495 0.0 21.46204311152765 2.2119370956580258 10.524762675972694 22
stats: session 217 57055.42564736643 25977.299046437824 180418.15209960938 1292.699951171875 44761.23906061036 3230
stats: users_count 149 4424
stats: finish_users_count 217 3447
stats: request 581 4722.99153029529 637.6526721065097 10220.342041015625 0.68701171875 4368.3083192985605 11365
stats: connect 172 1.314671716024709 0.3129618459499919 141.4169921875 0.7109375 1.6852757984203297 4550
stats: page 581 4722.99153029529 637.6526721065097 10220.342041015625 0.68701171875 4368.3083192985605 11365
stats: 302 201 3114
stats: 504 0 402
stats: 200 364 8131
stats: size_rcv 2351468 49934339
stats: newphase 0 2
stats: 422 16 153
stats: size_sent 244564 5696122
stats: connected -75 880
stats: 500 0 146
# stats: dump at 1479686362
stats: users 909 1397
stats: {freemem,"tsung_controller@ip-172-31-27-247"} 1 2982.546875 0.0 3059.50390625 2982.5234375 3011.5044157608695 23
stats: {load,"tsung_controller@ip-172-31-27-247"} 1 0.0703125 0.0 0.23046875 0.01171875 0.10903532608695653 23
stats: {recvpackets,"tsung_controller@ip-172-31-27-247"} 1 3106.0 0.0 4623 1202 3232.6363636363635 22
stats: {sentpackets,"tsung_controller@ip-172-31-27-247"} 1 2992.0 0.0 4501 1216 3089.818181818182 22
stats: {cpu,"tsung_controller@ip-172-31-27-247"} 1 8.185404339250493 0.0 21.46204311152765 2.2119370956580258 10.875966696424511 23
stats: session 230 61391.49305048404 35212.007758038395 229911.166015625 1292.699951171875 45535.19858753988 3447
stats: users_count 162 4586
stats: finish_users_count 230 3677
stats: request 571 3122.076788853847 294.35468614133947 10220.342041015625 0.68701171875 4385.558524018894 11946
stats: connect 201 1.909706836909204 2.2072884075820287 141.4169921875 0.7109375 1.6717764544618277 4722
stats: page 571 3122.076788853847 294.35468614133947 10220.342041015625 0.68701171875 4385.558524018894 11946
stats: 302 221 3335
stats: 504 0 402
stats: 200 340 8471
stats: size_rcv 2284872 52219211
stats: newphase 0 2
stats: 422 10 163
stats: size_sent 282828 5978950
stats: connected -62 818
stats: 500 0 146
# stats: dump at 1479686372
stats: users 675 1397
stats: {freemem,"tsung_controller@ip-172-31-27-247"} 1 2982.59765625 0.0 3059.50390625 2982.5234375 3010.2978515625 24
stats: {load,"tsung_controller@ip-172-31-27-247"} 1 0.05859375 0.0 0.23046875 0.01171875 0.107421875 24
stats: {recvpackets,"tsung_controller@ip-172-31-27-247"} 1 3035.0 0.0 4623 1202 3227.1304347826085 23
stats: {sentpackets,"tsung_controller@ip-172-31-27-247"} 1 2858.0 0.0 4501 1216 3085.5652173913045 23
stats: {cpu,"tsung_controller@ip-172-31-27-247"} 1 7.866273352999016 0.0 21.46204311152765 2.2119370956580258 10.763859931542262 24
stats: session 240 57715.98763936361 33658.516624610136 229911.166015625 1292.699951171875 46527.02554605964 3677
stats: users_count 6 4592
stats: finish_users_count 240 3917
stats: request 504 1601.611051044766 1108.824527830447 10220.342041015625 0.68701171875 4327.921065300412 12517
stats: connect 35 3.023890904017857 9.582850269248059 141.4169921875 0.7109375 1.6814908576452365 4923
stats: page 504 1601.611051044766 1108.824527830447 10220.342041015625 0.68701171875 4327.921065300412 12517
stats: 302 232 3567
stats: 504 0 402
stats: 200 263 8734
stats: size_rcv 1664747 53883958
stats: newphase 0 2
stats: 422 9 172
stats: size_sent 229087 6208037
stats: connected -236 582
stats: 500 0 146
# stats: dump at 1479686382
stats: users 483 1397
stats: {freemem,"tsung_controller@ip-172-31-27-247"} 1 2982.625 0.0 3059.50390625 2982.5234375 3009.18984375 25
stats: {load,"tsung_controller@ip-172-31-27-247"} 1 0.05078125 0.0 0.23046875 0.01171875 0.10546875 25
stats: {recvpackets,"tsung_controller@ip-172-31-27-247"} 1 1517.0 0.0 4623 1202 3219.125 24
stats: {sentpackets,"tsung_controller@ip-172-31-27-247"} 1 1582.0 0.0 4501 1216 3076.0833333333335 24
stats: {cpu,"tsung_controller@ip-172-31-27-247"} 1 4.051383399209486 0.0 21.46204311152765 2.2119370956580258 10.647956468400531 25
stats: session 192 58643.95314788818 37477.498993000016 229911.166015625 1292.699951171875 47212.58870725263 3917
stats: users_count 0 4592
stats: finish_users_count 192 4109
stats: request 235 28.77204953457447 26.781319773982375 10220.342041015625 0.68701171875 4222.3945890555115 13021
stats: connect 37 1.5020455025337838 0.7588581012294296 141.4169921875 0.7109375 1.690967259747504 4958
stats: page 235 28.77204953457447 26.781319773982375 10220.342041015625 0.68701171875 4222.3945890555115 13021
stats: 302 181 3748
stats: 504 0 402
stats: 200 49 8783
stats: size_rcv 442759 54326717
stats: newphase 0 2
stats: 422 5 177
stats: size_sent 171673 6379710
stats: connected -186 396
stats: 500 0 146
# stats: dump at 1479686392
stats: users 339 1397
stats: {freemem,"tsung_controller@ip-172-31-27-247"} 1 2983.0390625 0.0 3059.50390625 2982.5234375 3008.1681189903848 26
stats: {load,"tsung_controller@ip-172-31-27-247"} 1 0.0390625 0.0 0.23046875 0.01171875 0.10336538461538461 26
stats: {recvpackets,"tsung_controller@ip-172-31-27-247"} 1 801.0 0.0 4623 801 3151.04 25
stats: {sentpackets,"tsung_controller@ip-172-31-27-247"} 1 985.0 0.0 4501 985 3016.32 25
stats: {cpu,"tsung_controller@ip-172-31-27-247"} 1 3.2544378698224854 0.0 21.46204311152765 2.2119370956580258 10.394242119585492 26
stats: session 144 61560.75207180447 35159.218086026274 247565.90502929688 1292.699951171875 47746.738615405964 4109
stats: users_count 0 4592
stats: finish_users_count 144 4253
stats: request 169 245.97651627218934 434.2259083091164 10220.342041015625 0.68701171875 4148.050797807215 13256
stats: connect 31 1.4465095766129032 0.30366561423164623 141.4169921875 0.7109375 1.6895678393236988 4995
stats: page 169 245.97651627218934 434.2259083091164 10220.342041015625 0.68701171875 4148.050797807215 13256
stats: 302 153 3901
stats: 504 0 402
stats: 200 14 8797
stats: size_rcv 232820 54559537
stats: newphase 0 2
stats: 422 2 179
stats: size_sent 127449 6507159
stats: connected -145 251
stats: 500 0 146
# stats: dump at 1479686402
stats: users 245 1397
stats: {freemem,"tsung_controller@ip-172-31-27-247"} 1 2983.078125 0.0 3059.50390625 2982.5234375 3007.2374131944443 27
stats: {load,"tsung_controller@ip-172-31-27-247"} 1 0.0390625 0.0 0.23046875 0.01171875 0.1009837962962963 27
stats: {recvpackets,"tsung_controller@ip-172-31-27-247"} 1 642.0 0.0 4623 642 3060.653846153846 26
stats: {sentpackets,"tsung_controller@ip-172-31-27-247"} 1 787.0 0.0 4501 787 2938.1923076923076 26
stats: {cpu,"tsung_controller@ip-172-31-27-247"} 1 13.757115749525617 0.0 21.46204311152765 2.2119370956580258 10.129804925149825 27
stats: session 94 69227.09624335097 34060.03288116748 247565.90502929688 1292.699951171875 48214.45973878273 4253
stats: users_count 0 4592
stats: finish_users_count 94 4347
stats: request 99 20.33677842881944 13.740934420380105 10220.342041015625 0.68701171875 4098.929713741709 13425
stats: connect 25 1.70748046875 1.5800496286130732 141.4169921875 0.7109375 1.6880686737558446 5026
stats: page 99 20.33677842881944 13.740934420380105 10220.342041015625 0.68701171875 4098.929713741709 13425
stats: 302 84 3985
stats: 504 0 402
stats: 200 8 8805
stats: size_rcv 137836 54697373
stats: newphase 0 2
stats: 422 7 186
stats: size_sent 76088 6583247
stats: connected -87 164
stats: 500 0 146
# stats: dump at 1479686412
stats: users 169 1397
stats: {freemem,"tsung_controller@ip-172-31-27-247"} 1 2992.13671875 0.0 3059.50390625 2982.5234375 3006.374581473214 28
stats: {load,"tsung_controller@ip-172-31-27-247"} 1 0.03125 0.0 0.23046875 0.01171875 0.09877232142857142 28
stats: {recvpackets,"tsung_controller@ip-172-31-27-247"} 1 558.0 0.0 4623 558 2971.074074074074 27
stats: {sentpackets,"tsung_controller@ip-172-31-27-247"} 1 597.0 0.0 4501 597 2858.5185185185187 27
stats: {cpu,"tsung_controller@ip-172-31-27-247"} 1 1.6848364717542121 0.0 21.46204311152765 1.6848364717542121 10.259351740306103 28
stats: session 76 84414.99624151933 37058.09064932022 247565.90502929688 1292.699951171875 48668.83927212283 4347
stats: users_count 0 4592
stats: finish_users_count 76 4423
stats: request 75 22.699612630208332 13.038416769108665 10220.342041015625 0.68701171875 4069.073110621628 13524
stats: connect 24 1.9635416666666679 1.6546330906599083 141.4169921875 0.7109375 1.6881647527253267 5051
stats: page 75 22.699612630208332 13.038416769108665 10220.342041015625 0.68701171875 4069.073110621628 13524
stats: 302 73 4058
stats: 504 0 402
stats: 200 1 8806
stats: size_rcv 83783 54781156
stats: newphase 0 2
stats: 422 1 187
stats: size_sent 56898 6640145
stats: connected -73 91
stats: 500 0 146
# stats: dump at 1479686422
stats: users 112 1397
stats: {freemem,"tsung_controller@ip-172-31-27-247"} 1 2992.49609375 0.0 3059.50390625 2982.5234375 3005.8836206896553 29
stats: {load,"tsung_controller@ip-172-31-27-247"} 1 0.01953125 0.0 0.23046875 0.01171875 0.09644396551724138 29
stats: {recvpackets,"tsung_controller@ip-172-31-27-247"} 1 297.0 0.0 4623 297 2884.8928571428573 28
stats: {sentpackets,"tsung_controller@ip-172-31-27-247"} 1 363.0 0.0 4501 363 2777.75 28
stats: {cpu,"tsung_controller@ip-172-31-27-247"} 1 1.7769002961500493 0.0 21.46204311152765 1.6848364717542121 9.96367880001121 29
stats: session 57 96875.3819858484 36779.19348322789 247565.90502929688 1292.699951171875 49283.06218183889 4423
stats: users_count 0 4592
stats: finish_users_count 57 4480
stats: request 64 20.227584838867188 15.769665114399139 10220.342041015625 0.68701171875 4046.756909992953 13599
stats: connect 32 1.5509490966796875 0.7482312710669444 141.4169921875 0.7109375 1.68946702778633 5075
stats: page 64 20.227584838867188 15.769665114399139 10220.342041015625 0.68701171875 4046.756909992953 13599
stats: 302 62 4120
stats: 504 0 402
stats: 200 1 8807
stats: size_rcv 73013 54854169
stats: newphase 0 2
stats: 422 1 188
stats: size_sent 49791 6689936
stats: connected -48 43
stats: 500 0 146
# stats: dump at 1479686432
stats: users 80 1397
stats: {freemem,"tsung_controller@ip-172-31-27-247"} 1 2993.23046875 0.0 3059.50390625 2982.5234375 3005.4373697916667 30
stats: {load,"tsung_controller@ip-172-31-27-247"} 1 0.01953125 0.0 0.23046875 0.01171875 0.09388020833333334 30
stats: {recvpackets,"tsung_controller@ip-172-31-27-247"} 1 240.0 0.0 4623 240 2795.655172413793 29
stats: {sentpackets,"tsung_controller@ip-172-31-27-247"} 1 308.0 0.0 4501 308 2694.4827586206898 29
stats: {cpu,"tsung_controller@ip-172-31-27-247"} 1 1.4822134387351777 0.0 21.46204311152765 1.4822134387351777 9.69078618321584 30
stats: session 32 111972.29675292969 44158.039490842806 247565.90502929688 1292.699951171875 49888.589465059544 4480
stats: users_count 0 4592
stats: finish_users_count 32 4512
stats: request 33 26.714111328125004 26.63547101147898 10220.342041015625 0.68701171875 4027.8959075183966 13663
stats: connect 19 2.8028371710526314 6.09223008361309 141.4169921875 0.7109375 1.6885990869609115 5107
stats: page 33 26.714111328125004 26.63547101147898 10220.342041015625 0.68701171875 4027.8959075183966 13663
stats: 302 31 4151
stats: 504 0 402
stats: 200 1 8808
stats: size_rcv 31288 54885457
stats: newphase 0 2
stats: 422 1 189
stats: size_sent 25522 6715458
stats: connected -30 13
stats: 500 0 146
# stats: dump at 1479686442
stats: users 56 1397
stats: {freemem,"tsung_controller@ip-172-31-27-247"} 1 2993.93359375 0.0 3059.50390625 2982.5234375 3005.0435987903224 31
stats: {load,"tsung_controller@ip-172-31-27-247"} 1 0.01953125 0.0 0.23046875 0.01171875 0.09148185483870967 31
stats: {recvpackets,"tsung_controller@ip-172-31-27-247"} 1 154.0 0.0 4623 154 2710.4666666666667 30
stats: {sentpackets,"tsung_controller@ip-172-31-27-247"} 1 197.0 0.0 4501 197 2614.9333333333334 30
stats: {cpu,"tsung_controller@ip-172-31-27-247"} 1 1.089108910891089 0.0 21.46204311152765 1.089108910891089 9.425993514039044 31
stats: session 24 107950.5586751302 26181.81173961717 247565.90502929688 1292.699951171875 50328.89944582458 4512
stats: users_count 0 4592
stats: finish_users_count 24 4536
stats: request 24 21.58673095703125 6.784419611168893 10220.342041015625 0.68701171875 4018.2552095573656 13696
stats: connect 21 1.4675176711309523 0.25686973476428504 141.4169921875 0.7109375 1.6927291149745172 5126
stats: page 24 21.58673095703125 6.784419611168893 10220.342041015625 0.68701171875 4018.2552095573656 13696
stats: 302 24 4175
stats: 504 0 402
stats: 200 0 8808
stats: size_rcv 25872 54911329
stats: newphase 0 2
stats: 422 0 189
stats: size_sent 18790 6734248
stats: connected -7 6
stats: 500 0 146
# stats: dump at 1479686452
stats: users 39 1397
stats: {freemem,"tsung_controller@ip-172-31-27-247"} 1 2994.07421875 0.0 3059.50390625 2982.5234375 3004.6964111328125 32
stats: {load,"tsung_controller@ip-172-31-27-247"} 1 0.01171875 0.0 0.23046875 0.01171875 0.0892333984375 32
stats: {recvpackets,"tsung_controller@ip-172-31-27-247"} 1 109.0 0.0 4623 109 2628.0 31
stats: {sentpackets,"tsung_controller@ip-172-31-27-247"} 1 146.0 0.0 4501 146 2536.935483870968 31
stats: {cpu,"tsung_controller@ip-172-31-27-247"} 1 1.0880316518298714 0.0 21.46204311152765 1.0880316518298714 9.16546587019067 32
stats: session 17 130233.02751608456 34985.48852648175 247565.90502929688 1292.699951171875 50633.775949683346 4536
stats: users_count 0 4592
stats: finish_users_count 17 4553
stats: request 16 27.665878295898438 35.65530455822875 10220.342041015625 0.68701171875 4011.2639527434876 13720
stats: connect 16 1.426177978515625 0.2758185784874675 141.4169921875 0.7109375 1.6918102417822276 5147
stats: page 16 27.665878295898438 35.65530455822875 10220.342041015625 0.68701171875 4011.2639527434876 13720
stats: 302 16 4191
stats: 504 0 402
stats: 200 0 8808
stats: size_rcv 17248 54928577
stats: newphase 0 2
stats: 422 0 189
stats: size_sent 12552 6746800
stats: connected -2 4
stats: 500 0 146
# stats: dump at 1479686462
stats: users 30 1397
stats: {freemem,"tsung_controller@ip-172-31-27-247"} 1 2994.5546875 0.0 3059.50390625 2982.5234375 3004.3745265151515 33
stats: {load,"tsung_controller@ip-172-31-27-247"} 1 0.01171875 0.0 0.23046875 0.01171875 0.0868844696969697 33
stats: {recvpackets,"tsung_controller@ip-172-31-27-247"} 1 61.0 0.0 4623 61 2549.28125 32
stats: {sentpackets,"tsung_controller@ip-172-31-27-247"} 1 80.0 0.0 4501 80 2462.21875 32
stats: {cpu,"tsung_controller@ip-172-31-27-247"} 1 1.1822660098522169 0.0 21.46204311152765 1.0880316518298714 8.92069513630095 33
stats: session 9 122641.78721788194 22563.190104867568 247565.90502929688 1292.699951171875 50930.983785534176 4553
stats: users_count 0 4592
stats: finish_users_count 9 4562
stats: request 10 20.4547607421875 6.456886526240953 10220.342041015625 0.68701171875 4006.6237686148356 13736
stats: connect 10 1.3982666015625 0.303592456141457 141.4169921875 0.7109375 1.690987054446906 5163
stats: page 10 20.4547607421875 6.456886526240953 10220.342041015625 0.68701171875 4006.6237686148356 13736
stats: 302 10 4201
stats: 504 0 402
stats: 200 0 8808
stats: size_rcv 10780 54939357
stats: newphase 0 2
stats: 422 0 189
stats: size_sent 7840 6754640
stats: connected -3 1
stats: 500 0 146
# stats: dump at 1479686472
stats: users 17 1397
stats: {freemem,"tsung_controller@ip-172-31-27-247"} 1 2994.78515625 0.0 3059.50390625 2982.5234375 3004.0857077205883 34
stats: {load,"tsung_controller@ip-172-31-27-247"} 1 0.01171875 0.0 0.23046875 0.01171875 0.08467371323529412 34
stats: {recvpackets,"tsung_controller@ip-172-31-27-247"} 1 66.0 0.0 4623 61 2473.878787878788 33
stats: {sentpackets,"tsung_controller@ip-172-31-27-247"} 1 90.0 0.0 4501 80 2390.030303030303 33
stats: {cpu,"tsung_controller@ip-172-31-27-247"} 1 1.0880316518298714 0.0 21.46204311152765 1.0880316518298714 8.693094279640693 34
stats: session 13 143696.69927509016 29658.024368210426 247565.90502929688 1292.699951171875 51072.456216680854 4562
stats: users_count 0 4592
stats: finish_users_count 13 4575
stats: request 13 24.23358623798077 20.76169909921308 10220.342041015625 0.68701171875 4003.723893008934 13746
stats: connect 13 1.5277569110576923 0.2589167244360025 141.4169921875 0.7109375 1.6904211923690315 5173
stats: page 13 24.23358623798077 20.76169909921308 10220.342041015625 0.68701171875 4003.723893008934 13746
stats: 302 13 4214
stats: 504 0 402
stats: 200 0 8808
stats: size_rcv 14014 54953371
stats: newphase 0 2
stats: 422 0 189
stats: size_sent 10193 6764833
stats: connected 0 1
stats: 500 0 146
# stats: dump at 1479686482
stats: users 14 1397
stats: {freemem,"tsung_controller@ip-172-31-27-247"} 1 2994.796875 0.0 3059.50390625 2982.5234375 3003.8199776785714 35
stats: {load,"tsung_controller@ip-172-31-27-247"} 1 0.01171875 0.0 0.23046875 0.01171875 0.08258928571428571 35
stats: {recvpackets,"tsung_controller@ip-172-31-27-247"} 1 34.0 0.0 4623 34 2403.0588235294117 34
stats: {sentpackets,"tsung_controller@ip-172-31-27-247"} 1 46.0 0.0 4501 46 2322.3823529411766 34
stats: {cpu,"tsung_controller@ip-172-31-27-247"} 1 0.9871668311944718 0.0 21.46204311152765 0.9871668311944718 8.475806775988955 35
stats: session 3 135035.93391927084 2089.9968244831284 247565.90502929688 1292.699951171875 51335.650787120045 4575
stats: users_count 0 4592
stats: finish_users_count 3 4578
stats: request 3 20.871988932291668 8.032540561113088 10220.342041015625 0.68701171875 3999.963926878545 13759
stats: connect 3 1.3966471354166667 0.2362145465350611 141.4169921875 0.7109375 1.6900134338543675 5186
stats: page 3 20.871988932291668 8.032540561113088 10220.342041015625 0.68701171875 3999.963926878545 13759
stats: 302 3 4217
stats: 504 0 402
stats: 200 0 8808
stats: size_rcv 2311 54955682
stats: newphase 0 2
stats: 422 0 189
stats: size_sent 2355 6767188
stats: connected -1 0
stats: 500 0 146
# stats: dump at 1479686492
stats: users 10 1397
stats: {freemem,"tsung_controller@ip-172-31-27-247"} 1 3004.859375 0.0 3059.50390625 2982.5234375 3003.5693359375 36
stats: {load,"tsung_controller@ip-172-31-27-247"} 1 0.078125 0.0 0.23046875 0.01171875 0.08062065972222222 36
stats: {recvpackets,"tsung_controller@ip-172-31-27-247"} 1 252.0 0.0 4623 34 2335.3714285714286 35
stats: {sentpackets,"tsung_controller@ip-172-31-27-247"} 1 222.0 0.0 4501 46 2257.342857142857 35
stats: {cpu,"tsung_controller@ip-172-31-27-247"} 1 13.022813688212928 0.0 21.46204311152765 0.9871668311944718 8.267788999744663 36
stats: session 4 176598.79071044922 18751.759440667567 247565.90502929688 1292.699951171875 51390.50025182001 4578
stats: users_count 0 4592
stats: finish_users_count 4 4582
stats: request 4 28.42083740234375 9.92132978424403 10220.342041015625 0.68701171875 3999.096518375868 13762
stats: connect 4 8.15826416015625 11.43149363258527 141.4169921875 0.7109375 1.6898438252794372 5189
stats: page 4 28.42083740234375 9.92132978424403 10220.342041015625 0.68701171875 3999.096518375868 13762
stats: 302 4 4221
stats: 504 0 402
stats: 200 0 8808
stats: size_rcv 4312 54959994
stats: newphase 0 2
stats: 422 0 189
stats: size_sent 3134 6770322
stats: connected 0 0
stats: 500 0 146
# stats: dump at 1479686502
stats: users 6 1397
stats: {freemem,"tsung_controller@ip-172-31-27-247"} 1 3005.05078125 0.0 3059.50390625 2982.5234375 3003.604201858108 37
stats: {load,"tsung_controller@ip-172-31-27-247"} 1 0.0703125 0.0 0.23046875 0.01171875 0.08055320945945946 37
stats: {recvpackets,"tsung_controller@ip-172-31-27-247"} 1 164.0 0.0 4623 34 2277.5 36
stats: {sentpackets,"tsung_controller@ip-172-31-27-247"} 1 133.0 0.0 4501 46 2200.8055555555557 36
stats: {cpu,"tsung_controller@ip-172-31-27-247"} 1 1.0848126232741617 0.0 21.46204311152765 0.9871668311944718 8.396303180514076 37
stats: session 4 173668.61126708984 40112.6743630347 247565.90502929688 1292.699951171875 51499.80473934392 4582
stats: users_count 0 4592
stats: finish_users_count 4 4586
stats: request 4 19.54400634765625 3.6670870604858417 10220.342041015625 0.68701171875 3997.9427552839097 13766
stats: connect 4 1.68701171875 0.45479817436316516 141.4169921875 0.7109375 1.6948262403265213 5193
stats: page 4 19.54400634765625 3.6670870604858417 10220.342041015625 0.68701171875 3997.9427552839097 13766
stats: 302 4 4225
stats: 504 0 402
stats: 200 0 8808
stats: size_rcv 4312 54964306
stats: newphase 0 2
stats: 422 0 189
stats: size_sent 3136 6773458
stats: connected 0 0
stats: 500 0 146
# stats: dump at 1479686512
stats: users 5 1397
stats: {freemem,"tsung_controller@ip-172-31-27-247"} 1 3005.21484375 0.0 3059.50390625 2982.5234375 3003.6422697368416 38
stats: {load,"tsung_controller@ip-172-31-27-247"} 1 0.05859375 0.0 0.23046875 0.01171875 0.08028371710526316 38
stats: {recvpackets,"tsung_controller@ip-172-31-27-247"} 1 10.0 0.0 4623 10 2220.3783783783783 37
stats: {sentpackets,"tsung_controller@ip-172-31-27-247"} 1 14.0 0.0 4501 14 2144.9189189189187 37
stats: {cpu,"tsung_controller@ip-172-31-27-247"} 1 0.7905138339920948 0.0 21.46204311152765 0.7905138339920948 8.20389553427092 38
stats: session 1 233980.73681640625 0.0 247565.90502929688 1292.699951171875 51606.362791265194 4586
stats: users_count 0 4592
stats: finish_users_count 1 4587
stats: request 1 26.625 0.0 10220.342041015625 0.68701171875 3996.7870838971457 13770
stats: connect 1 1.738037109375 0.0 141.4169921875 0.7109375 1.694820225686093 5197
stats: page 1 26.625 0.0 10220.342041015625 0.68701171875 3996.7870838971457 13770
stats: 302 1 4226
stats: 504 0 402
stats: 200 0 8808
stats: size_rcv 1078 54965384
stats: newphase 0 2
stats: 422 0 189
stats: size_sent 783 6774241
stats: connected 0 0
stats: 500 0 146
# stats: dump at 1479686522
stats: users 5 1397
stats: {freemem,"tsung_controller@ip-172-31-27-247"} 1 3005.5078125 0.0 3059.50390625 2982.5234375 3003.6825921474356 39
stats: {load,"tsung_controller@ip-172-31-27-247"} 1 0.05078125 0.0 0.23046875 0.01171875 0.0797275641025641 39
stats: {recvpackets,"tsung_controller@ip-172-31-27-247"} 1 5.0 0.0 4623 5 2162.2105263157896 38
stats: {sentpackets,"tsung_controller@ip-172-31-27-247"} 1 7.0 0.0 4501 7 2088.842105263158 38
stats: {cpu,"tsung_controller@ip-172-31-27-247"} 1 0.9871668311944718 0.0 21.46204311152765 0.7905138339920948 8.013808824007361 39
stats: session 0 0 0 247565.90502929688 1292.699951171875 51646.1217566075 4587
stats: users_count 0 4592
stats: finish_users_count 0 4587
stats: request 0 0 0 10220.342041015625 0.68701171875 3996.4987851473165 13771
stats: connect 0 0 0 141.4169921875 0.7109375 1.6948285398230087 5198
stats: page 0 0 0 10220.342041015625 0.68701171875 3996.4987851473165 13771
stats: 302 0 4226
stats: 504 0 402
stats: 200 0 8808
stats: size_rcv 0 54965384
stats: newphase 0 2
stats: 422 0 189
stats: size_sent 0 6774241
stats: connected 0 0
stats: 500 0 146
# stats: dump at 1479686532
stats: users 5 1397
stats: {freemem,"tsung_controller@ip-172-31-27-247"} 1 3005.796875 0.0 3059.50390625 2982.5234375 3003.7282226562497 40
stats: {load,"tsung_controller@ip-172-31-27-247"} 1 0.0390625 0.0 0.23046875 0.01171875 0.07900390625 40
stats: {recvpackets,"tsung_controller@ip-172-31-27-247"} 1 84.0 0.0 4623 5 2106.897435897436 39
stats: {sentpackets,"tsung_controller@ip-172-31-27-247"} 1 105.0 0.0 4501 7 2035.4615384615386 39
stats: {cpu,"tsung_controller@ip-172-31-27-247"} 1 0.8902077151335311 0.0 21.46204311152765 0.7905138339920948 7.838142774187039 40
stats: session 0 0 0 247565.90502929688 1292.699951171875 51646.1217566075 4587
stats: users_count 0 4592
stats: finish_users_count 0 4587
stats: request 0 0 0 10220.342041015625 0.68701171875 3996.4987851473165 13771
stats: connect 0 0 0 141.4169921875 0.7109375 1.6948285398230087 5198
stats: page 0 0 0 10220.342041015625 0.68701171875 3996.4987851473165 13771
stats: 302 0 4226
stats: 504 0 402
stats: 200 0 8808
stats: size_rcv 0 54965384
stats: newphase 0 2
stats: 422 0 189
stats: size_sent 0 6774241
stats: connected 0 0
stats: 500 0 146
# stats: dump at 1479686542
stats: users 4 1397
stats: {freemem,"tsung_controller@ip-172-31-27-247"} 1 3006.14453125 0.0 3059.50390625 2982.5234375 3003.778677591463 41
stats: {load,"tsung_controller@ip-172-31-27-247"} 1 0.03125 0.0 0.23046875 0.01171875 0.0780297256097561 41
stats: {recvpackets,"tsung_controller@ip-172-31-27-247"} 1 5.0 0.0 4623 5 2056.325 40
stats: {sentpackets,"tsung_controller@ip-172-31-27-247"} 1 7.0 0.0 4501 7 1987.2 40
stats: {cpu,"tsung_controller@ip-172-31-27-247"} 1 0.9861932938856016 0.0 21.46204311152765 0.7905138339920948 7.668680943478418 41
stats: session 1 180660.24096679688 0.0 247565.90502929688 1292.699951171875 51646.1217566075 4587
stats: users_count 0 4592
stats: finish_users_count 1 4588
stats: request 1 15.158935546875 0.0 10220.342041015625 0.68701171875 3996.4987851473165 13771
stats: connect 1 1.316162109375 0.0 141.4169921875 0.7109375 1.6948285398230087 5198
stats: page 1 15.158935546875 0.0 10220.342041015625 0.68701171875 3996.4987851473165 13771
stats: 302 1 4227
stats: 504 0 402
stats: 200 0 8808
stats: size_rcv 1078 54966462
stats: newphase 0 2
stats: 422 0 189
stats: size_sent 787 6775028
stats: connected 0 0
stats: 500 0 146
# stats: dump at 1479686552
stats: users 3 1397
stats: {freemem,"tsung_controller@ip-172-31-27-247"} 1 3006.46875 0.0 3059.50390625 2982.5234375 3003.8350074404757 42
stats: {load,"tsung_controller@ip-172-31-27-247"} 1 0.03125 0.0 0.23046875 0.01171875 0.07691592261904762 42
stats: {recvpackets,"tsung_controller@ip-172-31-27-247"} 1 2.0 0.0 4623 2 2006.2926829268292 41
stats: {sentpackets,"tsung_controller@ip-172-31-27-247"} 1 1.0 0.0 4501 1 1938.9024390243903 41
stats: {cpu,"tsung_controller@ip-172-31-27-247"} 1 0.8866995073891626 0.0 21.46204311152765 0.7905138339920948 7.509574094678589 42
stats: session 1 189941.40698242188 0.0 247565.90502929688 1292.699951171875 51674.241660533 4588
stats: users_count 0 4592
stats: finish_users_count 1 4589
stats: request 1 51.289794921875 0.0 10220.342041015625 0.68701171875 3996.209695701368 13772
stats: connect 1 29.2978515625 0.0 141.4169921875 0.7109375 1.6947557053489855 5199
stats: page 1 51.289794921875 0.0 10220.342041015625 0.68701171875 3996.209695701368 13772
stats: 302 1 4228
stats: 504 0 402
stats: 200 0 8808
stats: size_rcv 1078 54967540
stats: newphase 0 2
stats: 422 0 189
stats: size_sent 781 6775809
stats: connected 0 0
stats: 500 0 146
# stats: dump at 1479686562
stats: users 2 1397
stats: {freemem,"tsung_controller@ip-172-31-27-247"} 1 3006.671875 0.0 3059.50390625 2982.5234375 3003.8962572674413 43
stats: {load,"tsung_controller@ip-172-31-27-247"} 1 0.01953125 0.0 0.23046875 0.01171875 0.07585392441860465 43
stats: {recvpackets,"tsung_controller@ip-172-31-27-247"} 1 5.0 0.0 4623 2 1958.5714285714287 42
stats: {sentpackets,"tsung_controller@ip-172-31-27-247"} 1 7.0 0.0 4501 1 1892.7619047619048 42
stats: {cpu,"tsung_controller@ip-172-31-27-247"} 1 0.9861932938856016 0.0 21.46204311152765 0.7905138339920948 7.3555537554393 43
stats: session 1 244103.00903320313 0.0 247565.90502929688 1292.699951171875 51704.371790261015 4589
stats: users_count 0 4592
stats: finish_users_count 1 4590
stats: request 1 16.90380859375 0.0 10220.342041015625 0.68701171875 3995.923271545354 13773
stats: connect 1 1.593017578125 0.0 141.4169921875 0.7109375 1.7000639930138222 5200
stats: page 1 16.90380859375 0.0 10220.342041015625 0.68701171875 3995.923271545354 13773
stats: 302 1 4229
stats: 504 0 402
stats: 200 0 8808
stats: size_rcv 1078 54968618
stats: newphase 0 2
stats: 422 0 189
stats: size_sent 785 6776594
stats: connected 0 0
stats: 500 0 146
# stats: dump at 1479686572
stats: users 2 1397
stats: {freemem,"tsung_controller@ip-172-31-27-247"} 1 3008.4375 0.0 3059.50390625 2982.5234375 3003.9593394886356 44
stats: {load,"tsung_controller@ip-172-31-27-247"} 1 0.1015625 0.0 0.23046875 0.01171875 0.07457386363636363 44
stats: {recvpackets,"tsung_controller@ip-172-31-27-247"} 1 149.0 0.0 4623 2 1913.139534883721 43
stats: {sentpackets,"tsung_controller@ip-172-31-27-247"} 1 182.0 0.0 4501 1 1848.906976744186 43
stats: {cpu,"tsung_controller@ip-172-31-27-247"} 1 13.270142180094787 0.0 21.46204311152765 0.7905138339920948 7.210795563131262 44
stats: session 0 0 0 247565.90502929688 1292.699951171875 51746.288704693034 4590
stats: users_count 0 4592
stats: finish_users_count 0 4590
stats: request 0 0 0 10220.342041015625 0.68701171875 3995.6343925368633 13774
stats: connect 0 0 0 141.4169921875 0.7109375 1.700043411122861 5201
stats: page 0 0 0 10220.342041015625 0.68701171875 3995.6343925368633 13774
stats: 302 0 4229
stats: 504 0 402
stats: 200 0 8808
stats: size_rcv 0 54968618
stats: newphase 0 2
stats: 422 0 189
stats: size_sent 0 6776594
stats: connected 0 0
stats: 500 0 146
# stats: dump at 1479686582
stats: users 1 1397
stats: {freemem,"tsung_controller@ip-172-31-27-247"} 1 3008.62890625 0.0 3059.50390625 2982.5234375 3004.058854166666 45
stats: {load,"tsung_controller@ip-172-31-27-247"} 1 0.078125 0.0 0.23046875 0.01171875 0.07517361111111111 45
stats: {recvpackets,"tsung_controller@ip-172-31-27-247"} 1 127.0 0.0 4623 2 1873.0454545454545 44
stats: {sentpackets,"tsung_controller@ip-172-31-27-247"} 1 111.0 0.0 4501 1 1811.0227272727273 44
stats: {cpu,"tsung_controller@ip-172-31-27-247"} 1 1.085883514313919 0.0 21.46204311152765 0.7905138339920948 7.345447710174896 45
stats: session 1 214200.8740234375 0.0 247565.90502929688 1292.699951171875 51746.288704693034 4590
stats: users_count 0 4592
stats: finish_users_count 1 4591
stats: request 1 28.8798828125 0.0 10220.342041015625 0.68701171875 3995.6343925368633 13774
stats: connect 1 1.2060546875 0.0 141.4169921875 0.7109375 1.700043411122861 5201
stats: page 1 28.8798828125 0.0 10220.342041015625 0.68701171875 3995.6343925368633 13774
stats: 302 1 4230
stats: 504 0 402
stats: 200 0 8808
stats: size_rcv 1078 54969696
stats: newphase 0 2
stats: 422 0 189
stats: size_sent 781 6777375
stats: connected 0 0
stats: 500 0 146
# stats: dump at 1479686592
stats: users 1 1397
stats: {freemem,"tsung_controller@ip-172-31-27-247"} 1 3002.4921875 0.0 3059.50390625 2982.5234375 3004.1582031249995 46
stats: {load,"tsung_controller@ip-172-31-27-247"} 1 0.0703125 0.0 0.23046875 0.01171875 0.07523777173913043 46
stats: {recvpackets,"tsung_controller@ip-172-31-27-247"} 1 1.0 0.0 4623 1 1834.2444444444445 45
stats: {sentpackets,"tsung_controller@ip-172-31-27-247"} 1 1.0 0.0 4501 1 1773.2444444444445 45
stats: {cpu,"tsung_controller@ip-172-31-27-247"} 1 11.581920903954803 0.0 21.46204311152765 0.7905138339920948 7.209370227656179 46
stats: session 0 0 0 247565.90502929688 1292.699951171875 51781.67415128827 4591
stats: users_count 0 4592
stats: finish_users_count 0 4591
stats: request 0 0 0 10220.342041015625 0.68701171875 3995.3464248773553 13775
stats: connect 0 0 0 141.4169921875 0.7109375 1.699948449814975 5202
stats: page 0 0 0 10220.342041015625 0.68701171875 3995.3464248773553 13775
stats: 302 0 4230
stats: 504 0 402
stats: 200 0 8808
stats: size_rcv 0 54969696
stats: newphase 0 2
stats: 422 0 189
stats: size_sent 0 6777375
stats: connected 0 0
stats: 500 0 146
# stats: dump at 1479686602
stats: users 1 1397
stats: {freemem,"tsung_controller@ip-172-31-27-247"} 1 3008.60546875 0.0 3059.50390625 2982.5234375 3004.1227559840418 47
stats: {load,"tsung_controller@ip-172-31-27-247"} 1 0.05859375 0.0 0.23046875 0.01171875 0.07513297872340426 47
stats: {recvpackets,"tsung_controller@ip-172-31-27-247"} 1 139.0 0.0 4623 1 1794.391304347826 46
stats: {sentpackets,"tsung_controller@ip-172-31-27-247"} 1 210.0 0.0 4501 1 1734.7173913043478 46
stats: {cpu,"tsung_controller@ip-172-31-27-247"} 1 2.843137254901961 0.0 21.46204311152765 0.7905138339920948 7.302403220768917 47
stats: session 0 0 0 247565.90502929688 1292.699951171875 51781.67415128827 4591
stats: users_count 0 4592
stats: finish_users_count 0 4591
stats: request 0 0 0 10220.342041015625 0.68701171875 3995.3464248773553 13775
stats: connect 0 0 0 141.4169921875 0.7109375 1.699948449814975 5202
stats: page 0 0 0 10220.342041015625 0.68701171875 3995.3464248773553 13775
stats: 302 0 4230
stats: 504 0 402
stats: 200 0 8808
stats: size_rcv 0 54969696
stats: newphase 0 2
stats: 422 0 189
stats: size_sent 0 6777375
stats: connected 0 0
stats: 500 0 146
# stats: dump at 1479686612
stats: users 1 1397
stats: {freemem,"tsung_controller@ip-172-31-27-247"} 1 3008.63671875 0.0 3059.50390625 2982.5234375 3004.2161458333326 48
stats: {load,"tsung_controller@ip-172-31-27-247"} 1 0.05078125 0.0 0.23046875 0.01171875 0.07478841145833333 48
stats: {recvpackets,"tsung_controller@ip-172-31-27-247"} 1 2.0 0.0 4623 1 1759.1702127659576 47
stats: {sentpackets,"tsung_controller@ip-172-31-27-247"} 1 1.0 0.0 4501 1 1702.276595744681 47
stats: {cpu,"tsung_controller@ip-172-31-27-247"} 1 0.9861932938856016 0.0 21.46204311152765 0.7905138339920948 7.209501846480021 48
stats: session 0 0 0 247565.90502929688 1292.699951171875 51781.67415128827 4591
stats: users_count 0 4592
stats: finish_users_count 0 4591
stats: request 0 0 0 10220.342041015625 0.68701171875 3995.3464248773553 13775
stats: connect 0 0 0 141.4169921875 0.7109375 1.699948449814975 5202
stats: page 0 0 0 10220.342041015625 0.68701171875 3995.3464248773553 13775
stats: 302 0 4230
stats: 504 0 402
stats: 200 0 8808
stats: size_rcv 0 54969696
stats: newphase 0 2
stats: 422 0 189
stats: size_sent 0 6777375
stats: connected 0 0
stats: 500 0 146
# stats: dump at 1479686618
stats: users 0 1397
stats: {freemem,"tsung_controller@ip-172-31-27-247"} 0 0 0 3059.50390625 2982.5234375 3004.306361607142 49
stats: {load,"tsung_controller@ip-172-31-27-247"} 0 0 0 0.23046875 0.01171875 0.0742984693877551 49
stats: {recvpackets,"tsung_controller@ip-172-31-27-247"} 0 0 0 4623 1 1722.5625 48
stats: {sentpackets,"tsung_controller@ip-172-31-27-247"} 0 0 0 4501 1 1666.8333333333333 48
stats: {cpu,"tsung_controller@ip-172-31-27-247"} 0 0 0 21.46204311152765 0.7905138339920948 7.082495549488298 49
stats: session 1 306035.56689453125 0.0 306035.56689453125 1292.699951171875 51781.67415128827 4591
stats: users_count 0 4592
stats: finish_users_count 1 4592
stats: request 1 62.4560546875 0.0 10220.342041015625 0.68701171875 3995.3464248773553 13775
stats: connect 1 59.138916015625 0.0 141.4169921875 0.7109375 1.699948449814975 5202
stats: page 1 62.4560546875 0.0 10220.342041015625 0.68701171875 3995.3464248773553 13775
stats: 302 0 4230
stats: 504 0 402
stats: 200 0 8808
stats: size_rcv 330 54970026
stats: newphase 0 2
stats: 422 0 189
stats: 502 1 1
stats: size_sent 785 6778160
stats: connected 0 0
stats: 500 0 146
EndMonitor:{1479,686618,399676}
