
=INFO REPORT==== 20-Nov-2016::23:55:22 ===
    ts_config_server:(5:<0.72.0>) Config server started, logdir is "/home/ec2-user/.tsung/log/20161120-2355"
 
=INFO REPORT==== 20-Nov-2016::23:55:22 ===
              ts_mon:(5:<0.54.0>) starting monitor, global 

=INFO REPORT==== 20-Nov-2016::23:55:22 ===
           ts_config:(5:<0.72.0>) Reading config file: asdf.xml

=INFO REPORT==== 20-Nov-2016::23:55:22 ===
      ts_config_http:(4:<0.72.0>) Get user agent: 100 "Mozilla/5.0 (Windows; U; Windows NT 5.2; fr-FR; rv:1.7.8) Gecko/20050511 Firefox/1.0.4" 

=INFO REPORT==== 20-Nov-2016::23:55:22 ===
           ts_config:(5:<0.72.0>) Session name for id 1 is "post-test"

=INFO REPORT==== 20-Nov-2016::23:55:22 ===
    ts_config_server:(4:<0.72.0>) SYSINFO:Tsung version: 1.6.0

=INFO REPORT==== 20-Nov-2016::23:55:22 ===
    ts_config_server:(4:<0.72.0>) SYSINFO:Erlang version: Erlang R14B04 (erts-5.8.5) [source] [64-bit] [rq:1] [async-threads:8] [kernel-poll:true]


=INFO REPORT==== 20-Nov-2016::23:55:22 ===
    ts_config_server:(4:<0.72.0>) SYSINFO:System architecture x86_64-redhat-linux-gnu

=INFO REPORT==== 20-Nov-2016::23:55:22 ===
    ts_config_server:(4:<0.72.0>) SYSINFO:Current path: /usr/lib/erlang/lib/tsung-1.6.0/ebin/tsung.beam

=INFO REPORT==== 20-Nov-2016::23:55:22 ===
              ts_mon:(5:<0.73.0>) Activate clients with text backend

=INFO REPORT==== 20-Nov-2016::23:55:22 ===
              ts_mon:(5:<0.73.0>) Starting tsung clients on hosts: [localhost]

=INFO REPORT==== 20-Nov-2016::23:55:22 ===
    ts_config_server:(5:<0.72.0>) Start a launcher on the controller beam localhost

=INFO REPORT==== 20-Nov-2016::23:55:22 ===
  ts_launcher_static:(5:<0.128.0>) Launch msg receive ("localhost")

=INFO REPORT==== 20-Nov-2016::23:55:22 ===
         ts_launcher:(5:<0.129.0>) Launch msg receive ("localhost")

=INFO REPORT==== 20-Nov-2016::23:55:22 ===
    ts_config_server:(5:<0.72.0>) All remote beams started, syncing 

=INFO REPORT==== 20-Nov-2016::23:55:22 ===
    ts_config_server:(5:<0.72.0>) Undefined ports_range config 

=INFO REPORT==== 20-Nov-2016::23:55:22 ===
    ts_config_server:(5:<0.72.0>) New arrival phase 1 for client "localhost" (last ? true): will start 900 users

=INFO REPORT==== 20-Nov-2016::23:55:22 ===
    ts_config_server:(5:<0.72.0>) New arrival phase 2 for client "localhost" (last ? true): will start 3000 users

=INFO REPORT==== 20-Nov-2016::23:55:22 ===
    ts_config_server:(5:<0.72.0>) New arrival phase 3 for client "localhost" (last ? true): will start 900 users

=INFO REPORT==== 20-Nov-2016::23:55:22 ===
         ts_launcher:(5:<0.129.0>) Expected duration of first phase: 60.0 sec (900 users) 

=INFO REPORT==== 20-Nov-2016::23:55:22 ===
         ts_launcher:(5:<0.129.0>) Activate launcher (900 users) in 567 msec 

=INFO REPORT==== 20-Nov-2016::23:56:22 ===
         ts_launcher:(5:<0.129.0>) Phase duration exceeded, but not all users were launched (10 users, 1.1% of phase)

=INFO REPORT==== 20-Nov-2016::23:56:22 ===
         ts_launcher:(5:<0.129.0>) Start a new arrival phase (3000 users, 0.025); expected duration=120.0 sec

=INFO REPORT==== 20-Nov-2016::23:57:52 ===
           ts_search:(5:<0.2970.0>) Dyn Var (RE): no Match (varname=authenticity_token), 

=INFO REPORT==== 20-Nov-2016::23:57:52 ===
           ts_search:(5:<0.2845.0>) Dyn Var (RE): no Match (varname=authenticity_token), 

=INFO REPORT==== 20-Nov-2016::23:57:52 ===
           ts_search:(5:<0.2930.0>) Dyn Var (RE): no Match (varname=authenticity_token), 

=INFO REPORT==== 20-Nov-2016::23:57:53 ===
           ts_search:(5:<0.2802.0>) Dyn Var (RE): no Match (varname=authenticity_token), 

=INFO REPORT==== 20-Nov-2016::23:57:53 ===
           ts_search:(5:<0.2284.0>) Dyn Var (RE): no Match (varname=authenticity_token), 

=INFO REPORT==== 20-Nov-2016::23:57:53 ===
           ts_search:(5:<0.2844.0>) Dyn Var (RE): no Match (varname=authenticity_token), 

=INFO REPORT==== 20-Nov-2016::23:57:54 ===
           ts_search:(5:<0.2718.0>) Dyn Var (RE): no Match (varname=authenticity_token), 

=INFO REPORT==== 20-Nov-2016::23:57:54 ===
           ts_search:(5:<0.3019.0>) Dyn Var (RE): no Match (varname=authenticity_token), 

=INFO REPORT==== 20-Nov-2016::23:57:54 ===
           ts_search:(5:<0.2906.0>) Dyn Var (RE): no Match (varname=authenticity_token), 

=INFO REPORT==== 20-Nov-2016::23:57:54 ===
           ts_search:(5:<0.2650.0>) Dyn Var (RE): no Match (varname=authenticity_token), 

=INFO REPORT==== 20-Nov-2016::23:57:54 ===
           ts_search:(5:<0.2904.0>) Dyn Var (RE): no Match (varname=authenticity_token), 

=INFO REPORT==== 20-Nov-2016::23:57:54 ===
           ts_search:(5:<0.2977.0>) Dyn Var (RE): no Match (varname=authenticity_token), 

=INFO REPORT==== 20-Nov-2016::23:57:54 ===
           ts_search:(5:<0.2945.0>) Dyn Var (RE): no Match (varname=authenticity_token), 

=INFO REPORT==== 20-Nov-2016::23:57:54 ===
           ts_search:(5:<0.2871.0>) Dyn Var (RE): no Match (varname=authenticity_token), 

=INFO REPORT==== 20-Nov-2016::23:57:54 ===
           ts_search:(5:<0.2973.0>) Dyn Var (RE): no Match (varname=authenticity_token), 

=INFO REPORT==== 20-Nov-2016::23:57:54 ===
           ts_search:(5:<0.3000.0>) Dyn Var (RE): no Match (varname=authenticity_token), 

=INFO REPORT==== 20-Nov-2016::23:57:55 ===
           ts_search:(5:<0.2800.0>) Dyn Var (RE): no Match (varname=authenticity_token), 

=INFO REPORT==== 20-Nov-2016::23:57:55 ===
           ts_search:(5:<0.2389.0>) Dyn Var (RE): no Match (varname=authenticity_token), 

=INFO REPORT==== 20-Nov-2016::23:57:55 ===
           ts_search:(5:<0.2825.0>) Dyn Var (RE): no Match (varname=authenticity_token), 

=INFO REPORT==== 20-Nov-2016::23:57:55 ===
           ts_search:(5:<0.2954.0>) Dyn Var (RE): no Match (varname=authenticity_token), 

=INFO REPORT==== 20-Nov-2016::23:57:55 ===
           ts_search:(5:<0.2928.0>) Dyn Var (RE): no Match (varname=authenticity_token), 

=INFO REPORT==== 20-Nov-2016::23:57:56 ===
           ts_search:(5:<0.2807.0>) Dyn Var (RE): no Match (varname=authenticity_token), 

=INFO REPORT==== 20-Nov-2016::23:57:56 ===
           ts_search:(5:<0.2982.0>) Dyn Var (RE): no Match (varname=authenticity_token), 

=INFO REPORT==== 20-Nov-2016::23:57:56 ===
           ts_search:(5:<0.2778.0>) Dyn Var (RE): no Match (varname=authenticity_token), 

=INFO REPORT==== 20-Nov-2016::23:57:57 ===
           ts_search:(5:<0.3053.0>) Dyn Var (RE): no Match (varname=authenticity_token), 

=INFO REPORT==== 20-Nov-2016::23:57:57 ===
           ts_search:(5:<0.2949.0>) Dyn Var (RE): no Match (varname=authenticity_token), 

=INFO REPORT==== 20-Nov-2016::23:57:59 ===
           ts_search:(5:<0.3009.0>) Dyn Var (RE): no Match (varname=authenticity_token), 

=INFO REPORT==== 20-Nov-2016::23:57:59 ===
           ts_search:(5:<0.2820.0>) Dyn Var (RE): no Match (varname=authenticity_token), 

=INFO REPORT==== 20-Nov-2016::23:57:59 ===
           ts_search:(5:<0.2974.0>) Dyn Var (RE): no Match (varname=authenticity_token), 

=INFO REPORT==== 20-Nov-2016::23:57:59 ===
           ts_search:(5:<0.3005.0>) Dyn Var (RE): no Match (varname=authenticity_token), 

=INFO REPORT==== 20-Nov-2016::23:57:59 ===
           ts_search:(5:<0.2991.0>) Dyn Var (RE): no Match (varname=authenticity_token), 

=INFO REPORT==== 20-Nov-2016::23:57:59 ===
           ts_search:(5:<0.3012.0>) Dyn Var (RE): no Match (varname=authenticity_token), 

=INFO REPORT==== 20-Nov-2016::23:57:59 ===
           ts_search:(5:<0.2754.0>) Dyn Var (RE): no Match (varname=authenticity_token), 

=INFO REPORT==== 20-Nov-2016::23:57:59 ===
           ts_search:(5:<0.2829.0>) Dyn Var (RE): no Match (varname=authenticity_token), 

=INFO REPORT==== 20-Nov-2016::23:57:59 ===
           ts_search:(5:<0.3003.0>) Dyn Var (RE): no Match (varname=authenticity_token), 

=INFO REPORT==== 20-Nov-2016::23:58:00 ===
           ts_search:(5:<0.2866.0>) Dyn Var (RE): no Match (varname=authenticity_token), 

=INFO REPORT==== 20-Nov-2016::23:58:00 ===
           ts_search:(5:<0.2542.0>) Dyn Var (RE): no Match (varname=authenticity_token), 

=INFO REPORT==== 20-Nov-2016::23:58:00 ===
           ts_search:(5:<0.2990.0>) Dyn Var (RE): no Match (varname=authenticity_token), 

=INFO REPORT==== 20-Nov-2016::23:58:00 ===
           ts_search:(5:<0.3195.0>) Dyn Var (RE): no Match (varname=authenticity_token), 

=INFO REPORT==== 20-Nov-2016::23:58:01 ===
           ts_search:(5:<0.3098.0>) Dyn Var (RE): no Match (varname=authenticity_token), 

=INFO REPORT==== 20-Nov-2016::23:58:01 ===
           ts_search:(5:<0.2855.0>) Dyn Var (RE): no Match (varname=authenticity_token), 

=INFO REPORT==== 20-Nov-2016::23:58:01 ===
           ts_search:(5:<0.3011.0>) Dyn Var (RE): no Match (varname=authenticity_token), 

=INFO REPORT==== 20-Nov-2016::23:58:01 ===
           ts_search:(5:<0.3147.0>) Dyn Var (RE): no Match (varname=authenticity_token), 

=INFO REPORT==== 20-Nov-2016::23:58:01 ===
           ts_search:(5:<0.3158.0>) Dyn Var (RE): no Match (varname=authenticity_token), 

=INFO REPORT==== 20-Nov-2016::23:58:01 ===
           ts_search:(5:<0.2902.0>) Dyn Var (RE): no Match (varname=authenticity_token), 

=INFO REPORT==== 20-Nov-2016::23:58:02 ===
           ts_search:(5:<0.3145.0>) Dyn Var (RE): no Match (varname=authenticity_token), 

=INFO REPORT==== 20-Nov-2016::23:58:03 ===
           ts_search:(5:<0.3122.0>) Dyn Var (RE): no Match (varname=authenticity_token), 

=INFO REPORT==== 20-Nov-2016::23:58:03 ===
           ts_search:(5:<0.3074.0>) Dyn Var (RE): no Match (varname=authenticity_token), 

=INFO REPORT==== 20-Nov-2016::23:58:03 ===
           ts_search:(5:<0.3398.0>) Dyn Var (RE): no Match (varname=authenticity_token), 

=INFO REPORT==== 20-Nov-2016::23:58:03 ===
           ts_search:(5:<0.2789.0>) Dyn Var (RE): no Match (varname=authenticity_token), 

=INFO REPORT==== 20-Nov-2016::23:58:03 ===
           ts_search:(5:<0.3112.0>) Dyn Var (RE): no Match (varname=authenticity_token), 

=INFO REPORT==== 20-Nov-2016::23:58:03 ===
           ts_search:(5:<0.2998.0>) Dyn Var (RE): no Match (varname=authenticity_token), 

=INFO REPORT==== 20-Nov-2016::23:58:03 ===
           ts_search:(5:<0.2733.0>) Dyn Var (RE): no Match (varname=authenticity_token), 

=INFO REPORT==== 20-Nov-2016::23:58:04 ===
           ts_search:(5:<0.3066.0>) Dyn Var (RE): no Match (varname=authenticity_token), 

=INFO REPORT==== 20-Nov-2016::23:58:04 ===
           ts_search:(5:<0.2585.0>) Dyn Var (RE): no Match (varname=authenticity_token), 

=INFO REPORT==== 20-Nov-2016::23:58:04 ===
           ts_search:(5:<0.3305.0>) Dyn Var (RE): no Match (varname=authenticity_token), 

=INFO REPORT==== 20-Nov-2016::23:58:04 ===
           ts_search:(5:<0.3165.0>) Dyn Var (RE): no Match (varname=authenticity_token), 

=INFO REPORT==== 20-Nov-2016::23:58:04 ===
           ts_search:(5:<0.3209.0>) Dyn Var (RE): no Match (varname=authenticity_token), 

=INFO REPORT==== 20-Nov-2016::23:58:04 ===
           ts_search:(5:<0.3108.0>) Dyn Var (RE): no Match (varname=authenticity_token), 

=INFO REPORT==== 20-Nov-2016::23:58:04 ===
           ts_search:(5:<0.2749.0>) Dyn Var (RE): no Match (varname=authenticity_token), 

=INFO REPORT==== 20-Nov-2016::23:58:04 ===
           ts_search:(5:<0.2913.0>) Dyn Var (RE): no Match (varname=authenticity_token), 

=INFO REPORT==== 20-Nov-2016::23:58:05 ===
           ts_search:(5:<0.3341.0>) Dyn Var (RE): no Match (varname=authenticity_token), 

=INFO REPORT==== 20-Nov-2016::23:58:05 ===
           ts_search:(5:<0.3279.0>) Dyn Var (RE): no Match (varname=authenticity_token), 

=INFO REPORT==== 20-Nov-2016::23:58:05 ===
           ts_search:(5:<0.3194.0>) Dyn Var (RE): no Match (varname=authenticity_token), 

=INFO REPORT==== 20-Nov-2016::23:58:05 ===
           ts_search:(5:<0.3096.0>) Dyn Var (RE): no Match (varname=authenticity_token), 

=INFO REPORT==== 20-Nov-2016::23:58:06 ===
           ts_search:(5:<0.3188.0>) Dyn Var (RE): no Match (varname=authenticity_token), 

=INFO REPORT==== 20-Nov-2016::23:58:06 ===
           ts_search:(5:<0.3214.0>) Dyn Var (RE): no Match (varname=authenticity_token), 

=INFO REPORT==== 20-Nov-2016::23:58:06 ===
           ts_search:(5:<0.3505.0>) Dyn Var (RE): no Match (varname=authenticity_token), 

=INFO REPORT==== 20-Nov-2016::23:58:06 ===
           ts_search:(5:<0.3425.0>) Dyn Var (RE): no Match (varname=authenticity_token), 

=INFO REPORT==== 20-Nov-2016::23:58:06 ===
           ts_search:(5:<0.3104.0>) Dyn Var (RE): no Match (varname=authenticity_token), 

=INFO REPORT==== 20-Nov-2016::23:58:06 ===
           ts_search:(5:<0.3241.0>) Dyn Var (RE): no Match (varname=authenticity_token), 

=INFO REPORT==== 20-Nov-2016::23:58:06 ===
           ts_search:(5:<0.3346.0>) Dyn Var (RE): no Match (varname=authenticity_token), 

=INFO REPORT==== 20-Nov-2016::23:58:07 ===
           ts_search:(5:<0.3280.0>) Dyn Var (RE): no Match (varname=authenticity_token), 

=INFO REPORT==== 20-Nov-2016::23:58:07 ===
           ts_search:(5:<0.3185.0>) Dyn Var (RE): no Match (varname=authenticity_token), 

=INFO REPORT==== 20-Nov-2016::23:58:07 ===
           ts_search:(5:<0.3212.0>) Dyn Var (RE): no Match (varname=authenticity_token), 

=INFO REPORT==== 20-Nov-2016::23:58:07 ===
           ts_search:(5:<0.3028.0>) Dyn Var (RE): no Match (varname=authenticity_token), 

=INFO REPORT==== 20-Nov-2016::23:58:07 ===
           ts_search:(5:<0.2986.0>) Dyn Var (RE): no Match (varname=authenticity_token), 

=INFO REPORT==== 20-Nov-2016::23:58:08 ===
           ts_search:(5:<0.3540.0>) Dyn Var (RE): no Match (varname=authenticity_token), 

=INFO REPORT==== 20-Nov-2016::23:58:08 ===
           ts_search:(5:<0.3292.0>) Dyn Var (RE): no Match (varname=authenticity_token), 

=INFO REPORT==== 20-Nov-2016::23:58:08 ===
           ts_search:(5:<0.3467.0>) Dyn Var (RE): no Match (varname=authenticity_token), 

=INFO REPORT==== 20-Nov-2016::23:58:09 ===
           ts_search:(5:<0.3274.0>) Dyn Var (RE): no Match (varname=authenticity_token), 

=INFO REPORT==== 20-Nov-2016::23:58:10 ===
           ts_search:(5:<0.3059.0>) Dyn Var (RE): no Match (varname=authenticity_token), 

=INFO REPORT==== 20-Nov-2016::23:58:10 ===
           ts_search:(5:<0.3322.0>) Dyn Var (RE): no Match (varname=authenticity_token), 

=INFO REPORT==== 20-Nov-2016::23:58:11 ===
           ts_search:(5:<0.3315.0>) Dyn Var (RE): no Match (varname=authenticity_token), 

=INFO REPORT==== 20-Nov-2016::23:58:11 ===
           ts_search:(5:<0.3522.0>) Dyn Var (RE): no Match (varname=authenticity_token), 

=INFO REPORT==== 20-Nov-2016::23:58:11 ===
           ts_search:(5:<0.2756.0>) Dyn Var (RE): no Match (varname=authenticity_token), 

=INFO REPORT==== 20-Nov-2016::23:58:11 ===
           ts_search:(5:<0.3353.0>) Dyn Var (RE): no Match (varname=authenticity_token), 

=INFO REPORT==== 20-Nov-2016::23:58:12 ===
           ts_search:(5:<0.3661.0>) Dyn Var (RE): no Match (varname=authenticity_token), 

=INFO REPORT==== 20-Nov-2016::23:58:12 ===
           ts_search:(5:<0.3273.0>) Dyn Var (RE): no Match (varname=authenticity_token), 

=INFO REPORT==== 20-Nov-2016::23:58:12 ===
           ts_search:(5:<0.3079.0>) Dyn Var (RE): no Match (varname=authenticity_token), 

=INFO REPORT==== 20-Nov-2016::23:58:12 ===
           ts_search:(5:<0.3089.0>) Dyn Var (RE): no Match (varname=authenticity_token), 

=INFO REPORT==== 20-Nov-2016::23:58:12 ===
           ts_search:(5:<0.3325.0>) Dyn Var (RE): no Match (varname=authenticity_token), 

=INFO REPORT==== 20-Nov-2016::23:58:12 ===
           ts_search:(5:<0.3205.0>) Dyn Var (RE): no Match (varname=authenticity_token), 

=INFO REPORT==== 20-Nov-2016::23:58:12 ===
           ts_search:(5:<0.3323.0>) Dyn Var (RE): no Match (varname=authenticity_token), 

=INFO REPORT==== 20-Nov-2016::23:58:12 ===
           ts_search:(5:<0.2961.0>) Dyn Var (RE): no Match (varname=authenticity_token), 

=INFO REPORT==== 20-Nov-2016::23:58:12 ===
           ts_search:(5:<0.3082.0>) Dyn Var (RE): no Match (varname=authenticity_token), 

=INFO REPORT==== 20-Nov-2016::23:58:13 ===
           ts_search:(5:<0.3476.0>) Dyn Var (RE): no Match (varname=authenticity_token), 

=INFO REPORT==== 20-Nov-2016::23:58:13 ===
           ts_search:(5:<0.3248.0>) Dyn Var (RE): no Match (varname=authenticity_token), 

=INFO REPORT==== 20-Nov-2016::23:58:13 ===
           ts_search:(5:<0.3253.0>) Dyn Var (RE): no Match (varname=authenticity_token), 

=INFO REPORT==== 20-Nov-2016::23:58:13 ===
           ts_search:(5:<0.3049.0>) Dyn Var (RE): no Match (varname=authenticity_token), 

=INFO REPORT==== 20-Nov-2016::23:58:13 ===
           ts_search:(5:<0.3106.0>) Dyn Var (RE): no Match (varname=authenticity_token), 

=INFO REPORT==== 20-Nov-2016::23:58:13 ===
           ts_search:(5:<0.3397.0>) Dyn Var (RE): no Match (varname=authenticity_token), 

=INFO REPORT==== 20-Nov-2016::23:58:13 ===
           ts_search:(5:<0.3445.0>) Dyn Var (RE): no Match (varname=authenticity_token), 

=INFO REPORT==== 20-Nov-2016::23:58:13 ===
           ts_search:(5:<0.3251.0>) Dyn Var (RE): no Match (varname=authenticity_token), 

=INFO REPORT==== 20-Nov-2016::23:58:13 ===
           ts_search:(5:<0.3246.0>) Dyn Var (RE): no Match (varname=authenticity_token), 

=INFO REPORT==== 20-Nov-2016::23:58:14 ===
           ts_search:(5:<0.3594.0>) Dyn Var (RE): no Match (varname=authenticity_token), 

=INFO REPORT==== 20-Nov-2016::23:58:14 ===
           ts_search:(5:<0.2831.0>) Dyn Var (RE): no Match (varname=authenticity_token), 

=INFO REPORT==== 20-Nov-2016::23:58:14 ===
           ts_search:(5:<0.3086.0>) Dyn Var (RE): no Match (varname=authenticity_token), 

=INFO REPORT==== 20-Nov-2016::23:58:14 ===
           ts_search:(5:<0.3475.0>) Dyn Var (RE): no Match (varname=authenticity_token), 

=INFO REPORT==== 20-Nov-2016::23:58:14 ===
           ts_search:(5:<0.3427.0>) Dyn Var (RE): no Match (varname=authenticity_token), 

=INFO REPORT==== 20-Nov-2016::23:58:15 ===
           ts_search:(5:<0.2975.0>) Dyn Var (RE): no Match (varname=authenticity_token), 

=INFO REPORT==== 20-Nov-2016::23:58:15 ===
           ts_search:(5:<0.3456.0>) Dyn Var (RE): no Match (varname=authenticity_token), 

=INFO REPORT==== 20-Nov-2016::23:58:16 ===
           ts_search:(5:<0.3157.0>) Dyn Var (RE): no Match (varname=authenticity_token), 

=INFO REPORT==== 20-Nov-2016::23:58:16 ===
           ts_search:(5:<0.3087.0>) Dyn Var (RE): no Match (varname=authenticity_token), 

=INFO REPORT==== 20-Nov-2016::23:58:16 ===
           ts_search:(5:<0.3513.0>) Dyn Var (RE): no Match (varname=authenticity_token), 

=INFO REPORT==== 20-Nov-2016::23:58:16 ===
           ts_search:(5:<0.3063.0>) Dyn Var (RE): no Match (varname=authenticity_token), 

=INFO REPORT==== 20-Nov-2016::23:58:16 ===
           ts_search:(5:<0.3330.0>) Dyn Var (RE): no Match (varname=authenticity_token), 

=INFO REPORT==== 20-Nov-2016::23:58:16 ===
           ts_search:(5:<0.3487.0>) Dyn Var (RE): no Match (varname=authenticity_token), 

=INFO REPORT==== 20-Nov-2016::23:58:16 ===
           ts_search:(5:<0.3296.0>) Dyn Var (RE): no Match (varname=authenticity_token), 

=INFO REPORT==== 20-Nov-2016::23:58:16 ===
           ts_search:(5:<0.3415.0>) Dyn Var (RE): no Match (varname=authenticity_token), 

=INFO REPORT==== 20-Nov-2016::23:58:16 ===
           ts_search:(5:<0.3591.0>) Dyn Var (RE): no Match (varname=authenticity_token), 

=INFO REPORT==== 20-Nov-2016::23:58:16 ===
           ts_search:(5:<0.3073.0>) Dyn Var (RE): no Match (varname=authenticity_token), 

=INFO REPORT==== 20-Nov-2016::23:58:16 ===
           ts_search:(5:<0.3458.0>) Dyn Var (RE): no Match (varname=authenticity_token), 

=INFO REPORT==== 20-Nov-2016::23:58:16 ===
           ts_search:(5:<0.3528.0>) Dyn Var (RE): no Match (varname=authenticity_token), 

=INFO REPORT==== 20-Nov-2016::23:58:16 ===
           ts_search:(5:<0.3517.0>) Dyn Var (RE): no Match (varname=authenticity_token), 

=INFO REPORT==== 20-Nov-2016::23:58:17 ===
           ts_search:(5:<0.3210.0>) Dyn Var (RE): no Match (varname=authenticity_token), 

=INFO REPORT==== 20-Nov-2016::23:58:17 ===
           ts_search:(5:<0.3637.0>) Dyn Var (RE): no Match (varname=authenticity_token), 

=INFO REPORT==== 20-Nov-2016::23:58:17 ===
           ts_search:(5:<0.3367.0>) Dyn Var (RE): no Match (varname=authenticity_token), 

=INFO REPORT==== 20-Nov-2016::23:58:17 ===
           ts_search:(5:<0.3163.0>) Dyn Var (RE): no Match (varname=authenticity_token), 

=INFO REPORT==== 20-Nov-2016::23:58:17 ===
           ts_search:(5:<0.3434.0>) Dyn Var (RE): no Match (varname=authenticity_token), 

=INFO REPORT==== 20-Nov-2016::23:58:17 ===
           ts_search:(5:<0.3383.0>) Dyn Var (RE): no Match (varname=authenticity_token), 

=INFO REPORT==== 20-Nov-2016::23:58:17 ===
           ts_search:(5:<0.3510.0>) Dyn Var (RE): no Match (varname=authenticity_token), 

=INFO REPORT==== 20-Nov-2016::23:58:17 ===
           ts_search:(5:<0.3791.0>) Dyn Var (RE): no Match (varname=authenticity_token), 

=INFO REPORT==== 20-Nov-2016::23:58:17 ===
           ts_search:(5:<0.3557.0>) Dyn Var (RE): no Match (varname=authenticity_token), 

=INFO REPORT==== 20-Nov-2016::23:58:17 ===
           ts_search:(5:<0.2999.0>) Dyn Var (RE): no Match (varname=authenticity_token), 

=INFO REPORT==== 20-Nov-2016::23:58:17 ===
           ts_search:(5:<0.3541.0>) Dyn Var (RE): no Match (varname=authenticity_token), 

=INFO REPORT==== 20-Nov-2016::23:58:18 ===
           ts_search:(5:<0.3380.0>) Dyn Var (RE): no Match (varname=authenticity_token), 

=INFO REPORT==== 20-Nov-2016::23:58:18 ===
           ts_search:(5:<0.3521.0>) Dyn Var (RE): no Match (varname=authenticity_token), 

=INFO REPORT==== 20-Nov-2016::23:58:18 ===
           ts_search:(5:<0.3140.0>) Dyn Var (RE): no Match (varname=authenticity_token), 

=INFO REPORT==== 20-Nov-2016::23:58:18 ===
           ts_search:(5:<0.3795.0>) Dyn Var (RE): no Match (varname=authenticity_token), 

=INFO REPORT==== 20-Nov-2016::23:58:18 ===
           ts_search:(5:<0.3035.0>) Dyn Var (RE): no Match (varname=authenticity_token), 

=INFO REPORT==== 20-Nov-2016::23:58:18 ===
           ts_search:(5:<0.3473.0>) Dyn Var (RE): no Match (varname=authenticity_token), 

=INFO REPORT==== 20-Nov-2016::23:58:18 ===
           ts_search:(5:<0.3587.0>) Dyn Var (RE): no Match (varname=authenticity_token), 

=INFO REPORT==== 20-Nov-2016::23:58:18 ===
           ts_search:(5:<0.3156.0>) Dyn Var (RE): no Match (varname=authenticity_token), 

=INFO REPORT==== 20-Nov-2016::23:58:18 ===
           ts_search:(5:<0.3566.0>) Dyn Var (RE): no Match (varname=authenticity_token), 

=INFO REPORT==== 20-Nov-2016::23:58:18 ===
           ts_search:(5:<0.3437.0>) Dyn Var (RE): no Match (varname=authenticity_token), 

=INFO REPORT==== 20-Nov-2016::23:58:18 ===
           ts_search:(5:<0.3543.0>) Dyn Var (RE): no Match (varname=authenticity_token), 

=INFO REPORT==== 20-Nov-2016::23:58:18 ===
           ts_search:(5:<0.3552.0>) Dyn Var (RE): no Match (varname=authenticity_token), 

=INFO REPORT==== 20-Nov-2016::23:58:18 ===
           ts_search:(5:<0.3357.0>) Dyn Var (RE): no Match (varname=authenticity_token), 

=INFO REPORT==== 20-Nov-2016::23:58:18 ===
           ts_search:(5:<0.3047.0>) Dyn Var (RE): no Match (varname=authenticity_token), 

=INFO REPORT==== 20-Nov-2016::23:58:18 ===
           ts_search:(5:<0.3338.0>) Dyn Var (RE): no Match (varname=authenticity_token), 

=INFO REPORT==== 20-Nov-2016::23:58:18 ===
           ts_search:(5:<0.3660.0>) Dyn Var (RE): no Match (varname=authenticity_token), 

=INFO REPORT==== 20-Nov-2016::23:58:19 ===
           ts_search:(5:<0.3261.0>) Dyn Var (RE): no Match (varname=authenticity_token), 

=INFO REPORT==== 20-Nov-2016::23:58:19 ===
           ts_search:(5:<0.3441.0>) Dyn Var (RE): no Match (varname=authenticity_token), 

=INFO REPORT==== 20-Nov-2016::23:58:19 ===
           ts_search:(5:<0.3798.0>) Dyn Var (RE): no Match (varname=authenticity_token), 

=INFO REPORT==== 20-Nov-2016::23:58:19 ===
           ts_search:(5:<0.3562.0>) Dyn Var (RE): no Match (varname=authenticity_token), 

=INFO REPORT==== 20-Nov-2016::23:58:19 ===
           ts_search:(5:<0.3360.0>) Dyn Var (RE): no Match (varname=authenticity_token), 

=INFO REPORT==== 20-Nov-2016::23:58:19 ===
           ts_search:(5:<0.3269.0>) Dyn Var (RE): no Match (varname=authenticity_token), 

=INFO REPORT==== 20-Nov-2016::23:58:19 ===
           ts_search:(5:<0.3590.0>) Dyn Var (RE): no Match (varname=authenticity_token), 

=INFO REPORT==== 20-Nov-2016::23:58:19 ===
           ts_search:(5:<0.3433.0>) Dyn Var (RE): no Match (varname=authenticity_token), 

=INFO REPORT==== 20-Nov-2016::23:58:19 ===
           ts_search:(5:<0.3715.0>) Dyn Var (RE): no Match (varname=authenticity_token), 

=INFO REPORT==== 20-Nov-2016::23:58:19 ===
           ts_search:(5:<0.3381.0>) Dyn Var (RE): no Match (varname=authenticity_token), 

=INFO REPORT==== 20-Nov-2016::23:58:19 ===
           ts_search:(5:<0.3024.0>) Dyn Var (RE): no Match (varname=authenticity_token), 

=INFO REPORT==== 20-Nov-2016::23:58:19 ===
           ts_search:(5:<0.3764.0>) Dyn Var (RE): no Match (varname=authenticity_token), 

=INFO REPORT==== 20-Nov-2016::23:58:19 ===
           ts_search:(5:<0.3391.0>) Dyn Var (RE): no Match (varname=authenticity_token), 

=INFO REPORT==== 20-Nov-2016::23:58:19 ===
           ts_search:(5:<0.2916.0>) Dyn Var (RE): no Match (varname=authenticity_token), 

=INFO REPORT==== 20-Nov-2016::23:58:20 ===
           ts_search:(5:<0.3839.0>) Dyn Var (RE): no Match (varname=authenticity_token), 

=INFO REPORT==== 20-Nov-2016::23:58:20 ===
           ts_search:(5:<0.3659.0>) Dyn Var (RE): no Match (varname=authenticity_token), 

=INFO REPORT==== 20-Nov-2016::23:58:20 ===
           ts_search:(5:<0.3575.0>) Dyn Var (RE): no Match (varname=authenticity_token), 

=INFO REPORT==== 20-Nov-2016::23:58:20 ===
           ts_search:(5:<0.3832.0>) Dyn Var (RE): no Match (varname=authenticity_token), 

=INFO REPORT==== 20-Nov-2016::23:58:20 ===
           ts_search:(5:<0.3486.0>) Dyn Var (RE): no Match (varname=authenticity_token), 

=INFO REPORT==== 20-Nov-2016::23:58:20 ===
           ts_search:(5:<0.3307.0>) Dyn Var (RE): no Match (varname=authenticity_token), 

=INFO REPORT==== 20-Nov-2016::23:58:21 ===
           ts_search:(5:<0.2683.0>) Dyn Var (RE): no Match (varname=authenticity_token), 

=INFO REPORT==== 20-Nov-2016::23:58:21 ===
           ts_search:(5:<0.3226.0>) Dyn Var (RE): no Match (varname=authenticity_token), 

=INFO REPORT==== 20-Nov-2016::23:58:22 ===
           ts_search:(5:<0.3842.0>) Dyn Var (RE): no Match (varname=authenticity_token), 

=INFO REPORT==== 20-Nov-2016::23:58:22 ===
           ts_search:(5:<0.3874.0>) Dyn Var (RE): no Match (varname=authenticity_token), 

=INFO REPORT==== 20-Nov-2016::23:58:22 ===
           ts_search:(5:<0.3254.0>) Dyn Var (RE): no Match (varname=authenticity_token), 

=INFO REPORT==== 20-Nov-2016::23:58:22 ===
           ts_search:(5:<0.3463.0>) Dyn Var (RE): no Match (varname=authenticity_token), 

=INFO REPORT==== 20-Nov-2016::23:58:22 ===
           ts_search:(5:<0.3500.0>) Dyn Var (RE): no Match (varname=authenticity_token), 

=INFO REPORT==== 20-Nov-2016::23:58:22 ===
           ts_search:(5:<0.3515.0>) Dyn Var (RE): no Match (varname=authenticity_token), 

=INFO REPORT==== 20-Nov-2016::23:58:22 ===
           ts_search:(5:<0.3581.0>) Dyn Var (RE): no Match (varname=authenticity_token), 

=INFO REPORT==== 20-Nov-2016::23:58:22 ===
           ts_search:(5:<0.3537.0>) Dyn Var (RE): no Match (varname=authenticity_token), 

=INFO REPORT==== 20-Nov-2016::23:58:22 ===
           ts_search:(5:<0.3603.0>) Dyn Var (RE): no Match (varname=authenticity_token), 

=INFO REPORT==== 20-Nov-2016::23:58:22 ===
           ts_search:(5:<0.3204.0>) Dyn Var (RE): no Match (varname=authenticity_token), 

=INFO REPORT==== 20-Nov-2016::23:58:22 ===
           ts_search:(5:<0.3187.0>) Dyn Var (RE): no Match (varname=authenticity_token), 

=INFO REPORT==== 20-Nov-2016::23:58:22 ===
           ts_search:(5:<0.3589.0>) Dyn Var (RE): no Match (varname=authenticity_token), 

=INFO REPORT==== 20-Nov-2016::23:58:22 ===
           ts_search:(5:<0.3128.0>) Dyn Var (RE): no Match (varname=authenticity_token), 

=INFO REPORT==== 20-Nov-2016::23:58:22 ===
           ts_search:(5:<0.3682.0>) Dyn Var (RE): no Match (varname=authenticity_token), 

=INFO REPORT==== 20-Nov-2016::23:58:22 ===
         ts_launcher:(5:<0.129.0>) Phase duration exceeded, but not all users were launched (144 users, 4.8% of phase)

=INFO REPORT==== 20-Nov-2016::23:58:22 ===
         ts_launcher:(5:<0.129.0>) Start a new arrival phase (900 users, 0.015); expected duration=60.0 sec

=INFO REPORT==== 20-Nov-2016::23:58:23 ===
           ts_search:(5:<0.3368.0>) Dyn Var (RE): no Match (varname=authenticity_token), 

=INFO REPORT==== 20-Nov-2016::23:58:23 ===
           ts_search:(5:<0.3236.0>) Dyn Var (RE): no Match (varname=authenticity_token), 

=INFO REPORT==== 20-Nov-2016::23:58:23 ===
           ts_search:(5:<0.3454.0>) Dyn Var (RE): no Match (varname=authenticity_token), 

=INFO REPORT==== 20-Nov-2016::23:58:23 ===
           ts_search:(5:<0.3727.0>) Dyn Var (RE): no Match (varname=authenticity_token), 

=INFO REPORT==== 20-Nov-2016::23:58:23 ===
           ts_search:(5:<0.3370.0>) Dyn Var (RE): no Match (varname=authenticity_token), 

=INFO REPORT==== 20-Nov-2016::23:58:23 ===
           ts_search:(5:<0.3400.0>) Dyn Var (RE): no Match (varname=authenticity_token), 

=INFO REPORT==== 20-Nov-2016::23:58:24 ===
           ts_search:(5:<0.3619.0>) Dyn Var (RE): no Match (varname=authenticity_token), 

=INFO REPORT==== 20-Nov-2016::23:58:24 ===
           ts_search:(5:<0.3580.0>) Dyn Var (RE): no Match (varname=authenticity_token), 

=INFO REPORT==== 20-Nov-2016::23:58:25 ===
           ts_search:(5:<0.3592.0>) Dyn Var (RE): no Match (varname=authenticity_token), 

=INFO REPORT==== 20-Nov-2016::23:58:25 ===
           ts_search:(5:<0.3535.0>) Dyn Var (RE): no Match (varname=authenticity_token), 

=INFO REPORT==== 20-Nov-2016::23:58:26 ===
           ts_search:(5:<0.2858.0>) Dyn Var (RE): no Match (varname=authenticity_token), 

=INFO REPORT==== 20-Nov-2016::23:58:26 ===
           ts_search:(5:<0.3164.0>) Dyn Var (RE): no Match (varname=authenticity_token), 

=INFO REPORT==== 20-Nov-2016::23:58:26 ===
           ts_search:(5:<0.3767.0>) Dyn Var (RE): no Match (varname=authenticity_token), 

=INFO REPORT==== 20-Nov-2016::23:58:29 ===
           ts_search:(5:<0.3343.0>) Dyn Var (RE): no Match (varname=authenticity_token), 

=INFO REPORT==== 20-Nov-2016::23:58:30 ===
           ts_search:(5:<0.3516.0>) Dyn Var (RE): no Match (varname=authenticity_token), 

=INFO REPORT==== 20-Nov-2016::23:58:30 ===
           ts_search:(5:<0.3859.0>) Dyn Var (RE): no Match (varname=authenticity_token), 

=INFO REPORT==== 20-Nov-2016::23:58:30 ===
           ts_search:(5:<0.3469.0>) Dyn Var (RE): no Match (varname=authenticity_token), 

=INFO REPORT==== 20-Nov-2016::23:58:31 ===
           ts_search:(5:<0.3283.0>) Dyn Var (RE): no Match (varname=authenticity_token), 

=INFO REPORT==== 20-Nov-2016::23:59:22 ===
         ts_launcher:(5:<0.129.0>) Phase duration exceeded, but not all users were launched (54 users, 6.0% of phase)

=INFO REPORT==== 20-Nov-2016::23:59:22 ===
         ts_launcher:(5:<0.129.0>) This was the last phase, wait for connected users to finish their session

=INFO REPORT==== 21-Nov-2016::00:03:37 ===
     ts_launcher_mgr:(5:<0.123.0>) No more active users 'tsung_controller@ip-172-31-27-247' "6832"
