[01/Dec/2016:07:03:10 -0000] access to /icons/image2.gif failed for 0:0:0:0:0:FFFF:A9E7:86D0, reason: 
"httpd_file: Can't access /home/ec2-user/.tsung/log/20161201-0659/icons/image2.gif: File not found"
[01/Dec/2016:07:03:10 -0000] access to /icons/blank.gif failed for 0:0:0:0:0:FFFF:A9E7:86D0, reason: 
"httpd_file: Can't access /home/ec2-user/.tsung/log/20161201-0659/icons/blank.gif: File not found"
[01/Dec/2016:07:03:17 -0000] access to /icons/image2.gif failed for 0:0:0:0:0:FFFF:A9E7:86D0, reason: 
"httpd_file: Can't access /home/ec2-user/.tsung/log/20161201-0659/icons/image2.gif: File not found"
[01/Dec/2016:07:03:17 -0000] access to /icons/blank.gif failed for 0:0:0:0:0:FFFF:A9E7:86D0, reason: 
"httpd_file: Can't access /home/ec2-user/.tsung/log/20161201-0659/icons/blank.gif: File not found"
[01/Dec/2016:07:08:11 -0000] access to /es/images/graphes-Transactions-mean_tn.png failed for 0:0:0:0:0:FFFF:A9E7:86D0, reason: 
"mod_esi: Client not authorized to evaluate: images/graphes-Transactions-mean_tn.png"
[01/Dec/2016:07:08:11 -0000] access to /es/images/graphes-Transactions-rate_tn.png failed for 0:0:0:0:0:FFFF:A9E7:86D0, reason: 
"mod_esi: Client not authorized to evaluate: images/graphes-Transactions-rate_tn.png"
[01/Dec/2016:07:08:11 -0000] access to /es/images/graphes-Perfs-rate_tn.png failed for 0:0:0:0:0:FFFF:A9E7:86D0, reason: 
"mod_esi: Client not authorized to evaluate: images/graphes-Perfs-rate_tn.png"
[01/Dec/2016:07:08:11 -0000] access to /es/images/graphes-Perfs-mean_tn.png failed for 0:0:0:0:0:FFFF:A9E7:86D0, reason: 
"mod_esi: Client not authorized to evaluate: images/graphes-Perfs-mean_tn.png"
[01/Dec/2016:07:08:11 -0000] access to /es/images/graphes-Size-rate_tn.png failed for 0:0:0:0:0:FFFF:A9E7:86D0, reason: 
"mod_esi: Client not authorized to evaluate: images/graphes-Size-rate_tn.png"
[01/Dec/2016:07:08:11 -0000] access to /es/images/graphes-Users_Arrival-rate_tn.png failed for 0:0:0:0:0:FFFF:A9E7:86D0, reason: 
"mod_esi: Client not authorized to evaluate: images/graphes-Users_Arrival-rate_tn.png"
[01/Dec/2016:07:08:11 -0000] access to /es/images/graphes-Users-simultaneous_tn.png failed for 0:0:0:0:0:FFFF:A9E7:86D0, reason: 
"mod_esi: Client not authorized to evaluate: images/graphes-Users-simultaneous_tn.png"
[01/Dec/2016:07:08:11 -0000] access to /es/images/graphes-cpu-mean_tn.png failed for 0:0:0:0:0:FFFF:A9E7:86D0, reason: 
"mod_esi: Client not authorized to evaluate: images/graphes-cpu-mean_tn.png"
[01/Dec/2016:07:08:11 -0000] access to /es/images/graphes-freemem-mean_tn.png failed for 0:0:0:0:0:FFFF:A9E7:86D0, reason: 
"mod_esi: Client not authorized to evaluate: images/graphes-freemem-mean_tn.png"
[01/Dec/2016:07:08:11 -0000] access to /es/images/graphes-load-mean_tn.png failed for 0:0:0:0:0:FFFF:A9E7:86D0, reason: 
"mod_esi: Client not authorized to evaluate: images/graphes-load-mean_tn.png"
[01/Dec/2016:07:08:11 -0000] access to /es/images/graphes-HTTP_CODE-rate_tn.png failed for 0:0:0:0:0:FFFF:A9E7:86D0, reason: 
"mod_esi: Client not authorized to evaluate: images/graphes-HTTP_CODE-rate_tn.png"
