
=INFO REPORT==== 1-Dec-2016::06:59:19 ===
    ts_config_server:(5:<0.72.0>) Config server started, logdir is "/home/ec2-user/.tsung/log/20161201-0659"
 
=INFO REPORT==== 1-Dec-2016::06:59:19 ===
              ts_mon:(5:<0.54.0>) starting monitor, global 

=INFO REPORT==== 1-Dec-2016::06:59:19 ===
           ts_config:(5:<0.72.0>) Reading config file: master.xml

=INFO REPORT==== 1-Dec-2016::06:59:19 ===
      ts_config_http:(4:<0.72.0>) Get user agent: 100 "Mozilla/5.0 (Windows; U; Windows NT 5.2; fr-FR; rv:1.7.8) Gecko/20050511 Firefox/1.0.4" 

=INFO REPORT==== 1-Dec-2016::06:59:19 ===
           ts_config:(5:<0.72.0>) Session name for id 1 is "read-subToSB-readhome"

=INFO REPORT==== 1-Dec-2016::06:59:19 ===
           ts_config:(5:<0.72.0>) Session name for id 2 is "read-subToSB-readspecific"

=INFO REPORT==== 1-Dec-2016::06:59:19 ===
           ts_config:(5:<0.72.0>) Session name for id 3 is "read-subToSB-readrand"

=INFO REPORT==== 1-Dec-2016::06:59:19 ===
           ts_config:(5:<0.72.0>) Session name for id 4 is "read-readhome"

=INFO REPORT==== 1-Dec-2016::06:59:19 ===
           ts_config:(5:<0.72.0>) Session name for id 5 is "read-readspecific"

=INFO REPORT==== 1-Dec-2016::06:59:19 ===
           ts_config:(5:<0.72.0>) Session name for id 6 is "read-readrand"

=INFO REPORT==== 1-Dec-2016::06:59:19 ===
           ts_config:(5:<0.72.0>) Session name for id 7 is "write-createevent-NYhotspot"

=INFO REPORT==== 1-Dec-2016::06:59:19 ===
           ts_config:(5:<0.72.0>) Session name for id 8 is "write-createevent-LA"

=INFO REPORT==== 1-Dec-2016::06:59:19 ===
           ts_config:(5:<0.72.0>) Session name for id 9 is "write-createevent-SB"

=INFO REPORT==== 1-Dec-2016::06:59:19 ===
           ts_config:(5:<0.72.0>) Session name for id 10 is "write-createevent-SF"

=INFO REPORT==== 1-Dec-2016::06:59:19 ===
           ts_config:(5:<0.72.0>) Session name for id 11 is "write-commentspecific"

=INFO REPORT==== 1-Dec-2016::06:59:19 ===
           ts_config:(5:<0.72.0>) Session name for id 12 is "write-commentrand"

=INFO REPORT==== 1-Dec-2016::06:59:19 ===
    ts_config_server:(4:<0.72.0>) SYSINFO:Tsung version: 1.6.0

=INFO REPORT==== 1-Dec-2016::06:59:19 ===
    ts_config_server:(4:<0.72.0>) SYSINFO:Erlang version: Erlang R14B04 (erts-5.8.5) [source] [64-bit] [rq:1] [async-threads:8] [kernel-poll:true]


=INFO REPORT==== 1-Dec-2016::06:59:19 ===
    ts_config_server:(4:<0.72.0>) SYSINFO:System architecture x86_64-redhat-linux-gnu

=INFO REPORT==== 1-Dec-2016::06:59:19 ===
    ts_config_server:(4:<0.72.0>) SYSINFO:Current path: /usr/lib/erlang/lib/tsung-1.6.0/ebin/tsung.beam

=INFO REPORT==== 1-Dec-2016::06:59:19 ===
              ts_mon:(5:<0.73.0>) Activate clients with text backend

=INFO REPORT==== 1-Dec-2016::06:59:19 ===
              ts_mon:(5:<0.73.0>) Starting tsung clients on hosts: [localhost]

=INFO REPORT==== 1-Dec-2016::06:59:19 ===
    ts_config_server:(5:<0.72.0>) Start a launcher on the controller beam localhost

=INFO REPORT==== 1-Dec-2016::06:59:19 ===
  ts_launcher_static:(5:<0.128.0>) Launch msg receive ("localhost")

=INFO REPORT==== 1-Dec-2016::06:59:19 ===
         ts_launcher:(5:<0.129.0>) Launch msg receive ("localhost")

=INFO REPORT==== 1-Dec-2016::06:59:19 ===
    ts_config_server:(5:<0.72.0>) All remote beams started, syncing 

=INFO REPORT==== 1-Dec-2016::06:59:19 ===
    ts_config_server:(5:<0.72.0>) Undefined ports_range config 

=INFO REPORT==== 1-Dec-2016::06:59:19 ===
    ts_config_server:(5:<0.72.0>) New arrival phase 1 for client "localhost" (last ? true): will start 400 users

=INFO REPORT==== 1-Dec-2016::06:59:19 ===
    ts_config_server:(5:<0.72.0>) New arrival phase 2 for client "localhost" (last ? true): will start 800 users

=INFO REPORT==== 1-Dec-2016::06:59:19 ===
         ts_launcher:(5:<0.129.0>) Expected duration of first phase: 100.0 sec (400 users) 

=INFO REPORT==== 1-Dec-2016::06:59:19 ===
         ts_launcher:(5:<0.129.0>) Activate launcher (400 users) in 628 msec 

=INFO REPORT==== 1-Dec-2016::06:59:25 ===
           ts_search:(5:<0.139.0>) Dyn Var (RE): no Match (varname=authenticity_token), 

=INFO REPORT==== 1-Dec-2016::06:59:26 ===
           ts_search:(5:<0.149.0>) Dyn Var (RE): no Match (varname=authenticity_token), 

=INFO REPORT==== 1-Dec-2016::06:59:30 ===
           ts_search:(5:<0.172.0>) Dyn Var (RE): no Match (varname=authenticity_token), 

=INFO REPORT==== 1-Dec-2016::06:59:31 ===
           ts_search:(5:<0.170.0>) Dyn Var (RE): no Match (varname=authenticity_token), 

=INFO REPORT==== 1-Dec-2016::06:59:34 ===
           ts_search:(5:<0.188.0>) Dyn Var (RE): no Match (varname=authenticity_token), 

=INFO REPORT==== 1-Dec-2016::06:59:39 ===
           ts_search:(5:<0.206.0>) Dyn Var (RE): no Match (varname=authenticity_token), 

=INFO REPORT==== 1-Dec-2016::06:59:40 ===
           ts_search:(5:<0.230.0>) Dyn Var (RE): no Match (varname=authenticity_token), 

=INFO REPORT==== 1-Dec-2016::06:59:42 ===
           ts_search:(5:<0.242.0>) Dyn Var (RE): no Match (varname=authenticity_token), 

=INFO REPORT==== 1-Dec-2016::06:59:43 ===
           ts_search:(5:<0.239.0>) Dyn Var (RE): no Match (varname=authenticity_token), 

=INFO REPORT==== 1-Dec-2016::06:59:47 ===
           ts_search:(5:<0.255.0>) Dyn Var (RE): no Match (varname=authenticity_token), 

=INFO REPORT==== 1-Dec-2016::06:59:50 ===
           ts_search:(5:<0.271.0>) Dyn Var (RE): no Match (varname=authenticity_token), 

=INFO REPORT==== 1-Dec-2016::06:59:53 ===
           ts_search:(5:<0.283.0>) Dyn Var (RE): no Match (varname=authenticity_token), 

=INFO REPORT==== 1-Dec-2016::07:00:00 ===
           ts_search:(5:<0.304.0>) Dyn Var (RE): no Match (varname=authenticity_token), 

=INFO REPORT==== 1-Dec-2016::07:00:01 ===
           ts_search:(5:<0.313.0>) Dyn Var (RE): no Match (varname=authenticity_token), 

=INFO REPORT==== 1-Dec-2016::07:00:23 ===
           ts_search:(5:<0.410.0>) Dyn Var (RE): no Match (varname=authenticity_token), 

=INFO REPORT==== 1-Dec-2016::07:00:23 ===
           ts_search:(5:<0.404.0>) Dyn Var (RE): no Match (varname=authenticity_token), 

=INFO REPORT==== 1-Dec-2016::07:00:24 ===
           ts_search:(5:<0.424.0>) Dyn Var (RE): no Match (varname=authenticity_token), 

=INFO REPORT==== 1-Dec-2016::07:00:32 ===
           ts_search:(5:<0.439.0>) Dyn Var (RE): no Match (varname=authenticity_token), 

=INFO REPORT==== 1-Dec-2016::07:00:35 ===
           ts_search:(5:<0.464.0>) Dyn Var (RE): no Match (varname=authenticity_token), 

=INFO REPORT==== 1-Dec-2016::07:00:36 ===
           ts_search:(5:<0.470.0>) Dyn Var (RE): no Match (varname=authenticity_token), 

=INFO REPORT==== 1-Dec-2016::07:00:38 ===
           ts_search:(5:<0.469.0>) Dyn Var (RE): no Match (varname=authenticity_token), 

=INFO REPORT==== 1-Dec-2016::07:00:43 ===
           ts_search:(5:<0.494.0>) Dyn Var (RE): no Match (varname=authenticity_token), 

=INFO REPORT==== 1-Dec-2016::07:00:47 ===
           ts_search:(5:<0.497.0>) Dyn Var (RE): no Match (varname=authenticity_token), 

=INFO REPORT==== 1-Dec-2016::07:00:47 ===
           ts_search:(5:<0.505.0>) Dyn Var (RE): no Match (varname=authenticity_token), 

=INFO REPORT==== 1-Dec-2016::07:00:48 ===
           ts_search:(5:<0.503.0>) Dyn Var (RE): no Match (varname=authenticity_token), 

=INFO REPORT==== 1-Dec-2016::07:00:51 ===
           ts_search:(5:<0.519.0>) Dyn Var (RE): no Match (varname=authenticity_token), 

=INFO REPORT==== 1-Dec-2016::07:00:52 ===
           ts_search:(5:<0.523.0>) Dyn Var (RE): no Match (varname=authenticity_token), 

=INFO REPORT==== 1-Dec-2016::07:00:52 ===
           ts_search:(5:<0.528.0>) Dyn Var (RE): no Match (varname=authenticity_token), 

=INFO REPORT==== 1-Dec-2016::07:00:58 ===
         ts_launcher:(4:<0.129.0>) Need to wait 1.879 sec before changing phase, going to sleep

=INFO REPORT==== 1-Dec-2016::07:00:58 ===
           ts_search:(5:<0.566.0>) Dyn Var (RE): no Match (varname=authenticity_token), 

=INFO REPORT==== 1-Dec-2016::07:00:58 ===
           ts_search:(5:<0.557.0>) Dyn Var (RE): no Match (varname=authenticity_token), 

=INFO REPORT==== 1-Dec-2016::07:00:59 ===
         ts_launcher:(5:<0.129.0>) Waking up

=INFO REPORT==== 1-Dec-2016::07:00:59 ===
         ts_launcher:(5:<0.129.0>) Start a new arrival phase (800 users, 0.008); expected duration=100.0 sec

=INFO REPORT==== 1-Dec-2016::07:01:04 ===
           ts_search:(5:<0.597.0>) Dyn Var (RE): no Match (varname=authenticity_token), 

=INFO REPORT==== 1-Dec-2016::07:01:04 ===
           ts_search:(5:<0.584.0>) Dyn Var (RE): no Match (varname=authenticity_token), 

=INFO REPORT==== 1-Dec-2016::07:01:07 ===
           ts_search:(5:<0.604.0>) Dyn Var (RE): no Match (varname=authenticity_token), 

=INFO REPORT==== 1-Dec-2016::07:01:09 ===
           ts_search:(5:<0.625.0>) Dyn Var (RE): no Match (varname=authenticity_token), 

=INFO REPORT==== 1-Dec-2016::07:01:09 ===
           ts_search:(5:<0.629.0>) Dyn Var (RE): no Match (varname=authenticity_token), 

=INFO REPORT==== 1-Dec-2016::07:01:10 ===
           ts_search:(5:<0.633.0>) Dyn Var (RE): no Match (varname=authenticity_token), 

=INFO REPORT==== 1-Dec-2016::07:01:10 ===
           ts_search:(5:<0.630.0>) Dyn Var (RE): no Match (varname=authenticity_token), 

=INFO REPORT==== 1-Dec-2016::07:01:12 ===
           ts_search:(5:<0.680.0>) Dyn Var (RE): no Match (varname=authenticity_token), 

=INFO REPORT==== 1-Dec-2016::07:01:14 ===
           ts_search:(5:<0.679.0>) Dyn Var (RE): no Match (varname=authenticity_token), 

=INFO REPORT==== 1-Dec-2016::07:01:15 ===
           ts_search:(5:<0.700.0>) Dyn Var (RE): no Match (varname=authenticity_token), 

=INFO REPORT==== 1-Dec-2016::07:01:15 ===
           ts_search:(5:<0.697.0>) Dyn Var (RE): no Match (varname=authenticity_token), 

=INFO REPORT==== 1-Dec-2016::07:01:18 ===
           ts_search:(5:<0.726.0>) Dyn Var (RE): no Match (varname=authenticity_token), 

=INFO REPORT==== 1-Dec-2016::07:01:19 ===
           ts_search:(5:<0.722.0>) Dyn Var (RE): no Match (varname=authenticity_token), 

=INFO REPORT==== 1-Dec-2016::07:01:19 ===
           ts_search:(5:<0.717.0>) Dyn Var (RE): no Match (varname=authenticity_token), 

=INFO REPORT==== 1-Dec-2016::07:01:24 ===
           ts_search:(5:<0.763.0>) Dyn Var (RE): no Match (varname=authenticity_token), 

=INFO REPORT==== 1-Dec-2016::07:01:28 ===
           ts_search:(5:<0.808.0>) Dyn Var (RE): no Match (varname=authenticity_token), 

=INFO REPORT==== 1-Dec-2016::07:01:29 ===
           ts_search:(5:<0.802.0>) Dyn Var (RE): no Match (varname=authenticity_token), 

=INFO REPORT==== 1-Dec-2016::07:01:32 ===
           ts_search:(5:<0.822.0>) Dyn Var (RE): no Match (varname=authenticity_token), 

=INFO REPORT==== 1-Dec-2016::07:01:33 ===
           ts_search:(5:<0.845.0>) Dyn Var (RE): no Match (varname=authenticity_token), 

=INFO REPORT==== 1-Dec-2016::07:01:34 ===
           ts_search:(5:<0.867.0>) Dyn Var (RE): no Match (varname=authenticity_token), 

=INFO REPORT==== 1-Dec-2016::07:01:41 ===
           ts_search:(5:<0.919.0>) Dyn Var (RE): no Match (varname=authenticity_token), 

=INFO REPORT==== 1-Dec-2016::07:01:46 ===
           ts_search:(5:<0.941.0>) Dyn Var (RE): no Match (varname=authenticity_token), 

=INFO REPORT==== 1-Dec-2016::07:01:46 ===
           ts_search:(5:<0.965.0>) Dyn Var (RE): no Match (varname=authenticity_token), 

=INFO REPORT==== 1-Dec-2016::07:01:48 ===
           ts_search:(5:<0.964.0>) Dyn Var (RE): no Match (varname=authenticity_token), 

=INFO REPORT==== 1-Dec-2016::07:01:51 ===
           ts_search:(5:<0.986.0>) Dyn Var (RE): no Match (varname=authenticity_token), 

=INFO REPORT==== 1-Dec-2016::07:01:51 ===
           ts_search:(5:<0.989.0>) Dyn Var (RE): no Match (varname=authenticity_token), 

=INFO REPORT==== 1-Dec-2016::07:01:54 ===
           ts_search:(5:<0.1011.0>) Dyn Var (RE): no Match (varname=authenticity_token), 

=INFO REPORT==== 1-Dec-2016::07:01:55 ===
           ts_search:(5:<0.1029.0>) Dyn Var (RE): no Match (varname=authenticity_token), 

=INFO REPORT==== 1-Dec-2016::07:01:56 ===
           ts_search:(5:<0.1023.0>) Dyn Var (RE): no Match (varname=authenticity_token), 

=INFO REPORT==== 1-Dec-2016::07:01:58 ===
           ts_search:(5:<0.1052.0>) Dyn Var (RE): no Match (varname=authenticity_token), 

=INFO REPORT==== 1-Dec-2016::07:02:01 ===
           ts_search:(5:<0.1064.0>) Dyn Var (RE): no Match (varname=authenticity_token), 

=INFO REPORT==== 1-Dec-2016::07:02:02 ===
           ts_search:(5:<0.1101.0>) Dyn Var (RE): no Match (varname=authenticity_token), 

=INFO REPORT==== 1-Dec-2016::07:02:11 ===
           ts_search:(5:<0.1156.0>) Dyn Var (RE): no Match (varname=authenticity_token), 

=INFO REPORT==== 1-Dec-2016::07:02:13 ===
           ts_search:(5:<0.1187.0>) Dyn Var (RE): no Match (varname=authenticity_token), 

=INFO REPORT==== 1-Dec-2016::07:02:14 ===
           ts_search:(5:<0.1185.0>) Dyn Var (RE): no Match (varname=authenticity_token), 

=INFO REPORT==== 1-Dec-2016::07:02:14 ===
           ts_search:(5:<0.1182.0>) Dyn Var (RE): no Match (varname=authenticity_token), 

=INFO REPORT==== 1-Dec-2016::07:02:16 ===
           ts_search:(5:<0.1203.0>) Dyn Var (RE): no Match (varname=authenticity_token), 

=INFO REPORT==== 1-Dec-2016::07:02:18 ===
           ts_search:(5:<0.1221.0>) Dyn Var (RE): no Match (varname=authenticity_token), 

=INFO REPORT==== 1-Dec-2016::07:02:18 ===
           ts_search:(5:<0.1223.0>) Dyn Var (RE): no Match (varname=authenticity_token), 

=INFO REPORT==== 1-Dec-2016::07:02:18 ===
           ts_search:(5:<0.1217.0>) Dyn Var (RE): no Match (varname=authenticity_token), 

=INFO REPORT==== 1-Dec-2016::07:02:19 ===
           ts_search:(5:<0.1229.0>) Dyn Var (RE): no Match (varname=authenticity_token), 

=INFO REPORT==== 1-Dec-2016::07:02:26 ===
           ts_search:(5:<0.1286.0>) Dyn Var (RE): no Match (varname=authenticity_token), 

=INFO REPORT==== 1-Dec-2016::07:02:30 ===
           ts_search:(5:<0.1306.0>) Dyn Var (RE): no Match (varname=authenticity_token), 

=INFO REPORT==== 1-Dec-2016::07:02:32 ===
           ts_search:(5:<0.1329.0>) Dyn Var (RE): no Match (varname=authenticity_token), 

=INFO REPORT==== 1-Dec-2016::07:02:34 ===
           ts_search:(5:<0.1339.0>) Dyn Var (RE): no Match (varname=authenticity_token), 

=INFO REPORT==== 1-Dec-2016::07:02:35 ===
           ts_search:(5:<0.1354.0>) Dyn Var (RE): no Match (varname=authenticity_token), 

=INFO REPORT==== 1-Dec-2016::07:02:36 ===
           ts_search:(5:<0.1374.0>) Dyn Var (RE): no Match (varname=authenticity_token), 

=INFO REPORT==== 1-Dec-2016::07:02:37 ===
           ts_search:(5:<0.1367.0>) Dyn Var (RE): no Match (varname=authenticity_token), 

=INFO REPORT==== 1-Dec-2016::07:02:39 ===
           ts_search:(5:<0.1393.0>) Dyn Var (RE): no Match (varname=authenticity_token), 

=INFO REPORT==== 1-Dec-2016::07:02:39 ===
         ts_launcher:(5:<0.129.0>) This was the last phase, wait for connected users to finish their session

=INFO REPORT==== 1-Dec-2016::07:02:39 ===
           ts_search:(5:<0.1389.0>) Dyn Var (RE): no Match (varname=authenticity_token), 

=INFO REPORT==== 1-Dec-2016::07:02:39 ===
           ts_search:(5:<0.1384.0>) Dyn Var (RE): no Match (varname=authenticity_token), 

=INFO REPORT==== 1-Dec-2016::07:02:40 ===
           ts_search:(5:<0.1409.0>) Dyn Var (RE): no Match (varname=authenticity_token), 

=INFO REPORT==== 1-Dec-2016::07:02:54 ===
     ts_launcher_mgr:(5:<0.123.0>) No more active users 'tsung_controller@ip-172-31-19-218' "9075"
