# stats: dump at 1480575569
stats: users 18 21
stats: {cpu,"tsung_controller@ip-172-31-19-218"} 1 12.859361456226523 0 12.859361456226523 12.859361456226523 0 0
stats: {freemem,"tsung_controller@ip-172-31-19-218"} 1 3062.265625 0 3062.265625 3062.265625 0 0
stats: {load,"tsung_controller@ip-172-31-19-218"} 1 0.12109375 0 0.12109375 0.12109375 0 0
stats: session 24 2573.3012695312505 1707.4011375760006 6917.4150390625 18.27880859375 0 0
stats: users_count 42 42
stats: finish_users_count 24 24
stats: request 73 20.42125628745719 23.2833861355239 156.755126953125 1.514892578125 0 0
stats: connect 40 5.971136474609375 18.42483261012366 120.64501953125 0.85107421875 0 0
stats: page 73 20.42125628745719 23.2833861355239 156.755126953125 1.514892578125 0 0
stats: 302 7 7
stats: 200 62 62
stats: size_rcv 427973 427973
stats: 422 2 2
stats: size_sent 27289 27289
stats: connected 18 18
stats: 400 2 2
# stats: dump at 1480575579
stats: users 18 24
stats: {cpu,"tsung_controller@ip-172-31-19-218"} 1 3.1609195402298855 0.0 12.859361456226523 3.1609195402298855 12.859361456226523 1
stats: {freemem,"tsung_controller@ip-172-31-19-218"} 1 3059.6953125 0.0 3062.265625 3059.6953125 3062.265625 1
stats: {load,"tsung_controller@ip-172-31-19-218"} 1 0.1015625 0.0 0.12109375 0.1015625 0.12109375 1
stats: {recvpackets,"tsung_controller@ip-172-31-19-218"} 1 546 0 546 546 0 0
stats: {sentpackets,"tsung_controller@ip-172-31-19-218"} 1 551 0 551 551 0 0
stats: session 47 3712.6721814744014 3218.091930499536 11723.427978515625 13.839111328125 2573.3012695312505 24
stats: users_count 47 89
stats: finish_users_count 47 71
stats: request 119 30.91219349067754 50.54317910822928 310.72509765625 1.514892578125 20.42125628745719 73
stats: connect 46 2.6625605044157608 3.741467606338861 120.64501953125 0.842041015625 5.971136474609375 40
stats: page 119 30.91219349067754 50.54317910822928 310.72509765625 1.514892578125 20.42125628745719 73
stats: 302 19 26
stats: 200 94 156
stats: size_rcv 578912 1006885
stats: 422 3 5
stats: size_sent 55108 82397
stats: connected 1 19
stats: 400 3 5
# stats: dump at 1480575589
stats: users 20 24
stats: {cpu,"tsung_controller@ip-172-31-19-218"} 1 25.769569041336855 0.0 25.769569041336855 3.1609195402298855 8.010140498228203 2
stats: {freemem,"tsung_controller@ip-172-31-19-218"} 1 3050.62109375 0.0 3062.265625 3050.62109375 3060.98046875 2
stats: {load,"tsung_controller@ip-172-31-19-218"} 1 0.16015625 0.0 0.16015625 0.1015625 0.111328125 2
stats: {recvpackets,"tsung_controller@ip-172-31-19-218"} 1 865.0 0.0 865 546 546.0 1
stats: {sentpackets,"tsung_controller@ip-172-31-19-218"} 1 1077.0 0.0 1077 551 551.0 1
stats: session 32 4631.875427246094 3555.396393737772 11967.85986328125 13.839111328125 3327.5327182823503 71
stats: users_count 34 123
stats: finish_users_count 32 103
stats: request 95 24.591719777960527 36.332295421277635 310.72509765625 1.283935546875 26.923451741536468 192
stats: connect 35 2.204192243303572 1.6318339756135136 120.64501953125 0.842041015625 4.20143304869186 86
stats: page 95 24.591719777960527 36.332295421277635 310.72509765625 1.283935546875 26.923451741536468 192
stats: 302 10 36
stats: 200 75 231
stats: size_rcv 485354 1492239
stats: 422 5 10
stats: size_sent 45323 127720
stats: connected 2 21
stats: 400 5 10
# stats: dump at 1480575599
stats: users 23 26
stats: {cpu,"tsung_controller@ip-172-31-19-218"} 1 16.818181818181817 0.0 25.769569041336855 3.1609195402298855 13.929950012597752 3
stats: {freemem,"tsung_controller@ip-172-31-19-218"} 1 3055.91015625 0.0 3062.265625 3050.62109375 3057.52734375 3
stats: {load,"tsung_controller@ip-172-31-19-218"} 1 0.2109375 0.0 0.2109375 0.1015625 0.12760416666666666 3
stats: {recvpackets,"tsung_controller@ip-172-31-19-218"} 1 641.0 0.0 865 546 705.5 2
stats: {sentpackets,"tsung_controller@ip-172-31-19-218"} 1 799.0 0.0 1077 551 814.0 2
stats: session 34 5219.4394746668195 3620.7547560229814 12863.032958984375 13.839111328125 3732.7654045623485 103
stats: users_count 37 160
stats: finish_users_count 34 137
stats: request 97 24.535367670747423 32.33029750315988 310.72509765625 1.281005859375 26.151624088087985 287
stats: connect 37 2.56226245777027 3.241415602308524 120.64501953125 0.842041015625 3.6237187661415287 121
stats: page 97 24.535367670747423 32.33029750315988 310.72509765625 1.281005859375 26.151624088087985 287
stats: 302 14 50
stats: 200 79 310
stats: size_rcv 502143 1994382
stats: 422 2 12
stats: size_sent 43614 171334
stats: connected 3 24
stats: 400 2 12
# stats: dump at 1480575609
stats: users 22 26
stats: {cpu,"tsung_controller@ip-172-31-19-218"} 1 12.995391705069123 0.0 25.769569041336855 3.1609195402298855 14.652007963993768 4
stats: {freemem,"tsung_controller@ip-172-31-19-218"} 1 3055.7109375 0.0 3062.265625 3050.62109375 3057.123046875 4
stats: {load,"tsung_controller@ip-172-31-19-218"} 1 0.171875 0.0 0.2109375 0.1015625 0.1484375 4
stats: {recvpackets,"tsung_controller@ip-172-31-19-218"} 1 649.0 0.0 865 546 684.0 3
stats: {sentpackets,"tsung_controller@ip-172-31-19-218"} 1 725.0 0.0 1077 551 809.0 3
stats: session 43 4417.345527116642 3604.979195951033 13677.085205078125 13.839111328125 4101.721013201414 137
stats: users_count 42 202
stats: finish_users_count 43 180
stats: request 119 27.305499934348738 35.51986155254867 310.72509765625 1.281005859375 25.74335098266602 384
stats: connect 43 2.7924975018168605 1.4966745454478114 120.64501953125 0.842041015625 3.375149883801424 158
stats: page 119 27.305499934348738 35.51986155254867 310.72509765625 1.281005859375 25.74335098266602 384
stats: 302 17 67
stats: 200 98 408
stats: size_rcv 649954 2644336
stats: 422 2 14
stats: size_sent 56103 227437
stats: connected -2 22
stats: 400 2 14
# stats: dump at 1480575619
stats: users 18 26
stats: {cpu,"tsung_controller@ip-172-31-19-218"} 1 2.47383444338725 0.0 25.769569041336855 2.47383444338725 14.32068471220884 5
stats: {freemem,"tsung_controller@ip-172-31-19-218"} 1 3054.9921875 0.0 3062.265625 3050.62109375 3056.840625 5
stats: {load,"tsung_controller@ip-172-31-19-218"} 1 0.1484375 0.0 0.2109375 0.1015625 0.153125 5
stats: {recvpackets,"tsung_controller@ip-172-31-19-218"} 1 703.0 0.0 865 546 675.25 4
stats: {sentpackets,"tsung_controller@ip-172-31-19-218"} 1 717.0 0.0 1077 551 788.0 4
stats: session 48 3929.7612304687486 3661.707292488766 13677.085205078125 13.839111328125 4177.120202636719 180
stats: users_count 44 246
stats: finish_users_count 48 228
stats: request 133 31.90189768855733 47.35290584816615 310.72509765625 1.281005859375 26.112924989127738 503
stats: connect 44 2.3648515181107954 1.481410888518566 120.64501953125 0.842041015625 3.2505028568097014 201
stats: page 133 31.90189768855733 47.35290584816615 310.72509765625 1.281005859375 26.112924989127738 503
stats: 302 30 97
stats: 200 103 511
stats: size_rcv 654775 3299111
stats: 422 0 14
stats: size_sent 69175 296612
stats: connected -3 19
stats: 400 0 14
# stats: dump at 1480575629
stats: users 24 26
stats: {cpu,"tsung_controller@ip-172-31-19-218"} 1 2.598652550529355 0.0 25.769569041336855 2.47383444338725 12.34620966740524 6
stats: {freemem,"tsung_controller@ip-172-31-19-218"} 1 3054.5703125 0.0 3062.265625 3050.62109375 3056.5325520833335 6
stats: {load,"tsung_controller@ip-172-31-19-218"} 1 0.12109375 0.0 0.2109375 0.1015625 0.15234375 6
stats: {recvpackets,"tsung_controller@ip-172-31-19-218"} 1 719.0 0.0 865 546 680.8 5
stats: {sentpackets,"tsung_controller@ip-172-31-19-218"} 1 712.0 0.0 1077 551 773.8 5
stats: session 35 5371.697453962053 3800.249695463342 13677.085205078125 13.839111328125 4125.044629548725 228
stats: users_count 41 287
stats: finish_users_count 35 263
stats: request 107 26.92790550160631 38.10330215041828 310.72509765625 1.281005859375 27.323512047341783 636
stats: connect 39 2.707920172275641 3.615543294305641 120.64501953125 0.842041015625 3.0914471061862243 245
stats: page 107 26.92790550160631 38.10330215041828 310.72509765625 1.281005859375 27.323512047341783 636
stats: 302 15 112
stats: 200 86 597
stats: size_rcv 562463 3861574
stats: 422 3 17
stats: size_sent 49631 346243
stats: connected 3 22
stats: 400 3 17
# stats: dump at 1480575639
stats: users 14 26
stats: {cpu,"tsung_controller@ip-172-31-19-218"} 1 2.424830261881668 0.0 25.769569041336855 2.424830261881668 10.953701507851543 7
stats: {freemem,"tsung_controller@ip-172-31-19-218"} 1 3054.44921875 0.0 3062.265625 3050.62109375 3056.2522321428573 7
stats: {load,"tsung_controller@ip-172-31-19-218"} 1 0.1015625 0.0 0.2109375 0.1015625 0.14787946428571427 7
stats: {recvpackets,"tsung_controller@ip-172-31-19-218"} 1 614.0 0.0 865 546 687.1666666666666 6
stats: {sentpackets,"tsung_controller@ip-172-31-19-218"} 1 621.0 0.0 1077 551 763.5 6
stats: session 44 4750.37726384943 3708.1396735282087 13945.517822265625 13.839111328125 4290.948997816658 263
stats: users_count 34 321
stats: finish_users_count 44 307
stats: request 113 24.282364836836283 30.581129681980663 310.72509765625 1.281005859375 27.26654044519684 743
stats: connect 37 2.033005173141892 1.0678860823474614 120.64501953125 0.842041015625 3.0387796751210385 284
stats: page 113 24.282364836836283 30.581129681980663 310.72509765625 1.281005859375 27.26654044519684 743
stats: 302 17 129
stats: 200 88 685
stats: size_rcv 555356 4416930
stats: 422 4 21
stats: size_sent 53982 400225
stats: connected -8 14
stats: 400 4 21
# stats: dump at 1480575649
stats: users 16 26
stats: {cpu,"tsung_controller@ip-172-31-19-218"} 1 14.098972922502334 0.0 25.769569041336855 2.424830261881668 9.887592602105308 8
stats: {freemem,"tsung_controller@ip-172-31-19-218"} 1 3056.91796875 0.0 3062.265625 3050.62109375 3056.02685546875 8
stats: {load,"tsung_controller@ip-172-31-19-218"} 1 0.171875 0.0 0.2109375 0.1015625 0.14208984375 8
stats: {recvpackets,"tsung_controller@ip-172-31-19-218"} 1 680.0 0.0 865 546 676.7142857142857 7
stats: {sentpackets,"tsung_controller@ip-172-31-19-218"} 1 778.0 0.0 1077 551 743.1428571428571 7
stats: session 40 4015.552130126953 3857.6772169201327 13945.517822265625 13.839111328125 4356.795394251323 307
stats: users_count 42 363
stats: finish_users_count 40 347
stats: request 98 22.497394172512763 30.64628553106934 310.72509765625 1.183837890625 26.872601375401576 856
stats: connect 40 1.79736328125 1.3126816760074143 120.64501953125 0.842041015625 2.9228492808119158 321
stats: page 98 22.497394172512763 30.64628553106934 310.72509765625 1.183837890625 26.872601375401576 856
stats: 302 13 142
stats: 200 77 762
stats: size_rcv 488141 4905071
stats: 422 4 25
stats: size_sent 45664 445889
stats: connected 3 17
stats: 400 4 25
# stats: dump at 1480575659
stats: users 11 26
stats: {cpu,"tsung_controller@ip-172-31-19-218"} 1 13.990610328638498 0.0 25.769569041336855 2.424830261881668 10.355523748816088 9
stats: {freemem,"tsung_controller@ip-172-31-19-218"} 1 3056.84375 0.0 3062.265625 3050.62109375 3056.1258680555557 9
stats: {load,"tsung_controller@ip-172-31-19-218"} 1 0.140625 0.0 0.2109375 0.1015625 0.14539930555555555 9
stats: {recvpackets,"tsung_controller@ip-172-31-19-218"} 1 639.0 0.0 865 546 677.125 8
stats: {sentpackets,"tsung_controller@ip-172-31-19-218"} 1 735.0 0.0 1077 551 747.5 8
stats: session 42 3422.97900390625 3194.6545578034766 13945.517822265625 13.839111328125 4317.458994928629 347
stats: users_count 37 400
stats: finish_users_count 42 389
stats: request 100 20.372717285156245 28.372799805934676 310.72509765625 1.152099609375 26.42315661032495 954
stats: connect 39 1.9379006410256414 1.5365364344851906 120.64501953125 0.842041015625 2.798141690832756 361
stats: page 100 20.372717285156245 28.372799805934676 310.72509765625 1.152099609375 26.42315661032495 954
stats: 302 12 154
stats: 200 78 840
stats: size_rcv 537789 5442860
stats: 422 5 30
stats: size_sent 44910 490799
stats: connected -5 12
stats: 400 5 30
# stats: dump at 1480575669
stats: users 45 48
stats: {cpu,"tsung_controller@ip-172-31-19-218"} 1 13.721804511278195 0.0 25.769569041336855 2.424830261881668 10.719032406798329 10
stats: {freemem,"tsung_controller@ip-172-31-19-218"} 1 3056.73828125 0.0 3062.265625 3050.62109375 3056.19765625 10
stats: {load,"tsung_controller@ip-172-31-19-218"} 1 0.12109375 0.0 0.2109375 0.1015625 0.144921875 10
stats: {recvpackets,"tsung_controller@ip-172-31-19-218"} 1 696.0 0.0 865 546 672.8888888888889 9
stats: {sentpackets,"tsung_controller@ip-172-31-19-218"} 1 824.0 0.0 1077 551 746.1111111111111 9
stats: session 51 3804.352658739277 3363.871146505328 13945.517822265625 13.839111328125 4220.882749111303 389
stats: users_count 85 485
stats: finish_users_count 51 440
stats: request 171 26.931582088358912 37.83892573907039 310.72509765625 1.152099609375 25.849111133553723 1054
stats: connect 83 2.3529038027108435 2.939535861340649 120.64501953125 0.842041015625 2.7142681884765625 400
stats: page 171 26.931582088358912 37.83892573907039 310.72509765625 1.152099609375 25.849111133553723 1054
stats: 302 20 174
stats: 200 145 985
stats: size_rcv 905893 6348753
stats: 422 3 33
stats: newphase 1 1
stats: size_sent 70822 561621
stats: connected 35 47
stats: 400 3 33
# stats: dump at 1480575679
stats: users 41 51
stats: {cpu,"tsung_controller@ip-172-31-19-218"} 1 26.525198938992045 0.0 26.525198938992045 2.424830261881668 10.992011689023771 11
stats: {freemem,"tsung_controller@ip-172-31-19-218"} 1 3052.6953125 0.0 3062.265625 3050.62109375 3056.2468039772725 11
stats: {load,"tsung_controller@ip-172-31-19-218"} 1 0.171875 0.0 0.2109375 0.1015625 0.14275568181818182 11
stats: {recvpackets,"tsung_controller@ip-172-31-19-218"} 1 1318.0 0.0 1318 546 675.2 10
stats: {sentpackets,"tsung_controller@ip-172-31-19-218"} 1 1493.0 0.0 1493 551 753.9 10
stats: session 91 4288.727182241588 3127.243292770228 13945.517822265625 13.2919921875 4172.603125000001 440
stats: users_count 87 572
stats: finish_users_count 91 531
stats: request 251 29.558167719746 41.97660335104694 310.72509765625 1.152099609375 26.00021524234694 1225
stats: connect 88 1.7000371759588064 0.691280334950666 120.64501953125 0.842041015625 2.6521703747735508 483
stats: page 251 29.558167719746 41.97660335104694 310.72509765625 1.152099609375 26.00021524234694 1225
stats: 302 36 210
stats: 200 195 1180
stats: size_rcv 1294694 7643447
stats: 422 10 43
stats: newphase 0 1
stats: size_sent 119933 681554
stats: connected -4 43
stats: 400 10 43
# stats: dump at 1480575689
stats: users 44 51
stats: {cpu,"tsung_controller@ip-172-31-19-218"} 1 4.619826756496631 0.0 26.525198938992045 2.424830261881668 12.28644395985446 12
stats: {freemem,"tsung_controller@ip-172-31-19-218"} 1 3051.45703125 0.0 3062.265625 3050.62109375 3055.9508463541665 12
stats: {load,"tsung_controller@ip-172-31-19-218"} 1 0.1484375 0.0 0.2109375 0.1015625 0.14518229166666666 12
stats: {recvpackets,"tsung_controller@ip-172-31-19-218"} 1 1508.0 0.0 1508 546 733.6363636363636 11
stats: {sentpackets,"tsung_controller@ip-172-31-19-218"} 1 1533.0 0.0 1533 551 821.0909090909091 11
stats: session 79 4871.515124357199 3644.376672145293 13945.517822265625 13.2919921875 4192.5038579736065 531
stats: users_count 82 654
stats: finish_users_count 79 610
stats: request 244 31.599736448194175 44.75357159294831 329.82080078125 1.152099609375 26.60526000645748 1476
stats: connect 83 2.4549075207078315 3.5834364344830476 120.64501953125 0.842041015625 2.5054318082311733 571
stats: page 244 31.599736448194175 44.75357159294831 329.82080078125 1.152099609375 26.60526000645748 1476
stats: 302 44 254
stats: 200 194 1374
stats: size_rcv 1231321 8874768
stats: 422 3 46
stats: newphase 0 1
stats: size_sent 119036 800590
stats: connected 1 44
stats: 400 3 46
# stats: dump at 1480575699
stats: users 38 51
stats: {cpu,"tsung_controller@ip-172-31-19-218"} 1 18.647166361974406 0.0 26.525198938992045 2.424830261881668 11.696704174980779 13
stats: {freemem,"tsung_controller@ip-172-31-19-218"} 1 3046.18359375 0.0 3062.265625 3046.18359375 3055.605168269231 13
stats: {load,"tsung_controller@ip-172-31-19-218"} 1 0.12109375 0.0 0.2109375 0.1015625 0.14543269230769232 13
stats: {recvpackets,"tsung_controller@ip-172-31-19-218"} 1 1403.0 0.0 1508 546 798.1666666666666 12
stats: {sentpackets,"tsung_controller@ip-172-31-19-218"} 1 1508.0 0.0 1533 551 880.4166666666666 12
stats: session 82 4845.086259051066 3881.3856495592154 13945.517822265625 13.2919921875 4280.441382636399 610
stats: users_count 76 730
stats: finish_users_count 82 692
stats: request 231 29.926176525297603 42.73582752932053 329.82080078125 1.152099609375 27.31377875749455 1720
stats: connect 76 1.6560251336348684 1.34745949954462 120.64501953125 0.842041015625 2.4990197044629205 654
stats: page 231 29.926176525297603 42.73582752932053 329.82080078125 1.152099609375 27.31377875749455 1720
stats: 302 43 297
stats: 200 180 1554
stats: size_rcv 1142702 10017470
stats: 422 4 50
stats: newphase 0 1
stats: size_sent 116160 916750
stats: connected -6 38
stats: 400 4 50
# stats: dump at 1480575709
stats: users 36 51
stats: {cpu,"tsung_controller@ip-172-31-19-218"} 1 29.965156794425084 0.0 29.965156794425084 2.424830261881668 12.193165759766037 14
stats: {freemem,"tsung_controller@ip-172-31-19-218"} 1 3044.82421875 0.0 3062.265625 3044.82421875 3054.932198660714 14
stats: {load,"tsung_controller@ip-172-31-19-218"} 1 0.1015625 0.0 0.2109375 0.1015625 0.14369419642857142 14
stats: {recvpackets,"tsung_controller@ip-172-31-19-218"} 1 1420.0 0.0 1508 546 844.6923076923077 13
stats: {sentpackets,"tsung_controller@ip-172-31-19-218"} 1 1516.0 0.0 1533 551 928.6923076923077 13
stats: session 76 5344.531497353001 4215.9484356652765 13945.517822265625 13.2919921875 4347.350168569928 692
stats: users_count 74 804
stats: finish_users_count 76 768
stats: request 216 44.57957401982062 64.06508709325222 404.527099609375 1.152099609375 27.623088795609622 1951
stats: connect 74 1.6903373099662162 1.2318421632895817 120.64501953125 0.780029296875 2.411255886130137 730
stats: page 216 44.57957401982062 64.06508709325222 404.527099609375 1.152099609375 27.623088795609622 1951
stats: 302 36 333
stats: 200 172 1726
stats: size_rcv 1126091 11143561
stats: 422 4 54
stats: newphase 0 1
stats: size_sent 107858 1024608
stats: connected -1 37
stats: 400 4 54
# stats: dump at 1480575719
stats: users 39 51
stats: {cpu,"tsung_controller@ip-172-31-19-218"} 1 29.225352112676056 0.0 29.965156794425084 2.424830261881668 13.377965162076642 15
stats: {freemem,"tsung_controller@ip-172-31-19-218"} 1 3050.2578125 0.0 3062.265625 3044.82421875 3054.258333333333 15
stats: {load,"tsung_controller@ip-172-31-19-218"} 1 0.08984375 0.0 0.2109375 0.08984375 0.14088541666666668 15
stats: {recvpackets,"tsung_controller@ip-172-31-19-218"} 1 1413.0 0.0 1508 546 885.7857142857143 14
stats: {sentpackets,"tsung_controller@ip-172-31-19-218"} 1 1624.0 0.0 1624 551 970.6428571428571 14
stats: session 79 4497.0432654272145 4000.526605487554 14336.48095703125 13.2919921875 4446.02957089742 768
stats: users_count 82 886
stats: finish_users_count 79 847
stats: request 218 105.25104823681194 320.4598727918023 2024.513916015625 1.152099609375 29.31325991163619 2167
stats: connect 78 2.178372896634614 2.2779975279276345 120.64501953125 0.780029296875 2.344902683846393 804
stats: page 218 105.25104823681194 320.4598727918023 2024.513916015625 1.152099609375 29.31325991163619 2167
stats: 302 33 366
stats: 200 173 1899
stats: size_rcv 1110417 12253978
stats: 422 6 60
stats: newphase 0 1
stats: size_sent 103724 1128332
stats: connected 1 38
stats: 400 6 60
# stats: dump at 1480575729
stats: users 47 51
stats: {cpu,"tsung_controller@ip-172-31-19-218"} 1 26.57777777777778 0.0 29.965156794425084 2.424830261881668 14.368426846489106 16
stats: {freemem,"tsung_controller@ip-172-31-19-218"} 1 3050.265625 0.0 3062.265625 3044.82421875 3054.00830078125 16
stats: {load,"tsung_controller@ip-172-31-19-218"} 1 0.23046875 0.0 0.23046875 0.08984375 0.1376953125 16
stats: {recvpackets,"tsung_controller@ip-172-31-19-218"} 1 1522.0 0.0 1522 546 920.9333333333333 15
stats: {sentpackets,"tsung_controller@ip-172-31-19-218"} 1 1659.0 0.0 1659 551 1014.2 15
stats: session 76 5155.613525390623 3722.0867206828716 14336.48095703125 13.14111328125 4450.787636857106 847
stats: users_count 84 970
stats: finish_users_count 76 923
stats: request 233 29.140135670936157 40.363945471058116 2024.513916015625 1.152099609375 36.25432400173611 2385
stats: connect 83 2.176304828689759 1.2714197331877657 120.64501953125 0.780029296875 2.330175559807256 882
stats: page 233 29.140135670936157 40.363945471058116 2024.513916015625 1.152099609375 36.25432400173611 2385
stats: 302 34 400
stats: 200 194 2093
stats: size_rcv 1253518 13507496
stats: 422 2 62
stats: newphase 0 1
stats: size_sent 111101 1239433
stats: connected 7 45
stats: 400 2 62
stats: 500 1 1
# stats: dump at 1480575739
stats: users 29 51
stats: {cpu,"tsung_controller@ip-172-31-19-218"} 1 3.4715525554484086 0.0 29.965156794425084 2.424830261881668 15.08662396009432 17
stats: {freemem,"tsung_controller@ip-172-31-19-218"} 1 3051.83984375 0.0 3062.265625 3044.82421875 3053.788143382353 17
stats: {load,"tsung_controller@ip-172-31-19-218"} 1 0.19140625 0.0 0.23046875 0.08984375 0.14315257352941177 17
stats: {recvpackets,"tsung_controller@ip-172-31-19-218"} 1 1370.0 0.0 1522 546 958.5 16
stats: {sentpackets,"tsung_controller@ip-172-31-19-218"} 1 1405.0 0.0 1659 551 1054.5 16
stats: session 89 5153.693921721382 3304.300185222734 14336.48095703125 13.14111328125 4508.823137971459 923
stats: users_count 71 1041
stats: finish_users_count 89 1012
stats: request 251 37.95534852776396 59.24303648247338 2024.513916015625 1.152099609375 35.621166675121756 2618
stats: connect 76 5.935158177425987 20.666724328841443 174.905029296875 0.780029296875 2.316941082415803 965
stats: page 251 37.95534852776396 59.24303648247338 2024.513916015625 1.152099609375 35.621166675121756 2618
stats: 302 45 445
stats: 200 190 2283
stats: size_rcv 1254936 14762432
stats: 422 8 70
stats: newphase 0 1
stats: size_sent 126328 1365761
stats: connected -12 33
stats: 400 8 70
stats: 500 0 1
# stats: dump at 1480575749
stats: users 43 51
stats: {cpu,"tsung_controller@ip-172-31-19-218"} 1 4.134615384615384 0.0 29.965156794425084 2.424830261881668 14.441342215391769 18
stats: {freemem,"tsung_controller@ip-172-31-19-218"} 1 3050.39453125 0.0 3062.265625 3044.82421875 3053.6799045138887 18
stats: {load,"tsung_controller@ip-172-31-19-218"} 1 0.16015625 0.0 0.23046875 0.08984375 0.14583333333333334 18
stats: {recvpackets,"tsung_controller@ip-172-31-19-218"} 1 1236.0 0.0 1522 546 982.7058823529412 17
stats: {sentpackets,"tsung_controller@ip-172-31-19-218"} 1 1203.0 0.0 1659 551 1075.1176470588234 17
stats: session 65 4497.476506159856 4394.054219733842 14336.48095703125 13.14111328125 4565.536082392154 1012
stats: users_count 79 1120
stats: finish_users_count 65 1077
stats: request 187 25.183033662683822 37.10705153283404 2024.513916015625 1.150146484375 35.82537707770565 2869
stats: connect 72 1.9040391710069444 1.3888876958682976 174.905029296875 0.780029296875 2.581095260341619 1041
stats: page 187 25.183033662683822 37.10705153283404 2024.513916015625 1.150146484375 35.82537707770565 2869
stats: 302 32 477
stats: 200 151 2434
stats: size_rcv 971921 15734353
stats: 422 2 72
stats: newphase 0 1
stats: size_sent 89485 1455246
stats: connected 6 39
stats: 400 2 72
stats: 500 0 1
# stats: dump at 1480575759
stats: users 36 51
stats: {cpu,"tsung_controller@ip-172-31-19-218"} 1 15.619223659889094 0.0 29.965156794425084 2.424830261881668 13.898882908508801 19
stats: {freemem,"tsung_controller@ip-172-31-19-218"} 1 3052.1484375 0.0 3062.265625 3044.82421875 3053.5069901315787 19
stats: {load,"tsung_controller@ip-172-31-19-218"} 1 0.140625 0.0 0.23046875 0.08984375 0.14658717105263158 19
stats: {recvpackets,"tsung_controller@ip-172-31-19-218"} 1 1301.0 0.0 1522 546 996.7777777777778 18
stats: {sentpackets,"tsung_controller@ip-172-31-19-218"} 1 1368.0 0.0 1659 551 1082.2222222222222 18
stats: session 83 4789.944741858058 3290.8837188409375 14336.48095703125 13.14111328125 4561.428494225859 1077
stats: users_count 76 1196
stats: finish_users_count 83 1160
stats: request 221 24.22437186262726 28.60667659375777 2024.513916015625 1.126953125 35.17416038313462 3056
stats: connect 82 2.1664592463795738 3.0966459171039404 174.905029296875 0.780029296875 2.5372964836730683 1113
stats: page 221 24.22437186262726 28.60667659375777 2024.513916015625 1.126953125 35.17416038313462 3056
stats: 302 28 505
stats: 200 181 2615
stats: size_rcv 1254058 16988411
stats: 422 6 78
stats: newphase 0 1
stats: size_sent 101786 1557032
stats: connected -2 37
stats: 400 6 78
stats: 500 0 1
# stats: dump at 1480575769
stats: users 1 51
stats: {cpu,"tsung_controller@ip-172-31-19-218"} 1 26.001780943900265 0.0 29.965156794425084 2.424830261881668 13.984899946077814 20
stats: {freemem,"tsung_controller@ip-172-31-19-218"} 1 3051.5859375 0.0 3062.265625 3044.82421875 3053.4390624999996 20
stats: {load,"tsung_controller@ip-172-31-19-218"} 1 0.19921875 0.0 0.23046875 0.08984375 0.1462890625 20
stats: {recvpackets,"tsung_controller@ip-172-31-19-218"} 1 1.2e3 0.0 1522 546 1012.7894736842105 19
stats: {sentpackets,"tsung_controller@ip-172-31-19-218"} 1 1372.0 0.0 1659 551 1097.2631578947369 19
stats: session 39 6722.534010667067 2560.301519440397 14336.48095703125 13.14111328125 4577.779225737473 1160
stats: users_count 4 1200
stats: finish_users_count 39 1199
stats: request 80 22.895956420898436 33.84576182077607 2024.513916015625 1.126953125 34.43570958574917 3277
stats: connect 5 1.3283203125 0.22829764117351953 174.905029296875 0.780029296875 2.5118499117416317 1195
stats: page 80 22.895956420898436 33.84576182077607 2024.513916015625 1.126953125 34.43570958574917 3277
stats: 302 11 516
stats: 200 61 2676
stats: size_rcv 410748 17399159
stats: 422 4 82
stats: newphase 0 1
stats: size_sent 46367 1603399
stats: connected -36 1
stats: 400 4 82
stats: 500 0 1
# stats: dump at 1480575775
stats: users 0 51
stats: {cpu,"tsung_controller@ip-172-31-19-218"} 1 17.399267399267398 0.0 29.965156794425084 2.424830261881668 14.55713237454555 21
stats: {freemem,"tsung_controller@ip-172-31-19-218"} 1 3047.67578125 0.0 3062.265625 3044.82421875 3053.3508184523807 21
stats: {load,"tsung_controller@ip-172-31-19-218"} 1 0.171875 0.0 0.23046875 0.08984375 0.1488095238095238 21
stats: {recvpackets,"tsung_controller@ip-172-31-19-218"} 1 198.0 0.0 1522 198 1022.15 20
stats: {sentpackets,"tsung_controller@ip-172-31-19-218"} 1 280.0 0.0 1659 280 1111.0 20
stats: session 1 12404.90087890625 0.0 14336.48095703125 13.14111328125 4647.541891802739 1199
stats: users_count 0 1200
stats: finish_users_count 1 1200
stats: request 1 28.0078125 0.0 2024.513916015625 1.126953125 34.160708020903165 3357
stats: connect 0 0 0 174.905029296875 0.780029296875 2.5069185384114583 1200
stats: page 1 28.0078125 0.0 2024.513916015625 1.126953125 34.160708020903165 3357
stats: 302 0 516
stats: 200 1 2677
stats: size_rcv 13252 17412411
stats: 422 0 82
stats: newphase 0 1
stats: size_sent 803 1604202
stats: connected -1 0
stats: 400 0 82
stats: 500 0 1
EndMonitor:{1480,575775,58679}
