[17/Nov/2016:00:47:02 -0000] access to /favicon.ico failed for 0:0:0:0:0:FFFF:A9E7:9785, reason: 
"httpd_file: Can't access /home/ec2-user/.tsung/log/20161117-0042/favicon.ico: File not found"
[17/Nov/2016:00:47:02 -0000] access to /assets/ico/favicon.ico failed for 0:0:0:0:0:FFFF:A9E7:9785, reason: 
"httpd_file: Can't access /home/ec2-user/.tsung/log/20161117-0042/assets/ico/favicon.ico: File not found"
[17/Nov/2016:00:47:13 -0000] access to /favicon.ico failed for 0:0:0:0:0:FFFF:A9E7:9785, reason: 
"httpd_file: Can't access /home/ec2-user/.tsung/log/20161117-0042/favicon.ico: File not found"
[17/Nov/2016:00:50:17 -0000] server crash for 0:0:0:0:0:FFFF:A9E7:9785, reason: 
"Error reading request: No request received on keep-alive connection before server side timeout"

[17/Nov/2016:00:50:17 -0000] server crash for 0:0:0:0:0:FFFF:A9E7:9785, reason: 
"Error reading request: No request received on keep-alive connection before server side timeout"

[17/Nov/2016:00:50:17 -0000] server crash for 0:0:0:0:0:FFFF:A9E7:9785, reason: 
"Error reading request: No request received on keep-alive connection before server side timeout"

[17/Nov/2016:00:50:17 -0000] server crash for 0:0:0:0:0:FFFF:A9E7:9785, reason: 
"Error reading request: No request received on keep-alive connection before server side timeout"

[17/Nov/2016:00:50:17 -0000] server crash for 0:0:0:0:0:FFFF:A9E7:9785, reason: 
"Error reading request: No request received on keep-alive connection before server side timeout"

[17/Nov/2016:00:50:36 -0000] server crash for 0:0:0:0:0:FFFF:A9E7:9785, reason: 
"Error reading request: No request received on keep-alive connection before server side timeout"

[17/Nov/2016:00:51:18 -0000] access to /icons/image2.gif failed for 0:0:0:0:0:FFFF:A9E7:7537, reason: 
"httpd_file: Can't access /home/ec2-user/.tsung/log/20161117-0042/icons/image2.gif: File not found"
[17/Nov/2016:00:51:18 -0000] access to /icons/blank.gif failed for 0:0:0:0:0:FFFF:A9E7:7537, reason: 
"httpd_file: Can't access /home/ec2-user/.tsung/log/20161117-0042/icons/blank.gif: File not found"
