# stats: dump at 1479343342
stats: users 142 142
stats: {load,"tsung_controller@ip-172-31-27-43"} 1 0.0 0 0.0 0.0 0 0
stats: {freemem,"tsung_controller@ip-172-31-27-43"} 1 3064.12890625 0 3064.12890625 3064.12890625 0 0
stats: {cpu,"tsung_controller@ip-172-31-27-43"} 1 6.558964995101095 0 6.558964995101095 6.558964995101095 0 0
stats: session 3 3341.5723470052085 1756.9378240969845 5673.180908203125 1432.1640625 0 0
stats: users_count 145 145
stats: finish_users_count 3 3
stats: request 185 26.582764991554054 31.541094129130226 335.4541015625 9.487060546875 0 0
stats: connect 139 2.8786656221897484 15.358135495190428 164.714111328125 0.633056640625 0 0
stats: page 185 26.582764991554054 31.541094129130226 335.4541015625 9.487060546875 0 0
stats: 302 3 3
stats: 200 182 182
stats: size_rcv 1100078 1100078
stats: size_sent 51991 51991
stats: connected 136 136
# stats: dump at 1479343352
stats: users 286 286
stats: {load,"tsung_controller@ip-172-31-27-43"} 1 0.0 0.0 0.0 0.0 0.0 1
stats: {freemem,"tsung_controller@ip-172-31-27-43"} 1 3055.4140625 0.0 3064.12890625 3055.4140625 3064.12890625 1
stats: {recvpackets,"tsung_controller@ip-172-31-27-43"} 1 1639 0 1639 1639 0 0
stats: {sentpackets,"tsung_controller@ip-172-31-27-43"} 1 1537 0 1537 1537 0 0
stats: {cpu,"tsung_controller@ip-172-31-27-43"} 1 5.506391347099312 0.0 6.558964995101095 5.506391347099312 6.558964995101095 1
stats: session 19 9402.14911852385 3895.5665809739544 16426.557861328125 1432.1640625 3341.5723470052085 3
stats: users_count 163 308
stats: finish_users_count 19 22
stats: request 298 26.107120385906043 15.485032704369631 335.4541015625 9.386962890625 26.582764991554054 185
stats: connect 165 1.3209531841856057 0.905767454372038 164.714111328125 0.633056640625 2.8786656221897484 139
stats: page 298 26.107120385906043 15.485032704369631 335.4541015625 9.386962890625 26.582764991554054 185
stats: 302 19 22
stats: 200 279 461
stats: size_rcv 1600640 2700718
stats: size_sent 107062 159053
stats: connected 146 282
# stats: dump at 1479343362
stats: users 352 352
stats: {load,"tsung_controller@ip-172-31-27-43"} 1 0.0 0.0 0.0 0.0 0.0 2
stats: {freemem,"tsung_controller@ip-172-31-27-43"} 1 3047.20703125 0.0 3064.12890625 3047.20703125 3059.771484375 2
stats: {recvpackets,"tsung_controller@ip-172-31-27-43"} 1 2476.0 0.0 2476 1639 1639.0 1
stats: {sentpackets,"tsung_controller@ip-172-31-27-43"} 1 2241.0 0.0 2241 1537 1537.0 1
stats: {cpu,"tsung_controller@ip-172-31-27-43"} 1 14.285714285714285 0.0 14.285714285714285 5.506391347099312 6.032678171100203 2
stats: session 69 14072.780153136322 6270.557354449414 26493.43994140625 1432.1640625 8575.70683149858 22
stats: users_count 135 443
stats: finish_users_count 69 91
stats: request 324 25.175772207754623 16.210424830895377 335.4541015625 9.386962890625 26.289303102355074 483
stats: connect 135 1.1830891927083333 0.7715228769501707 164.714111328125 0.6201171875 2.0331967002467106 304
stats: page 324 25.175772207754623 16.210424830895377 335.4541015625 9.386962890625 26.289303102355074 483
stats: 302 68 90
stats: 200 256 717
stats: size_rcv 1494416 4195134
stats: size_sent 143599 302652
stats: connected 67 349
# stats: dump at 1479343372
stats: users 424 427
stats: {load,"tsung_controller@ip-172-31-27-43"} 1 0.0703125 0.0 0.0703125 0.0 0.0 3
stats: {freemem,"tsung_controller@ip-172-31-27-43"} 1 3045.46875 0.0 3064.12890625 3045.46875 3055.5833333333335 3
stats: {recvpackets,"tsung_controller@ip-172-31-27-43"} 1 2163.0 0.0 2476 1639 2057.5 2
stats: {sentpackets,"tsung_controller@ip-172-31-27-43"} 1 2079.0 0.0 2241 1537 1889.0 2
stats: {cpu,"tsung_controller@ip-172-31-27-43"} 1 15.663801337153775 0.0 15.663801337153775 5.506391347099312 8.783690209304897 3
stats: session 79 20322.32524784909 8618.33864013316 35990.93994140625 1432.1640625 12743.817372081045 91
stats: users_count 151 594
stats: finish_users_count 79 170
stats: request 391 40.794145120684185 30.80215496667544 335.4541015625 9.386962890625 25.842234936493185 807
stats: connect 150 1.357156575520833 1.560506256921061 164.714111328125 0.6201171875 1.7717741182018794 439
stats: page 391 40.794145120684185 30.80215496667544 335.4541015625 9.386962890625 25.842234936493185 807
stats: 302 78 168
stats: 200 313 1030
stats: size_rcv 1797265 5992399
stats: size_sent 176495 479147
stats: connected 72 421
# stats: dump at 1479343382
stats: users 491 491
stats: {load,"tsung_controller@ip-172-31-27-43"} 1 0.140625 0.0 0.140625 0.0 0.017578125 4
stats: {freemem,"tsung_controller@ip-172-31-27-43"} 1 3043.578125 0.0 3064.12890625 3043.578125 3053.0546875 4
stats: {recvpackets,"tsung_controller@ip-172-31-27-43"} 1 2577.0 0.0 2577 1639 2092.6666666666665 3
stats: {sentpackets,"tsung_controller@ip-172-31-27-43"} 1 2415.0 0.0 2415 1537 1952.3333333333333 3
stats: {cpu,"tsung_controller@ip-172-31-27-43"} 1 17.094017094017094 0.0 17.094017094017094 5.506391347099312 10.503717991267116 4
stats: session 90 25037.575138346354 11897.626614025517 47123.722900390625 1321.97509765625 16265.594561408549 170
stats: users_count 157 751
stats: finish_users_count 90 260
stats: request 414 35.529318104619556 25.881719422984688 335.4541015625 9.386962890625 30.72219894485602 1198
stats: connect 159 1.1722511915290879 0.40721628420401984 164.714111328125 0.6201171875 1.666183912086163 589
stats: page 414 35.529318104619556 25.881719422984688 335.4541015625 9.386962890625 30.72219894485602 1198
stats: 302 92 260
stats: 200 322 1352
stats: size_rcv 1864770 7857169
stats: size_sent 189814 668961
stats: connected 67 488
# stats: dump at 1479343392
stats: users 500 504
stats: {load,"tsung_controller@ip-172-31-27-43"} 1 0.12109375 0.0 0.140625 0.0 0.0421875 5
stats: {freemem,"tsung_controller@ip-172-31-27-43"} 1 3041.59765625 0.0 3064.12890625 3041.59765625 3051.159375 5
stats: {recvpackets,"tsung_controller@ip-172-31-27-43"} 1 2341.0 0.0 2577 1639 2213.75 4
stats: {sentpackets,"tsung_controller@ip-172-31-27-43"} 1 2337.0 0.0 2415 1537 2068.0 4
stats: {cpu,"tsung_controller@ip-172-31-27-43"} 1 6.679764243614931 0.0 17.094017094017094 5.506391347099312 11.82177781181711 5
stats: session 125 26597.35549609375 13042.615498456655 56722.73388671875 1321.97509765625 19302.049376502404 260
stats: users_count 134 885
stats: finish_users_count 125 385
stats: request 389 33.169346355840275 21.633313330656417 335.4541015625 9.386962890625 31.956781657102987 1612
stats: connect 130 1.3019906850961542 1.122228381015943 164.714111328125 0.6201171875 1.5611901920746991 748
stats: page 389 33.169346355840275 21.633313330656417 335.4541015625 9.386962890625 31.956781657102987 1612
stats: 302 121 381
stats: 200 268 1620
stats: size_rcv 1599942 9457111
stats: size_sent 192885 861846
stats: connected 9 497
# stats: dump at 1479343402
stats: users 596 600
stats: {load,"tsung_controller@ip-172-31-27-43"} 1 0.1015625 0.0 0.140625 0.0 0.055338541666666664 6
stats: {freemem,"tsung_controller@ip-172-31-27-43"} 1 3041.3125 0.0 3064.12890625 3041.3125 3049.5657552083335 6
stats: {recvpackets,"tsung_controller@ip-172-31-27-43"} 1 2310.0 0.0 2577 1639 2239.2 5
stats: {sentpackets,"tsung_controller@ip-172-31-27-43"} 1 2314.0 0.0 2415 1537 2121.8 5
stats: {cpu,"tsung_controller@ip-172-31-27-43"} 1 7.352941176470589 0.0 17.094017094017094 5.506391347099312 10.96477555045008 6
stats: session 115 26222.404150390626 15986.23996007385 59243.48486328125 1129.60888671875 21670.655259486608 385
stats: users_count 211 1096
stats: finish_users_count 115 500
stats: request 493 49.419811937436606 37.4259026640446 335.4541015625 9.386962890625 32.19250762802193 2001
stats: connect 217 1.4211538288450463 2.2873866131173406 164.714111328125 0.6201171875 1.522812132954869 878
stats: page 493 49.419811937436606 37.4259026640446 335.4541015625 9.386962890625 32.19250762802193 2001
stats: 302 118 499
stats: 200 375 1995
stats: size_rcv 2264947 11722058
stats: newphase 1 1
stats: size_sent 218366 1080212
stats: connected 94 591
# stats: dump at 1479343412
stats: users 697 697
stats: {load,"tsung_controller@ip-172-31-27-43"} 1 0.078125 0.0 0.140625 0.0 0.06194196428571429 7
stats: {freemem,"tsung_controller@ip-172-31-27-43"} 1 3036.2109375 0.0 3064.12890625 3036.2109375 3048.38671875 7
stats: {recvpackets,"tsung_controller@ip-172-31-27-43"} 1 3168.0 0.0 3168 1639 2251.0 6
stats: {sentpackets,"tsung_controller@ip-172-31-27-43"} 1 2993.0 0.0 2993 1537 2153.8333333333335 6
stats: {cpu,"tsung_controller@ip-172-31-27-43"} 1 9.20666013712047 0.0 17.094017094017094 5.506391347099312 10.448799211310154 7
stats: session 145 28099.91459455819 18794.82821228614 77310.81884765625 1129.60888671875 22717.557504394532 500
stats: users_count 246 1342
stats: finish_users_count 145 645
stats: request 588 141.5445099914966 96.4816862610953 460.946044921875 9.386962890625 35.59790499151087 2494
stats: connect 241 1.2329030650285275 1.568060859341247 164.714111328125 0.6201171875 1.502666149400685 1095
stats: page 588 141.5445099914966 96.4816862610953 460.946044921875 9.386962890625 35.59790499151087 2494
stats: 302 144 643
stats: 200 444 2439
stats: size_rcv 2666839 14388897
stats: newphase 0 1
stats: size_sent 274188 1354400
stats: connected 78 669
# stats: dump at 1479343422
stats: users 773 774
stats: {load,"tsung_controller@ip-172-31-27-43"} 1 0.1484375 0.0 0.1484375 0.0 0.06396484375 8
stats: {freemem,"tsung_controller@ip-172-31-27-43"} 1 3029.08984375 0.0 3064.12890625 3029.08984375 3046.86474609375 8
stats: {recvpackets,"tsung_controller@ip-172-31-27-43"} 1 3721.0 0.0 3721 1639 2382.0 7
stats: {sentpackets,"tsung_controller@ip-172-31-27-43"} 1 3434.0 0.0 3434 1537 2273.714285714286 7
stats: {cpu,"tsung_controller@ip-172-31-27-43"} 1 9.911678115799804 0.0 17.094017094017094 5.506391347099312 10.293531827036443 8
stats: session 166 28019.866815406156 20230.094696272077 79999.10717773438 1129.60888671875 23927.544757222022 645
stats: users_count 242 1584
stats: finish_users_count 166 811
stats: request 636 172.88414298963252 93.85051451041458 460.946044921875 9.386962890625 55.81094968326675 3082
stats: connect 254 1.1934535709891736 0.8032972336482486 164.714111328125 0.6201171875 1.4540037966060066 1336
stats: page 636 172.88414298963252 93.85051451041458 460.946044921875 9.386962890625 55.81094968326675 3082
stats: 302 166 809
stats: 200 470 2909
stats: size_rcv 2822350 17211247
stats: newphase 0 1
stats: size_sent 303276 1657676
stats: connected 74 743
# stats: dump at 1479343432
stats: users 819 822
stats: {load,"tsung_controller@ip-172-31-27-43"} 1 0.28125 0.0 0.28125 0.0 0.07335069444444445 9
stats: {freemem,"tsung_controller@ip-172-31-27-43"} 1 3026.0234375 0.0 3064.12890625 3026.0234375 3044.8897569444443 9
stats: {recvpackets,"tsung_controller@ip-172-31-27-43"} 1 3967.0 0.0 3967 1639 2549.375 8
stats: {sentpackets,"tsung_controller@ip-172-31-27-43"} 1 3787.0 0.0 3787 1537 2418.75 8
stats: {cpu,"tsung_controller@ip-172-31-27-43"} 1 10.588235294117647 0.0 17.094017094017094 5.506391347099312 10.251103636899039 9
stats: session 194 33969.00909109216 21539.580606806452 96583.56103515625 1129.60888671875 24765.184044100646 811
stats: users_count 240 1824
stats: finish_users_count 194 1005
stats: request 632 697.5815773493131 390.80233044641136 1353.359130859375 9.386962890625 75.83745612297858 3718
stats: connect 253 1.0795415946146232 0.2779157644269414 164.714111328125 0.6201171875 1.4123813077338836 1590
stats: page 632 697.5815773493131 390.80233044641136 1353.359130859375 9.386962890625 75.83745612297858 3718
stats: 302 192 1001
stats: 200 440 3349
stats: size_rcv 2680147 19891394
stats: newphase 0 1
stats: size_sent 345744 2003420
stats: connected 38 781
# stats: dump at 1479343442
stats: users 961 963
stats: {load,"tsung_controller@ip-172-31-27-43"} 1 0.30859375 0.0 0.30859375 0.0 0.094140625 10
stats: {freemem,"tsung_controller@ip-172-31-27-43"} 1 3023.72265625 0.0 3064.12890625 3023.72265625 3043.003125 10
stats: {recvpackets,"tsung_controller@ip-172-31-27-43"} 1 3818.0 0.0 3967 1639 2706.8888888888887 9
stats: {sentpackets,"tsung_controller@ip-172-31-27-43"} 1 3690.0 0.0 3787 1537 2570.777777777778 9
stats: {cpu,"tsung_controller@ip-172-31-27-43"} 1 10.598626104023552 0.0 17.094017094017094 5.506391347099312 10.2848168026209 10
stats: session 129 32214.640091297242 19077.662772384218 96583.56103515625 1129.60888671875 26541.84280939055 1005
stats: users_count 271 2095
stats: finish_users_count 129 1134
stats: request 510 1709.258839805454 671.7645417328853 3274.60009765625 9.386962890625 166.16901580459776 4350
stats: connect 278 1.152630044401978 0.37123939683832297 164.714111328125 0.6201171875 1.3666903433176205 1843
stats: page 510 1709.258839805454 671.7645417328853 3274.60009765625 9.386962890625 166.16901580459776 4350
stats: 302 129 1130
stats: 200 381 3730
stats: size_rcv 2310881 22202275
stats: newphase 0 1
stats: size_sent 288298 2291718
stats: connected 132 913
# stats: dump at 1479343452
stats: users 1038 1039
stats: {load,"tsung_controller@ip-172-31-27-43"} 1 0.46875 0.0 0.46875 0.0 0.11363636363636363 11
stats: {freemem,"tsung_controller@ip-172-31-27-43"} 1 3015.18359375 0.0 3064.12890625 3015.18359375 3041.2503551136365 11
stats: {recvpackets,"tsung_controller@ip-172-31-27-43"} 1 3545.0 0.0 3967 1639 2818.0 10
stats: {sentpackets,"tsung_controller@ip-172-31-27-43"} 1 3360.0 0.0 3787 1537 2682.7 10
stats: {cpu,"tsung_controller@ip-172-31-27-43"} 1 10.469667318982387 0.0 17.094017094017094 5.506391347099312 10.313344920930232 11
stats: session 177 38480.01574224267 23777.65888468654 115527.96704101563 1129.60888671875 27187.16101870798 1134
stats: users_count 254 2349
stats: finish_users_count 177 1311
stats: request 625 3511.601325000003 172.89046555833465 3883.5400390625 9.386962890625 328.098194866416 4860
stats: connect 275 1.1551571377840921 0.2792704538686066 164.714111328125 0.6201171875 1.3386334064489036 2121
stats: page 625 3511.601325000003 172.89046555833465 3883.5400390625 9.386962890625 328.098194866416 4860
stats: 302 180 1310
stats: 200 445 4175
stats: size_rcv 2757271 24959546
stats: newphase 0 1
stats: size_sent 316984 2608702
stats: connected 70 983
# stats: dump at 1479343462
stats: users 1130 1132
stats: {load,"tsung_controller@ip-172-31-27-43"} 1 0.3984375 0.0 0.46875 0.0 0.14322916666666666 12
stats: {freemem,"tsung_controller@ip-172-31-27-43"} 1 3007.4765625 0.0 3064.12890625 3007.4765625 3039.078125 12
stats: {recvpackets,"tsung_controller@ip-172-31-27-43"} 1 3924.0 0.0 3967 1639 2884.090909090909 11
stats: {sentpackets,"tsung_controller@ip-172-31-27-43"} 1 3720.0 0.0 3787 1537 2744.2727272727275 11
stats: {cpu,"tsung_controller@ip-172-31-27-43"} 1 10.969637610186092 0.0 17.094017094017094 5.506391347099312 10.32637178743458 12
stats: session 156 41932.7908512996 22255.387029915204 123730.44482421875 1129.60888671875 28711.825615249272 1311
stats: users_count 248 2597
stats: finish_users_count 156 1467
stats: request 618 4292.865330767094 267.29971450406197 4769.151123046875 9.386962890625 690.8492352189213 5485
stats: connect 264 1.2053555575284087 0.7980043164626464 164.714111328125 0.6201171875 1.3175749866313649 2396
stats: page 618 4292.865330767094 267.29971450406197 4769.151123046875 9.386962890625 690.8492352189213 5485
stats: 302 154 1464
stats: 200 464 4639
stats: size_rcv 2809458 27769004
stats: newphase 0 1
stats: size_sent 310523 2919225
stats: connected 87 1070
# stats: dump at 1479343472
stats: users 1226 1229
stats: {load,"tsung_controller@ip-172-31-27-43"} 1 0.328125 0.0 0.46875 0.0 0.16286057692307693 13
stats: {freemem,"tsung_controller@ip-172-31-27-43"} 1 3003.5703125 0.0 3064.12890625 3003.5703125 3036.647235576923 13
stats: {recvpackets,"tsung_controller@ip-172-31-27-43"} 1 3987.0 0.0 3987 1639 2970.75 12
stats: {sentpackets,"tsung_controller@ip-172-31-27-43"} 1 3775.0 0.0 3787 1537 2825.5833333333335 12
stats: {cpu,"tsung_controller@ip-172-31-27-43"} 1 10.510805500982318 0.0 17.094017094017094 5.506391347099312 10.37585377380008 13
stats: session 190 45041.10344623765 23977.524662028773 123730.44482421875 1129.60888671875 30117.736028898795 1467
stats: users_count 286 2883
stats: finish_users_count 190 1657
stats: request 632 4769.755977968625 184.14539443616744 5396.2900390625 9.386962890625 1055.5954169408237 6103
stats: connect 312 1.0931779910356578 0.27123805037018484 164.714111328125 0.6201171875 1.306437419231673 2660
stats: page 632 4769.755977968625 184.14539443616744 5396.2900390625 9.386962890625 1055.5954169408237 6103
stats: 302 190 1654
stats: 200 443 5082
stats: size_rcv 2714711 30483715
stats: newphase 0 1
stats: size_sent 332747 3251972
stats: connected 92 1162
# stats: dump at 1479343482
stats: users 1304 1307
stats: {load,"tsung_controller@ip-172-31-27-43"} 1 0.28125 0.0 0.46875 0.0 0.17466517857142858 14
stats: {freemem,"tsung_controller@ip-172-31-27-43"} 1 2998.37109375 0.0 3064.12890625 2998.37109375 3034.284598214286 14
stats: {recvpackets,"tsung_controller@ip-172-31-27-43"} 1 4111.0 0.0 4111 1639 3048.923076923077 13
stats: {sentpackets,"tsung_controller@ip-172-31-27-43"} 1 4019.0 0.0 4019 1537 2898.6153846153848 13
stats: {cpu,"tsung_controller@ip-172-31-27-43"} 1 11.089303238469087 0.0 17.094017094017094 5.506391347099312 10.385493182884526 14
stats: session 184 49097.805162512755 26532.13034318106 144787.94702148438 1129.60888671875 31828.924809402346 1657
stats: users_count 262 3145
stats: finish_users_count 184 1841
stats: request 630 6005.553269159225 392.3757959663857 6705.906005859375 9.386962890625 1404.125405741057 6735
stats: connect 284 1.1717830174405819 0.7404242123588534 164.714111328125 0.6201171875 1.2840494846431276 2972
stats: page 630 6005.553269159225 392.3757959663857 6705.906005859375 9.386962890625 1404.125405741057 6735
stats: 302 183 1837
stats: 200 446 5528
stats: size_rcv 2751335 33235050
stats: newphase 0 1
stats: size_sent 344317 3596289
stats: connected 72 1234
# stats: dump at 1479343492
stats: users 1373 1374
stats: {load,"tsung_controller@ip-172-31-27-43"} 1 0.3203125 0.0 0.46875 0.0 0.18177083333333333 15
stats: {freemem,"tsung_controller@ip-172-31-27-43"} 1 2989.6640625 0.0 3064.12890625 2989.6640625 3031.8903645833334 15
stats: {recvpackets,"tsung_controller@ip-172-31-27-43"} 1 3984.0 0.0 4111 1639 3124.785714285714 14
stats: {sentpackets,"tsung_controller@ip-172-31-27-43"} 1 3808.0 0.0 4019 1537 2978.6428571428573 14
stats: {cpu,"tsung_controller@ip-172-31-27-43"} 1 11.00196463654224 0.0 17.094017094017094 5.506391347099312 10.43241385325683 15
stats: session 173 47020.536786206154 18245.162819596473 144787.94702148438 1129.60888671875 33554.874828398715 1841
stats: users_count 242 3387
stats: finish_users_count 173 2014
stats: request 659 6579.249938872226 2303.2825871933255 8313.801025390625 0.919921875 1797.730233161756 7365
stats: connect 271 1.1342007682772135 0.30907051601548935 164.714111328125 0.6201171875 1.2742572006488024 3256
stats: page 659 6579.249938872226 2303.2825871933255 8313.801025390625 0.919921875 1797.730233161756 7365
stats: 302 157 1994
stats: 504 66 66
stats: 200 433 5961
stats: size_rcv 2595190 35830240
stats: newphase 0 1
stats: size_sent 341587 3937876
stats: connected 58 1292
stats: 500 4 4
# stats: dump at 1479343502
stats: users 1409 1411
stats: {load,"tsung_controller@ip-172-31-27-43"} 1 0.26953125 0.0 0.46875 0.0 0.1904296875 16
stats: {freemem,"tsung_controller@ip-172-31-27-43"} 1 2984.5546875 0.0 3064.12890625 2984.5546875 3029.251220703125 16
stats: {recvpackets,"tsung_controller@ip-172-31-27-43"} 1 3937.0 0.0 4111 1639 3182.0666666666666 15
stats: {sentpackets,"tsung_controller@ip-172-31-27-43"} 1 3801.0 0.0 4019 1537 3033.9333333333334 15
stats: {cpu,"tsung_controller@ip-172-31-27-43"} 1 10.246305418719212 0.0 17.094017094017094 5.506391347099312 10.468010777212168 16
stats: session 228 52488.15410734478 24185.235494554672 155190.7998046875 1129.60888671875 34711.55780689955 2014
stats: users_count 264 3651
stats: finish_users_count 228 2242
stats: request 712 6629.116719449503 3840.6624830749315 9696.50390625 0.72509765625 2190.4298201586653 8024
stats: connect 287 1.2866023791376306 1.2195029620759323 164.714111328125 0.615966796875 1.2634958473250995 3527
stats: page 712 6629.116719449503 3840.6624830749315 9696.50390625 0.72509765625 2190.4298201586653 8024
stats: 302 167 2161
stats: 504 166 232
stats: 200 365 6326
stats: size_rcv 2286240 38116480
stats: newphase 0 1
stats: 422 1 1
stats: size_sent 328136 4266012
stats: connected 41 1333
stats: 500 12 16
# stats: dump at 1479343512
stats: users 1431 1437
stats: {load,"tsung_controller@ip-172-31-27-43"} 1 0.23046875 0.0 0.46875 0.0 0.19508272058823528 17
stats: {freemem,"tsung_controller@ip-172-31-27-43"} 1 2982.453125 0.0 3064.12890625 2982.453125 3026.622012867647 17
stats: {recvpackets,"tsung_controller@ip-172-31-27-43"} 1 3934.0 0.0 4111 1639 3229.25 16
stats: {sentpackets,"tsung_controller@ip-172-31-27-43"} 1 3921.0 0.0 4019 1537 3081.875 16
stats: {cpu,"tsung_controller@ip-172-31-27-43"} 1 22.26379794200187 0.0 22.26379794200187 5.506391347099312 10.45496928553611 17
stats: session 220 52877.43388782847 25233.95379979061 156477.96508789063 1129.60888671875 36519.34726118212 2242
stats: users_count 242 3893
stats: finish_users_count 220 2462
stats: request 705 7459.894296805739 4387.731804627602 10457.81103515625 0.681884765625 2552.190931914054 8736
stats: connect 265 1.6045741818985855 3.5408274755103673 164.714111328125 0.615966796875 1.2652345926397812 3814
stats: page 705 7459.894296805739 4387.731804627602 10457.81103515625 0.681884765625 2552.190931914054 8736
stats: 302 143 2304
stats: 504 160 392
stats: 200 371 6697
stats: size_rcv 2364541 40481021
stats: newphase 0 1
stats: 422 10 11
stats: size_sent 321055 4587067
stats: connected 20 1353
stats: 500 21 37
# stats: dump at 1479343522
stats: users 1386 1437
stats: {load,"tsung_controller@ip-172-31-27-43"} 1 0.26953125 0.0 0.46875 0.0 0.1970486111111111 18
stats: {freemem,"tsung_controller@ip-172-31-27-43"} 1 2981.80859375 0.0 3064.12890625 2981.80859375 3024.1681857638887 18
stats: {recvpackets,"tsung_controller@ip-172-31-27-43"} 1 3796.0 0.0 4111 1639 3270.705882352941 17
stats: {sentpackets,"tsung_controller@ip-172-31-27-43"} 1 3596.0 0.0 4019 1537 3131.235294117647 17
stats: {cpu,"tsung_controller@ip-172-31-27-43"} 1 19.866920152091254 0.0 22.26379794200187 5.506391347099312 11.11101532200643 18
stats: session 183 56557.14078509221 22892.53685609868 156477.96508789063 1129.60888671875 37981.07717907903 2462
stats: users_count 138 4031
stats: finish_users_count 183 2645
stats: request 577 8774.093182595192 675.2798414510384 10457.81103515625 0.681884765625 2918.670210830338 9441
stats: connect 148 1.0816452438766886 0.8540628002794783 164.714111328125 0.615966796875 1.2872804350407578 4079
stats: page 577 8774.093182595192 675.2798414510384 10457.81103515625 0.681884765625 2918.670210830338 9441
stats: 302 148 2452
stats: 504 2 394
stats: 200 404 7101
stats: size_rcv 2506351 42987372
stats: newphase 1 2
stats: 422 23 34
stats: size_sent 296742 4883809
stats: connected -50 1303
stats: 500 0 37
# stats: dump at 1479343532
stats: users 1305 1437
stats: {load,"tsung_controller@ip-172-31-27-43"} 1 0.21875 0.0 0.46875 0.0 0.20086348684210525 19
stats: {freemem,"tsung_controller@ip-172-31-27-43"} 1 2982.76953125 0.0 3064.12890625 2981.80859375 3021.9387335526317 19
stats: {recvpackets,"tsung_controller@ip-172-31-27-43"} 1 3535.0 0.0 4111 1639 3299.8888888888887 18
stats: {sentpackets,"tsung_controller@ip-172-31-27-43"} 1 3368.0 0.0 4019 1537 3157.0555555555557 18
stats: {cpu,"tsung_controller@ip-172-31-27-43"} 1 9.1796875 0.0 22.26379794200187 5.506391347099312 11.571852418326685 19
stats: session 242 56394.783464416 24139.338016404716 156477.96508789063 1129.60888671875 39266.30199567654 2645
stats: users_count 161 4192
stats: finish_users_count 242 2887
stats: request 642 7860.251976702443 216.21937968351142 10457.81103515625 0.681884765625 3255.9210647640894 10018
stats: connect 191 1.0166156229548424 0.2728529419427475 164.714111328125 0.615966796875 1.2800805277087772 4227
stats: page 642 7860.251976702443 216.21937968351142 10457.81103515625 0.681884765625 3255.9210647640894 10018
stats: 302 203 2655
stats: 504 0 394
stats: 200 398 7499
stats: size_rcv 2446922 45434294
stats: newphase 0 2
stats: 422 41 75
stats: size_sent 313852 5197661
stats: connected -78 1225
stats: 500 0 37
# stats: dump at 1479343542
stats: users 1202 1437
stats: {load,"tsung_controller@ip-172-31-27-43"} 1 0.19140625 0.0 0.46875 0.0 0.2017578125 20
stats: {freemem,"tsung_controller@ip-172-31-27-43"} 1 2981.77734375 0.0 3064.12890625 2981.77734375 3019.9802734375 20
stats: {recvpackets,"tsung_controller@ip-172-31-27-43"} 1 3534.0 0.0 4111 1639 3312.2631578947367 19
stats: {sentpackets,"tsung_controller@ip-172-31-27-43"} 1 3585.0 0.0 4019 1537 3168.157894736842 19
stats: {cpu,"tsung_controller@ip-172-31-27-43"} 1 8.250497017892645 0.0 22.26379794200187 5.506391347099312 11.452244172410351 20
stats: session 265 59189.087625294815 25014.17379835101 156477.96508789063 1129.60888671875 40702.080490804685 2887
stats: users_count 162 4354
stats: finish_users_count 265 3152
stats: request 660 6752.152200964722 144.29401000794172 10457.81103515625 0.681884765625 3533.217541824542 10660
stats: connect 186 1.3027842531922038 1.9892189323956382 164.714111328125 0.615966796875 1.2686903518808004 4418
stats: page 660 6752.152200964722 144.29401000794172 10457.81103515625 0.681884765625 3533.217541824542 10660
stats: 302 243 2898
stats: 504 0 394
stats: 200 398 7897
stats: size_rcv 2498520 47932814
stats: newphase 0 2
stats: 422 19 94
stats: size_sent 316871 5514532
stats: connected -97 1128
stats: 500 0 37
# stats: dump at 1479343552
stats: users 1122 1437
stats: {load,"tsung_controller@ip-172-31-27-43"} 1 0.16015625 0.0 0.46875 0.0 0.20126488095238096 21
stats: {freemem,"tsung_controller@ip-172-31-27-43"} 1 2981.44140625 0.0 3064.12890625 2981.44140625 3018.161086309524 21
stats: {recvpackets,"tsung_controller@ip-172-31-27-43"} 1 3683.0 0.0 4111 1639 3323.35 20
stats: {sentpackets,"tsung_controller@ip-172-31-27-43"} 1 3542.0 0.0 4019 1537 3189.0 20
stats: {cpu,"tsung_controller@ip-172-31-27-43"} 1 18.29501915708812 0.0 22.26379794200187 5.506391347099312 11.299780022195224 21
stats: session 240 56973.669420369464 23293.842540847516 156477.96508789063 1129.60888671875 42256.3498089011 3152
stats: users_count 160 4514
stats: finish_users_count 240 3392
stats: request 626 6292.218115468375 277.5565009018921 10457.81103515625 0.681884765625 3720.893944212574 11320
stats: connect 190 1.0047556023848687 0.6319214061147083 164.714111328125 0.615966796875 1.2700677336453359 4604
stats: page 626 6292.218115468375 277.5565009018921 10457.81103515625 0.681884765625 3720.893944212574 11320
stats: 302 229 3127
stats: 504 0 394
stats: 200 384 8281
stats: size_rcv 2438535 50371349
stats: newphase 0 2
stats: 422 13 107
stats: size_sent 292390 5806922
stats: connected -90 1038
stats: 500 0 37
# stats: dump at 1479343562
stats: users 1024 1437
stats: {load,"tsung_controller@ip-172-31-27-43"} 1 0.140625 0.0 0.46875 0.0 0.19939630681818182 22
stats: {freemem,"tsung_controller@ip-172-31-27-43"} 1 2981.48046875 0.0 3064.12890625 2981.44140625 3016.492009943182 22
stats: {recvpackets,"tsung_controller@ip-172-31-27-43"} 1 3567.0 0.0 4111 1639 3340.4761904761904 21
stats: {sentpackets,"tsung_controller@ip-172-31-27-43"} 1 3432.0 0.0 4019 1537 3205.809523809524 21
stats: {cpu,"tsung_controller@ip-172-31-27-43"} 1 7.447864945382324 0.0 22.26379794200187 5.506391347099312 11.617745437417627 22
stats: session 258 56586.44731483164 26099.97000571592 156477.96508789063 1129.60888671875 43297.66959273141 3392
stats: users_count 160 4674
stats: finish_users_count 258 3650
stats: request 662 4606.232193961241 629.4128480133759 10457.81103515625 0.681884765625 3855.637702056717 11946
stats: connect 185 1.0678420608108108 0.49708492318833075 164.714111328125 0.615966796875 1.259552651263298 4794
stats: page 662 4606.232193961241 629.4128480133759 10457.81103515625 0.681884765625 3855.637702056717 11946
stats: 302 250 3377
stats: 504 0 394
stats: 200 405 8686
stats: size_rcv 2525062 52896411
stats: newphase 0 2
stats: 422 7 114
stats: size_sent 301924 6108846
stats: connected -97 941
stats: 500 0 37
# stats: dump at 1479343572
stats: users 875 1437
stats: {load,"tsung_controller@ip-172-31-27-43"} 1 0.109375 0.0 0.46875 0.0 0.19684103260869565 23
stats: {freemem,"tsung_controller@ip-172-31-27-43"} 1 2981.45703125 0.0 3064.12890625 2981.44140625 3014.969769021739 23
stats: {recvpackets,"tsung_controller@ip-172-31-27-43"} 1 3425.0 0.0 4111 1639 3350.7727272727275 22
stats: {sentpackets,"tsung_controller@ip-172-31-27-43"} 1 3381.0 0.0 4019 1537 3216.090909090909 22
stats: {cpu,"tsung_controller@ip-172-31-27-43"} 1 8.023483365949119 0.0 22.26379794200187 5.506391347099312 11.436446285590005 23
stats: session 268 62213.97351985191 33274.42491053691 190607.2451171875 1129.60888671875 44236.985935827804 3650
stats: users_count 119 4793
stats: finish_users_count 268 3918
stats: request 629 3126.9936911578397 356.4672847213449 10457.81103515625 0.681884765625 3895.04867553711 12608
stats: connect 176 0.9859771728515626 0.2654796366503917 164.714111328125 0.615966796875 1.252429441937387 4979
stats: page 629 3126.9936911578397 356.4672847213449 10457.81103515625 0.681884765625 3895.04867553711 12608
stats: 302 264 3641
stats: 504 0 394
stats: 200 358 9044
stats: size_rcv 2241182 55137593
stats: newphase 0 2
stats: 422 7 121
stats: size_sent 314243 6423089
stats: connected -119 822
stats: 500 0 37
# stats: dump at 1479343582
stats: users 618 1437
stats: {load,"tsung_controller@ip-172-31-27-43"} 1 0.171875 0.0 0.46875 0.0 0.19319661458333334 24
stats: {freemem,"tsung_controller@ip-172-31-27-43"} 1 2981.29296875 0.0 3064.12890625 2981.29296875 3013.5734049479165 24
stats: {recvpackets,"tsung_controller@ip-172-31-27-43"} 1 3117.0 0.0 4111 1639 3354.0 23
stats: {sentpackets,"tsung_controller@ip-172-31-27-43"} 1 3158.0 0.0 4019 1537 3223.2608695652175 23
stats: {cpu,"tsung_controller@ip-172-31-27-43"} 1 5.782652043868395 0.0 22.26379794200187 5.506391347099312 11.294239497271635 24
stats: session 257 51146.71468320617 35226.57170834031 213996.2470703125 1129.60888671875 45466.652263678356 3918
stats: users_count 0 4793
stats: finish_users_count 257 4175
stats: request 456 1058.4373045804195 1044.5238872094908 10457.81103515625 0.681884765625 3858.5519931185436 13237
stats: connect 24 2.0563151041666665 4.876031557429998 164.714111328125 0.615966796875 1.243332332459384 5155
stats: page 456 1058.4373045804195 1044.5238872094908 10457.81103515625 0.681884765625 3858.5519931185436 13237
stats: 302 254 3895
stats: 504 0 394
stats: 200 197 9241
stats: size_rcv 1250319 56387912
stats: newphase 0 2
stats: 422 5 126
stats: size_sent 222403 6645492
stats: connected -267 555
stats: 500 0 37
# stats: dump at 1479343592
stats: users 450 1437
stats: {load,"tsung_controller@ip-172-31-27-43"} 1 0.140625 0.0 0.46875 0.0 0.19234375 25
stats: {freemem,"tsung_controller@ip-172-31-27-43"} 1 2981.38671875 0.0 3064.12890625 2981.29296875 3012.2821875 25
stats: {recvpackets,"tsung_controller@ip-172-31-27-43"} 1 1091.0 0.0 4111 1091 3344.125 24
stats: {sentpackets,"tsung_controller@ip-172-31-27-43"} 1 1266.0 0.0 4019 1266 3220.5416666666665 24
stats: {cpu,"tsung_controller@ip-172-31-27-43"} 1 2.8855721393034823 0.0 22.26379794200187 2.8855721393034823 11.073775999135504 25
stats: session 168 56447.36412992934 29998.41701578229 213996.2470703125 1129.60888671875 45816.29921980258 4175
stats: users_count 0 4793
stats: finish_users_count 168 4343
stats: request 209 18.42915366140851 7.418570394637651 10457.81103515625 0.681884765625 3765.3034502153537 13693
stats: connect 23 1.0495287024456519 0.26293913580751643 164.714111328125 0.615966796875 1.2470997753095432 5179
stats: page 209 18.42915366140851 7.418570394637651 10457.81103515625 0.681884765625 3765.3034502153537 13693
stats: 302 166 4061
stats: 504 0 394
stats: 200 41 9282
stats: size_rcv 365091 56753003
stats: newphase 0 2
stats: 422 2 128
stats: size_sent 153143 6798635
stats: connected -170 385
stats: 500 0 37
# stats: dump at 1479343602
stats: users 326 1437
stats: {load,"tsung_controller@ip-172-31-27-43"} 1 0.12109375 0.0 0.46875 0.0 0.19035456730769232 26
stats: {freemem,"tsung_controller@ip-172-31-27-43"} 1 2981.56640625 0.0 3064.12890625 2981.29296875 3011.0939002403848 26
stats: {recvpackets,"tsung_controller@ip-172-31-27-43"} 1 703.0 0.0 4111 703 3254.0 25
stats: {sentpackets,"tsung_controller@ip-172-31-27-43"} 1 856.0 0.0 4019 856 3142.36 25
stats: {cpu,"tsung_controller@ip-172-31-27-43"} 1 2.566633761105627 0.0 22.26379794200187 2.566633761105627 10.758845081449657 26
stats: session 124 57576.804862729965 27039.351833209792 213996.2470703125 1129.60888671875 46227.54004524612 4343
stats: users_count 0 4793
stats: finish_users_count 124 4467
stats: request 143 18.866058989838276 7.755058222961426 10457.81103515625 0.681884765625 3708.973661121714 13902
stats: connect 21 1.1245698474702384 0.23434063983230324 164.714111328125 0.615966796875 1.246226239231906 5202
stats: page 143 18.866058989838276 7.755058222961426 10457.81103515625 0.681884765625 3708.973661121714 13902
stats: 302 128 4189
stats: 504 0 394
stats: 200 12 9294
stats: size_rcv 197164 56950167
stats: newphase 0 2
stats: 422 3 131
stats: size_sent 109320 6907955
stats: connected -137 248
stats: 500 0 37
# stats: dump at 1479343612
stats: users 242 1437
stats: {load,"tsung_controller@ip-172-31-27-43"} 1 0.1015625 0.0 0.46875 0.0 0.18778935185185186 27
stats: {freemem,"tsung_controller@ip-172-31-27-43"} 1 2991.73828125 0.0 3064.12890625 2981.29296875 3010.0002893518517 27
stats: {recvpackets,"tsung_controller@ip-172-31-27-43"} 1 453.0 0.0 4111 453 3155.8846153846152 26
stats: {sentpackets,"tsung_controller@ip-172-31-27-43"} 1 572.0 0.0 4019 572 3054.423076923077 26
stats: {cpu,"tsung_controller@ip-172-31-27-43"} 1 1.6848364717542121 0.0 22.26379794200187 1.6848364717542121 10.45542984736284 27
stats: session 84 73676.56466820127 33808.126055466586 218815.5859375 1129.60888671875 46542.5856770724 4467
stats: users_count 0 4793
stats: finish_users_count 84 4551
stats: request 83 30.565191429781617 39.76385001662868 10457.81103515625 0.681884765625 3671.402611844045 14045
stats: connect 22 1.0449884588068181 0.2545992396940325 164.714111328125 0.615966796875 1.2457370980818014 5223
stats: page 83 30.565191429781617 39.76385001662868 10457.81103515625 0.681884765625 3671.402611844045 14045
stats: 302 79 4268
stats: 504 0 394
stats: 200 4 9298
stats: size_rcv 102519 57052686
stats: newphase 0 2
stats: 422 0 131
stats: size_sent 65186 6973141
stats: connected -82 166
stats: 500 0 37
# stats: dump at 1479343622
stats: users 170 1437
stats: {load,"tsung_controller@ip-172-31-27-43"} 1 0.08984375 0.0 0.46875 0.0 0.18470982142857142 28
stats: {freemem,"tsung_controller@ip-172-31-27-43"} 1 2995.109375 0.0 3064.12890625 2981.29296875 3009.348074776786 28
stats: {recvpackets,"tsung_controller@ip-172-31-27-43"} 1 566.0 0.0 4111 453 3055.777777777778 27
stats: {sentpackets,"tsung_controller@ip-172-31-27-43"} 1 579.0 0.0 4019 572 2962.4814814814813 27
stats: {cpu,"tsung_controller@ip-172-31-27-43"} 1 12.4282982791587 0.0 22.26379794200187 1.6848364717542121 10.142194369662533 28
stats: session 72 87157.60356648761 31822.815465464002 218815.5859375 1129.60888671875 47043.410602419535 4551
stats: users_count 0 4793
stats: finish_users_count 72 4623
stats: request 74 18.395943306587835 4.178536709067763 10457.81103515625 0.681884765625 3650.0132074064472 14128
stats: connect 34 1.0558723000919121 0.29178209197432814 164.714111328125 0.615966796875 1.2448950637511915 5245
stats: page 74 18.395943306587835 4.178536709067763 10457.81103515625 0.681884765625 3650.0132074064472 14128
stats: 302 71 4339
stats: 504 0 394
stats: 200 2 9300
stats: size_rcv 87800 57140486
stats: newphase 0 2
stats: 422 1 132
stats: size_sent 58528 7031669
stats: connected -70 96
stats: 500 0 37
# stats: dump at 1479343632
stats: users 121 1437
stats: {load,"tsung_controller@ip-172-31-27-43"} 1 0.0703125 0.0 0.46875 0.0 0.1814385775862069 29
stats: {freemem,"tsung_controller@ip-172-31-27-43"} 1 2989.734375 0.0 3064.12890625 2981.29296875 3008.8570851293102 29
stats: {recvpackets,"tsung_controller@ip-172-31-27-43"} 1 544.0 0.0 4111 453 2966.8571428571427 28
stats: {sentpackets,"tsung_controller@ip-172-31-27-43"} 1 591.0 0.0 4019 572 2877.3571428571427 28
stats: {cpu,"tsung_controller@ip-172-31-27-43"} 1 6.724303554274735 0.0 22.26379794200187 1.6848364717542121 10.221025538955505 29
stats: session 49 93344.08256935587 38898.61570203439 222443.06811523438 1129.60888671875 47668.16117421553 4623
stats: users_count 0 4793
stats: finish_users_count 49 4672
stats: request 56 22.587306431361604 18.80251842799149 10457.81103515625 0.681884765625 3631.0905431659608 14202
stats: connect 24 1.798675537109375 2.298604855313513 164.714111328125 0.615966796875 1.2436776411400121 5279
stats: page 56 22.587306431361604 18.80251842799149 10457.81103515625 0.681884765625 3631.0905431659608 14202
stats: 302 54 4393
stats: 504 0 394
stats: 200 2 9302
stats: size_rcv 67502 57207988
stats: newphase 0 2
stats: 422 0 132
stats: size_sent 42056 7073725
stats: connected -58 38
stats: 500 0 37
# stats: dump at 1479343642
stats: users 89 1437
stats: {load,"tsung_controller@ip-172-31-27-43"} 1 0.05859375 0.0 0.46875 0.0 0.177734375 30
stats: {freemem,"tsung_controller@ip-172-31-27-43"} 1 2996.58203125 0.0 3064.12890625 2981.29296875 3008.219661458333 30
stats: {recvpackets,"tsung_controller@ip-172-31-27-43"} 1 843.0 0.0 4111 453 2883.310344827586 29
stats: {sentpackets,"tsung_controller@ip-172-31-27-43"} 1 717.0 0.0 4019 572 2798.5172413793102 29
stats: {cpu,"tsung_controller@ip-172-31-27-43"} 1 7.75945683802134 0.0 22.26379794200187 1.6848364717542121 10.104468139466146 30
stats: session 32 103020.38445281982 32628.95938724427 223266.01806640625 1129.60888671875 48147.21086350531 4672
stats: users_count 0 4793
stats: finish_users_count 32 4704
stats: request 32 20.675384521484375 11.472961546692053 10457.81103515625 0.681884765625 3616.917715191691 14258
stats: connect 25 3.433955078125 11.437241776291538 164.714111328125 0.615966796875 1.2461894173993493 5303
stats: page 32 20.675384521484375 11.472961546692053 10457.81103515625 0.681884765625 3616.917715191691 14258
stats: 302 32 4425
stats: 504 0 394
stats: 200 0 9302
stats: size_rcv 34816 57242804
stats: newphase 0 2
stats: 422 0 132
stats: size_sent 25228 7098953
stats: connected -25 13
stats: 500 0 37
# stats: dump at 1479343652
stats: users 64 1437
stats: {load,"tsung_controller@ip-172-31-27-43"} 1 0.05078125 0.0 0.46875 0.0 0.17389112903225806 31
stats: {freemem,"tsung_controller@ip-172-31-27-43"} 1 2996.7578125 0.0 3064.12890625 2981.29296875 3007.844254032258 31
stats: {recvpackets,"tsung_controller@ip-172-31-27-43"} 1 552.0 0.0 4111 453 2815.3 30
stats: {sentpackets,"tsung_controller@ip-172-31-27-43"} 1 529.0 0.0 4019 529 2729.133333333333 30
stats: {cpu,"tsung_controller@ip-172-31-27-43"} 1 1.2833168805528135 0.0 22.26379794200187 1.2833168805528135 10.028822613613087 31
stats: session 25 116786.76625 27651.59644772014 223266.01806640625 1129.60888671875 48520.49775867071 4704
stats: users_count 0 4793
stats: finish_users_count 25 4729
stats: request 24 21.52927652994791 16.452558902125553 10457.81103515625 0.681884765625 3608.864548321051 14290
stats: connect 24 1.112762451171875 0.25822453674569595 164.714111328125 0.615966796875 1.2564548343509523 5328
stats: page 24 21.52927652994791 16.452558902125553 10457.81103515625 0.681884765625 3608.864548321051 14290
stats: 302 24 4449
stats: 504 0 394
stats: 200 0 9302
stats: size_rcv 26112 57268916
stats: newphase 0 2
stats: 422 0 132
stats: size_sent 18934 7117887
stats: connected -7 6
stats: 500 0 37
# stats: dump at 1479343662
stats: users 40 1437
stats: {load,"tsung_controller@ip-172-31-27-43"} 1 0.0390625 0.0 0.46875 0.0 0.1700439453125 32
stats: {freemem,"tsung_controller@ip-172-31-27-43"} 1 2997.11328125 0.0 3064.12890625 2981.29296875 3007.497802734375 32
stats: {recvpackets,"tsung_controller@ip-172-31-27-43"} 1 737.0 0.0 4111 453 2742.2903225806454 31
stats: {sentpackets,"tsung_controller@ip-172-31-27-43"} 1 647.0 0.0 4019 529 2658.1612903225805 31
stats: {cpu,"tsung_controller@ip-172-31-27-43"} 1 1.5810276679841897 0.0 22.26379794200187 1.2833168805528135 9.755525559454954 32
stats: session 24 127863.5767923991 36367.56276287253 235809.2568359375 1129.60888671875 48881.38942969698 4729
stats: users_count 0 4793
stats: finish_users_count 24 4753
stats: request 25 18.515048828125 3.5992173177734066 10457.81103515625 0.681884765625 3602.8497343960134 14314
stats: connect 22 1.1036376953125002 0.291354888752037 164.714111328125 0.615966796875 1.2558104738882658 5352
stats: page 25 18.515048828125 3.5992173177734066 10457.81103515625 0.681884765625 3602.8497343960134 14314
stats: 302 25 4474
stats: 504 0 394
stats: 200 0 9302
stats: size_rcv 27200 57296116
stats: newphase 0 2
stats: 422 0 132
stats: size_sent 19708 7137595
stats: connected -5 1
stats: 500 0 37
# stats: dump at 1479343672
stats: users 27 1437
stats: {load,"tsung_controller@ip-172-31-27-43"} 1 0.0390625 0.0 0.46875 0.0 0.1660748106060606 33
stats: {freemem,"tsung_controller@ip-172-31-27-43"} 1 2997.23046875 0.0 3064.12890625 2981.29296875 3007.1831202651515 33
stats: {recvpackets,"tsung_controller@ip-172-31-27-43"} 1 826.0 0.0 4111 453 2679.625 32
stats: {sentpackets,"tsung_controller@ip-172-31-27-43"} 1 694.0 0.0 4019 529 2595.3125 32
stats: {cpu,"tsung_controller@ip-172-31-27-43"} 1 1.4807502467917077 0.0 22.26379794200187 1.2833168805528135 9.507813502137658 33
stats: session 13 120750.4805063101 18007.211123683923 235809.2568359375 1129.60888671875 49280.20543994416 4753
stats: users_count 0 4793
stats: finish_users_count 13 4766
stats: request 13 21.88140399639423 6.099648016761235 10457.81103515625 0.681884765625 3596.6004584953794 14339
stats: connect 13 1.1206242487980769 0.29639920956300064 164.714111328125 0.615966796875 1.2551875112666309 5374
stats: page 13 21.88140399639423 6.099648016761235 10457.81103515625 0.681884765625 3596.6004584953794 14339
stats: 302 13 4487
stats: 504 0 394
stats: 200 0 9302
stats: size_rcv 14144 57310260
stats: newphase 0 2
stats: 422 0 132
stats: size_sent 10254 7147849
stats: connected -1 0
stats: 500 0 37
# stats: dump at 1479343682
stats: users 17 1437
stats: {load,"tsung_controller@ip-172-31-27-43"} 1 0.03125 0.0 0.46875 0.0 0.16233915441176472 34
stats: {freemem,"tsung_controller@ip-172-31-27-43"} 1 2997.24609375 0.0 3064.12890625 2981.29296875 3006.8903952205883 34
stats: {recvpackets,"tsung_controller@ip-172-31-27-43"} 1 196.0 0.0 4111 196 2623.4545454545455 33
stats: {sentpackets,"tsung_controller@ip-172-31-27-43"} 1 176.0 0.0 4019 176 2537.6969696969695 33
stats: {cpu,"tsung_controller@ip-172-31-27-43"} 1 1.2845849802371543 0.0 22.26379794200187 1.2833168805528135 9.271723406392189 34
stats: session 10 159328.28823242188 34071.40769815515 235809.2568359375 1129.60888671875 49475.15163714575 4766
stats: users_count 0 4793
stats: finish_users_count 10 4776
stats: request 10 21.531201171875 7.0082840341322585 10457.81103515625 0.681884765625 3593.3624883373186 14352
stats: connect 10 1.131103515625 0.29402866132344474 164.714111328125 0.615966796875 1.2548627809135418 5387
stats: page 10 21.531201171875 7.0082840341322585 10457.81103515625 0.681884765625 3593.3624883373186 14352
stats: 302 10 4497
stats: 504 0 394
stats: 200 0 9302
stats: size_rcv 10880 57321140
stats: newphase 0 2
stats: 422 0 132
stats: size_sent 7898 7155747
stats: connected 0 0
stats: 500 0 37
# stats: dump at 1479343692
stats: users 15 1437
stats: {load,"tsung_controller@ip-172-31-27-43"} 1 0.01953125 0.0 0.46875 0.0 0.15859375 35
stats: {freemem,"tsung_controller@ip-172-31-27-43"} 1 2997.23046875 0.0 3064.12890625 2981.29296875 3006.61484375 35
stats: {recvpackets,"tsung_controller@ip-172-31-27-43"} 1 614.0 0.0 4111 196 2552.0588235294117 34
stats: {sentpackets,"tsung_controller@ip-172-31-27-43"} 1 508.0 0.0 4019 176 2468.235294117647 34
stats: {cpu,"tsung_controller@ip-172-31-27-43"} 1 1.4763779527559056 0.0 22.26379794200187 1.2833168805528135 9.043519451359188 35
stats: session 2 142241.13305664063 13070.51611328125 235809.2568359375 1129.60888671875 49705.16239216098 4776
stats: users_count 0 4793
stats: finish_users_count 2 4778
stats: request 2 9.0335693359375 6.4984130859375 10457.81103515625 0.681884765625 3590.8754870233192 14362
stats: connect 2 1.21337890625 0.180419921875 164.714111328125 0.615966796875 1.2546334696938113 5397
stats: page 2 9.0335693359375 6.4984130859375 10457.81103515625 0.681884765625 3590.8754870233192 14362
stats: 302 0 4497
stats: 504 0 394
stats: 200 0 9302
stats: size_rcv 660 57321800
stats: newphase 0 2
stats: 422 0 132
stats: 502 2 2
stats: size_sent 1578 7157325
stats: connected 0 0
stats: 500 0 37
# stats: dump at 1479343702
stats: users 10 1437
stats: {load,"tsung_controller@ip-172-31-27-43"} 1 0.01953125 0.0 0.46875 0.0 0.1547309027777778 36
stats: {freemem,"tsung_controller@ip-172-31-27-43"} 1 2997.41796875 0.0 3064.12890625 2981.29296875 3006.3541666666665 36
stats: {recvpackets,"tsung_controller@ip-172-31-27-43"} 1 549.0 0.0 4111 196 2496.6857142857143 35
stats: {sentpackets,"tsung_controller@ip-172-31-27-43"} 1 447.0 0.0 4019 176 2412.2285714285713 35
stats: {cpu,"tsung_controller@ip-172-31-27-43"} 1 1.188118811881188 0.0 22.26379794200187 1.188118811881188 8.833321076397986 36
stats: session 5 165952.2065917969 34217.319169710296 235809.2568359375 1129.60888671875 49743.89657829094 4778
stats: users_count 0 4793
stats: finish_users_count 5 4783
stats: request 5 24.73994140625 20.19469664789025 10457.81103515625 0.681884765625 3590.3767621670554 14364
stats: connect 5 12.74423828125 23.216696998122703 164.714111328125 0.615966796875 1.2546181873958138 5399
stats: page 5 24.73994140625 20.19469664789025 10457.81103515625 0.681884765625 3590.3767621670554 14364
stats: 302 3 4500
stats: 504 0 394
stats: 200 0 9302
stats: size_rcv 3924 57325724
stats: newphase 0 2
stats: 422 0 132
stats: 502 2 4
stats: size_sent 3958 7161283
stats: connected 0 0
stats: 500 0 37
# stats: dump at 1479343712
stats: users 7 1437
stats: {load,"tsung_controller@ip-172-31-27-43"} 1 0.01953125 0.0 0.46875 0.0 0.15107685810810811 37
stats: {freemem,"tsung_controller@ip-172-31-27-43"} 1 2997.47265625 0.0 3064.12890625 2981.29296875 3006.112647804054 37
stats: {recvpackets,"tsung_controller@ip-172-31-27-43"} 1 454.0 0.0 4111 196 2442.5833333333335 36
stats: {sentpackets,"tsung_controller@ip-172-31-27-43"} 1 373.0 0.0 4019 176 2357.6388888888887 36
stats: {cpu,"tsung_controller@ip-172-31-27-43"} 1 1.2807881773399015 0.0 22.26379794200187 1.188118811881188 8.626693988167803 37
stats: session 3 162480.03800455728 26331.873665865478 235809.2568359375 1129.60888671875 49865.37714489507 4783
stats: users_count 0 4793
stats: finish_users_count 3 4786
stats: request 3 7.628011067708333 6.750167474709875 10457.81103515625 0.681884765625 3589.1360227903556 14369
stats: connect 3 1.0642903645833333 0.25831880528606876 164.714111328125 0.615966796875 1.2652488499548942 5404
stats: page 3 7.628011067708333 6.750167474709875 10457.81103515625 0.681884765625 3589.1360227903556 14369
stats: 302 1 4501
stats: 504 0 394
stats: 200 0 9302
stats: size_rcv 1748 57327472
stats: newphase 0 2
stats: 422 0 132
stats: 502 2 6
stats: size_sent 2362 7163645
stats: connected 0 0
stats: 500 0 37
# stats: dump at 1479343722
stats: users 6 1437
stats: {load,"tsung_controller@ip-172-31-27-43"} 1 0.01171875 0.0 0.46875 0.0 0.14761513157894737 38
stats: {freemem,"tsung_controller@ip-172-31-27-43"} 1 2997.6640625 0.0 3064.12890625 2981.29296875 3005.8852796052633 38
stats: {recvpackets,"tsung_controller@ip-172-31-27-43"} 1 21.0 0.0 4111 21 2388.837837837838 37
stats: {sentpackets,"tsung_controller@ip-172-31-27-43"} 1 25.0 0.0 4019 25 2304.0 37
stats: {cpu,"tsung_controller@ip-172-31-27-43"} 1 0.891089108910891 0.0 22.26379794200187 0.891089108910891 8.433380677356542 38
stats: session 1 157980.81103515625 0.0 235809.2568359375 1129.60888671875 49935.9671955802 4786
stats: users_count 0 4793
stats: finish_users_count 1 4787
stats: request 1 30.715087890625 0.0 10457.81103515625 0.681884765625 3588.388421618969 14372
stats: connect 1 1.447021484375 0.0 164.714111328125 0.615966796875 1.2651373508877377 5407
stats: page 1 30.715087890625 0.0 10457.81103515625 0.681884765625 3588.388421618969 14372
stats: 302 1 4502
stats: 504 0 394
stats: 200 0 9302
stats: size_rcv 1088 57328560
stats: newphase 0 2
stats: 422 0 132
stats: 502 0 6
stats: size_sent 786 7164431
stats: connected 0 0
stats: 500 0 37
# stats: dump at 1479343732
stats: users 4 1437
stats: {load,"tsung_controller@ip-172-31-27-43"} 1 0.01171875 0.0 0.46875 0.0 0.14413060897435898 39
stats: {freemem,"tsung_controller@ip-172-31-27-43"} 1 2997.9375 0.0 3064.12890625 2981.29296875 3005.6744791666665 39
stats: {recvpackets,"tsung_controller@ip-172-31-27-43"} 1 21.0 0.0 4111 21 2326.5263157894738 38
stats: {sentpackets,"tsung_controller@ip-172-31-27-43"} 1 27.0 0.0 4019 25 2244.0263157894738 38
stats: {cpu,"tsung_controller@ip-172-31-27-43"} 1 0.9861932938856016 0.0 22.26379794200187 0.891089108910891 8.239988585857935 39
stats: session 2 175437.6934814453 8207.563598632813 235809.2568359375 1129.60888671875 49958.53766640526 4787
stats: users_count 0 4793
stats: finish_users_count 2 4789
stats: request 2 30.1934814453125 25.8514404296875 10457.81103515625 0.681884765625 3588.140896861874 14373
stats: connect 2 1.068603515625 0.113525390625 164.714111328125 0.615966796875 1.2651709833088707 5408
stats: page 2 30.1934814453125 25.8514404296875 10457.81103515625 0.681884765625 3588.140896861874 14373
stats: 302 1 4503
stats: 504 0 394
stats: 200 0 9302
stats: size_rcv 1418 57329978
stats: newphase 0 2
stats: 422 0 132
stats: 502 1 7
stats: size_sent 1576 7166007
stats: connected 0 0
stats: 500 0 37
# stats: dump at 1479343742
stats: users 4 1437
stats: {load,"tsung_controller@ip-172-31-27-43"} 1 0.01171875 0.0 0.46875 0.0 0.1408203125 40
stats: {freemem,"tsung_controller@ip-172-31-27-43"} 1 2998.140625 0.0 3064.12890625 2981.29296875 3005.4810546875 40
stats: {recvpackets,"tsung_controller@ip-172-31-27-43"} 1 7.0 0.0 4111 7 2267.4102564102564 39
stats: {sentpackets,"tsung_controller@ip-172-31-27-43"} 1 7.0 0.0 4019 7 2187.1794871794873 39
stats: {cpu,"tsung_controller@ip-172-31-27-43"} 1 0.9861932938856016 0.0 22.26379794200187 0.891089108910891 8.058643703558626 40
stats: session 0 0 0 235809.2568359375 1129.60888671875 50010.94073836811 4789
stats: users_count 0 4793
stats: finish_users_count 0 4789
stats: request 0 0 0 10457.81103515625 0.681884765625 3587.645878091033 14375
stats: connect 0 0 0 164.714111328125 0.615966796875 1.2650983151137933 5410
stats: page 0 0 0 10457.81103515625 0.681884765625 3587.645878091033 14375
stats: 302 0 4503
stats: 504 0 394
stats: 200 0 9302
stats: size_rcv 0 57329978
stats: newphase 0 2
stats: 422 0 132
stats: 502 0 7
stats: size_sent 0 7166007
stats: connected 0 0
stats: 500 0 37
# stats: dump at 1479343752
stats: users 1 1437
stats: {load,"tsung_controller@ip-172-31-27-43"} 1 0.01171875 0.0 0.46875 0.0 0.13767149390243902 41
stats: {freemem,"tsung_controller@ip-172-31-27-43"} 1 3003.94921875 0.0 3064.12890625 2981.29296875 3005.302019817073 41
stats: {recvpackets,"tsung_controller@ip-172-31-27-43"} 1 272.0 0.0 4111 7 2210.9 40
stats: {sentpackets,"tsung_controller@ip-172-31-27-43"} 1 217.0 0.0 4019 7 2132.675 40
stats: {cpu,"tsung_controller@ip-172-31-27-43"} 1 0.9891196834817012 0.0 22.26379794200187 0.891089108910891 7.886144913078797 41
stats: session 3 208695.6193033854 31514.721287526743 253215.375 1129.60888671875 50010.94073836811 4789
stats: users_count 0 4793
stats: finish_users_count 3 4792
stats: request 3 235.87394205729166 303.8404525123796 10457.81103515625 0.681884765625 3587.645878091033 14375
stats: connect 3 1.0923665364583333 0.19635649662001456 164.714111328125 0.615966796875 1.2650983151137933 5410
stats: page 3 235.87394205729166 303.8404525123796 10457.81103515625 0.681884765625 3587.645878091033 14375
stats: 302 2 4505
stats: 504 0 394
stats: 200 0 9302
stats: size_rcv 2506 57332484
stats: newphase 0 2
stats: 422 0 132
stats: 502 1 8
stats: size_sent 2372 7168379
stats: connected 0 0
stats: 500 0 37
# stats: dump at 1479343762
stats: users 1 1437
stats: {load,"tsung_controller@ip-172-31-27-43"} 1 0.01171875 0.0 0.46875 0.0 0.13467261904761904 42
stats: {freemem,"tsung_controller@ip-172-31-27-43"} 1 3004.3203125 0.0 3064.12890625 2981.29296875 3005.269810267857 42
stats: {recvpackets,"tsung_controller@ip-172-31-27-43"} 1 605.0 0.0 4111 7 2163.609756097561 41
stats: {sentpackets,"tsung_controller@ip-172-31-27-43"} 1 480.0 0.0 4019 7 2085.951219512195 41
stats: {cpu,"tsung_controller@ip-172-31-27-43"} 1 1.2833168805528135 0.0 22.26379794200187 0.891089108910891 7.721930026659819 42
stats: session 0 0 0 253215.375 1129.60888671875 50110.28423496558 4792
stats: users_count 0 4793
stats: finish_users_count 0 4792
stats: request 0 0 0 10457.81103515625 0.681884765625 3586.9465238131015 14378
stats: connect 0 0 0 164.714111328125 0.615966796875 1.2650025834795857 5413
stats: page 0 0 0 10457.81103515625 0.681884765625 3586.9465238131015 14378
stats: 302 0 4505
stats: 504 0 394
stats: 200 0 9302
stats: size_rcv 0 57332484
stats: newphase 0 2
stats: 422 0 132
stats: 502 0 8
stats: size_sent 0 7168379
stats: connected 0 0
stats: 500 0 37
# stats: dump at 1479343772
stats: users 0 1437
stats: {load,"tsung_controller@ip-172-31-27-43"} 1 0.0 0.0 0.46875 0.0 0.13181322674418605 43
stats: {freemem,"tsung_controller@ip-172-31-27-43"} 1 3004.44921875 0.0 3064.12890625 2981.29296875 3005.2477289244184 43
stats: {recvpackets,"tsung_controller@ip-172-31-27-43"} 1 992.0 0.0 4111 7 2126.5 42
stats: {sentpackets,"tsung_controller@ip-172-31-27-43"} 1 801.0 0.0 4019 7 2047.7142857142858 42
stats: {cpu,"tsung_controller@ip-172-31-27-43"} 1 1.3820335636722607 0.0 22.26379794200187 0.891089108910891 7.572194837215471 43
stats: session 1 203849.56494140625 0.0 253215.375 1129.60888671875 50110.28423496558 4792
stats: users_count 0 4793
stats: finish_users_count 1 4793
stats: request 1 10.468994140625 0.0 10457.81103515625 0.681884765625 3586.9465238131015 14378
stats: connect 1 9.329833984375 0.0 164.714111328125 0.615966796875 1.2650025834795857 5413
stats: page 1 10.468994140625 0.0 10457.81103515625 0.681884765625 3586.9465238131015 14378
stats: 302 0 4505
stats: 504 0 394
stats: 200 0 9302
stats: size_rcv 330 57332814
stats: newphase 0 2
stats: 422 0 132
stats: 502 1 9
stats: size_sent 786 7169165
stats: connected 0 0
stats: 500 0 37
EndMonitor:{1479,343772,317652}
