
=INFO REPORT==== 17-Nov-2016::00:42:12 ===
    ts_config_server:(5:<0.72.0>) Config server started, logdir is "/home/ec2-user/.tsung/log/20161117-0042"
 
=INFO REPORT==== 17-Nov-2016::00:42:12 ===
              ts_mon:(5:<0.54.0>) starting monitor, global 

=INFO REPORT==== 17-Nov-2016::00:42:12 ===
           ts_config:(5:<0.72.0>) Reading config file: post-test-4.xml

=INFO REPORT==== 17-Nov-2016::00:42:12 ===
      ts_config_http:(4:<0.72.0>) Get user agent: 100 "Mozilla/5.0 (Windows; U; Windows NT 5.2; fr-FR; rv:1.7.8) Gecko/20050511 Firefox/1.0.4" 

=INFO REPORT==== 17-Nov-2016::00:42:12 ===
           ts_config:(5:<0.72.0>) Session name for id 1 is "post-test"

=INFO REPORT==== 17-Nov-2016::00:42:12 ===
    ts_config_server:(4:<0.72.0>) SYSINFO:Tsung version: 1.6.0

=INFO REPORT==== 17-Nov-2016::00:42:12 ===
    ts_config_server:(4:<0.72.0>) SYSINFO:Erlang version: Erlang R14B04 (erts-5.8.5) [source] [64-bit] [rq:1] [async-threads:8] [kernel-poll:true]


=INFO REPORT==== 17-Nov-2016::00:42:12 ===
    ts_config_server:(4:<0.72.0>) SYSINFO:System architecture x86_64-redhat-linux-gnu

=INFO REPORT==== 17-Nov-2016::00:42:12 ===
    ts_config_server:(4:<0.72.0>) SYSINFO:Current path: /usr/lib/erlang/lib/tsung-1.6.0/ebin/tsung.beam

=INFO REPORT==== 17-Nov-2016::00:42:12 ===
              ts_mon:(5:<0.73.0>) Activate clients with text backend

=INFO REPORT==== 17-Nov-2016::00:42:12 ===
              ts_mon:(5:<0.73.0>) Starting tsung clients on hosts: [localhost]

=INFO REPORT==== 17-Nov-2016::00:42:12 ===
    ts_config_server:(5:<0.72.0>) Start a launcher on the controller beam localhost

=INFO REPORT==== 17-Nov-2016::00:42:12 ===
  ts_launcher_static:(5:<0.128.0>) Launch msg receive ("localhost")

=INFO REPORT==== 17-Nov-2016::00:42:12 ===
         ts_launcher:(5:<0.129.0>) Launch msg receive ("localhost")

=INFO REPORT==== 17-Nov-2016::00:42:12 ===
    ts_config_server:(5:<0.72.0>) All remote beams started, syncing 

=INFO REPORT==== 17-Nov-2016::00:42:12 ===
    ts_config_server:(5:<0.72.0>) Undefined ports_range config 

=INFO REPORT==== 17-Nov-2016::00:42:12 ===
    ts_config_server:(5:<0.72.0>) New arrival phase 1 for client "localhost" (last ? true): will start 900 users

=INFO REPORT==== 17-Nov-2016::00:42:12 ===
    ts_config_server:(5:<0.72.0>) New arrival phase 2 for client "localhost" (last ? true): will start 3000 users

=INFO REPORT==== 17-Nov-2016::00:42:12 ===
    ts_config_server:(5:<0.72.0>) New arrival phase 3 for client "localhost" (last ? true): will start 900 users

=INFO REPORT==== 17-Nov-2016::00:42:12 ===
         ts_launcher:(5:<0.129.0>) Expected duration of first phase: 60.0 sec (900 users) 

=INFO REPORT==== 17-Nov-2016::00:42:12 ===
         ts_launcher:(5:<0.129.0>) Activate launcher (900 users) in 494 msec 

=INFO REPORT==== 17-Nov-2016::00:43:12 ===
         ts_launcher:(5:<0.129.0>) Phase duration exceeded, but not all users were launched (7 users, 0.8% of phase)

=INFO REPORT==== 17-Nov-2016::00:43:12 ===
         ts_launcher:(5:<0.129.0>) Start a new arrival phase (3000 users, 0.025); expected duration=120.0 sec

=INFO REPORT==== 17-Nov-2016::00:44:48 ===
           ts_search:(5:<0.3144.0>) Dyn Var (RE): no Match (varname=authenticity_token), 

=INFO REPORT==== 17-Nov-2016::00:44:48 ===
           ts_search:(5:<0.2727.0>) Dyn Var (RE): no Match (varname=authenticity_token), 

=INFO REPORT==== 17-Nov-2016::00:44:48 ===
           ts_search:(5:<0.3051.0>) Dyn Var (RE): no Match (varname=authenticity_token), 

=INFO REPORT==== 17-Nov-2016::00:44:48 ===
           ts_search:(5:<0.3179.0>) Dyn Var (RE): no Match (varname=authenticity_token), 

=INFO REPORT==== 17-Nov-2016::00:44:49 ===
           ts_search:(5:<0.3153.0>) Dyn Var (RE): no Match (varname=authenticity_token), 

=INFO REPORT==== 17-Nov-2016::00:44:49 ===
           ts_search:(5:<0.2971.0>) Dyn Var (RE): no Match (varname=authenticity_token), 

=INFO REPORT==== 17-Nov-2016::00:44:49 ===
           ts_search:(5:<0.2600.0>) Dyn Var (RE): no Match (varname=authenticity_token), 

=INFO REPORT==== 17-Nov-2016::00:44:50 ===
           ts_search:(5:<0.3310.0>) Dyn Var (RE): no Match (varname=authenticity_token), 

=INFO REPORT==== 17-Nov-2016::00:44:50 ===
           ts_search:(5:<0.3093.0>) Dyn Var (RE): no Match (varname=authenticity_token), 

=INFO REPORT==== 17-Nov-2016::00:44:50 ===
           ts_search:(5:<0.3174.0>) Dyn Var (RE): no Match (varname=authenticity_token), 

=INFO REPORT==== 17-Nov-2016::00:44:50 ===
           ts_search:(5:<0.2510.0>) Dyn Var (RE): no Match (varname=authenticity_token), 

=INFO REPORT==== 17-Nov-2016::00:44:50 ===
           ts_search:(5:<0.3139.0>) Dyn Var (RE): no Match (varname=authenticity_token), 

=INFO REPORT==== 17-Nov-2016::00:44:50 ===
           ts_search:(5:<0.3500.0>) Dyn Var (RE): no Match (varname=authenticity_token), 

=INFO REPORT==== 17-Nov-2016::00:44:50 ===
           ts_search:(5:<0.3211.0>) Dyn Var (RE): no Match (varname=authenticity_token), 

=INFO REPORT==== 17-Nov-2016::00:44:50 ===
           ts_search:(5:<0.3019.0>) Dyn Var (RE): no Match (varname=authenticity_token), 

=INFO REPORT==== 17-Nov-2016::00:44:50 ===
           ts_search:(5:<0.3235.0>) Dyn Var (RE): no Match (varname=authenticity_token), 

=INFO REPORT==== 17-Nov-2016::00:44:50 ===
           ts_search:(5:<0.3271.0>) Dyn Var (RE): no Match (varname=authenticity_token), 

=INFO REPORT==== 17-Nov-2016::00:44:50 ===
           ts_search:(5:<0.3162.0>) Dyn Var (RE): no Match (varname=authenticity_token), 

=INFO REPORT==== 17-Nov-2016::00:44:51 ===
           ts_search:(5:<0.2408.0>) Dyn Var (RE): no Match (varname=authenticity_token), 

=INFO REPORT==== 17-Nov-2016::00:44:51 ===
           ts_search:(5:<0.3227.0>) Dyn Var (RE): no Match (varname=authenticity_token), 

=INFO REPORT==== 17-Nov-2016::00:44:51 ===
           ts_search:(5:<0.2835.0>) Dyn Var (RE): no Match (varname=authenticity_token), 

=INFO REPORT==== 17-Nov-2016::00:44:51 ===
           ts_search:(5:<0.3148.0>) Dyn Var (RE): no Match (varname=authenticity_token), 

=INFO REPORT==== 17-Nov-2016::00:44:51 ===
           ts_search:(5:<0.2866.0>) Dyn Var (RE): no Match (varname=authenticity_token), 

=INFO REPORT==== 17-Nov-2016::00:44:51 ===
           ts_search:(5:<0.3035.0>) Dyn Var (RE): no Match (varname=authenticity_token), 

=INFO REPORT==== 17-Nov-2016::00:44:51 ===
           ts_search:(5:<0.3306.0>) Dyn Var (RE): no Match (varname=authenticity_token), 

=INFO REPORT==== 17-Nov-2016::00:44:52 ===
           ts_search:(5:<0.2737.0>) Dyn Var (RE): no Match (varname=authenticity_token), 

=INFO REPORT==== 17-Nov-2016::00:44:52 ===
           ts_search:(5:<0.3350.0>) Dyn Var (RE): no Match (varname=authenticity_token), 

=INFO REPORT==== 17-Nov-2016::00:44:52 ===
           ts_search:(5:<0.2934.0>) Dyn Var (RE): no Match (varname=authenticity_token), 

=INFO REPORT==== 17-Nov-2016::00:44:52 ===
           ts_search:(5:<0.3339.0>) Dyn Var (RE): no Match (varname=authenticity_token), 

=INFO REPORT==== 17-Nov-2016::00:44:52 ===
           ts_search:(5:<0.2833.0>) Dyn Var (RE): no Match (varname=authenticity_token), 

=INFO REPORT==== 17-Nov-2016::00:44:52 ===
           ts_search:(5:<0.3115.0>) Dyn Var (RE): no Match (varname=authenticity_token), 

=INFO REPORT==== 17-Nov-2016::00:44:53 ===
           ts_search:(5:<0.3550.0>) Dyn Var (RE): no Match (varname=authenticity_token), 

=INFO REPORT==== 17-Nov-2016::00:44:53 ===
           ts_search:(5:<0.3202.0>) Dyn Var (RE): no Match (varname=authenticity_token), 

=INFO REPORT==== 17-Nov-2016::00:44:53 ===
           ts_search:(5:<0.3514.0>) Dyn Var (RE): no Match (varname=authenticity_token), 

=INFO REPORT==== 17-Nov-2016::00:44:53 ===
           ts_search:(5:<0.3499.0>) Dyn Var (RE): no Match (varname=authenticity_token), 

=INFO REPORT==== 17-Nov-2016::00:44:53 ===
           ts_search:(5:<0.3547.0>) Dyn Var (RE): no Match (varname=authenticity_token), 

=INFO REPORT==== 17-Nov-2016::00:44:53 ===
           ts_search:(5:<0.3297.0>) Dyn Var (RE): no Match (varname=authenticity_token), 

=INFO REPORT==== 17-Nov-2016::00:44:53 ===
           ts_search:(5:<0.3086.0>) Dyn Var (RE): no Match (varname=authenticity_token), 

=INFO REPORT==== 17-Nov-2016::00:44:53 ===
           ts_search:(5:<0.3229.0>) Dyn Var (RE): no Match (varname=authenticity_token), 

=INFO REPORT==== 17-Nov-2016::00:44:53 ===
           ts_search:(5:<0.3284.0>) Dyn Var (RE): no Match (varname=authenticity_token), 

=INFO REPORT==== 17-Nov-2016::00:44:55 ===
           ts_search:(5:<0.3360.0>) Dyn Var (RE): no Match (varname=authenticity_token), 

=INFO REPORT==== 17-Nov-2016::00:44:56 ===
           ts_search:(5:<0.3071.0>) Dyn Var (RE): no Match (varname=authenticity_token), 

=INFO REPORT==== 17-Nov-2016::00:44:56 ===
           ts_search:(5:<0.3432.0>) Dyn Var (RE): no Match (varname=authenticity_token), 

=INFO REPORT==== 17-Nov-2016::00:44:57 ===
           ts_search:(5:<0.3594.0>) Dyn Var (RE): no Match (varname=authenticity_token), 

=INFO REPORT==== 17-Nov-2016::00:44:57 ===
           ts_search:(5:<0.3356.0>) Dyn Var (RE): no Match (varname=authenticity_token), 

=INFO REPORT==== 17-Nov-2016::00:44:57 ===
           ts_search:(5:<0.3425.0>) Dyn Var (RE): no Match (varname=authenticity_token), 

=INFO REPORT==== 17-Nov-2016::00:44:57 ===
           ts_search:(5:<0.3299.0>) Dyn Var (RE): no Match (varname=authenticity_token), 

=INFO REPORT==== 17-Nov-2016::00:44:57 ===
           ts_search:(5:<0.3553.0>) Dyn Var (RE): no Match (varname=authenticity_token), 

=INFO REPORT==== 17-Nov-2016::00:44:57 ===
           ts_search:(5:<0.2719.0>) Dyn Var (RE): no Match (varname=authenticity_token), 

=INFO REPORT==== 17-Nov-2016::00:44:57 ===
           ts_search:(5:<0.3389.0>) Dyn Var (RE): no Match (varname=authenticity_token), 

=INFO REPORT==== 17-Nov-2016::00:44:57 ===
           ts_search:(5:<0.3354.0>) Dyn Var (RE): no Match (varname=authenticity_token), 

=INFO REPORT==== 17-Nov-2016::00:44:57 ===
           ts_search:(5:<0.3376.0>) Dyn Var (RE): no Match (varname=authenticity_token), 

=INFO REPORT==== 17-Nov-2016::00:44:57 ===
           ts_search:(5:<0.3143.0>) Dyn Var (RE): no Match (varname=authenticity_token), 

=INFO REPORT==== 17-Nov-2016::00:44:58 ===
           ts_search:(5:<0.3407.0>) Dyn Var (RE): no Match (varname=authenticity_token), 

=INFO REPORT==== 17-Nov-2016::00:44:58 ===
           ts_search:(5:<0.3384.0>) Dyn Var (RE): no Match (varname=authenticity_token), 

=INFO REPORT==== 17-Nov-2016::00:44:58 ===
           ts_search:(5:<0.3209.0>) Dyn Var (RE): no Match (varname=authenticity_token), 

=INFO REPORT==== 17-Nov-2016::00:44:58 ===
           ts_search:(5:<0.2997.0>) Dyn Var (RE): no Match (varname=authenticity_token), 

=INFO REPORT==== 17-Nov-2016::00:44:59 ===
           ts_search:(5:<0.3371.0>) Dyn Var (RE): no Match (varname=authenticity_token), 

=INFO REPORT==== 17-Nov-2016::00:44:59 ===
           ts_search:(5:<0.3177.0>) Dyn Var (RE): no Match (varname=authenticity_token), 

=INFO REPORT==== 17-Nov-2016::00:44:59 ===
           ts_search:(5:<0.3472.0>) Dyn Var (RE): no Match (varname=authenticity_token), 

=INFO REPORT==== 17-Nov-2016::00:44:59 ===
           ts_search:(5:<0.2836.0>) Dyn Var (RE): no Match (varname=authenticity_token), 

=INFO REPORT==== 17-Nov-2016::00:44:59 ===
           ts_search:(5:<0.3255.0>) Dyn Var (RE): no Match (varname=authenticity_token), 

=INFO REPORT==== 17-Nov-2016::00:44:59 ===
           ts_search:(5:<0.3359.0>) Dyn Var (RE): no Match (varname=authenticity_token), 

=INFO REPORT==== 17-Nov-2016::00:44:59 ===
           ts_search:(5:<0.2738.0>) Dyn Var (RE): no Match (varname=authenticity_token), 

=INFO REPORT==== 17-Nov-2016::00:45:00 ===
           ts_search:(5:<0.3228.0>) Dyn Var (RE): no Match (varname=authenticity_token), 

=INFO REPORT==== 17-Nov-2016::00:45:00 ===
           ts_search:(5:<0.3096.0>) Dyn Var (RE): no Match (varname=authenticity_token), 

=INFO REPORT==== 17-Nov-2016::00:45:00 ===
           ts_search:(5:<0.2973.0>) Dyn Var (RE): no Match (varname=authenticity_token), 

=INFO REPORT==== 17-Nov-2016::00:45:00 ===
           ts_search:(5:<0.3589.0>) Dyn Var (RE): no Match (varname=authenticity_token), 

=INFO REPORT==== 17-Nov-2016::00:45:00 ===
           ts_search:(5:<0.3287.0>) Dyn Var (RE): no Match (varname=authenticity_token), 

=INFO REPORT==== 17-Nov-2016::00:45:00 ===
           ts_search:(5:<0.3487.0>) Dyn Var (RE): no Match (varname=authenticity_token), 

=INFO REPORT==== 17-Nov-2016::00:45:00 ===
           ts_search:(5:<0.3531.0>) Dyn Var (RE): no Match (varname=authenticity_token), 

=INFO REPORT==== 17-Nov-2016::00:45:00 ===
           ts_search:(5:<0.2852.0>) Dyn Var (RE): no Match (varname=authenticity_token), 

=INFO REPORT==== 17-Nov-2016::00:45:00 ===
           ts_search:(5:<0.3459.0>) Dyn Var (RE): no Match (varname=authenticity_token), 

=INFO REPORT==== 17-Nov-2016::00:45:00 ===
           ts_search:(5:<0.3706.0>) Dyn Var (RE): no Match (varname=authenticity_token), 

=INFO REPORT==== 17-Nov-2016::00:45:00 ===
           ts_search:(5:<0.3344.0>) Dyn Var (RE): no Match (varname=authenticity_token), 

=INFO REPORT==== 17-Nov-2016::00:45:00 ===
           ts_search:(5:<0.3530.0>) Dyn Var (RE): no Match (varname=authenticity_token), 

=INFO REPORT==== 17-Nov-2016::00:45:01 ===
           ts_search:(5:<0.3701.0>) Dyn Var (RE): no Match (varname=authenticity_token), 

=INFO REPORT==== 17-Nov-2016::00:45:01 ===
           ts_search:(5:<0.3132.0>) Dyn Var (RE): no Match (varname=authenticity_token), 

=INFO REPORT==== 17-Nov-2016::00:45:01 ===
           ts_search:(5:<0.3522.0>) Dyn Var (RE): no Match (varname=authenticity_token), 

=INFO REPORT==== 17-Nov-2016::00:45:01 ===
           ts_search:(5:<0.2615.0>) Dyn Var (RE): no Match (varname=authenticity_token), 

=INFO REPORT==== 17-Nov-2016::00:45:01 ===
           ts_search:(5:<0.3809.0>) Dyn Var (RE): no Match (varname=authenticity_token), 

=INFO REPORT==== 17-Nov-2016::00:45:01 ===
           ts_search:(5:<0.3492.0>) Dyn Var (RE): no Match (varname=authenticity_token), 

=INFO REPORT==== 17-Nov-2016::00:45:02 ===
           ts_search:(5:<0.2773.0>) Dyn Var (RE): no Match (varname=authenticity_token), 

=INFO REPORT==== 17-Nov-2016::00:45:03 ===
           ts_search:(5:<0.3496.0>) Dyn Var (RE): no Match (varname=authenticity_token), 

=INFO REPORT==== 17-Nov-2016::00:45:03 ===
           ts_search:(5:<0.3503.0>) Dyn Var (RE): no Match (varname=authenticity_token), 

=INFO REPORT==== 17-Nov-2016::00:45:03 ===
           ts_search:(5:<0.3782.0>) Dyn Var (RE): no Match (varname=authenticity_token), 

=INFO REPORT==== 17-Nov-2016::00:45:03 ===
           ts_search:(5:<0.3598.0>) Dyn Var (RE): no Match (varname=authenticity_token), 

=INFO REPORT==== 17-Nov-2016::00:45:03 ===
           ts_search:(5:<0.3515.0>) Dyn Var (RE): no Match (varname=authenticity_token), 

=INFO REPORT==== 17-Nov-2016::00:45:03 ===
           ts_search:(5:<0.3441.0>) Dyn Var (RE): no Match (varname=authenticity_token), 

=INFO REPORT==== 17-Nov-2016::00:45:03 ===
           ts_search:(5:<0.3479.0>) Dyn Var (RE): no Match (varname=authenticity_token), 

=INFO REPORT==== 17-Nov-2016::00:45:03 ===
           ts_search:(5:<0.3348.0>) Dyn Var (RE): no Match (varname=authenticity_token), 

=INFO REPORT==== 17-Nov-2016::00:45:04 ===
           ts_search:(5:<0.3529.0>) Dyn Var (RE): no Match (varname=authenticity_token), 

=INFO REPORT==== 17-Nov-2016::00:45:04 ===
           ts_search:(5:<0.3116.0>) Dyn Var (RE): no Match (varname=authenticity_token), 

=INFO REPORT==== 17-Nov-2016::00:45:04 ===
           ts_search:(5:<0.3246.0>) Dyn Var (RE): no Match (varname=authenticity_token), 

=INFO REPORT==== 17-Nov-2016::00:45:04 ===
           ts_search:(5:<0.3221.0>) Dyn Var (RE): no Match (varname=authenticity_token), 

=INFO REPORT==== 17-Nov-2016::00:45:04 ===
           ts_search:(5:<0.3527.0>) Dyn Var (RE): no Match (varname=authenticity_token), 

=INFO REPORT==== 17-Nov-2016::00:45:04 ===
           ts_search:(5:<0.3614.0>) Dyn Var (RE): no Match (varname=authenticity_token), 

=INFO REPORT==== 17-Nov-2016::00:45:04 ===
           ts_search:(5:<0.3556.0>) Dyn Var (RE): no Match (varname=authenticity_token), 

=INFO REPORT==== 17-Nov-2016::00:45:04 ===
           ts_search:(5:<0.3466.0>) Dyn Var (RE): no Match (varname=authenticity_token), 

=INFO REPORT==== 17-Nov-2016::00:45:04 ===
           ts_search:(5:<0.3626.0>) Dyn Var (RE): no Match (varname=authenticity_token), 

=INFO REPORT==== 17-Nov-2016::00:45:04 ===
           ts_search:(5:<0.3757.0>) Dyn Var (RE): no Match (varname=authenticity_token), 

=INFO REPORT==== 17-Nov-2016::00:45:04 ===
           ts_search:(5:<0.3554.0>) Dyn Var (RE): no Match (varname=authenticity_token), 

=INFO REPORT==== 17-Nov-2016::00:45:04 ===
           ts_search:(5:<0.3806.0>) Dyn Var (RE): no Match (varname=authenticity_token), 

=INFO REPORT==== 17-Nov-2016::00:45:04 ===
           ts_search:(5:<0.3328.0>) Dyn Var (RE): no Match (varname=authenticity_token), 

=INFO REPORT==== 17-Nov-2016::00:45:04 ===
           ts_search:(5:<0.3199.0>) Dyn Var (RE): no Match (varname=authenticity_token), 

=INFO REPORT==== 17-Nov-2016::00:45:04 ===
           ts_search:(5:<0.3232.0>) Dyn Var (RE): no Match (varname=authenticity_token), 

=INFO REPORT==== 17-Nov-2016::00:45:05 ===
           ts_search:(5:<0.3869.0>) Dyn Var (RE): no Match (varname=authenticity_token), 

=INFO REPORT==== 17-Nov-2016::00:45:05 ===
           ts_search:(5:<0.3544.0>) Dyn Var (RE): no Match (varname=authenticity_token), 

=INFO REPORT==== 17-Nov-2016::00:45:05 ===
           ts_search:(5:<0.3525.0>) Dyn Var (RE): no Match (varname=authenticity_token), 

=INFO REPORT==== 17-Nov-2016::00:45:05 ===
           ts_search:(5:<0.3574.0>) Dyn Var (RE): no Match (varname=authenticity_token), 

=INFO REPORT==== 17-Nov-2016::00:45:05 ===
           ts_search:(5:<0.3568.0>) Dyn Var (RE): no Match (varname=authenticity_token), 

=INFO REPORT==== 17-Nov-2016::00:45:05 ===
           ts_search:(5:<0.3561.0>) Dyn Var (RE): no Match (varname=authenticity_token), 

=INFO REPORT==== 17-Nov-2016::00:45:05 ===
           ts_search:(5:<0.3653.0>) Dyn Var (RE): no Match (varname=authenticity_token), 

=INFO REPORT==== 17-Nov-2016::00:45:05 ===
           ts_search:(5:<0.3565.0>) Dyn Var (RE): no Match (varname=authenticity_token), 

=INFO REPORT==== 17-Nov-2016::00:45:05 ===
           ts_search:(5:<0.3001.0>) Dyn Var (RE): no Match (varname=authenticity_token), 

=INFO REPORT==== 17-Nov-2016::00:45:05 ===
           ts_search:(5:<0.3908.0>) Dyn Var (RE): no Match (varname=authenticity_token), 

=INFO REPORT==== 17-Nov-2016::00:45:05 ===
           ts_search:(5:<0.3513.0>) Dyn Var (RE): no Match (varname=authenticity_token), 

=INFO REPORT==== 17-Nov-2016::00:45:05 ===
           ts_search:(5:<0.3887.0>) Dyn Var (RE): no Match (varname=authenticity_token), 

=INFO REPORT==== 17-Nov-2016::00:45:05 ===
           ts_search:(5:<0.3644.0>) Dyn Var (RE): no Match (varname=authenticity_token), 

=INFO REPORT==== 17-Nov-2016::00:45:06 ===
           ts_search:(5:<0.3635.0>) Dyn Var (RE): no Match (varname=authenticity_token), 

=INFO REPORT==== 17-Nov-2016::00:45:06 ===
           ts_search:(5:<0.3557.0>) Dyn Var (RE): no Match (varname=authenticity_token), 

=INFO REPORT==== 17-Nov-2016::00:45:06 ===
           ts_search:(5:<0.3704.0>) Dyn Var (RE): no Match (varname=authenticity_token), 

=INFO REPORT==== 17-Nov-2016::00:45:06 ===
           ts_search:(5:<0.3824.0>) Dyn Var (RE): no Match (varname=authenticity_token), 

=INFO REPORT==== 17-Nov-2016::00:45:07 ===
           ts_search:(5:<0.3596.0>) Dyn Var (RE): no Match (varname=authenticity_token), 

=INFO REPORT==== 17-Nov-2016::00:45:08 ===
           ts_search:(5:<0.3592.0>) Dyn Var (RE): no Match (varname=authenticity_token), 

=INFO REPORT==== 17-Nov-2016::00:45:08 ===
           ts_search:(5:<0.3772.0>) Dyn Var (RE): no Match (varname=authenticity_token), 

=INFO REPORT==== 17-Nov-2016::00:45:08 ===
           ts_search:(5:<0.3298.0>) Dyn Var (RE): no Match (varname=authenticity_token), 

=INFO REPORT==== 17-Nov-2016::00:45:08 ===
           ts_search:(5:<0.3690.0>) Dyn Var (RE): no Match (varname=authenticity_token), 

=INFO REPORT==== 17-Nov-2016::00:45:08 ===
           ts_search:(5:<0.2981.0>) Dyn Var (RE): no Match (varname=authenticity_token), 

=INFO REPORT==== 17-Nov-2016::00:45:08 ===
           ts_search:(5:<0.2486.0>) Dyn Var (RE): no Match (varname=authenticity_token), 

=INFO REPORT==== 17-Nov-2016::00:45:09 ===
           ts_search:(5:<0.3633.0>) Dyn Var (RE): no Match (varname=authenticity_token), 

=INFO REPORT==== 17-Nov-2016::00:45:09 ===
           ts_search:(5:<0.3910.0>) Dyn Var (RE): no Match (varname=authenticity_token), 

=INFO REPORT==== 17-Nov-2016::00:45:09 ===
           ts_search:(5:<0.3309.0>) Dyn Var (RE): no Match (varname=authenticity_token), 

=INFO REPORT==== 17-Nov-2016::00:45:09 ===
           ts_search:(5:<0.3678.0>) Dyn Var (RE): no Match (varname=authenticity_token), 

=INFO REPORT==== 17-Nov-2016::00:45:09 ===
           ts_search:(5:<0.3341.0>) Dyn Var (RE): no Match (varname=authenticity_token), 

=INFO REPORT==== 17-Nov-2016::00:45:09 ===
           ts_search:(5:<0.3646.0>) Dyn Var (RE): no Match (varname=authenticity_token), 

=INFO REPORT==== 17-Nov-2016::00:45:09 ===
           ts_search:(5:<0.3114.0>) Dyn Var (RE): no Match (varname=authenticity_token), 

=INFO REPORT==== 17-Nov-2016::00:45:09 ===
           ts_search:(5:<0.3657.0>) Dyn Var (RE): no Match (varname=authenticity_token), 

=INFO REPORT==== 17-Nov-2016::00:45:10 ===
           ts_search:(5:<0.3601.0>) Dyn Var (RE): no Match (varname=authenticity_token), 

=INFO REPORT==== 17-Nov-2016::00:45:10 ===
           ts_search:(5:<0.3746.0>) Dyn Var (RE): no Match (varname=authenticity_token), 

=INFO REPORT==== 17-Nov-2016::00:45:10 ===
           ts_search:(5:<0.3477.0>) Dyn Var (RE): no Match (varname=authenticity_token), 

=INFO REPORT==== 17-Nov-2016::00:45:10 ===
           ts_search:(5:<0.3729.0>) Dyn Var (RE): no Match (varname=authenticity_token), 

=INFO REPORT==== 17-Nov-2016::00:45:11 ===
         ts_launcher:(4:<0.129.0>) Need to wait 1.139 sec before changing phase, going to sleep

=INFO REPORT==== 17-Nov-2016::00:45:12 ===
         ts_launcher:(5:<0.129.0>) Waking up

=INFO REPORT==== 17-Nov-2016::00:45:12 ===
         ts_launcher:(5:<0.129.0>) Start a new arrival phase (900 users, 0.015); expected duration=60.0 sec

=INFO REPORT==== 17-Nov-2016::00:45:18 ===
           ts_search:(5:<0.3987.0>) Dyn Var (RE): no Match (varname=authenticity_token), 

=INFO REPORT==== 17-Nov-2016::00:46:11 ===
         ts_launcher:(5:<0.129.0>) This was the last phase, wait for connected users to finish their session

=INFO REPORT==== 17-Nov-2016::00:49:31 ===
     ts_launcher_mgr:(5:<0.123.0>) No more active users 'tsung_controller@ip-172-31-27-43' "9585"
