# stats: dump at 1480474674
stats: users 0 2
stats: {load,"tsung_controller@ip-172-31-30-41"} 1 0.0 0 0.0 0.0 0 0
stats: {freemem,"tsung_controller@ip-172-31-30-41"} 1 3064.1875 0 3064.1875 3064.1875 0 0
stats: {cpu,"tsung_controller@ip-172-31-30-41"} 1 1.802800256534052 0 1.802800256534052 1.802800256534052 0 0
stats: session 7 65.38727678571429 78.12997531456729 256.653076171875 27.7138671875 0 0
stats: users_count 7 7
stats: finish_users_count 7 7
stats: request 14 31.438668387276785 54.61767527193541 227.7490234375 10.83203125 0 0
stats: connect 7 24.570486886160715 56.66589717261436 163.3720703125 1.16796875 0 0
stats: page 14 31.438668387276785 54.61767527193541 227.7490234375 10.83203125 0 0
stats: 302 7 7
stats: 200 7 7
stats: size_rcv 45453 45453
stats: size_sent 6900 6900
stats: connected 0 0
# stats: dump at 1480474684
stats: users 0 2
stats: {load,"tsung_controller@ip-172-31-30-41"} 1 0.078125 0.0 0.078125 0.0 0.0 1
stats: {freemem,"tsung_controller@ip-172-31-30-41"} 1 3063.66796875 0.0 3064.1875 3063.66796875 3064.1875 1
stats: {recvpackets,"tsung_controller@ip-172-31-30-41"} 1 81 0 81 81 0 0
stats: {sentpackets,"tsung_controller@ip-172-31-30-41"} 1 91 0 91 91 0 0
stats: {cpu,"tsung_controller@ip-172-31-30-41"} 1 2.0648967551622417 0.0 2.0648967551622417 1.802800256534052 1.802800256534052 1
stats: session 9 34.31597222222222 4.6784847411103865 256.653076171875 24.94091796875 65.38727678571429 7
stats: users_count 9 16
stats: finish_users_count 9 16
stats: request 18 16.072347005208332 3.6639984277086066 227.7490234375 10.68896484375 31.438668387276785 14
stats: connect 9 1.6356065538194444 0.2838773598043783 163.3720703125 1.14599609375 24.570486886160715 7
stats: page 18 16.072347005208332 3.6639984277086066 227.7490234375 10.68896484375 31.438668387276785 14
stats: 302 9 16
stats: 200 9 16
stats: size_rcv 58237 103690
stats: size_sent 8878 15778
stats: connected 0 0
# stats: dump at 1480474694
stats: users 0 2
stats: {load,"tsung_controller@ip-172-31-30-41"} 1 0.0703125 0.0 0.078125 0.0 0.0390625 2
stats: {freemem,"tsung_controller@ip-172-31-30-41"} 1 3063.70703125 0.0 3064.1875 3063.66796875 3063.927734375 2
stats: {recvpackets,"tsung_controller@ip-172-31-30-41"} 1 84.0 0.0 84 81 81.0 1
stats: {sentpackets,"tsung_controller@ip-172-31-30-41"} 1 96.0 0.0 96 91 91.0 1
stats: {cpu,"tsung_controller@ip-172-31-30-41"} 1 0.9891196834817012 0.0 2.0648967551622417 0.9891196834817012 1.9338485058481467 2
stats: session 15 37.41468098958333 29.87083683585914 256.653076171875 23.16015625 47.90966796875 16
stats: users_count 15 31
stats: finish_users_count 15 31
stats: request 26 18.57985276442308 21.18644067483975 227.7490234375 9.841796875 22.79511260986328 32
stats: connect 13 1.7185621995192308 0.5266086347775276 163.3720703125 1.055908203125 11.66961669921875 16
stats: page 26 18.57985276442308 21.18644067483975 227.7490234375 9.841796875 22.79511260986328 32
stats: 302 13 29
stats: 200 13 29
stats: size_rcv 86051 189741
stats: size_sent 12816 28594
stats: connected 0 0
# stats: dump at 1480474704
stats: users 0 2
stats: {load,"tsung_controller@ip-172-31-30-41"} 1 0.05859375 0.0 0.078125 0.0 0.049479166666666664 3
stats: {freemem,"tsung_controller@ip-172-31-30-41"} 1 3063.5546875 0.0 3064.1875 3063.5546875 3063.8541666666665 3
stats: {recvpackets,"tsung_controller@ip-172-31-30-41"} 1 177.0 0.0 177 81 82.5 2
stats: {sentpackets,"tsung_controller@ip-172-31-30-41"} 1 196.0 0.0 196 91 93.5 2
stats: {cpu,"tsung_controller@ip-172-31-30-41"} 1 1.089108910891089 0.0 2.0648967551622417 0.9891196834817012 1.618938898392665 3
stats: session 10 35.2615478515625 13.189107706073594 256.653076171875 22.444091796875 42.831448462701616 31
stats: users_count 10 41
stats: finish_users_count 10 41
stats: request 22 16.21707430752841 6.681433045434067 227.7490234375 9.841796875 20.90551336880388 58
stats: connect 11 1.8910245028409092 0.7764484955598181 163.3720703125 1.055908203125 7.2087991648706895 29
stats: page 22 16.21707430752841 6.681433045434067 227.7490234375 9.841796875 20.90551336880388 58
stats: 302 11 40
stats: 200 11 40
stats: size_rcv 71773 261514
stats: size_sent 10854 39448
stats: connected 0 0
# stats: dump at 1480474714
stats: users 0 2
stats: {load,"tsung_controller@ip-172-31-30-41"} 1 0.05078125 0.0 0.078125 0.0 0.0517578125 4
stats: {freemem,"tsung_controller@ip-172-31-30-41"} 1 3063.58984375 0.0 3064.1875 3063.5546875 3063.779296875 4
stats: {recvpackets,"tsung_controller@ip-172-31-30-41"} 1 92.0 0.0 177 81 114.0 3
stats: {sentpackets,"tsung_controller@ip-172-31-30-41"} 1 105.0 0.0 196 91 127.66666666666667 3
stats: {cpu,"tsung_controller@ip-172-31-30-41"} 1 1.083743842364532 0.0 2.0648967551622417 0.9891196834817012 1.486481401517271 4
stats: session 7 32.168770926339285 3.3317040010446797 256.653076171875 22.444091796875 40.98513124047256 41
stats: users_count 7 48
stats: finish_users_count 7 48
stats: request 16 14.407012939453125 3.5910637309803537 227.7490234375 9.800048828125 19.616192626953126 80
stats: connect 8 1.584136962890625 0.37327923827868736 163.3720703125 1.055908203125 5.7464111328125 40
stats: page 16 14.407012939453125 3.5910637309803537 227.7490234375 9.800048828125 19.616192626953126 80
stats: 302 8 48
stats: 200 8 48
stats: size_rcv 51854 313368
stats: size_sent 7892 47340
stats: connected 0 0
# stats: dump at 1480474724
stats: users 0 2
stats: {load,"tsung_controller@ip-172-31-30-41"} 1 0.0390625 0.0 0.078125 0.0 0.0515625 5
stats: {freemem,"tsung_controller@ip-172-31-30-41"} 1 3063.59765625 0.0 3064.1875 3063.5546875 3063.74140625 5
stats: {recvpackets,"tsung_controller@ip-172-31-30-41"} 1 70.0 0.0 177 70 108.5 4
stats: {sentpackets,"tsung_controller@ip-172-31-30-41"} 1 77.0 0.0 196 77 122.0 4
stats: {cpu,"tsung_controller@ip-172-31-30-41"} 1 0.9871668311944718 0.0 2.0648967551622417 0.9871668311944718 1.405933889686723 5
stats: session 5 34.87080078125 2.843554586047234 256.653076171875 22.444091796875 39.69941202799479 48
stats: users_count 5 53
stats: finish_users_count 5 53
stats: request 10 16.4169921875 4.445544038719421 227.7490234375 9.800048828125 18.747996012369793 96
stats: connect 5 1.57119140625 0.35121665389040235 163.3720703125 1.055908203125 5.0526987711588545 48
stats: page 10 16.4169921875 4.445544038719421 227.7490234375 9.800048828125 18.747996012369793 96
stats: 302 5 53
stats: 200 5 53
stats: size_rcv 32693 346061
stats: size_sent 4940 52280
stats: connected 0 0
# stats: dump at 1480474734
stats: users 0 2
stats: {load,"tsung_controller@ip-172-31-30-41"} 1 0.03125 0.0 0.078125 0.0 0.049479166666666664 6
stats: {freemem,"tsung_controller@ip-172-31-30-41"} 1 3063.60546875 0.0 3064.1875 3063.5546875 3063.7174479166665 6
stats: {recvpackets,"tsung_controller@ip-172-31-30-41"} 1 55.0 0.0 177 55 100.8 5
stats: {sentpackets,"tsung_controller@ip-172-31-30-41"} 1 63.0 0.0 196 63 113.0 5
stats: {cpu,"tsung_controller@ip-172-31-30-41"} 1 1.0869565217391304 0.0 2.0648967551622417 0.9871668311944718 1.3361393799380146 6
stats: session 9 43.051350911458336 26.492497177761432 256.653076171875 22.444091796875 39.24388266509434 53
stats: users_count 9 62
stats: finish_users_count 9 62
stats: request 18 20.10051812065972 16.270098655753166 227.7490234375 9.800048828125 18.52808999115566 106
stats: connect 9 2.7281087239583335 3.5810480833505602 163.3720703125 0.865966796875 4.724254680129717 53
stats: page 18 20.10051812065972 16.270098655753166 227.7490234375 9.800048828125 18.52808999115566 106
stats: 302 9 62
stats: 200 9 62
stats: size_rcv 58993 405054
stats: size_sent 8874 61154
stats: connected 0 0
# stats: dump at 1480474744
stats: users 0 2
stats: {load,"tsung_controller@ip-172-31-30-41"} 1 0.03125 0.0 0.078125 0.0 0.046875 7
stats: {freemem,"tsung_controller@ip-172-31-30-41"} 1 3062.73828125 0.0 3064.1875 3062.73828125 3063.7014508928573 7
stats: {recvpackets,"tsung_controller@ip-172-31-30-41"} 1 146.0 0.0 177 55 93.16666666666667 6
stats: {sentpackets,"tsung_controller@ip-172-31-30-41"} 1 222.0 0.0 222 63 104.66666666666667 6
stats: {cpu,"tsung_controller@ip-172-31-30-41"} 1 1.5779092702169626 0.0 2.0648967551622417 0.9871668311944718 1.3005418287667454 7
stats: session 10 32.04228515625 5.202213992075842 256.653076171875 22.444091796875 39.79657966859879 62
stats: users_count 10 72
stats: finish_users_count 10 72
stats: request 16 15.219268798828125 4.917062214444587 227.7490234375 9.800048828125 18.75634568737399 124
stats: connect 8 1.45989990234375 0.32532408744959873 163.3720703125 0.865966796875 4.434491557459677 62
stats: page 16 15.219268798828125 4.917062214444587 227.7490234375 9.800048828125 18.75634568737399 124
stats: 302 8 70
stats: 200 8 70
stats: size_rcv 53364 458418
stats: size_sent 7892 69046
stats: connected 0 0
# stats: dump at 1480474754
stats: users 0 2
stats: {load,"tsung_controller@ip-172-31-30-41"} 1 0.01953125 0.0 0.078125 0.0 0.044921875 8
stats: {freemem,"tsung_controller@ip-172-31-30-41"} 1 3062.4921875 0.0 3064.1875 3062.4921875 3063.5810546875 8
stats: {recvpackets,"tsung_controller@ip-172-31-30-41"} 1 184.0 0.0 184 55 100.71428571428571 7
stats: {sentpackets,"tsung_controller@ip-172-31-30-41"} 1 267.0 0.0 267 63 121.42857142857143 7
stats: {cpu,"tsung_controller@ip-172-31-30-41"} 1 1.3806706114398422 0.0 2.0648967551622417 0.9871668311944718 1.3352127589480225 8
stats: session 6 34.920369466145836 4.463804942192941 256.653076171875 22.444091796875 38.71959431966146 72
stats: users_count 6 78
stats: finish_users_count 6 78
stats: request 16 15.764190673828125 3.675014535349489 227.7490234375 9.800048828125 18.352108328683034 140
stats: connect 8 1.565093994140625 0.29700063098884993 163.3720703125 0.865966796875 4.094538225446429 70
stats: page 16 15.764190673828125 3.675014535349489 227.7490234375 9.800048828125 18.352108328683034 140
stats: 302 8 78
stats: 200 8 78
stats: size_rcv 52612 511030
stats: size_sent 7886 76932
stats: connected 0 0
# stats: dump at 1480474764
stats: users 0 2
stats: {load,"tsung_controller@ip-172-31-30-41"} 1 0.01953125 0.0 0.078125 0.0 0.04210069444444445 9
stats: {freemem,"tsung_controller@ip-172-31-30-41"} 1 3062.53125 0.0 3064.1875 3062.4921875 3063.4600694444443 9
stats: {recvpackets,"tsung_controller@ip-172-31-30-41"} 1 80.0 0.0 184 55 111.125 8
stats: {sentpackets,"tsung_controller@ip-172-31-30-41"} 1 153.0 0.0 267 63 139.625 8
stats: {cpu,"tsung_controller@ip-172-31-30-41"} 1 1.085883514313919 0.0 2.0648967551622417 0.9871668311944718 1.3402636314471137 9
stats: session 9 30.41875542534722 3.866868836393301 256.653076171875 22.319091796875 38.42734625400641 78
stats: users_count 9 87
stats: finish_users_count 9 87
stats: request 18 14.153564453125 3.6761694601907635 227.7490234375 9.800048828125 18.086680876903042 156
stats: connect 9 1.7150336371527777 0.8031675827817898 163.3720703125 0.865966796875 3.8351080478766026 78
stats: page 18 14.153564453125 3.6761694601907635 227.7490234375 9.800048828125 18.086680876903042 156
stats: 302 9 87
stats: 200 9 87
stats: size_rcv 57483 568513
stats: size_sent 8874 85806
stats: connected 0 0
# stats: dump at 1480474771
stats: users 0 2
stats: {load,"tsung_controller@ip-172-31-30-41"} 1 0.01953125 0.0 0.078125 0.0 0.03984375 10
stats: {freemem,"tsung_controller@ip-172-31-30-41"} 1 3062.37890625 0.0 3064.1875 3062.37890625 3063.3671875 10
stats: {recvpackets,"tsung_controller@ip-172-31-30-41"} 1 118.0 0.0 184 55 107.66666666666667 9
stats: {sentpackets,"tsung_controller@ip-172-31-30-41"} 1 136.0 0.0 267 63 141.11111111111111 9
stats: {cpu,"tsung_controller@ip-172-31-30-41"} 1 1.0869565217391304 0.0 2.0648967551622417 0.9871668311944718 1.3148256197337942 10
stats: session 3 33.53759765625 6.530241540080085 256.653076171875 22.319091796875 37.59887134069684 87
stats: users_count 3 90
stats: finish_users_count 3 90
stats: request 6 15.6783447265625 4.198341906767399 227.7490234375 9.800048828125 17.679806764098416 174
stats: connect 3 1.63427734375 0.2688921293828796 163.3720703125 0.865966796875 3.615790005387931 87
stats: page 6 15.6783447265625 4.198341906767399 227.7490234375 9.800048828125 17.679806764098416 174
stats: 302 3 90
stats: 200 3 90
stats: size_rcv 19149 587662
stats: size_sent 2966 88772
stats: connected 0 0
EndMonitor:{1480,474771,868481}
