# stats: dump at 1480318387
stats: users 0 4
stats: {freemem,"tsung_controller@ip-172-31-21-9"} 1 3058.76953125 0 3058.76953125 3058.76953125 0 0
stats: {load,"tsung_controller@ip-172-31-21-9"} 1 0.0 0 0.0 0.0 0 0
stats: {cpu,"tsung_controller@ip-172-31-21-9"} 1 12.69592154931889 0 12.69592154931889 12.69592154931889 0 0
stats: session 9 700.1397840711805 260.2350514738868 1053.97509765625 336.14599609375 0 0
stats: users_count 9 9
stats: finish_users_count 9 9
stats: request 27 232.54649522569449 247.74359763985458 927.043212890625 11.451171875 0 0
stats: connect 9 16.991563585069443 43.72821720082267 140.671142578125 1.14306640625 0 0
stats: page 18 348.8462320963542 327.50024695450054 984.45703125 11.451171875 0 0
stats: 302 9 9
stats: 200 18 18
stats: size_rcv 64917 64917
stats: size_sent 14639 14639
stats: connected 0 0
# stats: dump at 1480318397
stats: users 0 4
stats: {freemem,"tsung_controller@ip-172-31-21-9"} 1 3058.12890625 0.0 3058.76953125 3058.12890625 3058.76953125 1
stats: {load,"tsung_controller@ip-172-31-21-9"} 1 0.0 0.0 0.0 0.0 0.0 1
stats: {recvpackets,"tsung_controller@ip-172-31-21-9"} 1 108 0 108 108 0 0
stats: {sentpackets,"tsung_controller@ip-172-31-21-9"} 1 98 0 98 98 0 0
stats: {cpu,"tsung_controller@ip-172-31-21-9"} 1 1.9704433497536946 0.0 12.69592154931889 1.9704433497536946 12.69592154931889 1
stats: session 8 381.353515625 108.38968611174897 1053.97509765625 330.966064453125 700.1397840711805 9
stats: users_count 8 17
stats: finish_users_count 8 17
stats: request 22 123.43653453480114 143.6106749885896 927.043212890625 11.23388671875 232.54649522569449 27
stats: connect 8 1.5633544921875 0.3030196537734899 140.671142578125 1.14306640625 16.991563585069443 9
stats: page 15 181.06555989583333 192.75475206227475 984.45703125 11.23388671875 348.8462320963542 18
stats: 302 7 16
stats: 200 15 33
stats: size_rcv 50678 115595
stats: size_sent 12372 27011
stats: connected 1 1
# stats: dump at 1480318407
stats: users 0 4
stats: {freemem,"tsung_controller@ip-172-31-21-9"} 1 3058.1171875 0.0 3058.76953125 3058.1171875 3058.44921875 2
stats: {load,"tsung_controller@ip-172-31-21-9"} 1 0.0 0.0 0.0 0.0 0.0 2
stats: {recvpackets,"tsung_controller@ip-172-31-21-9"} 1 118.0 0.0 118 108 108.0 1
stats: {sentpackets,"tsung_controller@ip-172-31-21-9"} 1 109.0 0.0 109 98 98.0 1
stats: {cpu,"tsung_controller@ip-172-31-21-9"} 1 1.0869565217391304 0.0 12.69592154931889 1.0869565217391304 7.333182449536292 2
stats: session 11 426.04145951704544 185.92076601832744 1053.97509765625 330.966064453125 550.1227165670956 17
stats: users_count 11 28
stats: finish_users_count 11 28
stats: request 35 142.28020368303572 160.99052899595227 927.043212890625 11.212890625 183.558349609375 49
stats: connect 11 1.6612437855113635 0.649915353255519 140.671142578125 1.14306640625 9.731229894301471 17
stats: page 23 216.54084578804347 197.45043906515372 984.45703125 11.212890625 272.5822901870265 33
stats: 302 12 28
stats: 200 23 56
stats: size_rcv 80678 196273
stats: size_sent 18549 45560
stats: connected -1 0
# stats: dump at 1480318417
stats: users 3 4
stats: {freemem,"tsung_controller@ip-172-31-21-9"} 1 3058.1796875 0.0 3058.76953125 3058.1171875 3058.3385416666665 3
stats: {load,"tsung_controller@ip-172-31-21-9"} 1 0.0 0.0 0.0 0.0 0.0 3
stats: {recvpackets,"tsung_controller@ip-172-31-21-9"} 1 118.0 0.0 118 108 113.0 2
stats: {sentpackets,"tsung_controller@ip-172-31-21-9"} 1 107.0 0.0 109 98 103.5 2
stats: {cpu,"tsung_controller@ip-172-31-21-9"} 1 0.891089108910891 0.0 12.69592154931889 0.891089108910891 5.251107140270571 3
stats: session 6 404.7786865234375 113.56201161594221 1053.97509765625 330.966064453125 501.3765084402902 28
stats: users_count 9 37
stats: finish_users_count 6 34
stats: request 16 130.64840698242188 176.02400717618082 927.043212890625 11.212890625 166.35912214006697 84
stats: connect 6 1.5106608072916667 0.2412765626443672 140.671142578125 1.14306640625 6.560878208705357 28
stats: page 11 190.0598810369318 201.1359304155309 984.45703125 11.212890625 249.56526838030135 56
stats: 302 5 33
stats: 200 11 67
stats: size_rcv 37241 233514
stats: size_sent 9124 54684
stats: connected 1 1
# stats: dump at 1480318427
stats: users 2 7
stats: {freemem,"tsung_controller@ip-172-31-21-9"} 1 3058.17578125 0.0 3058.76953125 3058.1171875 3058.298828125 4
stats: {load,"tsung_controller@ip-172-31-21-9"} 1 0.0 0.0 0.0 0.0 0.0 4
stats: {recvpackets,"tsung_controller@ip-172-31-21-9"} 1 111.0 0.0 118 108 114.66666666666667 3
stats: {sentpackets,"tsung_controller@ip-172-31-21-9"} 1 109.0 0.0 109 98 104.66666666666667 3
stats: {cpu,"tsung_controller@ip-172-31-21-9"} 1 1.0869565217391304 0.0 12.69592154931889 0.891089108910891 4.1611026324306515 4
stats: session 12 1016.3527425130209 532.6191655659203 1737.14990234375 330.966064453125 484.329833984375 34
stats: users_count 11 48
stats: finish_users_count 12 46
stats: request 38 328.80831106085526 304.01132188359884 1044.68212890625 9.85791015625 160.64540771484374 100
stats: connect 12 1.4270426432291667 0.24419851676360466 140.671142578125 1.037109375 5.6696633731617645 34
stats: page 25 499.818818359375 494.76944026761925 1694.252197265625 9.85791015625 239.79572717467352 67
stats: 302 13 46
stats: 200 25 92
stats: size_rcv 87891 321405
stats: size_sent 20174 74858
stats: connected -1 0
# stats: dump at 1480318437
stats: users 0 7
stats: {freemem,"tsung_controller@ip-172-31-21-9"} 1 3058.03125 0.0 3058.76953125 3058.03125 3058.27421875 5
stats: {load,"tsung_controller@ip-172-31-21-9"} 1 0.0 0.0 0.0 0.0 0.0 5
stats: {recvpackets,"tsung_controller@ip-172-31-21-9"} 1 140.0 0.0 140 108 113.75 4
stats: {sentpackets,"tsung_controller@ip-172-31-21-9"} 1 122.0 0.0 122 98 105.75 4
stats: {cpu,"tsung_controller@ip-172-31-21-9"} 1 1.0848126232741617 0.0 12.69592154931889 0.891089108910891 3.546273410292347 5
stats: session 11 610.358642578125 469.68997269108013 2026.317138671875 330.966064453125 623.1184188179348 46
stats: users_count 9 57
stats: finish_users_count 11 57
stats: request 29 149.00733263739224 167.3452510516169 1044.68212890625 9.85791015625 206.95113472316575 138
stats: connect 11 1.5415261008522727 0.24196058039713916 140.671142578125 1.037109375 4.562892747961956 46
stats: page 20 216.0841796875 206.31171494629842 1694.252197265625 9.85791015625 310.4541758661685 92
stats: 302 9 55
stats: 200 20 112
stats: size_rcv 66933 388338
stats: size_sent 16597 91455
stats: connected 2 2
# stats: dump at 1480318447
stats: users 0 7
stats: {freemem,"tsung_controller@ip-172-31-21-9"} 1 3058.0703125 0.0 3058.76953125 3058.03125 3058.2337239583335 6
stats: {load,"tsung_controller@ip-172-31-21-9"} 1 0.0 0.0 0.0 0.0 0.0 6
stats: {recvpackets,"tsung_controller@ip-172-31-21-9"} 1 112.0 0.0 140 108 119.0 5
stats: {sentpackets,"tsung_controller@ip-172-31-21-9"} 1 103.0 0.0 122 98 109.0 5
stats: {cpu,"tsung_controller@ip-172-31-21-9"} 1 0.7936507936507936 0.0 12.69592154931889 0.7936507936507936 3.136029945789316 6
stats: session 4 491.15277099609375 125.84713183044002 2026.317138671875 330.966064453125 620.656005859375 57
stats: users_count 4 61
stats: finish_users_count 4 61
stats: request 16 270.26307678222656 474.84656474247146 1972.443115234375 9.85791015625 196.88903735497755 167
stats: connect 4 7.8734130859375 10.746080014446413 140.671142578125 1.037109375 3.9798219915021926 57
stats: page 10 432.456396484375 561.2877417251815 2011.47802734375 9.85791015625 293.6023908342634 112
stats: 302 6 61
stats: 200 10 122
stats: size_rcv 36224 424562
stats: size_sent 7808 99263
stats: connected -2 0
# stats: dump at 1480318457
stats: users 0 7
stats: {freemem,"tsung_controller@ip-172-31-21-9"} 1 3057.15625 0.0 3058.76953125 3057.15625 3058.210379464286 7
stats: {load,"tsung_controller@ip-172-31-21-9"} 1 0.0 0.0 0.0 0.0 0.0 7
stats: {recvpackets,"tsung_controller@ip-172-31-21-9"} 1 111.0 0.0 140 108 117.83333333333333 6
stats: {sentpackets,"tsung_controller@ip-172-31-21-9"} 1 130.0 0.0 130 98 108.0 6
stats: {cpu,"tsung_controller@ip-172-31-21-9"} 1 1.183431952662722 0.0 12.69592154931889 0.7936507936507936 2.80140435262667 7
stats: session 7 471.94796316964283 143.92543865405446 2026.317138671875 330.966064453125 612.1639904585041 61
stats: users_count 7 68
stats: finish_users_count 7 68
stats: request 21 156.58914620535714 171.28422573295484 1972.443115234375 9.85791015625 203.30425391692282 183
stats: connect 7 1.7762276785714286 0.7375587261863886 140.671142578125 1.037109375 4.235139440317623 61
stats: page 14 234.91219656808036 222.56105952942397 2011.47802734375 9.85791015625 304.98386670722334 122
stats: 302 7 68
stats: 200 14 136
stats: size_rcv 48084 472646
stats: size_sent 11391 110654
stats: connected 0 0
# stats: dump at 1480318467
stats: users 0 7
stats: {freemem,"tsung_controller@ip-172-31-21-9"} 1 3056.9921875 0.0 3058.76953125 3056.9921875 3058.07861328125 8
stats: {load,"tsung_controller@ip-172-31-21-9"} 1 0.0 0.0 0.0 0.0 0.0 8
stats: {recvpackets,"tsung_controller@ip-172-31-21-9"} 1 197.0 0.0 197 108 116.85714285714286 7
stats: {sentpackets,"tsung_controller@ip-172-31-21-9"} 1 196.0 0.0 196 98 111.14285714285714 7
stats: {cpu,"tsung_controller@ip-172-31-21-9"} 1 1.0880316518298714 0.0 12.69592154931889 0.7936507936507936 2.5991578026311766 8
stats: session 17 647.6910615808823 285.09648974978035 2026.317138671875 330.966064453125 597.7299876493566 68
stats: users_count 17 85
stats: finish_users_count 17 85
stats: request 51 215.16409122242646 196.3766417777332 1972.443115234375 9.85791015625 198.49534577014398 204
stats: connect 17 1.4635512408088236 0.22436828575585932 140.671142578125 1.037109375 3.982016170726103 68
stats: page 34 322.7700626148897 296.85057617847417 2011.47802734375 9.85791015625 297.770606545841 136
stats: 302 17 85
stats: 200 34 170
stats: size_rcv 116053 588699
stats: size_sent 27663 138317
stats: connected 0 0
# stats: dump at 1480318477
stats: users 1 7
stats: {freemem,"tsung_controller@ip-172-31-21-9"} 1 3056.94140625 0.0 3058.76953125 3056.94140625 3057.9578993055557 9
stats: {load,"tsung_controller@ip-172-31-21-9"} 1 0.0 0.0 0.0 0.0 0.0 9
stats: {recvpackets,"tsung_controller@ip-172-31-21-9"} 1 212.0 0.0 212 108 126.875 8
stats: {sentpackets,"tsung_controller@ip-172-31-21-9"} 1 208.0 0.0 208 98 121.75 8
stats: {cpu,"tsung_controller@ip-172-31-21-9"} 1 0.8919722497522299 0.0 12.69592154931889 0.7936507936507936 2.4312548969865873 9
stats: session 8 567.6558837890625 187.46945359579217 2026.317138671875 330.966064453125 607.7222024356618 85
stats: users_count 9 94
stats: finish_users_count 8 93
stats: request 25 181.4220703125 190.27530120468157 1972.443115234375 9.85791015625 201.8290948606005 255
stats: connect 9 1.4109157986111112 0.2759069064490955 140.671142578125 1.037109375 3.478323184742647 85
stats: page 17 266.8217198988971 226.88461460458944 2011.47802734375 9.85791015625 302.7704977596507 170
stats: 302 8 93
stats: 200 17 187
stats: size_rcv 56361 645060
stats: size_sent 14013 152330
stats: connected 1 1
# stats: dump at 1480318487
stats: users 0 7
stats: {freemem,"tsung_controller@ip-172-31-21-9"} 1 3056.98046875 0.0 3058.76953125 3056.94140625 3057.85625 10
stats: {load,"tsung_controller@ip-172-31-21-9"} 1 0.0 0.0 0.0 0.0 0.0 10
stats: {recvpackets,"tsung_controller@ip-172-31-21-9"} 1 129.0 0.0 212 108 136.33333333333334 9
stats: {sentpackets,"tsung_controller@ip-172-31-21-9"} 1 120.0 0.0 208 98 131.33333333333334 9
stats: {cpu,"tsung_controller@ip-172-31-21-9"} 1 0.8902077151335311 0.0 12.69592154931889 0.7936507936507936 2.2773266322631516 10
stats: session 2 344.2645263671875 5.9735107421875 2026.317138671875 330.966064453125 604.275637390793 93
stats: users_count 1 95
stats: finish_users_count 2 95
stats: request 5 134.40078125 144.12050822063242 1972.443115234375 9.85791015625 200.00703909737723 280
stats: connect 1 1.60595703125 0.0 140.671142578125 1.037109375 3.280379924368351 94
stats: page 3 224.03963216145834 149.6842368681883 2011.47802734375 9.85791015625 299.5024270450367 187
stats: 302 2 95
stats: 200 3 190
stats: size_rcv 9966 655026
stats: size_sent 2271 154601
stats: connected -1 0
# stats: dump at 1480318488
stats: users 0 7
stats: {freemem,"tsung_controller@ip-172-31-21-9"} 0 0 0 3058.76953125 3056.94140625 3057.7766335227275 11
stats: {load,"tsung_controller@ip-172-31-21-9"} 0 0 0 0.0 0.0 0.0 11
stats: {recvpackets,"tsung_controller@ip-172-31-21-9"} 0 0 0 212 108 135.6 10
stats: {sentpackets,"tsung_controller@ip-172-31-21-9"} 0 0 0 208 98 130.2 10
stats: {cpu,"tsung_controller@ip-172-31-21-9"} 0 0 0 12.69592154931889 0.7936507936507936 2.151224912524095 11
stats: session 0 0 0 2026.317138671875 330.966064453125 598.8017192639803 95
stats: users_count 0 95
stats: finish_users_count 0 95
stats: request 0 0 0 1972.443115234375 9.85791015625 198.8560521175987 285
stats: connect 0 0 0 140.671142578125 1.037109375 3.262754420230263 95
stats: page 0 0 0 2011.47802734375 9.85791015625 298.3109092310855 190
stats: 302 0 95
stats: 200 0 190
stats: size_rcv 0 655026
stats: size_sent 0 154601
stats: connected 0 0
EndMonitor:{1480,318488,103390}
