# stats: dump at 1480282611
stats: users 0 4
stats: {cpu,"tsung_controller@ip-172-31-19-137"} 1 6.838420699854241 0 6.838420699854241 6.838420699854241 0 0
stats: {freemem,"tsung_controller@ip-172-31-19-137"} 1 3058.97265625 0 3058.97265625 3058.97265625 0 0
stats: {load,"tsung_controller@ip-172-31-19-137"} 1 0.078125 0 0.078125 0.078125 0 0
stats: session 9 925.8472493489584 384.642126988303 1582.287109375 479.1201171875 0 0
stats: users_count 9 9
stats: finish_users_count 9 9
stats: request 36 230.33885362413196 231.23757391953575 730.695068359375 10.839111328125 0 0
stats: connect 9 21.28244357638889 42.27931703637515 134.14013671875 1.199951171875 0 0
stats: page 27 307.13807508680554 375.52828555402925 1361.791015625 10.839111328125 0 0
stats: 302 18 18
stats: 200 18 18
stats: size_rcv 88785 88785
stats: size_sent 23135 23135
stats: connected 0 0
# stats: dump at 1480282621
stats: users 0 4
stats: {cpu,"tsung_controller@ip-172-31-19-137"} 1 1.9704433497536946 0.0 6.838420699854241 1.9704433497536946 6.838420699854241 1
stats: {freemem,"tsung_controller@ip-172-31-19-137"} 1 3058.2421875 0.0 3058.97265625 3058.2421875 3058.97265625 1
stats: {load,"tsung_controller@ip-172-31-19-137"} 1 0.0703125 0.0 0.078125 0.0703125 0.078125 1
stats: {recvpackets,"tsung_controller@ip-172-31-19-137"} 1 136 0 136 136 0 0
stats: {sentpackets,"tsung_controller@ip-172-31-19-137"} 1 117 0 117 117 0 0
stats: session 10 479.2617919921875 141.75934047688253 1582.287109375 356.303955078125 925.8472493489584 9
stats: users_count 10 19
stats: finish_users_count 10 19
stats: request 40 119.21719360351563 141.40822473744348 730.695068359375 9.940185546875 230.33885362413196 36
stats: connect 10 1.2571044921875 0.11419193031222881 134.14013671875 0.97900390625 21.28244357638889 9
stats: page 30 158.97396647135417 210.01610946733243 1361.791015625 9.940185546875 307.13807508680554 27
stats: 302 20 38
stats: 200 20 38
stats: size_rcv 98284 187069
stats: size_sent 25702 48837
stats: connected 0 0
# stats: dump at 1480282631
stats: users 1 4
stats: {cpu,"tsung_controller@ip-172-31-19-137"} 1 1.4807502467917077 0.0 6.838420699854241 1.4807502467917077 4.404432024803968 2
stats: {freemem,"tsung_controller@ip-172-31-19-137"} 1 3057.5234375 0.0 3058.97265625 3057.5234375 3058.607421875 2
stats: {load,"tsung_controller@ip-172-31-19-137"} 1 0.05859375 0.0 0.078125 0.05859375 0.07421875 2
stats: {recvpackets,"tsung_controller@ip-172-31-19-137"} 1 208.0 0.0 208 136 136.0 1
stats: {sentpackets,"tsung_controller@ip-172-31-19-137"} 1 254.0 0.0 254 117 117.0 1
stats: session 7 617.9753069196429 222.86629811399803 1582.287109375 356.303955078125 690.8022717927631 19
stats: users_count 8 27
stats: finish_users_count 7 26
stats: request 28 153.86757114955358 145.99036610321374 730.695068359375 9.940185546875 171.85376940275492 76
stats: connect 7 1.353271484375 0.11557510654525535 134.14013671875 0.97900390625 10.74279142680921 19
stats: page 21 205.17706008184524 230.99156547400725 1361.791015625 9.940185546875 229.15696528919955 57
stats: 302 14 52
stats: 200 14 52
stats: size_rcv 69841 256910
stats: size_sent 17987 66824
stats: connected 0 0
# stats: dump at 1480282641
stats: users 1 4
stats: {cpu,"tsung_controller@ip-172-31-19-137"} 1 0.7928642220019821 0.0 6.838420699854241 0.7928642220019821 3.4298714321332144 3
stats: {freemem,"tsung_controller@ip-172-31-19-137"} 1 3057.2890625 0.0 3058.97265625 3057.2890625 3058.24609375 3
stats: {load,"tsung_controller@ip-172-31-19-137"} 1 0.05078125 0.0 0.078125 0.05078125 0.06901041666666667 3
stats: {recvpackets,"tsung_controller@ip-172-31-19-137"} 1 130.0 0.0 208 130 172.0 2
stats: {sentpackets,"tsung_controller@ip-172-31-19-137"} 1 110.0 0.0 254 110 185.5 2
stats: session 8 410.6329040527344 110.0830122903699 1582.287109375 356.303955078125 671.1950120192307 26
stats: users_count 8 35
stats: finish_users_count 8 34
stats: request 29 100.63380589978448 133.30410346668484 730.695068359375 9.175048828125 167.01133141150842 104
stats: connect 8 1.524322509765625 0.8483342824283541 134.14013671875 0.97900390625 8.21484375 26
stats: page 22 132.67112038352272 151.93531303474668 1361.791015625 9.175048828125 222.70083696414264 78
stats: 302 14 66
stats: 200 15 67
stats: size_rcv 70813 327723
stats: size_sent 18990 85814
stats: connected 1 1
# stats: dump at 1480282651
stats: users 0 4
stats: {cpu,"tsung_controller@ip-172-31-19-137"} 1 1.3820335636722607 0.0 6.838420699854241 0.7928642220019821 2.7706196296004064 4
stats: {freemem,"tsung_controller@ip-172-31-19-137"} 1 3057.31640625 0.0 3058.97265625 3057.2890625 3058.0068359375 4
stats: {load,"tsung_controller@ip-172-31-19-137"} 1 0.0390625 0.0 0.078125 0.0390625 0.064453125 4
stats: {recvpackets,"tsung_controller@ip-172-31-19-137"} 1 145.0 0.0 208 130 158.0 3
stats: {sentpackets,"tsung_controller@ip-172-31-19-137"} 1 132.0 0.0 254 110 160.33333333333334 3
stats: session 13 788.3863431490385 333.39307298028876 1582.287109375 351.635009765625 609.8862807329963 34
stats: users_count 12 47
stats: finish_users_count 13 47
stats: request 55 192.09464222301136 192.85369748780028 730.695068359375 9.175048828125 152.53803637511749 133
stats: connect 13 1.6280423677884615 1.1587088788256377 134.14013671875 0.97900390625 6.640603458180147 34
stats: page 41 257.7055009051067 278.40303863262216 1361.791015625 9.175048828125 202.89429931640626 100
stats: 302 28 94
stats: 200 27 94
stats: size_rcv 134372 462095
stats: size_sent 34997 120811
stats: connected -1 0
# stats: dump at 1480282661
stats: users 0 4
stats: {cpu,"tsung_controller@ip-172-31-19-137"} 1 0.9891196834817012 0.0 6.838420699854241 0.7928642220019821 2.4929024164147773 5
stats: {freemem,"tsung_controller@ip-172-31-19-137"} 1 3057.33984375 0.0 3058.97265625 3057.2890625 3057.86875 5
stats: {load,"tsung_controller@ip-172-31-19-137"} 1 0.03125 0.0 0.078125 0.03125 0.059375 5
stats: {recvpackets,"tsung_controller@ip-172-31-19-137"} 1 160.0 0.0 208 130 154.75 4
stats: {sentpackets,"tsung_controller@ip-172-31-19-137"} 1 136.0 0.0 254 110 153.25 4
stats: session 11 422.75388405539775 121.8555815432996 1582.287109375 351.635009765625 659.2586384225399 47
stats: users_count 11 58
stats: finish_users_count 11 58
stats: request 41 104.3280654535061 150.0790529551715 730.695068359375 9.175048828125 164.11044766040558 188
stats: connect 11 2.000577059659091 1.5939378212014919 134.14013671875 0.97900390625 5.254150390625 47
stats: page 31 138.00112619707662 174.20479437754378 1361.791015625 9.175048828125 218.8323082890071 141
stats: 302 20 114
stats: 200 21 115
stats: size_rcv 100126 562221
stats: size_sent 26719 147530
stats: connected 1 1
# stats: dump at 1480282671
stats: users 3 4
stats: {cpu,"tsung_controller@ip-172-31-19-137"} 1 1.183431952662722 0.0 6.838420699854241 0.7928642220019821 2.2422719609259314 6
stats: {freemem,"tsung_controller@ip-172-31-19-137"} 1 3057.3125 0.0 3058.97265625 3057.2890625 3057.7805989583335 6
stats: {load,"tsung_controller@ip-172-31-19-137"} 1 0.03125 0.0 0.078125 0.03125 0.0546875 6
stats: {recvpackets,"tsung_controller@ip-172-31-19-137"} 1 192.0 0.0 208 130 155.8 5
stats: {sentpackets,"tsung_controller@ip-172-31-19-137"} 1 166.0 0.0 254 110 149.8 5
stats: session 6 594.3336588541666 254.66953099702584 1582.287109375 351.635009765625 614.4042884563578 58
stats: users_count 9 67
stats: finish_users_count 6 64
stats: request 30 149.5413818359375 145.15773680342284 730.695068359375 9.175048828125 153.4070517194323 229
stats: connect 9 4.045166015625 6.7030929390773615 134.14013671875 0.97900390625 4.637093379579741 58
stats: page 22 188.332763671875 181.01136142091823 1361.791015625 9.175048828125 204.2638975631359 172
stats: 302 15 129
stats: 200 15 130
stats: size_rcv 71883 634104
stats: size_sent 19858 167388
stats: connected 2 3
# stats: dump at 1480282681
stats: users 1 4
stats: {cpu,"tsung_controller@ip-172-31-19-137"} 1 0.9900990099009901 0.0 6.838420699854241 0.7928642220019821 2.091009102602616 7
stats: {freemem,"tsung_controller@ip-172-31-19-137"} 1 3057.3203125 0.0 3058.97265625 3057.2890625 3057.7137276785716 7
stats: {load,"tsung_controller@ip-172-31-19-137"} 1 0.01953125 0.0 0.078125 0.01953125 0.05133928571428571 7
stats: {recvpackets,"tsung_controller@ip-172-31-19-137"} 1 109.0 0.0 208 109 161.83333333333334 6
stats: {sentpackets,"tsung_controller@ip-172-31-19-137"} 1 97.0 0.0 254 97 152.5 6
stats: session 17 638.4969697840073 253.74898177135861 1582.287109375 351.635009765625 612.5226669311523 64
stats: users_count 15 82
stats: finish_users_count 17 81
stats: request 65 157.302099609375 186.93978336370895 730.695068359375 8.93212890625 152.9592907290661 259
stats: connect 14 1.5950927734375 0.7081441317710513 134.14013671875 0.97900390625 4.5575807486007465 67
stats: page 49 215.69503348214286 252.94935077542974 1361.791015625 8.93212890625 202.45727413216818 194
stats: 302 33 162
stats: 200 32 162
stats: size_rcv 159045 793149
stats: size_sent 40851 208239
stats: connected -3 0
# stats: dump at 1480282691
stats: users 0 4
stats: {cpu,"tsung_controller@ip-172-31-19-137"} 1 0.9910802775024776 0.0 6.838420699854241 0.7928642220019821 1.9533953410149127 8
stats: {freemem,"tsung_controller@ip-172-31-19-137"} 1 3057.21484375 0.0 3058.97265625 3057.21484375 3057.66455078125 8
stats: {load,"tsung_controller@ip-172-31-19-137"} 1 0.01953125 0.0 0.078125 0.01953125 0.04736328125 8
stats: {recvpackets,"tsung_controller@ip-172-31-19-137"} 1 236.0 0.0 236 109 154.28571428571428 7
stats: {sentpackets,"tsung_controller@ip-172-31-19-137"} 1 200.0 0.0 254 97 144.57142857142858 7
stats: session 10 446.4858154296875 130.4447888810619 1582.287109375 351.635009765625 617.974063826196 81
stats: users_count 9 91
stats: finish_users_count 10 91
stats: request 40 111.03171997070312 136.9937004005314 730.695068359375 8.93212890625 153.83053325135032 324
stats: connect 10 2.083349609375 1.8863829958059133 134.14013671875 0.97900390625 4.045545789930555 81
stats: page 30 148.06029459635423 173.5406631394934 1361.791015625 8.93212890625 205.12661655253345 243
stats: 302 20 182
stats: 200 20 182
stats: size_rcv 90031 883180
stats: size_sent 25702 233941
stats: connected 0 0
# stats: dump at 1480282701
stats: users 0 4
stats: {cpu,"tsung_controller@ip-172-31-19-137"} 1 0.9891196834817012 0.0 6.838420699854241 0.7928642220019821 1.8464714450690864 9
stats: {freemem,"tsung_controller@ip-172-31-19-137"} 1 3057.25390625 0.0 3058.97265625 3057.21484375 3057.6145833333335 9
stats: {load,"tsung_controller@ip-172-31-19-137"} 1 0.01953125 0.0 0.078125 0.01953125 0.044270833333333336 9
stats: {recvpackets,"tsung_controller@ip-172-31-19-137"} 1 149.0 0.0 236 109 164.5 8
stats: {sentpackets,"tsung_controller@ip-172-31-19-137"} 1 124.0 0.0 254 97 151.5 8
stats: session 9 479.43687608506946 139.49090831290118 1582.287109375 351.635009765625 599.1292013650412 91
stats: users_count 9 100
stats: finish_users_count 9 100
stats: request 36 119.25326877170139 137.77310906489686 730.695068359375 8.93212890625 149.1273669567737 364
stats: connect 9 1.7071397569444444 0.2349445659306091 134.14013671875 0.97900390625 3.8299198360233517 91
stats: page 27 159.03791413483796 196.8179691060502 1361.791015625 8.93212890625 198.8555921617445 273
stats: 302 18 200
stats: 200 18 200
stats: size_rcv 88811 971991
stats: size_sent 23133 257074
stats: connected 0 0
# stats: dump at 1480282706
stats: users 0 4
stats: {cpu,"tsung_controller@ip-172-31-19-137"} 1 0.891089108910891 0.0 6.838420699854241 0.7928642220019821 1.7607362689103478 10
stats: {freemem,"tsung_controller@ip-172-31-19-137"} 1 3057.25390625 0.0 3058.97265625 3057.21484375 3057.578515625 10
stats: {load,"tsung_controller@ip-172-31-19-137"} 1 0.01171875 0.0 0.078125 0.01171875 0.041796875 10
stats: {recvpackets,"tsung_controller@ip-172-31-19-137"} 1 119.0 0.0 236 109 162.77777777777777 9
stats: {sentpackets,"tsung_controller@ip-172-31-19-137"} 1 100.0 0.0 254 97 148.44444444444446 9
stats: session 0 0 0 1582.287109375 351.635009765625 588.3568920898438 100
stats: users_count 0 100
stats: finish_users_count 0 100
stats: request 0 0 0 730.695068359375 8.93212890625 146.43869812011718 400
stats: connect 0 0 0 134.14013671875 0.97900390625 3.63886962890625 100
stats: page 0 0 0 1361.791015625 8.93212890625 195.27200113932292 300
stats: 302 0 200
stats: 200 0 200
stats: size_rcv 0 971991
stats: size_sent 0 257074
stats: connected 0 0
EndMonitor:{1480,282706,632490}
