
=INFO REPORT==== 21-Nov-2016::01:28:50 ===
    ts_config_server:(5:<0.72.0>) Config server started, logdir is "/home/ec2-user/.tsung/log/20161121-0128"
 
=INFO REPORT==== 21-Nov-2016::01:28:50 ===
              ts_mon:(5:<0.54.0>) starting monitor, global 

=INFO REPORT==== 21-Nov-2016::01:28:50 ===
           ts_config:(5:<0.72.0>) Reading config file: j.xml

=INFO REPORT==== 21-Nov-2016::01:28:50 ===
      ts_config_http:(4:<0.72.0>) Get user agent: 100 "Mozilla/5.0 (Windows; U; Windows NT 5.2; fr-FR; rv:1.7.8) Gecko/20050511 Firefox/1.0.4" 

=INFO REPORT==== 21-Nov-2016::01:28:50 ===
           ts_config:(5:<0.72.0>) Session name for id 1 is "read-home"

=INFO REPORT==== 21-Nov-2016::01:28:50 ===
           ts_config:(5:<0.72.0>) Session name for id 2 is "read-rand-event"

=INFO REPORT==== 21-Nov-2016::01:28:50 ===
           ts_config:(5:<0.72.0>) Session name for id 3 is "read-specific-event"

=INFO REPORT==== 21-Nov-2016::01:28:50 ===
           ts_config:(5:<0.72.0>) Session name for id 4 is "create-event"

=INFO REPORT==== 21-Nov-2016::01:28:50 ===
    ts_config_server:(4:<0.72.0>) SYSINFO:Tsung version: 1.6.0

=INFO REPORT==== 21-Nov-2016::01:28:50 ===
    ts_config_server:(4:<0.72.0>) SYSINFO:Erlang version: Erlang R14B04 (erts-5.8.5) [source] [64-bit] [rq:1] [async-threads:8] [kernel-poll:true]


=INFO REPORT==== 21-Nov-2016::01:28:50 ===
    ts_config_server:(4:<0.72.0>) SYSINFO:System architecture x86_64-redhat-linux-gnu

=INFO REPORT==== 21-Nov-2016::01:28:50 ===
    ts_config_server:(4:<0.72.0>) SYSINFO:Current path: /usr/lib/erlang/lib/tsung-1.6.0/ebin/tsung.beam

=INFO REPORT==== 21-Nov-2016::01:28:50 ===
              ts_mon:(5:<0.73.0>) Activate clients with text backend

=INFO REPORT==== 21-Nov-2016::01:28:50 ===
              ts_mon:(5:<0.73.0>) Starting tsung clients on hosts: [localhost]

=INFO REPORT==== 21-Nov-2016::01:28:50 ===
    ts_config_server:(5:<0.72.0>) Start a launcher on the controller beam localhost

=INFO REPORT==== 21-Nov-2016::01:28:50 ===
  ts_launcher_static:(5:<0.128.0>) Launch msg receive ("localhost")

=INFO REPORT==== 21-Nov-2016::01:28:50 ===
         ts_launcher:(5:<0.129.0>) Launch msg receive ("localhost")

=INFO REPORT==== 21-Nov-2016::01:28:50 ===
    ts_config_server:(5:<0.72.0>) All remote beams started, syncing 

=INFO REPORT==== 21-Nov-2016::01:28:50 ===
    ts_config_server:(5:<0.72.0>) Undefined ports_range config 

=INFO REPORT==== 21-Nov-2016::01:28:50 ===
    ts_config_server:(5:<0.72.0>) New arrival phase 1 for client "localhost" (last ? true): will start 1800 users

=INFO REPORT==== 21-Nov-2016::01:28:50 ===
    ts_config_server:(5:<0.72.0>) New arrival phase 2 for client "localhost" (last ? true): will start 6000 users

=INFO REPORT==== 21-Nov-2016::01:28:50 ===
    ts_config_server:(5:<0.72.0>) New arrival phase 3 for client "localhost" (last ? true): will start 1800 users

=INFO REPORT==== 21-Nov-2016::01:28:50 ===
         ts_launcher:(5:<0.129.0>) Expected duration of first phase: 60.0 sec (1800 users) 

=INFO REPORT==== 21-Nov-2016::01:28:51 ===
         ts_launcher:(5:<0.129.0>) Activate launcher (1800 users) in 553 msec 

=INFO REPORT==== 21-Nov-2016::01:29:51 ===
         ts_launcher:(5:<0.129.0>) Phase duration exceeded, but not all users were launched (17 users, 0.9% of phase)

=INFO REPORT==== 21-Nov-2016::01:29:51 ===
         ts_launcher:(5:<0.129.0>) Start a new arrival phase (6000 users, 0.05); expected duration=120.0 sec

=INFO REPORT==== 21-Nov-2016::01:30:19 ===
           ts_search:(5:<0.3328.0>) Dyn Var (RE): no Match (varname=authenticity_token), 

=INFO REPORT==== 21-Nov-2016::01:30:20 ===
           ts_search:(5:<0.3386.0>) Dyn Var (RE): no Match (varname=authenticity_token), 

=INFO REPORT==== 21-Nov-2016::01:30:20 ===
           ts_search:(5:<0.3388.0>) Dyn Var (RE): no Match (varname=authenticity_token), 

=INFO REPORT==== 21-Nov-2016::01:30:20 ===
           ts_search:(5:<0.3399.0>) Dyn Var (RE): no Match (varname=authenticity_token), 

=INFO REPORT==== 21-Nov-2016::01:30:22 ===
           ts_search:(5:<0.3477.0>) Dyn Var (RE): no Match (varname=authenticity_token), 

=INFO REPORT==== 21-Nov-2016::01:30:22 ===
           ts_search:(5:<0.3493.0>) Dyn Var (RE): no Match (varname=authenticity_token), 

=INFO REPORT==== 21-Nov-2016::01:30:23 ===
           ts_search:(5:<0.3509.0>) Dyn Var (RE): no Match (varname=authenticity_token), 

=INFO REPORT==== 21-Nov-2016::01:30:23 ===
           ts_search:(5:<0.3512.0>) Dyn Var (RE): no Match (varname=authenticity_token), 

=INFO REPORT==== 21-Nov-2016::01:30:23 ===
           ts_search:(5:<0.3513.0>) Dyn Var (RE): no Match (varname=authenticity_token), 

=INFO REPORT==== 21-Nov-2016::01:30:23 ===
           ts_search:(5:<0.3552.0>) Dyn Var (RE): no Match (varname=authenticity_token), 

=INFO REPORT==== 21-Nov-2016::01:30:24 ===
           ts_search:(5:<0.3568.0>) Dyn Var (RE): no Match (varname=authenticity_token), 

=INFO REPORT==== 21-Nov-2016::01:30:24 ===
           ts_search:(5:<0.3591.0>) Dyn Var (RE): no Match (varname=authenticity_token), 

=INFO REPORT==== 21-Nov-2016::01:30:24 ===
           ts_search:(5:<0.3599.0>) Dyn Var (RE): no Match (varname=authenticity_token), 

=INFO REPORT==== 21-Nov-2016::01:30:25 ===
           ts_search:(5:<0.3602.0>) Dyn Var (RE): no Match (varname=authenticity_token), 

=INFO REPORT==== 21-Nov-2016::01:30:25 ===
           ts_search:(5:<0.3642.0>) Dyn Var (RE): no Match (varname=authenticity_token), 

=INFO REPORT==== 21-Nov-2016::01:30:26 ===
           ts_search:(5:<0.3660.0>) Dyn Var (RE): no Match (varname=authenticity_token), 

=INFO REPORT==== 21-Nov-2016::01:30:26 ===
           ts_search:(5:<0.3696.0>) Dyn Var (RE): no Match (varname=authenticity_token), 

=INFO REPORT==== 21-Nov-2016::01:30:27 ===
           ts_search:(5:<0.3697.0>) Dyn Var (RE): no Match (varname=authenticity_token), 

=INFO REPORT==== 21-Nov-2016::01:30:27 ===
           ts_search:(5:<0.3729.0>) Dyn Var (RE): no Match (varname=authenticity_token), 

=INFO REPORT==== 21-Nov-2016::01:30:28 ===
           ts_search:(5:<0.3775.0>) Dyn Var (RE): no Match (varname=authenticity_token), 

=INFO REPORT==== 21-Nov-2016::01:30:28 ===
           ts_search:(5:<0.3800.0>) Dyn Var (RE): no Match (varname=authenticity_token), 

=INFO REPORT==== 21-Nov-2016::01:30:28 ===
           ts_search:(5:<0.3814.0>) Dyn Var (RE): no Match (varname=authenticity_token), 

=INFO REPORT==== 21-Nov-2016::01:30:29 ===
           ts_search:(5:<0.3825.0>) Dyn Var (RE): no Match (varname=authenticity_token), 

=INFO REPORT==== 21-Nov-2016::01:30:29 ===
           ts_search:(5:<0.3828.0>) Dyn Var (RE): no Match (varname=authenticity_token), 

=INFO REPORT==== 21-Nov-2016::01:30:29 ===
           ts_search:(5:<0.3850.0>) Dyn Var (RE): no Match (varname=authenticity_token), 

=INFO REPORT==== 21-Nov-2016::01:30:30 ===
           ts_search:(5:<0.3904.0>) Dyn Var (RE): no Match (varname=authenticity_token), 

=INFO REPORT==== 21-Nov-2016::01:30:31 ===
           ts_search:(5:<0.3922.0>) Dyn Var (RE): no Match (varname=authenticity_token), 

=INFO REPORT==== 21-Nov-2016::01:30:31 ===
           ts_search:(5:<0.3926.0>) Dyn Var (RE): no Match (varname=authenticity_token), 

=INFO REPORT==== 21-Nov-2016::01:30:32 ===
           ts_search:(5:<0.3980.0>) Dyn Var (RE): no Match (varname=authenticity_token), 

=INFO REPORT==== 21-Nov-2016::01:30:32 ===
           ts_search:(5:<0.3994.0>) Dyn Var (RE): no Match (varname=authenticity_token), 

=INFO REPORT==== 21-Nov-2016::01:30:32 ===
           ts_search:(5:<0.4004.0>) Dyn Var (RE): no Match (varname=authenticity_token), 

=INFO REPORT==== 21-Nov-2016::01:30:33 ===
           ts_search:(5:<0.4043.0>) Dyn Var (RE): no Match (varname=authenticity_token), 

=INFO REPORT==== 21-Nov-2016::01:30:33 ===
           ts_search:(5:<0.4045.0>) Dyn Var (RE): no Match (varname=authenticity_token), 

=INFO REPORT==== 21-Nov-2016::01:30:33 ===
           ts_search:(5:<0.4046.0>) Dyn Var (RE): no Match (varname=authenticity_token), 

=INFO REPORT==== 21-Nov-2016::01:30:33 ===
           ts_search:(5:<0.4055.0>) Dyn Var (RE): no Match (varname=authenticity_token), 

=INFO REPORT==== 21-Nov-2016::01:30:34 ===
           ts_search:(5:<0.4069.0>) Dyn Var (RE): no Match (varname=authenticity_token), 

=INFO REPORT==== 21-Nov-2016::01:30:34 ===
           ts_search:(5:<0.4083.0>) Dyn Var (RE): no Match (varname=authenticity_token), 

=INFO REPORT==== 21-Nov-2016::01:30:35 ===
           ts_search:(5:<0.4138.0>) Dyn Var (RE): no Match (varname=authenticity_token), 

=INFO REPORT==== 21-Nov-2016::01:30:36 ===
           ts_search:(5:<0.4187.0>) Dyn Var (RE): no Match (varname=authenticity_token), 

=INFO REPORT==== 21-Nov-2016::01:30:36 ===
           ts_search:(5:<0.4204.0>) Dyn Var (RE): no Match (varname=authenticity_token), 

=INFO REPORT==== 21-Nov-2016::01:30:36 ===
           ts_search:(5:<0.4217.0>) Dyn Var (RE): no Match (varname=authenticity_token), 

=INFO REPORT==== 21-Nov-2016::01:30:38 ===
           ts_search:(5:<0.4297.0>) Dyn Var (RE): no Match (varname=authenticity_token), 

=INFO REPORT==== 21-Nov-2016::01:30:39 ===
           ts_search:(5:<0.4322.0>) Dyn Var (RE): no Match (varname=authenticity_token), 

=INFO REPORT==== 21-Nov-2016::01:30:39 ===
           ts_search:(5:<0.4351.0>) Dyn Var (RE): no Match (varname=authenticity_token), 

=INFO REPORT==== 21-Nov-2016::01:30:40 ===
           ts_search:(5:<0.4389.0>) Dyn Var (RE): no Match (varname=authenticity_token), 

=INFO REPORT==== 21-Nov-2016::01:30:40 ===
           ts_search:(5:<0.4392.0>) Dyn Var (RE): no Match (varname=authenticity_token), 

=INFO REPORT==== 21-Nov-2016::01:30:41 ===
           ts_search:(5:<0.4404.0>) Dyn Var (RE): no Match (varname=authenticity_token), 

=INFO REPORT==== 21-Nov-2016::01:30:41 ===
           ts_search:(5:<0.4443.0>) Dyn Var (RE): no Match (varname=authenticity_token), 

=INFO REPORT==== 21-Nov-2016::01:30:41 ===
           ts_search:(5:<0.4446.0>) Dyn Var (RE): no Match (varname=authenticity_token), 

=INFO REPORT==== 21-Nov-2016::01:30:42 ===
           ts_search:(5:<0.4471.0>) Dyn Var (RE): no Match (varname=authenticity_token), 

=INFO REPORT==== 21-Nov-2016::01:30:42 ===
           ts_search:(5:<0.4477.0>) Dyn Var (RE): no Match (varname=authenticity_token), 

=INFO REPORT==== 21-Nov-2016::01:30:42 ===
           ts_search:(5:<0.4479.0>) Dyn Var (RE): no Match (varname=authenticity_token), 

=INFO REPORT==== 21-Nov-2016::01:30:43 ===
           ts_search:(5:<0.4516.0>) Dyn Var (RE): no Match (varname=authenticity_token), 

=INFO REPORT==== 21-Nov-2016::01:30:43 ===
           ts_search:(5:<0.4524.0>) Dyn Var (RE): no Match (varname=authenticity_token), 

=INFO REPORT==== 21-Nov-2016::01:30:44 ===
           ts_search:(5:<0.4568.0>) Dyn Var (RE): no Match (varname=authenticity_token), 

=INFO REPORT==== 21-Nov-2016::01:30:44 ===
           ts_search:(5:<0.4576.0>) Dyn Var (RE): no Match (varname=authenticity_token), 

=INFO REPORT==== 21-Nov-2016::01:30:44 ===
           ts_search:(5:<0.4602.0>) Dyn Var (RE): no Match (varname=authenticity_token), 

=INFO REPORT==== 21-Nov-2016::01:30:45 ===
           ts_search:(5:<0.4621.0>) Dyn Var (RE): no Match (varname=authenticity_token), 

=INFO REPORT==== 21-Nov-2016::01:30:46 ===
           ts_search:(5:<0.4655.0>) Dyn Var (RE): no Match (varname=authenticity_token), 

=INFO REPORT==== 21-Nov-2016::01:30:46 ===
           ts_search:(5:<0.4665.0>) Dyn Var (RE): no Match (varname=authenticity_token), 

=INFO REPORT==== 21-Nov-2016::01:30:46 ===
           ts_search:(5:<0.4702.0>) Dyn Var (RE): no Match (varname=authenticity_token), 

=INFO REPORT==== 21-Nov-2016::01:30:46 ===
           ts_search:(5:<0.4704.0>) Dyn Var (RE): no Match (varname=authenticity_token), 

=INFO REPORT==== 21-Nov-2016::01:30:48 ===
           ts_search:(5:<0.4759.0>) Dyn Var (RE): no Match (varname=authenticity_token), 

=INFO REPORT==== 21-Nov-2016::01:30:48 ===
           ts_search:(5:<0.4788.0>) Dyn Var (RE): no Match (varname=authenticity_token), 

=INFO REPORT==== 21-Nov-2016::01:30:48 ===
           ts_search:(5:<0.4799.0>) Dyn Var (RE): no Match (varname=authenticity_token), 

=INFO REPORT==== 21-Nov-2016::01:30:49 ===
           ts_search:(5:<0.4807.0>) Dyn Var (RE): no Match (varname=authenticity_token), 

=INFO REPORT==== 21-Nov-2016::01:30:49 ===
           ts_search:(5:<0.4808.0>) Dyn Var (RE): no Match (varname=authenticity_token), 

=INFO REPORT==== 21-Nov-2016::01:30:49 ===
           ts_search:(5:<0.4830.0>) Dyn Var (RE): no Match (varname=authenticity_token), 

=INFO REPORT==== 21-Nov-2016::01:30:50 ===
           ts_search:(5:<0.4892.0>) Dyn Var (RE): no Match (varname=authenticity_token), 

=INFO REPORT==== 21-Nov-2016::01:30:51 ===
           ts_search:(5:<0.4900.0>) Dyn Var (RE): no Match (varname=authenticity_token), 

=INFO REPORT==== 21-Nov-2016::01:30:52 ===
           ts_search:(5:<0.4945.0>) Dyn Var (RE): no Match (varname=authenticity_token), 

=INFO REPORT==== 21-Nov-2016::01:30:52 ===
           ts_search:(5:<0.4948.0>) Dyn Var (RE): no Match (varname=authenticity_token), 

=INFO REPORT==== 21-Nov-2016::01:30:53 ===
           ts_search:(5:<0.5027.0>) Dyn Var (RE): no Match (varname=authenticity_token), 

=INFO REPORT==== 21-Nov-2016::01:30:53 ===
           ts_search:(5:<0.5033.0>) Dyn Var (RE): no Match (varname=authenticity_token), 

=INFO REPORT==== 21-Nov-2016::01:30:54 ===
           ts_search:(5:<0.5081.0>) Dyn Var (RE): no Match (varname=authenticity_token), 

=INFO REPORT==== 21-Nov-2016::01:30:54 ===
           ts_search:(5:<0.5084.0>) Dyn Var (RE): no Match (varname=authenticity_token), 

=INFO REPORT==== 21-Nov-2016::01:30:54 ===
           ts_search:(5:<0.5092.0>) Dyn Var (RE): no Match (varname=authenticity_token), 

=INFO REPORT==== 21-Nov-2016::01:30:55 ===
           ts_search:(5:<0.5106.0>) Dyn Var (RE): no Match (varname=authenticity_token), 

=INFO REPORT==== 21-Nov-2016::01:30:55 ===
           ts_search:(5:<0.5135.0>) Dyn Var (RE): no Match (varname=authenticity_token), 

=INFO REPORT==== 21-Nov-2016::01:30:56 ===
           ts_search:(5:<0.5151.0>) Dyn Var (RE): no Match (varname=authenticity_token), 

=INFO REPORT==== 21-Nov-2016::01:30:56 ===
           ts_search:(5:<0.5189.0>) Dyn Var (RE): no Match (varname=authenticity_token), 

=INFO REPORT==== 21-Nov-2016::01:30:56 ===
           ts_search:(5:<0.5194.0>) Dyn Var (RE): no Match (varname=authenticity_token), 

=INFO REPORT==== 21-Nov-2016::01:30:57 ===
           ts_search:(5:<0.5240.0>) Dyn Var (RE): no Match (varname=authenticity_token), 

=INFO REPORT==== 21-Nov-2016::01:30:57 ===
           ts_search:(5:<0.5243.0>) Dyn Var (RE): no Match (varname=authenticity_token), 

=INFO REPORT==== 21-Nov-2016::01:30:58 ===
           ts_search:(5:<0.5280.0>) Dyn Var (RE): no Match (varname=authenticity_token), 

=INFO REPORT==== 21-Nov-2016::01:30:59 ===
           ts_search:(5:<0.5287.0>) Dyn Var (RE): no Match (varname=authenticity_token), 

=INFO REPORT==== 21-Nov-2016::01:30:59 ===
           ts_search:(5:<0.5292.0>) Dyn Var (RE): no Match (varname=authenticity_token), 

=INFO REPORT==== 21-Nov-2016::01:30:59 ===
           ts_search:(5:<0.5297.0>) Dyn Var (RE): no Match (varname=authenticity_token), 

=INFO REPORT==== 21-Nov-2016::01:30:59 ===
           ts_search:(5:<0.5318.0>) Dyn Var (RE): no Match (varname=authenticity_token), 

=INFO REPORT==== 21-Nov-2016::01:30:59 ===
           ts_search:(5:<0.5320.0>) Dyn Var (RE): no Match (varname=authenticity_token), 

=INFO REPORT==== 21-Nov-2016::01:30:59 ===
           ts_search:(5:<0.5340.0>) Dyn Var (RE): no Match (varname=authenticity_token), 

=INFO REPORT==== 21-Nov-2016::01:31:00 ===
           ts_search:(5:<0.5355.0>) Dyn Var (RE): no Match (varname=authenticity_token), 

=INFO REPORT==== 21-Nov-2016::01:31:00 ===
           ts_search:(5:<0.5377.0>) Dyn Var (RE): no Match (varname=authenticity_token), 

=INFO REPORT==== 21-Nov-2016::01:31:00 ===
           ts_search:(5:<0.5378.0>) Dyn Var (RE): no Match (varname=authenticity_token), 

=INFO REPORT==== 21-Nov-2016::01:31:00 ===
           ts_search:(5:<0.5382.0>) Dyn Var (RE): no Match (varname=authenticity_token), 

=INFO REPORT==== 21-Nov-2016::01:31:00 ===
           ts_search:(5:<0.5383.0>) Dyn Var (RE): no Match (varname=authenticity_token), 

=INFO REPORT==== 21-Nov-2016::01:31:00 ===
           ts_search:(5:<0.5388.0>) Dyn Var (RE): no Match (varname=authenticity_token), 

=INFO REPORT==== 21-Nov-2016::01:31:01 ===
           ts_search:(5:<0.5411.0>) Dyn Var (RE): no Match (varname=authenticity_token), 

=INFO REPORT==== 21-Nov-2016::01:31:01 ===
           ts_search:(5:<0.5424.0>) Dyn Var (RE): no Match (varname=authenticity_token), 

=INFO REPORT==== 21-Nov-2016::01:31:03 ===
           ts_search:(5:<0.5499.0>) Dyn Var (RE): no Match (varname=authenticity_token), 

=INFO REPORT==== 21-Nov-2016::01:31:03 ===
           ts_search:(5:<0.5518.0>) Dyn Var (RE): no Match (varname=authenticity_token), 

=INFO REPORT==== 21-Nov-2016::01:31:04 ===
           ts_search:(5:<0.5542.0>) Dyn Var (RE): no Match (varname=authenticity_token), 

=INFO REPORT==== 21-Nov-2016::01:31:06 ===
           ts_search:(5:<0.5619.0>) Dyn Var (RE): no Match (varname=authenticity_token), 

=INFO REPORT==== 21-Nov-2016::01:31:07 ===
           ts_search:(5:<0.5686.0>) Dyn Var (RE): no Match (varname=authenticity_token), 

=INFO REPORT==== 21-Nov-2016::01:31:08 ===
           ts_search:(5:<0.5723.0>) Dyn Var (RE): no Match (varname=authenticity_token), 

=INFO REPORT==== 21-Nov-2016::01:31:08 ===
           ts_search:(5:<0.5724.0>) Dyn Var (RE): no Match (varname=authenticity_token), 

=INFO REPORT==== 21-Nov-2016::01:31:09 ===
           ts_search:(5:<0.5784.0>) Dyn Var (RE): no Match (varname=authenticity_token), 

=INFO REPORT==== 21-Nov-2016::01:31:10 ===
           ts_search:(5:<0.5830.0>) Dyn Var (RE): no Match (varname=authenticity_token), 

=INFO REPORT==== 21-Nov-2016::01:31:10 ===
           ts_search:(5:<0.5837.0>) Dyn Var (RE): no Match (varname=authenticity_token), 

=INFO REPORT==== 21-Nov-2016::01:31:10 ===
           ts_search:(5:<0.5843.0>) Dyn Var (RE): no Match (varname=authenticity_token), 

=INFO REPORT==== 21-Nov-2016::01:31:11 ===
           ts_search:(5:<0.5890.0>) Dyn Var (RE): no Match (varname=authenticity_token), 

=INFO REPORT==== 21-Nov-2016::01:31:12 ===
           ts_search:(5:<0.5933.0>) Dyn Var (RE): no Match (varname=authenticity_token), 

=INFO REPORT==== 21-Nov-2016::01:31:12 ===
           ts_search:(5:<0.5943.0>) Dyn Var (RE): no Match (varname=authenticity_token), 

=INFO REPORT==== 21-Nov-2016::01:31:14 ===
           ts_search:(5:<0.6020.0>) Dyn Var (RE): no Match (varname=authenticity_token), 

=INFO REPORT==== 21-Nov-2016::01:31:14 ===
           ts_search:(5:<0.6044.0>) Dyn Var (RE): no Match (varname=authenticity_token), 

=INFO REPORT==== 21-Nov-2016::01:31:14 ===
           ts_search:(5:<0.6066.0>) Dyn Var (RE): no Match (varname=authenticity_token), 

=INFO REPORT==== 21-Nov-2016::01:31:15 ===
           ts_search:(5:<0.6088.0>) Dyn Var (RE): no Match (varname=authenticity_token), 

=INFO REPORT==== 21-Nov-2016::01:31:15 ===
           ts_search:(5:<0.6092.0>) Dyn Var (RE): no Match (varname=authenticity_token), 

=INFO REPORT==== 21-Nov-2016::01:31:17 ===
           ts_search:(5:<0.6185.0>) Dyn Var (RE): no Match (varname=authenticity_token), 

=INFO REPORT==== 21-Nov-2016::01:31:17 ===
           ts_search:(5:<0.6215.0>) Dyn Var (RE): no Match (varname=authenticity_token), 

=INFO REPORT==== 21-Nov-2016::01:31:17 ===
           ts_search:(5:<0.6224.0>) Dyn Var (RE): no Match (varname=authenticity_token), 

=INFO REPORT==== 21-Nov-2016::01:31:17 ===
           ts_search:(5:<0.6241.0>) Dyn Var (RE): no Match (varname=authenticity_token), 

=INFO REPORT==== 21-Nov-2016::01:31:19 ===
           ts_search:(5:<0.6302.0>) Dyn Var (RE): no Match (varname=authenticity_token), 

=INFO REPORT==== 21-Nov-2016::01:31:20 ===
           ts_search:(5:<0.6353.0>) Dyn Var (RE): no Match (varname=authenticity_token), 

=INFO REPORT==== 21-Nov-2016::01:31:20 ===
           ts_search:(5:<0.6385.0>) Dyn Var (RE): no Match (varname=authenticity_token), 

=INFO REPORT==== 21-Nov-2016::01:31:21 ===
           ts_search:(5:<0.6406.0>) Dyn Var (RE): no Match (varname=authenticity_token), 

=INFO REPORT==== 21-Nov-2016::01:31:21 ===
           ts_search:(5:<0.6445.0>) Dyn Var (RE): no Match (varname=authenticity_token), 

=INFO REPORT==== 21-Nov-2016::01:31:22 ===
           ts_search:(5:<0.6455.0>) Dyn Var (RE): no Match (varname=authenticity_token), 

=INFO REPORT==== 21-Nov-2016::01:31:22 ===
           ts_search:(5:<0.6464.0>) Dyn Var (RE): no Match (varname=authenticity_token), 

=INFO REPORT==== 21-Nov-2016::01:31:22 ===
           ts_search:(5:<0.6468.0>) Dyn Var (RE): no Match (varname=authenticity_token), 

=INFO REPORT==== 21-Nov-2016::01:31:22 ===
           ts_search:(5:<0.6471.0>) Dyn Var (RE): no Match (varname=authenticity_token), 

=INFO REPORT==== 21-Nov-2016::01:31:22 ===
           ts_search:(5:<0.6475.0>) Dyn Var (RE): no Match (varname=authenticity_token), 

=INFO REPORT==== 21-Nov-2016::01:31:22 ===
           ts_search:(5:<0.6476.0>) Dyn Var (RE): no Match (varname=authenticity_token), 

=INFO REPORT==== 21-Nov-2016::01:31:22 ===
           ts_search:(5:<0.6493.0>) Dyn Var (RE): no Match (varname=authenticity_token), 

=INFO REPORT==== 21-Nov-2016::01:31:22 ===
           ts_search:(5:<0.6497.0>) Dyn Var (RE): no Match (varname=authenticity_token), 

=INFO REPORT==== 21-Nov-2016::01:31:23 ===
           ts_search:(5:<0.6539.0>) Dyn Var (RE): no Match (varname=authenticity_token), 

=INFO REPORT==== 21-Nov-2016::01:31:24 ===
           ts_search:(5:<0.6592.0>) Dyn Var (RE): no Match (varname=authenticity_token), 

=INFO REPORT==== 21-Nov-2016::01:31:24 ===
           ts_search:(5:<0.6599.0>) Dyn Var (RE): no Match (varname=authenticity_token), 

=INFO REPORT==== 21-Nov-2016::01:31:25 ===
           ts_search:(5:<0.6620.0>) Dyn Var (RE): no Match (varname=authenticity_token), 

=INFO REPORT==== 21-Nov-2016::01:31:25 ===
           ts_search:(5:<0.6621.0>) Dyn Var (RE): no Match (varname=authenticity_token), 

=INFO REPORT==== 21-Nov-2016::01:31:26 ===
           ts_search:(5:<0.6702.0>) Dyn Var (RE): no Match (varname=authenticity_token), 

=INFO REPORT==== 21-Nov-2016::01:31:26 ===
           ts_search:(5:<0.6703.0>) Dyn Var (RE): no Match (varname=authenticity_token), 

=INFO REPORT==== 21-Nov-2016::01:31:26 ===
           ts_search:(5:<0.6712.0>) Dyn Var (RE): no Match (varname=authenticity_token), 

=INFO REPORT==== 21-Nov-2016::01:31:27 ===
           ts_search:(5:<0.6722.0>) Dyn Var (RE): no Match (varname=authenticity_token), 

=INFO REPORT==== 21-Nov-2016::01:31:27 ===
           ts_search:(5:<0.6733.0>) Dyn Var (RE): no Match (varname=authenticity_token), 

=INFO REPORT==== 21-Nov-2016::01:31:27 ===
           ts_search:(5:<0.6738.0>) Dyn Var (RE): no Match (varname=authenticity_token), 

=INFO REPORT==== 21-Nov-2016::01:31:27 ===
           ts_search:(5:<0.6781.0>) Dyn Var (RE): no Match (varname=authenticity_token), 

=INFO REPORT==== 21-Nov-2016::01:31:28 ===
           ts_search:(5:<0.6827.0>) Dyn Var (RE): no Match (varname=authenticity_token), 

=INFO REPORT==== 21-Nov-2016::01:31:29 ===
           ts_search:(5:<0.6859.0>) Dyn Var (RE): no Match (varname=authenticity_token), 

=INFO REPORT==== 21-Nov-2016::01:31:30 ===
           ts_search:(5:<0.6880.0>) Dyn Var (RE): no Match (varname=authenticity_token), 

=INFO REPORT==== 21-Nov-2016::01:31:30 ===
           ts_search:(5:<0.6888.0>) Dyn Var (RE): no Match (varname=authenticity_token), 

=INFO REPORT==== 21-Nov-2016::01:31:30 ===
           ts_search:(5:<0.6904.0>) Dyn Var (RE): no Match (varname=authenticity_token), 

=INFO REPORT==== 21-Nov-2016::01:31:31 ===
           ts_search:(5:<0.6948.0>) Dyn Var (RE): no Match (varname=authenticity_token), 

=INFO REPORT==== 21-Nov-2016::01:31:32 ===
           ts_search:(5:<0.6996.0>) Dyn Var (RE): no Match (varname=authenticity_token), 

=INFO REPORT==== 21-Nov-2016::01:31:32 ===
           ts_search:(5:<0.6995.0>) Dyn Var (RE): no Match (varname=authenticity_token), 

=INFO REPORT==== 21-Nov-2016::01:31:32 ===
           ts_search:(5:<0.6999.0>) Dyn Var (RE): no Match (varname=authenticity_token), 

=INFO REPORT==== 21-Nov-2016::01:31:32 ===
           ts_search:(5:<0.7037.0>) Dyn Var (RE): no Match (varname=authenticity_token), 

=INFO REPORT==== 21-Nov-2016::01:31:33 ===
           ts_search:(5:<0.7045.0>) Dyn Var (RE): no Match (varname=authenticity_token), 

=INFO REPORT==== 21-Nov-2016::01:31:35 ===
           ts_search:(5:<0.7142.0>) Dyn Var (RE): no Match (varname=authenticity_token), 

=INFO REPORT==== 21-Nov-2016::01:31:35 ===
           ts_search:(5:<0.7176.0>) Dyn Var (RE): no Match (varname=authenticity_token), 

=INFO REPORT==== 21-Nov-2016::01:31:36 ===
           ts_search:(5:<0.7192.0>) Dyn Var (RE): no Match (varname=authenticity_token), 

=INFO REPORT==== 21-Nov-2016::01:31:36 ===
           ts_search:(5:<0.7204.0>) Dyn Var (RE): no Match (varname=authenticity_token), 

=INFO REPORT==== 21-Nov-2016::01:31:36 ===
           ts_search:(5:<0.7234.0>) Dyn Var (RE): no Match (varname=authenticity_token), 

=INFO REPORT==== 21-Nov-2016::01:31:36 ===
           ts_search:(5:<0.7236.0>) Dyn Var (RE): no Match (varname=authenticity_token), 

=INFO REPORT==== 21-Nov-2016::01:31:38 ===
           ts_search:(5:<0.7289.0>) Dyn Var (RE): no Match (varname=authenticity_token), 

=INFO REPORT==== 21-Nov-2016::01:31:38 ===
           ts_search:(5:<0.7308.0>) Dyn Var (RE): no Match (varname=authenticity_token), 

=INFO REPORT==== 21-Nov-2016::01:31:39 ===
           ts_search:(5:<0.7341.0>) Dyn Var (RE): no Match (varname=authenticity_token), 

=INFO REPORT==== 21-Nov-2016::01:31:39 ===
           ts_search:(5:<0.7363.0>) Dyn Var (RE): no Match (varname=authenticity_token), 

=INFO REPORT==== 21-Nov-2016::01:31:41 ===
           ts_search:(5:<0.7451.0>) Dyn Var (RE): no Match (varname=authenticity_token), 

=INFO REPORT==== 21-Nov-2016::01:31:42 ===
           ts_search:(5:<0.7473.0>) Dyn Var (RE): no Match (varname=authenticity_token), 

=INFO REPORT==== 21-Nov-2016::01:31:42 ===
           ts_search:(5:<0.7500.0>) Dyn Var (RE): no Match (varname=authenticity_token), 

=INFO REPORT==== 21-Nov-2016::01:31:42 ===
           ts_search:(5:<0.7501.0>) Dyn Var (RE): no Match (varname=authenticity_token), 

=INFO REPORT==== 21-Nov-2016::01:31:43 ===
           ts_search:(5:<0.7530.0>) Dyn Var (RE): no Match (varname=authenticity_token), 

=INFO REPORT==== 21-Nov-2016::01:31:44 ===
           ts_search:(5:<0.7567.0>) Dyn Var (RE): no Match (varname=authenticity_token), 

=INFO REPORT==== 21-Nov-2016::01:31:45 ===
           ts_search:(5:<0.7603.0>) Dyn Var (RE): no Match (varname=authenticity_token), 

=INFO REPORT==== 21-Nov-2016::01:31:45 ===
           ts_search:(5:<0.7616.0>) Dyn Var (RE): no Match (varname=authenticity_token), 

=INFO REPORT==== 21-Nov-2016::01:31:45 ===
           ts_search:(5:<0.7647.0>) Dyn Var (RE): no Match (varname=authenticity_token), 

=INFO REPORT==== 21-Nov-2016::01:31:46 ===
           ts_search:(5:<0.7668.0>) Dyn Var (RE): no Match (varname=authenticity_token), 

=INFO REPORT==== 21-Nov-2016::01:31:46 ===
           ts_search:(5:<0.7692.0>) Dyn Var (RE): no Match (varname=authenticity_token), 

=INFO REPORT==== 21-Nov-2016::01:31:47 ===
           ts_search:(5:<0.7726.0>) Dyn Var (RE): no Match (varname=authenticity_token), 

=INFO REPORT==== 21-Nov-2016::01:31:47 ===
           ts_search:(5:<0.7730.0>) Dyn Var (RE): no Match (varname=authenticity_token), 

=INFO REPORT==== 21-Nov-2016::01:31:48 ===
           ts_search:(5:<0.7777.0>) Dyn Var (RE): no Match (varname=authenticity_token), 

=INFO REPORT==== 21-Nov-2016::01:31:48 ===
           ts_search:(5:<0.7779.0>) Dyn Var (RE): no Match (varname=authenticity_token), 

=INFO REPORT==== 21-Nov-2016::01:31:49 ===
           ts_search:(5:<0.7859.0>) Dyn Var (RE): no Match (varname=authenticity_token), 

=INFO REPORT==== 21-Nov-2016::01:31:50 ===
           ts_search:(5:<0.7896.0>) Dyn Var (RE): no Match (varname=authenticity_token), 

=INFO REPORT==== 21-Nov-2016::01:31:51 ===
         ts_launcher:(5:<0.129.0>) Phase duration exceeded, but not all users were launched (13 users, 0.2% of phase)

=INFO REPORT==== 21-Nov-2016::01:31:51 ===
         ts_launcher:(5:<0.129.0>) Start a new arrival phase (1800 users, 0.03); expected duration=60.0 sec

=INFO REPORT==== 21-Nov-2016::01:31:51 ===
           ts_search:(5:<0.7954.0>) Dyn Var (RE): no Match (varname=authenticity_token), 

=INFO REPORT==== 21-Nov-2016::01:31:51 ===
           ts_search:(5:<0.7955.0>) Dyn Var (RE): no Match (varname=authenticity_token), 

=INFO REPORT==== 21-Nov-2016::01:31:52 ===
           ts_search:(5:<0.8000.0>) Dyn Var (RE): no Match (varname=authenticity_token), 

=INFO REPORT==== 21-Nov-2016::01:31:53 ===
           ts_search:(5:<0.8023.0>) Dyn Var (RE): no Match (varname=authenticity_token), 

=INFO REPORT==== 21-Nov-2016::01:31:54 ===
           ts_search:(5:<0.8044.0>) Dyn Var (RE): no Match (varname=authenticity_token), 

=INFO REPORT==== 21-Nov-2016::01:32:50 ===
         ts_launcher:(5:<0.129.0>) This was the last phase, wait for connected users to finish their session

=INFO REPORT==== 21-Nov-2016::01:33:00 ===
     ts_launcher_mgr:(5:<0.123.0>) No more active users 'tsung_controller@ip-172-31-27-247' "9360"
