# stats: dump at 1479691740
stats: users 90 113
stats: {freemem,"tsung_controller@ip-172-31-27-247"} 1 3058.828125 0 3058.828125 3058.828125 0 0
stats: {load,"tsung_controller@ip-172-31-27-247"} 1 0.0 0 0.0 0.0 0 0
stats: {cpu,"tsung_controller@ip-172-31-27-247"} 1 2.2679501706347343 0 2.2679501706347343 2.2679501706347343 0 0
stats: session 172 3105.4669388172224 1363.5614789050896 5195.26416015625 26.119873046875 0 0
stats: users_count 262 262
stats: finish_users_count 172 172
stats: request 358 73.64894283017632 74.03593729389992 324.22607421875 11.008056640625 0 0
stats: connect 253 3.4241774487401218 14.68310147317391 153.26513671875 0.85205078125 0 0
stats: page 358 73.64894283017632 74.03593729389992 324.22607421875 11.008056640625 0 0
stats: 302 19 19
stats: 200 339 339
stats: size_rcv 1917922 1917922
stats: size_sent 110022 110022
stats: connected 93 93
# stats: dump at 1479691750
stats: users 100 113
stats: {freemem,"tsung_controller@ip-172-31-27-247"} 1 3046.3984375 0.0 3058.828125 3046.3984375 3058.828125 1
stats: {load,"tsung_controller@ip-172-31-27-247"} 1 0.0 0.0 0.0 0.0 0.0 1
stats: {recvpackets,"tsung_controller@ip-172-31-27-247"} 1 2979 0 2979 2979 0 0
stats: {sentpackets,"tsung_controller@ip-172-31-27-247"} 1 3188 0 3188 3188 0 0
stats: {cpu,"tsung_controller@ip-172-31-27-247"} 1 9.224730127576054 0.0 9.224730127576054 2.2679501706347343 2.2679501706347343 1
stats: session 275 3233.354311079546 1378.753566893506 5221.531982421875 26.119873046875 3105.4669388172224 172
stats: users_count 285 547
stats: finish_users_count 275 447
stats: request 469 55.385934272554636 41.22656383654838 324.22607421875 11.008056640625 73.64894283017632 358
stats: connect 281 1.522810206294484 0.6414522341636117 153.26513671875 0.845947265625 3.4241774487401218 253
stats: page 469 55.385934272554636 41.22656383654838 324.22607421875 11.008056640625 73.64894283017632 358
stats: 302 32 51
stats: 200 437 776
stats: size_rcv 2295176 4213098
stats: size_sent 163074 273096
stats: connected 6 99
# stats: dump at 1479691760
stats: users 92 132
stats: {freemem,"tsung_controller@ip-172-31-27-247"} 1 3044.90625 0.0 3058.828125 3044.90625 3052.61328125 2
stats: {load,"tsung_controller@ip-172-31-27-247"} 1 0.0 0.0 0.0 0.0 0.0 2
stats: {recvpackets,"tsung_controller@ip-172-31-27-247"} 1 3385.0 0.0 3385 2979 2979.0 1
stats: {sentpackets,"tsung_controller@ip-172-31-27-247"} 1 3699.0 0.0 3699 3188 3188.0 1
stats: {cpu,"tsung_controller@ip-172-31-27-247"} 1 8.956692913385826 0.0 9.224730127576054 2.2679501706347343 5.746340149105394 2
stats: session 328 3398.3169682200364 1159.9499665758917 5221.531982421875 26.119873046875 3184.1448524014263 447
stats: users_count 320 867
stats: finish_users_count 328 775
stats: request 541 73.97145765942696 53.86961370625955 324.22607421875 10.876953125 63.29180738456016 827
stats: connect 325 1.5427839543269228 1.6238738770497625 153.26513671875 0.840087890625 2.4236452481273427 534
stats: page 541 73.97145765942696 53.86961370625955 324.22607421875 10.876953125 63.29180738456016 827
stats: 302 22 73
stats: 200 519 1295
stats: size_rcv 2701501 6914599
stats: size_sent 181021 454117
stats: connected -3 96
# stats: dump at 1479691770
stats: users 104 132
stats: {freemem,"tsung_controller@ip-172-31-27-247"} 1 3043.01953125 0.0 3058.828125 3043.01953125 3050.0442708333335 3
stats: {load,"tsung_controller@ip-172-31-27-247"} 1 0.0 0.0 0.0 0.0 0.0 3
stats: {recvpackets,"tsung_controller@ip-172-31-27-247"} 1 3812.0 0.0 3812 2979 3182.0 2
stats: {sentpackets,"tsung_controller@ip-172-31-27-247"} 1 4211.0 0.0 4211 3188 3443.5 2
stats: {cpu,"tsung_controller@ip-172-31-27-247"} 1 10.83984375 0.0 10.83984375 2.2679501706347343 6.8164577371988715 3
stats: session 301 3278.2687728729743 1276.8464843178936 5221.531982421875 25.27001953125 3274.7880188382055 775
stats: users_count 313 1180
stats: finish_users_count 301 1076
stats: request 502 46.54918898624251 32.54173246856295 324.22607421875 10.77099609375 67.51526557074652 1368
stats: connect 301 1.4759898645141196 0.6540312886699097 153.26513671875 0.8291015625 2.0903740950596634 859
stats: page 502 46.54918898624251 32.54173246856295 324.22607421875 10.77099609375 67.51526557074652 1368
stats: 302 27 100
stats: 200 475 1770
stats: size_rcv 2451463 9366062
stats: size_sent 172185 626302
stats: connected -2 94
# stats: dump at 1479691780
stats: users 89 132
stats: {freemem,"tsung_controller@ip-172-31-27-247"} 1 3042.71484375 0.0 3058.828125 3042.71484375 3048.2880859375 4
stats: {load,"tsung_controller@ip-172-31-27-247"} 1 0.0 0.0 0.0 0.0 0.0 4
stats: {recvpackets,"tsung_controller@ip-172-31-27-247"} 1 3711.0 0.0 3812 2979 3392.0 3
stats: {sentpackets,"tsung_controller@ip-172-31-27-247"} 1 4092.0 0.0 4211 3188 3699.3333333333335 3
stats: {cpu,"tsung_controller@ip-172-31-27-247"} 1 9.47680157946693 0.0 10.83984375 2.2679501706347343 7.822304240399154 4
stats: session 315 3271.8340603298607 1285.6412937804873 5221.531982421875 25.27001953125 3275.7617241955154 1076
stats: users_count 300 1480
stats: finish_users_count 315 1391
stats: request 528 57.56233122854522 36.27548350275781 324.22607421875 10.77099609375 61.8869391293449 1870
stats: connect 315 1.5592819940476192 0.9189007932936828 153.26513671875 0.81591796875 1.930951980064656 1160
stats: page 528 57.56233122854522 36.27548350275781 324.22607421875 10.77099609375 61.8869391293449 1870
stats: 302 27 127
stats: 200 501 2271
stats: size_rcv 2596185 11962247
stats: size_sent 178589 804891
stats: connected 6 100
# stats: dump at 1479691790
stats: users 92 132
stats: {freemem,"tsung_controller@ip-172-31-27-247"} 1 3042.4140625 0.0 3058.828125 3042.4140625 3047.1734375 5
stats: {load,"tsung_controller@ip-172-31-27-247"} 1 0.0 0.0 0.0 0.0 0.0 5
stats: {recvpackets,"tsung_controller@ip-172-31-27-247"} 1 3649.0 0.0 3812 2979 3471.75 4
stats: {sentpackets,"tsung_controller@ip-172-31-27-247"} 1 3939.0 0.0 4211 3188 3797.5 4
stats: {cpu,"tsung_controller@ip-172-31-27-247"} 1 10.439024390243903 0.0 10.83984375 2.2679501706347343 8.15320370821271 5
stats: session 280 3261.4526663643983 1258.5110188858137 5221.531982421875 25.27001953125 3274.8722819829477 1391
stats: users_count 283 1763
stats: finish_users_count 280 1671
stats: request 473 50.30516236125794 41.26642601063669 324.22607421875 10.77099609375 60.93473188513213 2398
stats: connect 272 1.587624942555147 0.7925330827383744 153.26513671875 0.81591796875 1.8515783898305092 1475
stats: page 473 50.30516236125794 41.26642601063669 324.22607421875 10.77099609375 60.93473188513213 2398
stats: 302 23 150
stats: 200 450 2721
stats: size_rcv 2269540 14231787
stats: size_sent 166730 971621
stats: connected -17 83
# stats: dump at 1479691800
stats: users 302 305
stats: {freemem,"tsung_controller@ip-172-31-27-247"} 1 3042.25 0.0 3058.828125 3042.25 3046.3802083333335 6
stats: {load,"tsung_controller@ip-172-31-27-247"} 1 0.078125 0.0 0.078125 0.0 0.0 6
stats: {recvpackets,"tsung_controller@ip-172-31-27-247"} 1 3559.0 0.0 3812 2979 3507.2 5
stats: {sentpackets,"tsung_controller@ip-172-31-27-247"} 1 3798.0 0.0 4211 3188 3825.8 5
stats: {cpu,"tsung_controller@ip-172-31-27-247"} 1 10.992217898832685 0.0 10.992217898832685 2.2679501706347343 8.534173821884574 6
stats: session 301 4268.24877686358 1540.1300221405702 7646.9169921875 25.27001953125 3272.6236330462666 1671
stats: users_count 511 2274
stats: finish_users_count 301 1972
stats: request 601 1007.0964623576593 683.7492535482219 2249.676025390625 10.77099609375 59.183500124493854 2871
stats: connect 514 1.6458227254073439 2.1842238193169603 153.26513671875 0.81591796875 1.8104820316971957 1747
stats: page 601 1007.0964623576593 683.7492535482219 2249.676025390625 10.77099609375 59.183500124493854 2871
stats: 302 34 184
stats: 200 567 3288
stats: size_rcv 3174314 17406101
stats: newphase 1 1
stats: size_sent 249330 1220951
stats: connected 220 303
# stats: dump at 1479691810
stats: users 513 513
stats: {freemem,"tsung_controller@ip-172-31-27-247"} 1 3030.8984375 0.0 3058.828125 3030.8984375 3045.7901785714284 7
stats: {load,"tsung_controller@ip-172-31-27-247"} 1 0.0703125 0.0 0.078125 0.0 0.011160714285714286 7
stats: {recvpackets,"tsung_controller@ip-172-31-27-247"} 1 4806.0 0.0 4806 2979 3515.8333333333335 6
stats: {sentpackets,"tsung_controller@ip-172-31-27-247"} 1 5075.0 0.0 5075 3188 3821.1666666666665 6
stats: {cpu,"tsung_controller@ip-172-31-27-247"} 1 14.936954413191076 0.0 14.936954413191076 2.2679501706347343 8.885322975734304 7
stats: session 282 8058.393559881982 1923.3664137531653 12293.989013671875 25.27001953125 3424.5927853226417 1972
stats: users_count 493 2767
stats: finish_users_count 282 2254
stats: request 528 3922.710953683564 815.827498087169 5465.7939453125 10.77099609375 223.26636023455504 3472
stats: connect 485 2.2902595441366014 3.3244388064899315 153.26513671875 0.81591796875 1.7730495312845538 2261
stats: page 528 3922.710953683564 815.827498087169 5465.7939453125 10.77099609375 223.26636023455504 3472
stats: 302 24 208
stats: 200 504 3792
stats: size_rcv 2785031 20191132
stats: newphase 0 1
stats: size_sent 232603 1453554
stats: connected 196 499
# stats: dump at 1479691820
stats: users 649 655
stats: {freemem,"tsung_controller@ip-172-31-27-247"} 1 3017.9453125 0.0 3058.828125 3017.9453125 3043.9287109375 8
stats: {load,"tsung_controller@ip-172-31-27-247"} 1 0.140625 0.0 0.140625 0.0 0.0185546875 8
stats: {recvpackets,"tsung_controller@ip-172-31-27-247"} 1 4703.0 0.0 4806 2979 3700.1428571428573 7
stats: {sentpackets,"tsung_controller@ip-172-31-27-247"} 1 5091.0 0.0 5091 3188 4000.285714285714 7
stats: {cpu,"tsung_controller@ip-172-31-27-247"} 1 14.215686274509803 0.0 14.936954413191076 2.2679501706347343 9.641776905416402 8
stats: session 338 11669.472474227998 2992.4173896616426 17002.85400390625 15.889892578125 4004.3318352009624 2254
stats: users_count 474 3241
stats: finish_users_count 338 2592
stats: request 631 5751.281191189581 2187.8746544521246 7763.428955078125 1.38916015625 711.5930465698242 4000
stats: connect 480 1.845645141601562 1.8754870450706758 153.26513671875 0.81591796875 1.8643994425129744 2746
stats: page 631 5751.281191189581 2187.8746544521246 7763.428955078125 1.38916015625 711.5930465698242 4000
stats: 302 28 236
stats: 504 59 59
stats: 200 529 4321
stats: size_rcv 2870812 23061944
stats: newphase 0 1
stats: size_sent 249185 1702739
stats: connected 152 651
stats: 500 15 15
# stats: dump at 1479691830
stats: users 693 699
stats: {freemem,"tsung_controller@ip-172-31-27-247"} 1 3007.8203125 0.0 3058.828125 3007.8203125 3041.0416666666665 9
stats: {load,"tsung_controller@ip-172-31-27-247"} 1 0.19140625 0.0 0.19140625 0.0 0.03211805555555555 9
stats: {recvpackets,"tsung_controller@ip-172-31-27-247"} 1 5345.0 0.0 5345 2979 3825.5 8
stats: {sentpackets,"tsung_controller@ip-172-31-27-247"} 1 5626.0 0.0 5626 3188 4136.625 8
stats: {cpu,"tsung_controller@ip-172-31-27-247"} 1 25.46468401486989 0.0 25.46468401486989 2.2679501706347343 10.14998905753789 9
stats: session 463 12006.979741073836 6000.518737449985 21338.544921875 6.858154296875 5003.875637666679 2592
stats: users_count 507 3748
stats: finish_users_count 463 3055
stats: request 863 5326.531211808829 4581.577594763596 10292.4921875 1.075927734375 1398.2791228503395 4631
stats: connect 513 1.5921614202607217 1.1688232034178558 153.26513671875 0.808837890625 1.8616089699657092 3226
stats: page 863 5326.531211808829 4581.577594763596 10292.4921875 1.075927734375 1398.2791228503395 4631
stats: 302 30 266
stats: 504 263 322
stats: 200 469 4790
stats: size_rcv 2390748 25452692
stats: newphase 0 1
stats: size_sent 256709 1959448
stats: connected 46 697
stats: 500 101 116
# stats: dump at 1479691840
stats: users 672 699
stats: {freemem,"tsung_controller@ip-172-31-27-247"} 1 3005.046875 0.0 3058.828125 3005.046875 3037.71953125 10
stats: {load,"tsung_controller@ip-172-31-27-247"} 1 0.16015625 0.0 0.19140625 0.0 0.048046875 10
stats: {recvpackets,"tsung_controller@ip-172-31-27-247"} 1 5817.0 0.0 5817 2979 3994.3333333333335 9
stats: {sentpackets,"tsung_controller@ip-172-31-27-247"} 1 6509.0 0.0 6509 3188 4302.111111111111 9
stats: {cpu,"tsung_controller@ip-172-31-27-247"} 1 16.634429400386846 0.0 25.46468401486989 2.2679501706347343 11.68145855327109 10
stats: session 505 13245.957150177908 6622.297643597298 23853.285888671875 6.858154296875 6065.229876579122 3055
stats: users_count 484 4232
stats: finish_users_count 505 3560
stats: request 856 6176.680418495814 4792.864268890057 10319.60791015625 0.993896484375 2015.330734202938 5494
stats: connect 482 1.5395588855031128 0.9073489963595999 153.26513671875 0.808837890625 1.8246401031567605 3739
stats: page 856 6176.680418495814 4792.864268890057 10319.60791015625 0.993896484375 2015.330734202938 5494
stats: 302 37 303
stats: 504 240 562
stats: 200 492 5282
stats: size_rcv 2418066 27870758
stats: newphase 0 1
stats: 422 5 5
stats: size_sent 250777 2210225
stats: connected -27 670
stats: 500 82 198
# stats: dump at 1479691850
stats: users 653 699
stats: {freemem,"tsung_controller@ip-172-31-27-247"} 1 3004.140625 0.0 3058.828125 3004.140625 3034.7492897727275 11
stats: {load,"tsung_controller@ip-172-31-27-247"} 1 0.12890625 0.0 0.19140625 0.0 0.05823863636363636 11
stats: {recvpackets,"tsung_controller@ip-172-31-27-247"} 1 5703.0 0.0 5817 2979 4176.6 10
stats: {sentpackets,"tsung_controller@ip-172-31-27-247"} 1 6381.0 0.0 6509 3188 4522.8 10
stats: {cpu,"tsung_controller@ip-172-31-27-247"} 1 15.18987341772152 0.0 25.46468401486989 2.2679501706347343 12.131728630281613 11
stats: session 506 13675.638038846344 6909.014347197078 24681.346923828125 6.68603515625 7083.844279154231 3560
stats: users_count 487 4719
stats: finish_users_count 506 4066
stats: request 820 6074.34289937833 4597.645717978552 10319.60791015625 0.993896484375 2576.2937782587965 6350
stats: connect 490 1.454312818877551 0.7610372788529564 153.26513671875 0.808837890625 1.7920864080823566 4221
stats: page 820 6074.34289937833 4597.645717978552 10319.60791015625 0.993896484375 2576.2937782587965 6350
stats: 302 21 324
stats: 504 226 788
stats: 200 498 5780
stats: size_rcv 2304131 30174889
stats: newphase 0 1
stats: 422 2 7
stats: size_sent 240444 2450669
stats: connected -17 653
stats: 500 73 271
# stats: dump at 1479691860
stats: users 656 699
stats: {freemem,"tsung_controller@ip-172-31-27-247"} 1 3003.69140625 0.0 3058.828125 3003.69140625 3032.1985677083335 12
stats: {load,"tsung_controller@ip-172-31-27-247"} 1 0.109375 0.0 0.19140625 0.0 0.06412760416666667 12
stats: {recvpackets,"tsung_controller@ip-172-31-27-247"} 1 5691.0 0.0 5817 2979 4315.363636363636 11
stats: {sentpackets,"tsung_controller@ip-172-31-27-247"} 1 6388.0 0.0 6509 3188 4691.727272727273 11
stats: {cpu,"tsung_controller@ip-172-31-27-247"} 1 14.538310412573674 0.0 25.46468401486989 2.2679501706347343 12.386574029234938 12
stats: session 485 13522.588089461178 6806.841026167661 24681.346923828125 6.68603515625 7904.170802126245 4066
stats: users_count 488 5207
stats: finish_users_count 485 4551
stats: request 820 6297.977769805166 4629.16863180202 10319.60791015625 0.993896484375 2976.349605220863 7170
stats: connect 484 1.5733239039901865 1.8719639822427703 153.26513671875 0.788818359375 1.7569539396658096 4711
stats: page 820 6297.977769805166 4629.16863180202 10319.60791015625 0.993896484375 2976.349605220863 7170
stats: 302 21 345
stats: 504 226 1014
stats: 200 504 6284
stats: size_rcv 2456751 32631640
stats: newphase 0 1
stats: 422 7 14
stats: size_sent 241742 2692411
stats: connected 2 655
stats: 500 62 333
# stats: dump at 1479691870
stats: users 663 699
stats: {freemem,"tsung_controller@ip-172-31-27-247"} 1 3003.44921875 0.0 3058.828125 3003.44921875 3030.0057091346152 13
stats: {load,"tsung_controller@ip-172-31-27-247"} 1 0.1015625 0.0 0.19140625 0.0 0.06760817307692307 13
stats: {recvpackets,"tsung_controller@ip-172-31-27-247"} 1 5643.0 0.0 5817 2979 4430.0 12
stats: {sentpackets,"tsung_controller@ip-172-31-27-247"} 1 6295.0 0.0 6509 3188 4833.083333333333 12
stats: {cpu,"tsung_controller@ip-172-31-27-247"} 1 16.522574447646495 0.0 25.46468401486989 2.2679501706347343 12.552092212568688 13
stats: session 482 13673.510846023248 6908.890385365667 24681.346923828125 6.68603515625 8502.925446019333 4551
stats: users_count 489 5696
stats: finish_users_count 482 5033
stats: request 833 6153.022274827898 4731.8850640670935 10319.60791015625 0.993896484375 3317.2426083446585 7990
stats: connect 485 1.589815057184278 0.7901059626159896 153.26513671875 0.788818359375 1.7398457707982442 5195
stats: page 833 6153.022274827898 4731.8850640670935 10319.60791015625 0.993896484375 3317.2426083446585 7990
stats: 302 25 370
stats: 504 230 1244
stats: 200 487 6771
stats: size_rcv 2415615 35047255
stats: newphase 0 1
stats: 422 11 25
stats: size_sent 245838 2938249
stats: connected 2 657
stats: 500 80 413
# stats: dump at 1479691880
stats: users 686 699
stats: {freemem,"tsung_controller@ip-172-31-27-247"} 1 3003.375 0.0 3058.828125 3003.375 3028.108816964286 14
stats: {load,"tsung_controller@ip-172-31-27-247"} 1 0.1484375 0.0 0.19140625 0.0 0.07003348214285714 14
stats: {recvpackets,"tsung_controller@ip-172-31-27-247"} 1 5772.0 0.0 5817 2979 4523.307692307692 13
stats: {sentpackets,"tsung_controller@ip-172-31-27-247"} 1 6437.0 0.0 6509 3188 4945.538461538462 13
stats: {cpu,"tsung_controller@ip-172-31-27-247"} 1 14.37007874015748 0.0 25.46468401486989 2.2679501706347343 12.835698086502816 14
stats: session 507 13392.598310180903 7013.441648382158 24681.346923828125 6.68603515625 8998.101715203096 5033
stats: users_count 530 6226
stats: finish_users_count 507 5540
stats: request 868 5806.665266608317 4666.147389753836 10319.60791015625 0.993896484375 3584.975178012633 8823
stats: connect 534 1.52355682715941 0.6827737257778492 153.26513671875 0.788818359375 1.7270350496533897 5680
stats: page 868 5806.665266608317 4666.147389753836 10319.60791015625 0.993896484375 3584.975178012633 8823
stats: 302 24 394
stats: 504 255 1499
stats: 200 494 7265
stats: size_rcv 2402787 37450042
stats: newphase 0 1
stats: 422 9 34
stats: size_sent 245242 3183491
stats: connected 23 680
stats: 500 86 499
# stats: dump at 1479691890
stats: users 690 699
stats: {freemem,"tsung_controller@ip-172-31-27-247"} 1 3003.08984375 0.0 3058.828125 3003.08984375 3026.459895833333 15
stats: {load,"tsung_controller@ip-172-31-27-247"} 1 0.12890625 0.0 0.19140625 0.0 0.07526041666666666 15
stats: {recvpackets,"tsung_controller@ip-172-31-27-247"} 1 5906.0 0.0 5906 2979 4612.5 14
stats: {sentpackets,"tsung_controller@ip-172-31-27-247"} 1 6677.0 0.0 6677 3188 5052.071428571428 14
stats: {cpu,"tsung_controller@ip-172-31-27-247"} 1 16.015625 0.0 25.46468401486989 2.2679501706347343 12.937990130079793 15
stats: session 526 12555.567104325093 7148.526587034038 24783.6240234375 6.593017578125 9400.269544382472 5540
stats: users_count 530 6756
stats: finish_users_count 526 6066
stats: request 910 5526.639247617613 4932.60368612967 10319.60791015625 0.944091796875 3783.966716233772 9691
stats: connect 535 1.5306677132009352 1.1422848539111896 153.26513671875 0.788818359375 1.709549151550431 6214
stats: page 910 5526.639247617613 4932.60368612967 10319.60791015625 0.944091796875 3783.966716233772 9691
stats: 302 17 411
stats: 504 296 1795
stats: 200 485 7750
stats: size_rcv 2396623 39846665
stats: newphase 0 1
stats: 422 4 38
stats: size_sent 264089 3447580
stats: connected 7 687
stats: 500 108 607
# stats: dump at 1479691900
stats: users 656 699
stats: {freemem,"tsung_controller@ip-172-31-27-247"} 1 2996.76953125 0.0 3058.828125 2996.76953125 3024.999267578125 16
stats: {load,"tsung_controller@ip-172-31-27-247"} 1 0.26171875 0.0 0.26171875 0.0 0.07861328125 16
stats: {recvpackets,"tsung_controller@ip-172-31-27-247"} 1 6052.0 0.0 6052 2979 4698.733333333334 15
stats: {sentpackets,"tsung_controller@ip-172-31-27-247"} 1 6821.0 0.0 6821 3188 5160.4 15
stats: {cpu,"tsung_controller@ip-172-31-27-247"} 1 20.884289746001883 0.0 25.46468401486989 2.2679501706347343 13.130342309449807 16
stats: session 515 13214.527130423241 7107.4286587916195 25046.756103515625 6.593017578125 9673.874311367277 6066
stats: users_count 481 7237
stats: finish_users_count 515 6581
stats: request 850 6025.2439346852025 4951.081065608978 10426.876953125 0.90283203125 3933.559396505378 10601
stats: connect 485 1.8963333601804147 2.464152073346847 153.26513671875 0.77685546875 1.6953690404944257 6749
stats: page 850 6025.2439346852025 4951.081065608978 10426.876953125 0.90283203125 3933.559396505378 10601
stats: 302 24 435
stats: 504 251 2046
stats: 200 478 8228
stats: size_rcv 2327871 42174536
stats: newphase 0 1
stats: 422 5 43
stats: size_sent 243717 3691297
stats: connected -31 656
stats: 500 92 699
# stats: dump at 1479691910
stats: users 657 699
stats: {freemem,"tsung_controller@ip-172-31-27-247"} 1 3002.37890625 0.0 3058.828125 2996.76953125 3023.338694852941 17
stats: {load,"tsung_controller@ip-172-31-27-247"} 1 0.21875 0.0 0.26171875 0.0 0.08938419117647059 17
stats: {recvpackets,"tsung_controller@ip-172-31-27-247"} 1 5867.0 0.0 6052 2979 4783.3125 16
stats: {sentpackets,"tsung_controller@ip-172-31-27-247"} 1 6463.0 0.0 6821 3188 5264.1875 16
stats: {cpu,"tsung_controller@ip-172-31-27-247"} 1 22.064393939393938 0.0 25.46468401486989 2.2679501706347343 13.586456864541105 17
stats: session 495 13640.703397747002 6965.002671874375 25046.756103515625 6.593017578125 9950.950166376215 6581
stats: users_count 496 7733
stats: finish_users_count 495 7076
stats: request 830 6224.569444182978 4802.900930396971 10426.876953125 0.89404296875 4088.8237277823714 11451
stats: connect 494 1.4327204777644227 0.6900923646676489 153.26513671875 0.77685546875 1.7088425952425188 7234
stats: page 830 6224.569444182978 4802.900930396971 10426.876953125 0.89404296875 4088.8237277823714 11451
stats: 302 24 459
stats: 504 231 2277
stats: 200 490 8718
stats: size_rcv 2357688 44532224
stats: newphase 0 1
stats: 422 6 49
stats: size_sent 237033 3928330
stats: connected 0 656
stats: 500 79 778
# stats: dump at 1479691920
stats: users 598 699
stats: {freemem,"tsung_controller@ip-172-31-27-247"} 1 3002.375 0.0 3058.828125 2996.76953125 3022.174262152778 18
stats: {load,"tsung_controller@ip-172-31-27-247"} 1 0.19140625 0.0 0.26171875 0.0 0.09657118055555555 18
stats: {recvpackets,"tsung_controller@ip-172-31-27-247"} 1 5643.0 0.0 6052 2979 4847.058823529412 17
stats: {sentpackets,"tsung_controller@ip-172-31-27-247"} 1 6284.0 0.0 6821 3188 5334.705882352941 17
stats: {cpu,"tsung_controller@ip-172-31-27-247"} 1 15.503875968992247 0.0 25.46468401486989 2.2679501706347343 14.057453368699596 18
stats: session 390 15317.032796223959 6302.172632120159 25046.756103515625 6.593017578125 10209.06602979178 7076
stats: users_count 331 8064
stats: finish_users_count 390 7466
stats: request 645 8323.056117899097 2780.9082247475335 10426.876953125 0.89404296875 4233.166122099814 12281
stats: connect 335 1.6384393948227611 1.9446803927300818 153.26513671875 0.77685546875 1.6911919319358184 7728
stats: page 645 8323.056117899097 2780.9082247475335 10426.876953125 0.89404296875 4233.166122099814 12281
stats: 302 17 476
stats: 504 53 2330
stats: 200 555 9273
stats: size_rcv 2821584 47353808
stats: newphase 1 2
stats: 422 9 58
stats: size_sent 204314 4132644
stats: connected -57 599
stats: 500 11 789
# stats: dump at 1479691930
stats: users 545 699
stats: {freemem,"tsung_controller@ip-172-31-27-247"} 1 3002.23828125 0.0 3058.828125 2996.76953125 3021.132195723684 19
stats: {load,"tsung_controller@ip-172-31-27-247"} 1 0.16015625 0.0 0.26171875 0.0 0.1015625 19
stats: {recvpackets,"tsung_controller@ip-172-31-27-247"} 1 4266.0 0.0 6052 2979 4891.277777777777 18
stats: {sentpackets,"tsung_controller@ip-172-31-27-247"} 1 4528.0 0.0 6821 3188 5387.444444444444 18
stats: {cpu,"tsung_controller@ip-172-31-27-247"} 1 11.42578125 0.0 25.46468401486989 2.2679501706347343 14.133580873978156 19
stats: session 368 17630.523982172446 4469.079277673636 25046.756103515625 6.593017578125 10475.88990320573 7466
stats: users_count 315 8379
stats: finish_users_count 368 7834
stats: request 565 8516.510425020751 233.03450019862422 10426.876953125 0.89404296875 4437.249291470891 12926
stats: connect 316 1.6433437685423267 0.9996769380933536 153.26513671875 0.77685546875 1.6890001794946832 8063
stats: page 565 8516.510425020751 233.03450019862422 10426.876953125 0.89404296875 4437.249291470891 12926
stats: 302 30 506
stats: 504 0 2330
stats: 200 533 9806
stats: size_rcv 2636496 49990304
stats: newphase 0 2
stats: 422 2 60
stats: size_sent 187933 4320577
stats: connected -54 545
stats: 500 0 789
# stats: dump at 1479691940
stats: users 482 699
stats: {freemem,"tsung_controller@ip-172-31-27-247"} 1 3002.16015625 0.0 3058.828125 2996.76953125 3020.1875 20
stats: {load,"tsung_controller@ip-172-31-27-247"} 1 0.12890625 0.0 0.26171875 0.0 0.1044921875 20
stats: {recvpackets,"tsung_controller@ip-172-31-27-247"} 1 3983.0 0.0 6052 2979 4858.368421052632 19
stats: {sentpackets,"tsung_controller@ip-172-31-27-247"} 1 4228.0 0.0 6821 3188 5342.210526315789 19
stats: {cpu,"tsung_controller@ip-172-31-27-247"} 1 10.707269155206287 0.0 25.46468401486989 2.2679501706347343 13.998190892779249 20
stats: session 343 17357.08208320996 3806.2115579472365 25046.756103515625 6.593017578125 10811.976875513586 7834
stats: users_count 280 8659
stats: finish_users_count 343 8177
stats: request 595 8068.77597327994 334.2935721228993 10426.876953125 0.89404296875 4608.0878164472215 13491
stats: connect 280 1.483442034040178 0.27643765512377666 153.26513671875 0.77685546875 1.6872783241586116 8379
stats: page 595 8068.77597327994 334.2935721228993 10426.876953125 0.89404296875 4608.0878164472215 13491
stats: 302 31 537
stats: 504 0 2330
stats: 200 564 10370
stats: size_rcv 2968426 52958730
stats: newphase 0 2
stats: 422 0 60
stats: size_sent 185870 4506447
stats: connected -63 482
stats: 500 0 789
# stats: dump at 1479691950
stats: users 440 699
stats: {freemem,"tsung_controller@ip-172-31-27-247"} 1 3002.3046875 0.0 3058.828125 2996.76953125 3019.329055059524 21
stats: {load,"tsung_controller@ip-172-31-27-247"} 1 0.109375 0.0 0.26171875 0.0 0.1056547619047619 21
stats: {recvpackets,"tsung_controller@ip-172-31-27-247"} 1 4076.0 0.0 6052 2979 4814.6 20
stats: {sentpackets,"tsung_controller@ip-172-31-27-247"} 1 4242.0 0.0 6821 3188 5286.5 20
stats: {cpu,"tsung_controller@ip-172-31-27-247"} 1 10.089020771513352 0.0 25.46468401486989 2.2679501706347343 13.841480333847203 21
stats: session 367 15407.41816565906 3527.296680612328 25046.756103515625 6.593017578125 11086.523908195482 8177
stats: users_count 325 8984
stats: finish_users_count 367 8544
stats: request 579 6409.205119447596 377.74763123134227 10426.876953125 0.89404296875 4754.269092417367 14086
stats: connect 307 1.4925549038070034 0.7102393327251787 153.26513671875 0.77685546875 1.6806870132412814 8659
stats: page 579 6409.205119447596 377.74763123134227 10426.876953125 0.89404296875 4754.269092417367 14086
stats: 302 48 585
stats: 504 0 2330
stats: 200 531 10901
stats: size_rcv 2794968 55753698
stats: newphase 0 2
stats: 422 0 60
stats: size_sent 189827 4696274
stats: connected -46 436
stats: 500 0 789
# stats: dump at 1479691960
stats: users 413 699
stats: {freemem,"tsung_controller@ip-172-31-27-247"} 1 3002.62109375 0.0 3058.828125 2996.76953125 3018.5552201704545 22
stats: {load,"tsung_controller@ip-172-31-27-247"} 1 0.08984375 0.0 0.26171875 0.0 0.10582386363636363 22
stats: {recvpackets,"tsung_controller@ip-172-31-27-247"} 1 4234.0 0.0 6052 2979 4779.428571428572 21
stats: {sentpackets,"tsung_controller@ip-172-31-27-247"} 1 4441.0 0.0 6821 3188 5236.761904761905 21
stats: {cpu,"tsung_controller@ip-172-31-27-247"} 1 11.5234375 0.0 25.46468401486989 2.2679501706347343 13.670913990104754 22
stats: session 350 13348.227087053567 2876.7176765667787 25046.756103515625 6.593017578125 11272.124117990557 8544
stats: users_count 323 9307
stats: finish_users_count 350 8894
stats: request 608 5588.873136420001 254.31817222896169 10426.876953125 0.89404296875 4819.6088782782945 14665
stats: connect 327 1.553766186448777 1.4470006452400817 153.26513671875 0.77685546875 1.674245282525653 8966
stats: page 608 5588.873136420001 254.31817222896169 10426.876953125 0.89404296875 4819.6088782782945 14665
stats: 302 31 616
stats: 504 0 2330
stats: 200 577 11478
stats: size_rcv 3038080 58791778
stats: newphase 0 2
stats: 422 0 60
stats: size_sent 198410 4894684
stats: connected -23 413
stats: 500 0 789
# stats: dump at 1479691970
stats: users 300 699
stats: {freemem,"tsung_controller@ip-172-31-27-247"} 1 3002.7734375 0.0 3058.828125 2996.76953125 3017.8624320652175 23
stats: {load,"tsung_controller@ip-172-31-27-247"} 1 0.078125 0.0 0.26171875 0.0 0.10512907608695653 23
stats: {recvpackets,"tsung_controller@ip-172-31-27-247"} 1 4244.0 0.0 6052 2979 4754.636363636364 22
stats: {sentpackets,"tsung_controller@ip-172-31-27-247"} 1 4560.0 0.0 6821 3188 5200.590909090909 22
stats: {cpu,"tsung_controller@ip-172-31-27-247"} 1 11.71875 0.0 25.46468401486989 2.2679501706347343 13.577545447056721 23
stats: session 376 12029.253516663895 2469.1198186293 25046.756103515625 6.593017578125 11353.823695140552 8894
stats: users_count 263 9570
stats: finish_users_count 376 9270
stats: request 608 4836.209653753981 213.95055964917654 10426.876953125 0.89404296875 4850.232375230443 15273
stats: connect 277 1.4862778866764446 1.6048511354493855 153.26513671875 0.77685546875 1.6700058911109175 9293
stats: page 608 4836.209653753981 213.95055964917654 10426.876953125 0.89404296875 4850.232375230443 15273
stats: 302 34 650
stats: 504 0 2330
stats: 200 574 12052
stats: size_rcv 2917187 61708965
stats: newphase 0 2
stats: 422 0 60
stats: size_sent 182355 5077039
stats: connected -100 313
stats: 500 0 789
# stats: dump at 1479691980
stats: users 0 699
stats: {freemem,"tsung_controller@ip-172-31-27-247"} 1 3003.09375 0.0 3058.828125 2996.76953125 3017.2337239583335 24
stats: {load,"tsung_controller@ip-172-31-27-247"} 1 0.0703125 0.0 0.26171875 0.0 0.10400390625 24
stats: {recvpackets,"tsung_controller@ip-172-31-27-247"} 1 3613.0 0.0 6052 2979 4732.434782608696 23
stats: {sentpackets,"tsung_controller@ip-172-31-27-247"} 1 3803.0 0.0 6821 3188 5172.739130434783 23
stats: {cpu,"tsung_controller@ip-172-31-27-247"} 1 7.889546351084813 0.0 25.46468401486989 2.2679501706347343 13.500095636762692 24
stats: session 300 9491.016247558591 2064.962055473871 25046.756103515625 6.593017578125 11381.219769886267 9270
stats: users_count 0 9570
stats: finish_users_count 300 9570
stats: request 354 2791.643742965436 1578.4865310838863 10426.876953125 0.89404296875 4849.695518945719 15881
stats: connect 0 0 0 153.26513671875 0.77685546875 1.6646879540964608 9570
stats: page 354 2791.643742965436 1578.4865310838863 10426.876953125 0.89404296875 4849.695518945719 15881
stats: 302 18 668
stats: 504 0 2330
stats: 200 336 12388
stats: size_rcv 1394591 63103556
stats: newphase 0 2
stats: 422 0 60
stats: size_sent 83262 5160301
stats: connected -313 0
stats: 500 0 789
EndMonitor:{1479,691980,596663}
