
=INFO REPORT==== 1-Dec-2016::08:06:12 ===
    ts_config_server:(5:<0.72.0>) Config server started, logdir is "/home/ec2-user/.tsung/log/20161201-0806"
 
=INFO REPORT==== 1-Dec-2016::08:06:12 ===
              ts_mon:(5:<0.54.0>) starting monitor, global 

=INFO REPORT==== 1-Dec-2016::08:06:12 ===
           ts_config:(5:<0.72.0>) Reading config file: master.xml

=INFO REPORT==== 1-Dec-2016::08:06:12 ===
      ts_config_http:(4:<0.72.0>) Get user agent: 100 "Mozilla/5.0 (Windows; U; Windows NT 5.2; fr-FR; rv:1.7.8) Gecko/20050511 Firefox/1.0.4" 

=INFO REPORT==== 1-Dec-2016::08:06:12 ===
           ts_config:(5:<0.72.0>) Session name for id 1 is "read-subToSB-readhome"

=INFO REPORT==== 1-Dec-2016::08:06:12 ===
           ts_config:(5:<0.72.0>) Session name for id 2 is "read-subToSB-readspecific"

=INFO REPORT==== 1-Dec-2016::08:06:12 ===
           ts_config:(5:<0.72.0>) Session name for id 3 is "read-subToSB-readrand"

=INFO REPORT==== 1-Dec-2016::08:06:12 ===
           ts_config:(5:<0.72.0>) Session name for id 4 is "read-readhome"

=INFO REPORT==== 1-Dec-2016::08:06:12 ===
           ts_config:(5:<0.72.0>) Session name for id 5 is "read-readspecific"

=INFO REPORT==== 1-Dec-2016::08:06:12 ===
           ts_config:(5:<0.72.0>) Session name for id 6 is "read-readrand"

=INFO REPORT==== 1-Dec-2016::08:06:12 ===
           ts_config:(5:<0.72.0>) Session name for id 7 is "write-createevent-NYhotspot"

=INFO REPORT==== 1-Dec-2016::08:06:12 ===
           ts_config:(5:<0.72.0>) Session name for id 8 is "write-createevent-LA"

=INFO REPORT==== 1-Dec-2016::08:06:12 ===
           ts_config:(5:<0.72.0>) Session name for id 9 is "write-createevent-SB"

=INFO REPORT==== 1-Dec-2016::08:06:12 ===
           ts_config:(5:<0.72.0>) Session name for id 10 is "write-createevent-SF"

=INFO REPORT==== 1-Dec-2016::08:06:12 ===
           ts_config:(5:<0.72.0>) Session name for id 11 is "write-commentspecific"

=INFO REPORT==== 1-Dec-2016::08:06:12 ===
           ts_config:(5:<0.72.0>) Session name for id 12 is "write-commentrand"

=INFO REPORT==== 1-Dec-2016::08:06:12 ===
    ts_config_server:(4:<0.72.0>) SYSINFO:Tsung version: 1.6.0

=INFO REPORT==== 1-Dec-2016::08:06:12 ===
    ts_config_server:(4:<0.72.0>) SYSINFO:Erlang version: Erlang R14B04 (erts-5.8.5) [source] [64-bit] [rq:1] [async-threads:8] [kernel-poll:true]


=INFO REPORT==== 1-Dec-2016::08:06:12 ===
    ts_config_server:(4:<0.72.0>) SYSINFO:System architecture x86_64-redhat-linux-gnu

=INFO REPORT==== 1-Dec-2016::08:06:12 ===
    ts_config_server:(4:<0.72.0>) SYSINFO:Current path: /usr/lib/erlang/lib/tsung-1.6.0/ebin/tsung.beam

=INFO REPORT==== 1-Dec-2016::08:06:12 ===
              ts_mon:(5:<0.73.0>) Activate clients with text backend

=INFO REPORT==== 1-Dec-2016::08:06:12 ===
              ts_mon:(5:<0.73.0>) Starting tsung clients on hosts: [localhost]

=INFO REPORT==== 1-Dec-2016::08:06:12 ===
    ts_config_server:(5:<0.72.0>) Start a launcher on the controller beam localhost

=INFO REPORT==== 1-Dec-2016::08:06:13 ===
  ts_launcher_static:(5:<0.128.0>) Launch msg receive ("localhost")

=INFO REPORT==== 1-Dec-2016::08:06:13 ===
         ts_launcher:(5:<0.129.0>) Launch msg receive ("localhost")

=INFO REPORT==== 1-Dec-2016::08:06:13 ===
    ts_config_server:(5:<0.72.0>) All remote beams started, syncing 

=INFO REPORT==== 1-Dec-2016::08:06:13 ===
    ts_config_server:(5:<0.72.0>) Undefined ports_range config 

=INFO REPORT==== 1-Dec-2016::08:06:13 ===
    ts_config_server:(5:<0.72.0>) New arrival phase 1 for client "localhost" (last ? true): will start 400 users

=INFO REPORT==== 1-Dec-2016::08:06:13 ===
    ts_config_server:(5:<0.72.0>) New arrival phase 2 for client "localhost" (last ? true): will start 800 users

=INFO REPORT==== 1-Dec-2016::08:06:13 ===
         ts_launcher:(5:<0.129.0>) Expected duration of first phase: 100.0 sec (400 users) 

=INFO REPORT==== 1-Dec-2016::08:06:13 ===
         ts_launcher:(5:<0.129.0>) Activate launcher (400 users) in 536 msec 

=INFO REPORT==== 1-Dec-2016::08:06:23 ===
           ts_search:(5:<0.156.0>) Dyn Var (RE): no Match (varname=authenticity_token), 

=INFO REPORT==== 1-Dec-2016::08:06:33 ===
           ts_search:(5:<0.209.0>) Dyn Var (RE): no Match (varname=authenticity_token), 

=INFO REPORT==== 1-Dec-2016::08:06:37 ===
           ts_search:(5:<0.216.0>) Dyn Var (RE): no Match (varname=authenticity_token), 

=INFO REPORT==== 1-Dec-2016::08:06:38 ===
           ts_search:(5:<0.228.0>) Dyn Var (RE): no Match (varname=authenticity_token), 

=INFO REPORT==== 1-Dec-2016::08:06:42 ===
           ts_search:(5:<0.237.0>) Dyn Var (RE): no Match (varname=authenticity_token), 

=INFO REPORT==== 1-Dec-2016::08:06:42 ===
           ts_search:(5:<0.242.0>) Dyn Var (RE): no Match (varname=authenticity_token), 

=INFO REPORT==== 1-Dec-2016::08:06:45 ===
           ts_search:(5:<0.259.0>) Dyn Var (RE): no Match (varname=authenticity_token), 

=INFO REPORT==== 1-Dec-2016::08:06:46 ===
           ts_search:(5:<0.256.0>) Dyn Var (RE): no Match (varname=authenticity_token), 

=INFO REPORT==== 1-Dec-2016::08:06:50 ===
           ts_search:(5:<0.282.0>) Dyn Var (RE): no Match (varname=authenticity_token), 

=INFO REPORT==== 1-Dec-2016::08:06:50 ===
           ts_search:(5:<0.278.0>) Dyn Var (RE): no Match (varname=authenticity_token), 

=INFO REPORT==== 1-Dec-2016::08:06:51 ===
           ts_search:(5:<0.285.0>) Dyn Var (RE): no Match (varname=authenticity_token), 

=INFO REPORT==== 1-Dec-2016::08:06:52 ===
           ts_search:(5:<0.281.0>) Dyn Var (RE): no Match (varname=authenticity_token), 

=INFO REPORT==== 1-Dec-2016::08:06:52 ===
           ts_search:(5:<0.294.0>) Dyn Var (RE): no Match (varname=authenticity_token), 

=INFO REPORT==== 1-Dec-2016::08:06:58 ===
           ts_search:(5:<0.306.0>) Dyn Var (RE): no Match (varname=authenticity_token), 

=INFO REPORT==== 1-Dec-2016::08:07:04 ===
           ts_search:(5:<0.340.0>) Dyn Var (RE): no Match (varname=authenticity_token), 

=INFO REPORT==== 1-Dec-2016::08:07:06 ===
           ts_search:(5:<0.342.0>) Dyn Var (RE): no Match (varname=authenticity_token), 

=INFO REPORT==== 1-Dec-2016::08:07:11 ===
           ts_search:(5:<0.366.0>) Dyn Var (RE): no Match (varname=authenticity_token), 

=INFO REPORT==== 1-Dec-2016::08:07:16 ===
           ts_search:(5:<0.382.0>) Dyn Var (RE): no Match (varname=authenticity_token), 

=INFO REPORT==== 1-Dec-2016::08:07:19 ===
           ts_search:(5:<0.400.0>) Dyn Var (RE): no Match (varname=authenticity_token), 

=INFO REPORT==== 1-Dec-2016::08:07:20 ===
           ts_search:(5:<0.416.0>) Dyn Var (RE): no Match (varname=authenticity_token), 

=INFO REPORT==== 1-Dec-2016::08:07:27 ===
           ts_search:(5:<0.440.0>) Dyn Var (RE): no Match (varname=authenticity_token), 

=INFO REPORT==== 1-Dec-2016::08:07:28 ===
           ts_search:(5:<0.446.0>) Dyn Var (RE): no Match (varname=authenticity_token), 

=INFO REPORT==== 1-Dec-2016::08:07:28 ===
           ts_search:(5:<0.444.0>) Dyn Var (RE): no Match (varname=authenticity_token), 

=INFO REPORT==== 1-Dec-2016::08:07:29 ===
           ts_search:(5:<0.452.0>) Dyn Var (RE): no Match (varname=authenticity_token), 

=INFO REPORT==== 1-Dec-2016::08:07:29 ===
           ts_search:(5:<0.451.0>) Dyn Var (RE): no Match (varname=authenticity_token), 

=INFO REPORT==== 1-Dec-2016::08:07:33 ===
           ts_search:(5:<0.475.0>) Dyn Var (RE): no Match (varname=authenticity_token), 

=INFO REPORT==== 1-Dec-2016::08:07:40 ===
           ts_search:(5:<0.494.0>) Dyn Var (RE): no Match (varname=authenticity_token), 

=INFO REPORT==== 1-Dec-2016::08:07:40 ===
           ts_search:(5:<0.497.0>) Dyn Var (RE): no Match (varname=authenticity_token), 

=INFO REPORT==== 1-Dec-2016::08:07:47 ===
           ts_search:(5:<0.522.0>) Dyn Var (RE): no Match (varname=authenticity_token), 

=INFO REPORT==== 1-Dec-2016::08:07:47 ===
           ts_search:(5:<0.521.0>) Dyn Var (RE): no Match (varname=authenticity_token), 

=INFO REPORT==== 1-Dec-2016::08:07:49 ===
           ts_search:(5:<0.525.0>) Dyn Var (RE): no Match (varname=authenticity_token), 

=INFO REPORT==== 1-Dec-2016::08:07:52 ===
           ts_search:(5:<0.542.0>) Dyn Var (RE): no Match (varname=authenticity_token), 

=INFO REPORT==== 1-Dec-2016::08:07:53 ===
           ts_search:(5:<0.546.0>) Dyn Var (RE): no Match (varname=authenticity_token), 

=INFO REPORT==== 1-Dec-2016::08:07:53 ===
         ts_launcher:(5:<0.129.0>) Phase duration exceeded, but not all users were launched (12 users, 3.0% of phase)

=INFO REPORT==== 1-Dec-2016::08:07:53 ===
         ts_launcher:(5:<0.129.0>) Start a new arrival phase (800 users, 0.008); expected duration=100.0 sec

=INFO REPORT==== 1-Dec-2016::08:07:59 ===
           ts_search:(5:<0.581.0>) Dyn Var (RE): no Match (varname=authenticity_token), 

=INFO REPORT==== 1-Dec-2016::08:08:02 ===
           ts_search:(5:<0.600.0>) Dyn Var (RE): no Match (varname=authenticity_token), 

=INFO REPORT==== 1-Dec-2016::08:08:05 ===
           ts_search:(5:<0.625.0>) Dyn Var (RE): no Match (varname=authenticity_token), 

=INFO REPORT==== 1-Dec-2016::08:08:09 ===
           ts_search:(5:<0.660.0>) Dyn Var (RE): no Match (varname=authenticity_token), 

=INFO REPORT==== 1-Dec-2016::08:08:09 ===
           ts_search:(5:<0.645.0>) Dyn Var (RE): no Match (varname=authenticity_token), 

=INFO REPORT==== 1-Dec-2016::08:08:09 ===
           ts_search:(5:<0.650.0>) Dyn Var (RE): no Match (varname=authenticity_token), 

=INFO REPORT==== 1-Dec-2016::08:08:11 ===
           ts_search:(5:<0.672.0>) Dyn Var (RE): no Match (varname=authenticity_token), 

=INFO REPORT==== 1-Dec-2016::08:08:12 ===
           ts_search:(5:<0.684.0>) Dyn Var (RE): no Match (varname=authenticity_token), 

=INFO REPORT==== 1-Dec-2016::08:08:12 ===
           ts_search:(5:<0.700.0>) Dyn Var (RE): no Match (varname=authenticity_token), 

=INFO REPORT==== 1-Dec-2016::08:08:16 ===
           ts_search:(5:<0.707.0>) Dyn Var (RE): no Match (varname=authenticity_token), 

=INFO REPORT==== 1-Dec-2016::08:08:17 ===
           ts_search:(5:<0.718.0>) Dyn Var (RE): no Match (varname=authenticity_token), 

=INFO REPORT==== 1-Dec-2016::08:08:17 ===
           ts_search:(5:<0.734.0>) Dyn Var (RE): no Match (varname=authenticity_token), 

=INFO REPORT==== 1-Dec-2016::08:08:18 ===
           ts_search:(5:<0.725.0>) Dyn Var (RE): no Match (varname=authenticity_token), 

=INFO REPORT==== 1-Dec-2016::08:08:21 ===
           ts_search:(5:<0.764.0>) Dyn Var (RE): no Match (varname=authenticity_token), 

=INFO REPORT==== 1-Dec-2016::08:08:23 ===
           ts_search:(5:<0.765.0>) Dyn Var (RE): no Match (varname=authenticity_token), 

=INFO REPORT==== 1-Dec-2016::08:08:29 ===
           ts_search:(5:<0.845.0>) Dyn Var (RE): no Match (varname=authenticity_token), 

=INFO REPORT==== 1-Dec-2016::08:08:36 ===
           ts_search:(5:<0.886.0>) Dyn Var (RE): no Match (varname=authenticity_token), 

=INFO REPORT==== 1-Dec-2016::08:08:37 ===
           ts_search:(5:<0.908.0>) Dyn Var (RE): no Match (varname=authenticity_token), 

=INFO REPORT==== 1-Dec-2016::08:08:37 ===
           ts_search:(5:<0.898.0>) Dyn Var (RE): no Match (varname=authenticity_token), 

=INFO REPORT==== 1-Dec-2016::08:08:38 ===
           ts_search:(5:<0.929.0>) Dyn Var (RE): no Match (varname=authenticity_token), 

=INFO REPORT==== 1-Dec-2016::08:08:39 ===
           ts_search:(5:<0.910.0>) Dyn Var (RE): no Match (varname=authenticity_token), 

=INFO REPORT==== 1-Dec-2016::08:08:42 ===
           ts_search:(5:<0.952.0>) Dyn Var (RE): no Match (varname=authenticity_token), 

=INFO REPORT==== 1-Dec-2016::08:08:44 ===
           ts_search:(5:<0.960.0>) Dyn Var (RE): no Match (varname=authenticity_token), 

=INFO REPORT==== 1-Dec-2016::08:08:45 ===
           ts_search:(5:<0.984.0>) Dyn Var (RE): no Match (varname=authenticity_token), 

=INFO REPORT==== 1-Dec-2016::08:08:45 ===
           ts_search:(5:<0.974.0>) Dyn Var (RE): no Match (varname=authenticity_token), 

=INFO REPORT==== 1-Dec-2016::08:08:45 ===
           ts_search:(5:<0.976.0>) Dyn Var (RE): no Match (varname=authenticity_token), 

=INFO REPORT==== 1-Dec-2016::08:08:52 ===
           ts_search:(5:<0.1033.0>) Dyn Var (RE): no Match (varname=authenticity_token), 

=INFO REPORT==== 1-Dec-2016::08:08:52 ===
           ts_search:(5:<0.1050.0>) Dyn Var (RE): no Match (varname=authenticity_token), 

=INFO REPORT==== 1-Dec-2016::08:08:53 ===
           ts_search:(5:<0.1047.0>) Dyn Var (RE): no Match (varname=authenticity_token), 

=INFO REPORT==== 1-Dec-2016::08:08:53 ===
           ts_search:(5:<0.1049.0>) Dyn Var (RE): no Match (varname=authenticity_token), 

=INFO REPORT==== 1-Dec-2016::08:08:54 ===
           ts_search:(5:<0.1053.0>) Dyn Var (RE): no Match (varname=authenticity_token), 

=INFO REPORT==== 1-Dec-2016::08:08:57 ===
           ts_search:(5:<0.1087.0>) Dyn Var (RE): no Match (varname=authenticity_token), 

=INFO REPORT==== 1-Dec-2016::08:08:58 ===
           ts_search:(5:<0.1096.0>) Dyn Var (RE): no Match (varname=authenticity_token), 

=INFO REPORT==== 1-Dec-2016::08:09:03 ===
           ts_search:(5:<0.1155.0>) Dyn Var (RE): no Match (varname=authenticity_token), 

=INFO REPORT==== 1-Dec-2016::08:09:04 ===
           ts_search:(5:<0.1137.0>) Dyn Var (RE): no Match (varname=authenticity_token), 

=INFO REPORT==== 1-Dec-2016::08:09:04 ===
           ts_search:(5:<0.1163.0>) Dyn Var (RE): no Match (varname=authenticity_token), 

=INFO REPORT==== 1-Dec-2016::08:09:05 ===
           ts_search:(5:<0.1167.0>) Dyn Var (RE): no Match (varname=authenticity_token), 

=INFO REPORT==== 1-Dec-2016::08:09:05 ===
           ts_search:(5:<0.1166.0>) Dyn Var (RE): no Match (varname=authenticity_token), 

=INFO REPORT==== 1-Dec-2016::08:09:06 ===
           ts_search:(5:<0.1176.0>) Dyn Var (RE): no Match (varname=authenticity_token), 

=INFO REPORT==== 1-Dec-2016::08:09:06 ===
           ts_search:(5:<0.1187.0>) Dyn Var (RE): no Match (varname=authenticity_token), 

=INFO REPORT==== 1-Dec-2016::08:09:09 ===
           ts_search:(5:<0.1199.0>) Dyn Var (RE): no Match (varname=authenticity_token), 

=INFO REPORT==== 1-Dec-2016::08:09:11 ===
           ts_search:(5:<0.1219.0>) Dyn Var (RE): no Match (varname=authenticity_token), 

=INFO REPORT==== 1-Dec-2016::08:09:14 ===
           ts_search:(5:<0.1243.0>) Dyn Var (RE): no Match (varname=authenticity_token), 

=INFO REPORT==== 1-Dec-2016::08:09:14 ===
           ts_search:(5:<0.1256.0>) Dyn Var (RE): no Match (varname=authenticity_token), 

=INFO REPORT==== 1-Dec-2016::08:09:19 ===
           ts_search:(5:<0.1291.0>) Dyn Var (RE): no Match (varname=authenticity_token), 

=INFO REPORT==== 1-Dec-2016::08:09:19 ===
           ts_search:(5:<0.1292.0>) Dyn Var (RE): no Match (varname=authenticity_token), 

=INFO REPORT==== 1-Dec-2016::08:09:22 ===
           ts_search:(5:<0.1300.0>) Dyn Var (RE): no Match (varname=authenticity_token), 

=INFO REPORT==== 1-Dec-2016::08:09:23 ===
           ts_search:(5:<0.1305.0>) Dyn Var (RE): no Match (varname=authenticity_token), 

=INFO REPORT==== 1-Dec-2016::08:09:26 ===
         ts_launcher:(5:<0.129.0>) This was the last phase, wait for connected users to finish their session

=INFO REPORT==== 1-Dec-2016::08:09:27 ===
           ts_search:(5:<0.1355.0>) Dyn Var (RE): no Match (varname=authenticity_token), 

=INFO REPORT==== 1-Dec-2016::08:09:28 ===
           ts_search:(5:<0.1362.0>) Dyn Var (RE): no Match (varname=authenticity_token), 

=INFO REPORT==== 1-Dec-2016::08:09:28 ===
           ts_search:(5:<0.1354.0>) Dyn Var (RE): no Match (varname=authenticity_token), 

=INFO REPORT==== 1-Dec-2016::08:09:28 ===
           ts_search:(5:<0.1363.0>) Dyn Var (RE): no Match (varname=authenticity_token), 

=INFO REPORT==== 1-Dec-2016::08:09:41 ===
     ts_launcher_mgr:(5:<0.123.0>) No more active users 'tsung_controller@ip-172-31-19-218' "32613"
