# stats: dump at 1480579582
stats: users 17 18
stats: {cpu,"tsung_controller@ip-172-31-19-218"} 1 5.335210251615603 0 5.335210251615603 5.335210251615603 0 0
stats: {freemem,"tsung_controller@ip-172-31-19-218"} 1 3057.8046875 0 3057.8046875 3057.8046875 0 0
stats: {load,"tsung_controller@ip-172-31-19-218"} 1 0.01171875 0 0.01171875 0.01171875 0 0
stats: session 16 2179.4989471435547 2421.053539819495 7752.781982421875 15.62890625 0 0
stats: users_count 33 33
stats: finish_users_count 16 16
stats: request 57 38.88426449424341 47.089566757899206 218.155029296875 12.756103515625 0 0
stats: connect 31 8.626622353830646 34.538410019725895 197.653076171875 0.858154296875 0 0
stats: page 57 38.88426449424341 47.089566757899206 218.155029296875 12.756103515625 0 0
stats: 302 7 7
stats: 200 50 50
stats: size_rcv 299380 299380
stats: size_sent 22063 22063
stats: connected 16 16
# stats: dump at 1480579592
stats: users 18 22
stats: {cpu,"tsung_controller@ip-172-31-19-218"} 1 3.291384317521781 0.0 5.335210251615603 3.291384317521781 5.335210251615603 1
stats: {freemem,"tsung_controller@ip-172-31-19-218"} 1 3055.8671875 0.0 3057.8046875 3055.8671875 3057.8046875 1
stats: {load,"tsung_controller@ip-172-31-19-218"} 1 0.0 0.0 0.01171875 0.0 0.01171875 1
stats: {recvpackets,"tsung_controller@ip-172-31-19-218"} 1 420 0 420 420 0 0
stats: {sentpackets,"tsung_controller@ip-172-31-19-218"} 1 408 0 408 408 0 0
stats: session 37 4135.373376794763 3718.025173269675 12239.280029296875 14.440185546875 2179.4989471435547 16
stats: users_count 38 71
stats: finish_users_count 37 53
stats: request 105 30.017234002976192 41.035491929103124 218.155029296875 2.267822265625 38.88426449424341 57
stats: connect 39 2.8614220252403855 1.5750521499601629 197.653076171875 0.858154296875 8.626622353830646 31
stats: page 105 30.017234002976192 41.035491929103124 218.155029296875 2.267822265625 38.88426449424341 57
stats: 302 18 25
stats: 200 85 135
stats: size_rcv 480414 779794
stats: 422 1 1
stats: size_sent 50777 72840
stats: connected 2 18
stats: 400 1 1
# stats: dump at 1480579602
stats: users 18 22
stats: {cpu,"tsung_controller@ip-172-31-19-218"} 1 3.2288698955365627 0.0 5.335210251615603 3.2288698955365627 4.3132972845686925 2
stats: {freemem,"tsung_controller@ip-172-31-19-218"} 1 3054.0625 0.0 3057.8046875 3054.0625 3056.8359375 2
stats: {load,"tsung_controller@ip-172-31-19-218"} 1 0.0 0.0 0.01171875 0.0 0.005859375 2
stats: {recvpackets,"tsung_controller@ip-172-31-19-218"} 1 655.0 0.0 655 420 420.0 1
stats: {sentpackets,"tsung_controller@ip-172-31-19-218"} 1 723.0 0.0 723 408 408.0 1
stats: session 38 5427.802522358143 4197.214051406934 13537.81005859375 14.1318359375 3544.9207187868515 53
stats: users_count 38 109
stats: finish_users_count 38 91
stats: request 98 22.87631536989796 30.316566766741058 218.155029296875 1.427001953125 33.1371151017554 162
stats: connect 37 2.776756492820946 1.6561254043628915 197.653076171875 0.858154296875 5.414582170758929 70
stats: page 98 22.87631536989796 30.316566766741058 218.155029296875 1.427001953125 33.1371151017554 162
stats: 302 12 37
stats: 200 78 213
stats: size_rcv 457535 1237329
stats: 422 4 5
stats: size_sent 45704 118544
stats: connected 0 18
stats: 400 4 5
# stats: dump at 1480579612
stats: users 20 32
stats: {cpu,"tsung_controller@ip-172-31-19-218"} 1 12.991765782250686 0.0 12.991765782250686 3.2288698955365627 3.951821488224649 3
stats: {freemem,"tsung_controller@ip-172-31-19-218"} 1 3052.703125 0.0 3057.8046875 3052.703125 3055.9114583333335 3
stats: {load,"tsung_controller@ip-172-31-19-218"} 1 0.0 0.0 0.01171875 0.0 0.00390625 3
stats: {recvpackets,"tsung_controller@ip-172-31-19-218"} 1 550.0 0.0 655 420 537.5 2
stats: {sentpackets,"tsung_controller@ip-172-31-19-218"} 1 635.0 0.0 723 408 565.5 2
stats: session 43 4644.618084574855 3215.742261669432 13537.81005859375 14.1318359375 4331.179054344094 91
stats: users_count 45 154
stats: finish_users_count 43 134
stats: request 139 30.328286589478417 63.11848282921517 518.3271484375 1.135009765625 29.26958289513221 260
stats: connect 47 2.573585023271277 1.482112601419777 197.653076171875 0.858154296875 4.502436842873832 107
stats: page 139 30.328286589478417 63.11848282921517 518.3271484375 1.135009765625 29.26958289513221 260
stats: 302 25 62
stats: 200 102 315
stats: size_rcv 583560 1820889
stats: 422 6 11
stats: size_sent 68249 186793
stats: connected 6 24
stats: 400 6 11
# stats: dump at 1480579622
stats: users 19 32
stats: {cpu,"tsung_controller@ip-172-31-19-218"} 1 2.4084778420038537 0.0 12.991765782250686 2.4084778420038537 6.211807561731158 4
stats: {freemem,"tsung_controller@ip-172-31-19-218"} 1 3051.62109375 0.0 3057.8046875 3051.62109375 3055.109375 4
stats: {load,"tsung_controller@ip-172-31-19-218"} 1 0.0 0.0 0.01171875 0.0 0.0029296875 4
stats: {recvpackets,"tsung_controller@ip-172-31-19-218"} 1 661.0 0.0 661 420 541.6666666666666 3
stats: {sentpackets,"tsung_controller@ip-172-31-19-218"} 1 702.0 0.0 723 408 588.6666666666666 3
stats: session 42 5609.614019484748 3725.47318088227 14040.47998046875 14.1318359375 4431.7602356868 134
stats: users_count 41 195
stats: finish_users_count 42 176
stats: request 126 24.4977291046627 35.12658351388622 518.3271484375 1.135009765625 29.638404482886905 399
stats: connect 40 2.476861572265624 2.1520955861660402 197.653076171875 0.79296875 3.913761287540585 154
stats: page 126 24.4977291046627 35.12658351388622 518.3271484375 1.135009765625 29.638404482886905 399
stats: 302 21 83
stats: 200 99 414
stats: size_rcv 571109 2391998
stats: 422 3 14
stats: size_sent 63328 250121
stats: connected -5 19
stats: 400 3 14
# stats: dump at 1480579632
stats: users 21 32
stats: {cpu,"tsung_controller@ip-172-31-19-218"} 1 2.804642166344294 0.0 12.991765782250686 2.4084778420038537 5.451141617785697 5
stats: {freemem,"tsung_controller@ip-172-31-19-218"} 1 3050.78515625 0.0 3057.8046875 3050.78515625 3054.41171875 5
stats: {load,"tsung_controller@ip-172-31-19-218"} 1 0.0 0.0 0.01171875 0.0 0.00234375 5
stats: {recvpackets,"tsung_controller@ip-172-31-19-218"} 1 674.0 0.0 674 420 571.5 4
stats: {sentpackets,"tsung_controller@ip-172-31-19-218"} 1 708.0 0.0 723 408 617.0 4
stats: session 40 3569.5244689941405 3435.219295489407 14040.47998046875 14.1318359375 4712.838979547674 176
stats: users_count 42 237
stats: finish_users_count 40 216
stats: request 116 27.56338606209591 38.762932613253035 518.3271484375 1.135009765625 28.404642392113097 525
stats: connect 40 1.9956481933593753 1.1587206115610738 197.653076171875 0.79296875 3.6174933050096656 194
stats: page 116 27.56338606209591 38.762932613253035 518.3271484375 1.135009765625 28.404642392113097 525
stats: 302 21 104
stats: 200 89 503
stats: size_rcv 511478 2903476
stats: 422 3 17
stats: size_sent 56845 306966
stats: connected 1 20
stats: 400 3 17
# stats: dump at 1480579642
stats: users 23 32
stats: {cpu,"tsung_controller@ip-172-31-19-218"} 1 2.446183953033268 0.0 12.991765782250686 2.4084778420038537 5.010058375878796 6
stats: {freemem,"tsung_controller@ip-172-31-19-218"} 1 3050.84765625 0.0 3057.8046875 3050.78515625 3053.8072916666665 6
stats: {load,"tsung_controller@ip-172-31-19-218"} 1 0.0 0.0 0.01171875 0.0 0.001953125 6
stats: {recvpackets,"tsung_controller@ip-172-31-19-218"} 1 581.0 0.0 674 420 592.0 5
stats: {sentpackets,"tsung_controller@ip-172-31-19-218"} 1 631.0 0.0 723 408 635.2 5
stats: session 40 5001.01640625 4537.740037372738 14040.47998046875 14.1318359375 4501.1140701859085 216
stats: users_count 42 279
stats: finish_users_count 40 256
stats: request 128 33.9386920928955 53.75050961147184 518.3271484375 1.135009765625 28.252402557039783 641
stats: connect 44 2.0307950106534083 1.5860453137147752 197.653076171875 0.79296875 3.3402548243856844 234
stats: page 128 33.9386920928955 53.75050961147184 518.3271484375 1.135009765625 28.252402557039783 641
stats: 302 27 131
stats: 200 95 598
stats: size_rcv 550670 3454146
stats: 422 3 20
stats: size_sent 66198 373164
stats: connected 2 22
stats: 400 3 20
# stats: dump at 1480579652
stats: users 16 32
stats: {cpu,"tsung_controller@ip-172-31-19-218"} 1 2.7158098933074686 0.0 12.991765782250686 2.4084778420038537 4.643790601186579 7
stats: {freemem,"tsung_controller@ip-172-31-19-218"} 1 3050.83203125 0.0 3057.8046875 3050.78515625 3053.3844866071427 7
stats: {load,"tsung_controller@ip-172-31-19-218"} 1 0.0 0.0 0.01171875 0.0 0.0016741071428571428 7
stats: {recvpackets,"tsung_controller@ip-172-31-19-218"} 1 703.0 0.0 703 420 590.1666666666666 6
stats: {sentpackets,"tsung_controller@ip-172-31-19-218"} 1 722.0 0.0 723 408 634.5 6
stats: session 50 4736.364438476562 4130.5573111119 14040.47998046875 14.1318359375 4579.223810195923 256
stats: users_count 43 322
stats: finish_users_count 50 306
stats: request 133 29.628588683623118 50.846294532271116 518.3271484375 1.135009765625 29.198885080563233 769
stats: connect 43 2.1871650163517433 1.527450494285298 197.653076171875 0.79296875 3.1330021919964035 278
stats: page 133 29.628588683623118 50.846294532271116 518.3271484375 1.135009765625 29.198885080563233 769
stats: 302 25 156
stats: 200 98 696
stats: size_rcv 574547 4028693
stats: 422 5 25
stats: size_sent 68049 441213
stats: connected -5 17
stats: 400 5 25
# stats: dump at 1480579662
stats: users 13 32
stats: {cpu,"tsung_controller@ip-172-31-19-218"} 1 13.640639698965193 0.0 13.640639698965193 2.4084778420038537 4.402793012701689 8
stats: {freemem,"tsung_controller@ip-172-31-19-218"} 1 3050.390625 0.0 3057.8046875 3050.390625 3053.0654296875 8
stats: {load,"tsung_controller@ip-172-31-19-218"} 1 0.0 0.0 0.01171875 0.0 0.00146484375 8
stats: {recvpackets,"tsung_controller@ip-172-31-19-218"} 1 669.0 0.0 703 420 606.2857142857143 7
stats: {sentpackets,"tsung_controller@ip-172-31-19-218"} 1 829.0 0.0 829 408 647.0 7
stats: session 34 4435.664952895221 4371.785599638895 14040.47998046875 14.1318359375 4604.900383444394 306
stats: users_count 31 353
stats: finish_users_count 34 340
stats: request 84 21.66534714471726 28.97906642301243 518.3271484375 1.135009765625 29.262244924473393 902
stats: connect 31 2.2040779359879044 1.854808788038154 197.653076171875 0.79296875 3.006301261925624 321
stats: page 84 21.66534714471726 28.97906642301243 518.3271484375 1.135009765625 29.262244924473393 902
stats: 302 13 169
stats: 200 65 761
stats: size_rcv 385445 4414138
stats: 422 3 28
stats: size_sent 41404 482617
stats: connected -5 12
stats: 400 3 28
# stats: dump at 1480579672
stats: users 16 32
stats: {cpu,"tsung_controller@ip-172-31-19-218"} 1 13.452492944496708 0.0 13.640639698965193 2.4084778420038537 5.429220422286523 9
stats: {freemem,"tsung_controller@ip-172-31-19-218"} 1 3050.2890625 0.0 3057.8046875 3050.2890625 3052.7682291666665 9
stats: {load,"tsung_controller@ip-172-31-19-218"} 1 0.0703125 0.0 0.0703125 0.0 0.0013020833333333333 9
stats: {recvpackets,"tsung_controller@ip-172-31-19-218"} 1 479.0 0.0 703 420 614.125 8
stats: {sentpackets,"tsung_controller@ip-172-31-19-218"} 1 569.0 0.0 829 408 669.75 8
stats: session 29 4588.2681253367455 3364.0160793983086 14040.47998046875 14.1318359375 4587.976840389477 340
stats: users_count 32 385
stats: finish_users_count 29 369
stats: request 83 30.880918204066266 55.57899484257118 518.3271484375 1.135009765625 28.615044707942445 986
stats: connect 33 1.6629009824810606 0.5121870896792103 197.653076171875 0.79296875 2.9356509121981547 352
stats: page 83 30.880918204066266 55.57899484257118 518.3271484375 1.135009765625 28.615044707942445 986
stats: 302 12 181
stats: 200 65 826
stats: size_rcv 385969 4800107
stats: 422 3 31
stats: size_sent 38716 521333
stats: connected 6 18
stats: 400 3 31
# stats: dump at 1480579682
stats: users 42 45
stats: {cpu,"tsung_controller@ip-172-31-19-218"} 1 2.346041055718475 0.0 13.640639698965193 2.346041055718475 6.231547674507541 10
stats: {freemem,"tsung_controller@ip-172-31-19-218"} 1 3050.34375 0.0 3057.8046875 3050.2890625 3052.5203125 10
stats: {load,"tsung_controller@ip-172-31-19-218"} 1 0.05859375 0.0 0.0703125 0.0 0.008203125 10
stats: {recvpackets,"tsung_controller@ip-172-31-19-218"} 1 508.0 0.0 703 420 599.1111111111111 9
stats: {sentpackets,"tsung_controller@ip-172-31-19-218"} 1 524.0 0.0 829 408 658.5555555555555 9
stats: session 56 3400.864815848214 3354.6563057516146 14040.47998046875 14.1318359375 4587.999732702406 369
stats: users_count 82 467
stats: finish_users_count 56 425
stats: request 185 87.43906645903714 203.56538728834894 1039.3359375 1.135009765625 28.790973145901543 1069
stats: connect 82 2.063095464939025 1.546776066152904 197.653076171875 0.79296875 2.8265580610795467 385
stats: page 185 87.43906645903714 203.56538728834894 1039.3359375 1.135009765625 28.790973145901543 1069
stats: 302 26 207
stats: 200 152 978
stats: size_rcv 903864 5703971
stats: 422 4 35
stats: newphase 1 1
stats: size_sent 81010 602343
stats: connected 24 42
stats: 400 4 35
# stats: dump at 1480579692
stats: users 38 45
stats: {cpu,"tsung_controller@ip-172-31-19-218"} 1 3.5576923076923075 0.0 13.640639698965193 2.346041055718475 5.8783198000721715 11
stats: {freemem,"tsung_controller@ip-172-31-19-218"} 1 3047.984375 0.0 3057.8046875 3047.984375 3052.322443181818 11
stats: {load,"tsung_controller@ip-172-31-19-218"} 1 0.05078125 0.0 0.0703125 0.0 0.01278409090909091 11
stats: {recvpackets,"tsung_controller@ip-172-31-19-218"} 1 1133.0 0.0 1133 420 590.0 10
stats: {sentpackets,"tsung_controller@ip-172-31-19-218"} 1 1129.0 0.0 1129 408 645.1 10
stats: session 86 4576.893228220385 3664.4992354138276 14556.962890625 14.1318359375 4431.577249540442 425
stats: users_count 82 549
stats: finish_users_count 86 511
stats: request 221 23.35608738687783 35.70015547378201 1039.3359375 1.135009765625 37.44320381809459 1254
stats: connect 80 2.5100036621093746 2.1698269628356943 197.653076171875 0.79296875 2.692502530279712 467
stats: page 221 23.35608738687783 35.70015547378201 1039.3359375 1.135009765625 37.44320381809459 1254
stats: 302 31 238
stats: 200 175 1153
stats: size_rcv 1038072 6742043
stats: 422 7 42
stats: newphase 0 1
stats: size_sent 103922 706265
stats: connected -6 36
stats: 400 7 42
# stats: dump at 1480579702
stats: users 39 45
stats: {cpu,"tsung_controller@ip-172-31-19-218"} 1 3.842459173871278 0.0 13.640639698965193 2.346041055718475 5.684934175707183 12
stats: {freemem,"tsung_controller@ip-172-31-19-218"} 1 3049.12890625 0.0 3057.8046875 3047.984375 3051.9609375 12
stats: {load,"tsung_controller@ip-172-31-19-218"} 1 0.0390625 0.0 0.0703125 0.0 0.015950520833333332 12
stats: {recvpackets,"tsung_controller@ip-172-31-19-218"} 1 1230.0 0.0 1230 420 639.3636363636364 11
stats: {sentpackets,"tsung_controller@ip-172-31-19-218"} 1 1295.0 0.0 1295 408 689.0909090909091 11
stats: session 82 4232.541599180641 3650.3166494695697 14556.962890625 14.010009765625 4456.033559063876 511
stats: users_count 83 632
stats: finish_users_count 82 593
stats: request 218 18.48250026877868 24.40493301938076 1039.3359375 1.135009765625 35.33252400026482 1475
stats: connect 83 2.0667268684111453 3.200853185451351 197.653076171875 0.79296875 2.6658116537648544 547
stats: page 218 18.48250026877868 24.40493301938076 1039.3359375 1.135009765625 35.33252400026482 1475
stats: 302 33 271
stats: 200 175 1328
stats: size_rcv 1064422 7806465
stats: 422 5 47
stats: newphase 0 1
stats: size_sent 103452 809717
stats: connected 1 37
stats: 400 5 47
# stats: dump at 1480579712
stats: users 33 47
stats: {cpu,"tsung_controller@ip-172-31-19-218"} 1 3.4280117531831538 0.0 13.640639698965193 2.346041055718475 5.543205329412113 13
stats: {freemem,"tsung_controller@ip-172-31-19-218"} 1 3048.640625 0.0 3057.8046875 3047.984375 3051.7430889423076 13
stats: {load,"tsung_controller@ip-172-31-19-218"} 1 0.0390625 0.0 0.0703125 0.0 0.017728365384615384 13
stats: {recvpackets,"tsung_controller@ip-172-31-19-218"} 1 1222.0 0.0 1230 420 688.5833333333334 12
stats: {sentpackets,"tsung_controller@ip-172-31-19-218"} 1 1306.0 0.0 1306 408 739.5833333333334 12
stats: session 92 4284.763796599015 3424.1955310594835 14556.962890625 14.010009765625 4425.129105926565 593
stats: users_count 86 718
stats: finish_users_count 92 685
stats: request 246 26.623254295287094 42.10962905356453 1039.3359375 1.135009765625 33.162822184869675 1693
stats: connect 87 1.6175775637571839 0.693403499790477 197.653076171875 0.79296875 2.5868846106150802 630
stats: page 246 26.623254295287094 42.10962905356453 1039.3359375 1.135009765625 33.162822184869675 1693
stats: 302 43 314
stats: 200 199 1527
stats: size_rcv 1180949 8987414
stats: 422 2 49
stats: newphase 0 1
stats: size_sent 118404 928121
stats: connected -4 33
stats: 400 2 49
# stats: dump at 1480579722
stats: users 45 49
stats: {cpu,"tsung_controller@ip-172-31-19-218"} 1 3.6203522504892365 0.0 13.640639698965193 2.346041055718475 5.392120073967187 14
stats: {freemem,"tsung_controller@ip-172-31-19-218"} 1 3047.875 0.0 3057.8046875 3047.875 3051.521484375 14
stats: {load,"tsung_controller@ip-172-31-19-218"} 1 0.03125 0.0 0.0703125 0.0 0.019252232142857144 14
stats: {recvpackets,"tsung_controller@ip-172-31-19-218"} 1 1333.0 0.0 1333 420 729.6153846153846 13
stats: {sentpackets,"tsung_controller@ip-172-31-19-218"} 1 1398.0 0.0 1398 408 783.1538461538462 13
stats: session 76 4970.32622006065 3860.155157710707 14556.962890625 13.638916015625 4406.277122776004 685
stats: users_count 88 806
stats: finish_users_count 76 761
stats: request 240 23.67757975260416 35.28986870773852 1039.3359375 1.135009765625 32.33315034328261 1939
stats: connect 89 1.8699827729985958 1.5323153601157844 197.653076171875 0.79296875 2.4692699480256284 717
stats: page 240 23.67757975260416 35.28986870773852 1039.3359375 1.135009765625 32.33315034328261 1939
stats: 302 40 354
stats: 200 188 1715
stats: size_rcv 1142332 10129746
stats: 422 6 55
stats: newphase 0 1
stats: size_sent 115803 1043924
stats: connected 13 46
stats: 400 6 55
# stats: dump at 1480579732
stats: users 54 55
stats: {cpu,"tsung_controller@ip-172-31-19-218"} 1 3.9805825242718447 0.0 13.640639698965193 2.346041055718475 5.274002219068658 15
stats: {freemem,"tsung_controller@ip-172-31-19-218"} 1 3047.5078125 0.0 3057.8046875 3047.5078125 3051.278385416667 15
stats: {load,"tsung_controller@ip-172-31-19-218"} 1 0.01953125 0.0 0.0703125 0.0 0.020052083333333335 15
stats: {recvpackets,"tsung_controller@ip-172-31-19-218"} 1 1340.0 0.0 1340 420 772.7142857142857 14
stats: {sentpackets,"tsung_controller@ip-172-31-19-218"} 1 1374.0 0.0 1398 408 827.0714285714286 14
stats: session 89 4778.629175079002 3473.7748857620427 14556.962890625 13.638916015625 4462.60791304359 761
stats: users_count 98 904
stats: finish_users_count 89 850
stats: request 267 27.352443966526216 45.29160164068826 1039.3359375 1.135009765625 31.3798061754245 2179
stats: connect 98 1.596166493941327 0.673698660164351 197.653076171875 0.79296875 2.40309555773108 806
stats: page 267 27.352443966526216 45.29160164068826 1039.3359375 1.135009765625 31.3798061754245 2179
stats: 302 39 393
stats: 200 218 1933
stats: size_rcv 1329382 11459128
stats: 422 5 60
stats: newphase 0 1
stats: size_sent 127238 1171162
stats: connected 9 55
stats: 400 5 60
# stats: dump at 1480579742
stats: users 42 55
stats: {cpu,"tsung_controller@ip-172-31-19-218"} 1 4.545454545454546 0.0 13.640639698965193 2.346041055718475 5.193163488143856 16
stats: {freemem,"tsung_controller@ip-172-31-19-218"} 1 3047.2421875 0.0 3057.8046875 3047.2421875 3051.042724609375 16
stats: {load,"tsung_controller@ip-172-31-19-218"} 1 0.01953125 0.0 0.0703125 0.0 0.02001953125 16
stats: {recvpackets,"tsung_controller@ip-172-31-19-218"} 1 1485.0 0.0 1485 420 810.5333333333333 15
stats: {sentpackets,"tsung_controller@ip-172-31-19-218"} 1 1543.0 0.0 1543 408 863.5333333333333 15
stats: session 102 4775.826107249538 3641.2700652525186 14556.962890625 13.638916015625 4495.697198127298 850
stats: users_count 90 994
stats: finish_users_count 102 952
stats: request 288 26.898724026150173 39.019699530131206 1039.3359375 1.135009765625 30.94018814199202 2446
stats: connect 90 2.0081407335069446 1.2736667383356635 197.653076171875 0.79296875 2.3156187344441377 904
stats: page 288 26.898724026150173 39.019699530131206 1039.3359375 1.135009765625 30.94018814199202 2446
stats: 302 54 447
stats: 200 223 2156
stats: size_rcv 1332462 12791590
stats: 422 6 66
stats: newphase 0 1
stats: size_sent 147537 1318699
stats: connected -11 44
stats: 400 6 66
# stats: dump at 1480579752
stats: users 31 55
stats: {cpu,"tsung_controller@ip-172-31-19-218"} 1 4.142581888246628 0.0 13.640639698965193 2.346041055718475 5.155062962103308 17
stats: {freemem,"tsung_controller@ip-172-31-19-218"} 1 3046.265625 0.0 3057.8046875 3046.265625 3050.819163602941 17
stats: {load,"tsung_controller@ip-172-31-19-218"} 1 0.01953125 0.0 0.0703125 0.0 0.01999080882352941 17
stats: {recvpackets,"tsung_controller@ip-172-31-19-218"} 1 1529.0 0.0 1529 420 852.6875 16
stats: {sentpackets,"tsung_controller@ip-172-31-19-218"} 1 1577.0 0.0 1577 408 906.0 16
stats: session 96 4487.823132832844 3723.809507228151 14556.962890625 13.638916015625 4525.711009818967 952
stats: users_count 85 1079
stats: finish_users_count 96 1048
stats: request 241 20.699329170448642 30.96889381088158 1039.3359375 1.135009765625 30.51445966161073 2734
stats: connect 85 1.6721794577205882 0.5524962814164823 197.653076171875 0.79296875 2.287778673997108 994
stats: page 241 20.699329170448642 30.96889381088158 1039.3359375 1.135009765625 30.51445966161073 2734
stats: 302 35 482
stats: 200 187 2343
stats: size_rcv 1193721 13985311
stats: 422 9 75
stats: newphase 0 1
stats: size_sent 114221 1432920
stats: connected -13 31
stats: 400 9 75
# stats: dump at 1480579762
stats: users 27 55
stats: {cpu,"tsung_controller@ip-172-31-19-218"} 1 3.508771929824561 0.0 13.640639698965193 2.346041055718475 5.098814013555714 18
stats: {freemem,"tsung_controller@ip-172-31-19-218"} 1 3048.921875 0.0 3057.8046875 3046.265625 3050.5661892361113 18
stats: {load,"tsung_controller@ip-172-31-19-218"} 1 0.01171875 0.0 0.0703125 0.0 0.019965277777777776 18
stats: {recvpackets,"tsung_controller@ip-172-31-19-218"} 1 1198.0 0.0 1529 420 892.4705882352941 17
stats: {sentpackets,"tsung_controller@ip-172-31-19-218"} 1 1230.0 0.0 1577 408 945.4705882352941 17
stats: session 73 4517.7536821757285 3442.5426339225123 14556.962890625 13.638916015625 4522.240364598864 1048
stats: users_count 69 1148
stats: finish_users_count 73 1121
stats: request 192 26.92237981160481 39.71070672267679 1039.3359375 1.135009765625 29.71935161173844 2975
stats: connect 68 2.2461296530330874 3.0249162433975796 197.653076171875 0.79296875 2.2392838330485407 1079
stats: page 192 26.92237981160481 39.71070672267679 1039.3359375 1.135009765625 29.71935161173844 2975
stats: 302 29 511
stats: 200 153 2496
stats: size_rcv 943332 14928643
stats: 422 5 80
stats: newphase 0 1
stats: size_sent 91669 1524589
stats: connected -5 26
stats: 400 5 80
# stats: dump at 1480579772
stats: users 11 55
stats: {cpu,"tsung_controller@ip-172-31-19-218"} 1 3.87972841901067 0.0 13.640639698965193 2.346041055718475 5.015127588096179 19
stats: {freemem,"tsung_controller@ip-172-31-19-218"} 1 3048.828125 0.0 3057.8046875 3046.265625 3050.4796463815787 19
stats: {load,"tsung_controller@ip-172-31-19-218"} 1 0.01171875 0.0 0.0703125 0.0 0.01953125 19
stats: {recvpackets,"tsung_controller@ip-172-31-19-218"} 1 1140.0 0.0 1529 420 909.4444444444445 18
stats: {sentpackets,"tsung_controller@ip-172-31-19-218"} 1 1132.0 0.0 1577 408 961.2777777777778 18
stats: session 56 5298.905700683594 3412.6996520148296 14556.962890625 13.638916015625 4521.948189918321 1121
stats: users_count 40 1188
stats: finish_users_count 56 1177
stats: request 170 26.031336167279413 39.57839407810354 1039.3359375 1.135009765625 29.549784644379535 3167
stats: connect 41 1.6739650819359757 0.6163230206294323 197.653076171875 0.79296875 2.2396896881130126 1147
stats: page 170 26.031336167279413 39.57839407810354 1039.3359375 1.135009765625 29.549784644379535 3167
stats: 302 34 545
stats: 200 126 2622
stats: size_rcv 750097 15678740
stats: 422 5 85
stats: newphase 0 1
stats: size_sent 91546 1616135
stats: connected -15 11
stats: 400 5 85
# stats: dump at 1480579781
stats: users 0 55
stats: {cpu,"tsung_controller@ip-172-31-19-218"} 1 2.233009708737864 0.0 13.640639698965193 2.233009708737864 4.958357629641904 20
stats: {freemem,"tsung_controller@ip-172-31-19-218"} 1 3047.3671875 0.0 3057.8046875 3046.265625 3050.3970703124996 20
stats: {load,"tsung_controller@ip-172-31-19-218"} 1 0.01171875 0.0 0.0703125 0.0 0.019140625 20
stats: {recvpackets,"tsung_controller@ip-172-31-19-218"} 1 515.0 0.0 1529 420 921.578947368421 19
stats: {sentpackets,"tsung_controller@ip-172-31-19-218"} 1 529.0 0.0 1577 408 970.2631578947369 19
stats: session 11 10345.225896661932 1677.6503094657717 14556.962890625 13.638916015625 4558.914732486592 1177
stats: users_count 0 1188
stats: finish_users_count 11 1188
stats: request 15 15.804182942708334 2.554928380696894 1039.3359375 1.135009765625 29.370540940122112 3337
stats: connect 0 0 0 197.653076171875 0.79296875 2.2201655224116164 1188
stats: page 15 15.804182942708334 2.554928380696894 1039.3359375 1.135009765625 29.370540940122112 3337
stats: 302 2 547
stats: 200 13 2635
stats: size_rcv 68652 15747392
stats: 422 0 85
stats: newphase 0 1
stats: size_sent 10783 1626918
stats: connected -11 0
stats: 400 0 85
EndMonitor:{1480,579781,856724}
